[0.014s] Invoking command in '/home/manab/colcon_ws/build/ebot_nav2': CMAKE_PREFIX_PATH=${CMAKE_PREFIX_PATH}:/home/manab/colcon_ws/install/ur5_control:/home/manab/ros2_ws/install/launch_testing_examples:/home/manab/ros2_ws/install/examples_rclpy_pointcloud_publisher:/home/manab/ros2_ws/install/examples_rclpy_minimal_subscriber:/home/manab/ros2_ws/install/examples_rclpy_minimal_service:/home/manab/ros2_ws/install/examples_rclpy_minimal_publisher:/home/manab/ros2_ws/install/examples_rclpy_minimal_client:/home/manab/ros2_ws/install/examples_rclpy_minimal_action_server:/home/manab/ros2_ws/install/examples_rclpy_minimal_action_client:/home/manab/ros2_ws/install/examples_rclpy_guard_conditions:/home/manab/ros2_ws/install/examples_rclpy_executors:/opt/ros/humble /usr/bin/cmake /home/manab/colcon_ws/src/ebot_nav2 -DCMAKE_INSTALL_PREFIX=/home/manab/colcon_ws/install/ebot_nav2
[0.137s] -- The C compiler identification is GNU 11.4.0
[0.226s] -- The CXX compiler identification is GNU 11.4.0
[0.237s] -- Detecting C compiler ABI info
[0.327s] -- Detecting C compiler ABI info - done
[0.339s] -- Check for working C compiler: /usr/bin/cc - skipped
[0.339s] -- Detecting C compile features
[0.339s] -- Detecting C compile features - done
[0.344s] -- Detecting CXX compiler ABI info
[0.461s] -- Detecting CXX compiler ABI info - done
[0.470s] -- Check for working CXX compiler: /usr/bin/c++ - skipped
[0.470s] -- Detecting CXX compile features
[0.471s] -- Detecting CXX compile features - done
[0.484s] -- Found ament_cmake: 1.3.10 (/opt/ros/humble/share/ament_cmake/cmake)
[1.050s] -- Found Python3: /usr/bin/python3 (found version "3.10.12") found components: Interpreter 
[1.234s] -- Found rclcpp: 16.0.10 (/opt/ros/humble/share/rclcpp/cmake)
[1.318s] -- Found rosidl_generator_c: 3.1.5 (/opt/ros/humble/share/rosidl_generator_c/cmake)
[1.329s] -- Found rosidl_adapter: 3.1.5 (/opt/ros/humble/share/rosidl_adapter/cmake)
[1.347s] -- Found rosidl_generator_cpp: 3.1.5 (/opt/ros/humble/share/rosidl_generator_cpp/cmake)
[1.374s] -- Using all available rosidl_typesupport_c: rosidl_typesupport_fastrtps_c;rosidl_typesupport_introspection_c
[1.408s] -- Using all available rosidl_typesupport_cpp: rosidl_typesupport_fastrtps_cpp;rosidl_typesupport_introspection_cpp
[1.487s] -- Found rmw_implementation_cmake: 6.1.2 (/opt/ros/humble/share/rmw_implementation_cmake/cmake)
[1.495s] -- Found rmw_fastrtps_cpp: 6.2.7 (/opt/ros/humble/share/rmw_fastrtps_cpp/cmake)
[1.652s] -- Found OpenSSL: /usr/lib/x86_64-linux-gnu/libcrypto.so (found version "3.0.2")  
[1.690s] -- Found FastRTPS: /opt/ros/humble/include  
[1.744s] -- Using RMW implementation 'rmw_fastrtps_cpp' as default
[1.770s] -- Looking for pthread.h
[1.888s] -- Looking for pthread.h - found
[1.889s] -- Performing Test CMAKE_HAVE_LIBC_PTHREAD
[1.988s] -- Performing Test CMAKE_HAVE_LIBC_PTHREAD - Success
[1.989s] -- Found Threads: TRUE  
[2.107s] -- Found rclpy: 3.3.14 (/opt/ros/humble/share/rclpy/cmake)
[2.114s] -- Found urdf: 2.6.1 (/opt/ros/humble/share/urdf/cmake)
[2.185s] -- Found xacro: 2.0.8 (/opt/ros/humble/share/xacro/cmake)
[2.190s] -- Found ament_lint_auto: 0.12.11 (/opt/ros/humble/share/ament_lint_auto/cmake)
[2.326s] -- Added test 'flake8' to check Python code syntax and style conventions
[2.326s] -- Added test 'lint_cmake' to check CMake code style
[2.326s] -- Added test 'pep257' to check Python code against some of the docstring style conventions in PEP 257
[2.328s] -- Added test 'xmllint' to check XML markup files
[2.346s] -- Configuring done
[2.357s] -- Generating done
[2.365s] -- Build files have been written to: /home/manab/colcon_ws/build/ebot_nav2
[2.374s] Invoked command in '/home/manab/colcon_ws/build/ebot_nav2' returned '0': CMAKE_PREFIX_PATH=${CMAKE_PREFIX_PATH}:/home/manab/colcon_ws/install/ur5_control:/home/manab/ros2_ws/install/launch_testing_examples:/home/manab/ros2_ws/install/examples_rclpy_pointcloud_publisher:/home/manab/ros2_ws/install/examples_rclpy_minimal_subscriber:/home/manab/ros2_ws/install/examples_rclpy_minimal_service:/home/manab/ros2_ws/install/examples_rclpy_minimal_publisher:/home/manab/ros2_ws/install/examples_rclpy_minimal_client:/home/manab/ros2_ws/install/examples_rclpy_minimal_action_server:/home/manab/ros2_ws/install/examples_rclpy_minimal_action_client:/home/manab/ros2_ws/install/examples_rclpy_guard_conditions:/home/manab/ros2_ws/install/examples_rclpy_executors:/opt/ros/humble /usr/bin/cmake /home/manab/colcon_ws/src/ebot_nav2 -DCMAKE_INSTALL_PREFIX=/home/manab/colcon_ws/install/ebot_nav2
[2.376s] Invoking command in '/home/manab/colcon_ws/build/ebot_nav2': CMAKE_PREFIX_PATH=${CMAKE_PREFIX_PATH}:/home/manab/colcon_ws/install/ur5_control:/home/manab/ros2_ws/install/launch_testing_examples:/home/manab/ros2_ws/install/examples_rclpy_pointcloud_publisher:/home/manab/ros2_ws/install/examples_rclpy_minimal_subscriber:/home/manab/ros2_ws/install/examples_rclpy_minimal_service:/home/manab/ros2_ws/install/examples_rclpy_minimal_publisher:/home/manab/ros2_ws/install/examples_rclpy_minimal_client:/home/manab/ros2_ws/install/examples_rclpy_minimal_action_server:/home/manab/ros2_ws/install/examples_rclpy_minimal_action_client:/home/manab/ros2_ws/install/examples_rclpy_guard_conditions:/home/manab/ros2_ws/install/examples_rclpy_executors:/opt/ros/humble /usr/bin/cmake --build /home/manab/colcon_ws/build/ebot_nav2 -- -j4 -l4
[2.435s] Invoked command in '/home/manab/colcon_ws/build/ebot_nav2' returned '0': CMAKE_PREFIX_PATH=${CMAKE_PREFIX_PATH}:/home/manab/colcon_ws/install/ur5_control:/home/manab/ros2_ws/install/launch_testing_examples:/home/manab/ros2_ws/install/examples_rclpy_pointcloud_publisher:/home/manab/ros2_ws/install/examples_rclpy_minimal_subscriber:/home/manab/ros2_ws/install/examples_rclpy_minimal_service:/home/manab/ros2_ws/install/examples_rclpy_minimal_publisher:/home/manab/ros2_ws/install/examples_rclpy_minimal_client:/home/manab/ros2_ws/install/examples_rclpy_minimal_action_server:/home/manab/ros2_ws/install/examples_rclpy_minimal_action_client:/home/manab/ros2_ws/install/examples_rclpy_guard_conditions:/home/manab/ros2_ws/install/examples_rclpy_executors:/opt/ros/humble /usr/bin/cmake --build /home/manab/colcon_ws/build/ebot_nav2 -- -j4 -l4
[2.464s] Invoking command in '/home/manab/colcon_ws/build/ebot_nav2': CMAKE_PREFIX_PATH=${CMAKE_PREFIX_PATH}:/home/manab/colcon_ws/install/ur5_control:/home/manab/ros2_ws/install/launch_testing_examples:/home/manab/ros2_ws/install/examples_rclpy_pointcloud_publisher:/home/manab/ros2_ws/install/examples_rclpy_minimal_subscriber:/home/manab/ros2_ws/install/examples_rclpy_minimal_service:/home/manab/ros2_ws/install/examples_rclpy_minimal_publisher:/home/manab/ros2_ws/install/examples_rclpy_minimal_client:/home/manab/ros2_ws/install/examples_rclpy_minimal_action_server:/home/manab/ros2_ws/install/examples_rclpy_minimal_action_client:/home/manab/ros2_ws/install/examples_rclpy_guard_conditions:/home/manab/ros2_ws/install/examples_rclpy_executors:/opt/ros/humble /usr/bin/cmake --install /home/manab/colcon_ws/build/ebot_nav2
[2.474s] -- Install configuration: ""
[2.474s] -- Installing: /home/manab/colcon_ws/install/ebot_nav2/share/ebot_nav2//launch
[2.474s] -- Installing: /home/manab/colcon_ws/install/ebot_nav2/share/ebot_nav2//launch/ebot_bringup_launch.py
[2.474s] -- Installing: /home/manab/colcon_ws/install/ebot_nav2/share/ebot_nav2//config
[2.474s] -- Installing: /home/manab/colcon_ws/install/ebot_nav2/share/ebot_nav2//config/ekf.yaml
[2.474s] -- Installing: /home/manab/colcon_ws/install/ebot_nav2/share/ebot_nav2//config/mapper_params_online_async.yaml
[2.474s] -- Installing: /home/manab/colcon_ws/install/ebot_nav2/share/ebot_nav2//maps
[2.474s] -- Installing: /home/manab/colcon_ws/install/ebot_nav2/share/ebot_nav2//maps/my_map.yaml
[2.475s] -- Installing: /home/manab/colcon_ws/install/ebot_nav2/share/ebot_nav2//maps/map_file_here.text
[2.475s] -- Installing: /home/manab/colcon_ws/install/ebot_nav2/share/ebot_nav2//maps/my_map.posegraph
[2.484s] -- Installing: /home/manab/colcon_ws/install/ebot_nav2/share/ebot_nav2//maps/my_map.data
[2.487s] -- Installing: /home/manab/colcon_ws/install/ebot_nav2/share/ebot_nav2//maps/my_map.pgm
[2.487s] -- Installing: /home/manab/colcon_ws/install/ebot_nav2/share/ebot_nav2//params
[2.487s] -- Installing: /home/manab/colcon_ws/install/ebot_nav2/share/ebot_nav2//params/nav2_params.yaml
[2.487s] -- Installing: /home/manab/colcon_ws/install/ebot_nav2/share/ebot_nav2//rviz
[2.488s] -- Installing: /home/manab/colcon_ws/install/ebot_nav2/share/ebot_nav2//rviz/nav2_default_view.rviz
[2.488s] -- Installing: /home/manab/colcon_ws/install/ebot_nav2/share/ament_index/resource_index/package_run_dependencies/ebot_nav2
[2.488s] -- Installing: /home/manab/colcon_ws/install/ebot_nav2/share/ament_index/resource_index/parent_prefix_path/ebot_nav2
[2.488s] -- Installing: /home/manab/colcon_ws/install/ebot_nav2/share/ebot_nav2/environment/ament_prefix_path.sh
[2.488s] -- Installing: /home/manab/colcon_ws/install/ebot_nav2/share/ebot_nav2/environment/ament_prefix_path.dsv
[2.488s] -- Installing: /home/manab/colcon_ws/install/ebot_nav2/share/ebot_nav2/environment/path.sh
[2.488s] -- Installing: /home/manab/colcon_ws/install/ebot_nav2/share/ebot_nav2/environment/path.dsv
[2.489s] -- Installing: /home/manab/colcon_ws/install/ebot_nav2/share/ebot_nav2/local_setup.bash
[2.489s] -- Installing: /home/manab/colcon_ws/install/ebot_nav2/share/ebot_nav2/local_setup.sh
[2.489s] -- Installing: /home/manab/colcon_ws/install/ebot_nav2/share/ebot_nav2/local_setup.zsh
[2.489s] -- Installing: /home/manab/colcon_ws/install/ebot_nav2/share/ebot_nav2/local_setup.dsv
[2.489s] -- Installing: /home/manab/colcon_ws/install/ebot_nav2/share/ebot_nav2/package.dsv
[2.489s] -- Installing: /home/manab/colcon_ws/install/ebot_nav2/share/ament_index/resource_index/packages/ebot_nav2
[2.489s] -- Installing: /home/manab/colcon_ws/install/ebot_nav2/share/ebot_nav2/cmake/ebot_nav2Config.cmake
[2.489s] -- Installing: /home/manab/colcon_ws/install/ebot_nav2/share/ebot_nav2/cmake/ebot_nav2Config-version.cmake
[2.489s] -- Installing: /home/manab/colcon_ws/install/ebot_nav2/share/ebot_nav2/package.xml
[2.493s] Invoked command in '/home/manab/colcon_ws/build/ebot_nav2' returned '0': CMAKE_PREFIX_PATH=${CMAKE_PREFIX_PATH}:/home/manab/colcon_ws/install/ur5_control:/home/manab/ros2_ws/install/launch_testing_examples:/home/manab/ros2_ws/install/examples_rclpy_pointcloud_publisher:/home/manab/ros2_ws/install/examples_rclpy_minimal_subscriber:/home/manab/ros2_ws/install/examples_rclpy_minimal_service:/home/manab/ros2_ws/install/examples_rclpy_minimal_publisher:/home/manab/ros2_ws/install/examples_rclpy_minimal_client:/home/manab/ros2_ws/install/examples_rclpy_minimal_action_server:/home/manab/ros2_ws/install/examples_rclpy_minimal_action_client:/home/manab/ros2_ws/install/examples_rclpy_guard_conditions:/home/manab/ros2_ws/install/examples_rclpy_executors:/opt/ros/humble /usr/bin/cmake --install /home/manab/colcon_ws/build/ebot_nav2
