[0.214s] DEBUG:colcon:Command line arguments: ['/home/manab/.local/bin/colcon', 'list', '-p', '--base-paths', '/home/manab/colcon_ws']
[0.214s] DEBUG:colcon:Parsed command line arguments: Namespace(log_base=None, log_level=None, verb_name='list', build_base='build', ignore_user_meta=False, metas=['./colcon.meta'], base_paths=['/home/manab/colcon_ws'], packages_ignore=None, packages_ignore_regex=None, paths=None, packages_up_to=None, packages_up_to_regex=None, packages_above=None, packages_above_and_dependencies=None, packages_above_depth=None, packages_select_by_dep=None, packages_skip_by_dep=None, packages_skip_up_to=None, packages_select_build_failed=False, packages_skip_build_finished=False, packages_select_test_failures=False, packages_skip_test_passed=False, packages_select=None, packages_skip=None, packages_select_regex=None, packages_skip_regex=None, packages_start=None, packages_end=None, allow_overriding=[], topological_order=False, names_only=False, paths_only=True, topological_graph=False, topological_graph_dot=False, topological_graph_density=False, topological_graph_legend=False, topological_graph_dot_cluster=False, topological_graph_dot_include_skipped=False, mixin_files=None, mixin=None, verb_parser=<colcon_mixin.mixin.mixin_argument.MixinArgumentDecorator object at 0x7153ea7d7730>, verb_extension=<colcon_package_information.verb.list.ListVerb object at 0x7153ea7d65c0>, main=<bound method ListVerb.main of <colcon_package_information.verb.list.ListVerb object at 0x7153ea7d65c0>>, mixin_verb=('list',))
[0.326s] Level 1:colcon.colcon_core.package_discovery:discover_packages(colcon_meta) check parameters
[0.326s] Level 1:colcon.colcon_core.package_discovery:discover_packages(recursive) check parameters
[0.326s] Level 1:colcon.colcon_core.package_discovery:discover_packages(ignore) check parameters
[0.326s] Level 1:colcon.colcon_core.package_discovery:discover_packages(path) check parameters
[0.326s] Level 1:colcon.colcon_core.package_discovery:discover_packages(recursive) discover
[0.326s] INFO:colcon.colcon_core.package_discovery:Crawling recursively for packages in '/home/manab/colcon_ws'
[0.327s] Level 1:colcon.colcon_core.package_identification:_identify(/home/manab/colcon_ws) by extensions ['ignore', 'ignore_ament_install']
[0.327s] Level 1:colcon.colcon_core.package_identification:_identify(/home/manab/colcon_ws) by extension 'ignore'
[0.327s] Level 1:colcon.colcon_core.package_identification:_identify(/home/manab/colcon_ws) by extension 'ignore_ament_install'
[0.327s] Level 1:colcon.colcon_core.package_identification:_identify(/home/manab/colcon_ws) by extensions ['colcon_pkg']
[0.327s] Level 1:colcon.colcon_core.package_identification:_identify(/home/manab/colcon_ws) by extension 'colcon_pkg'
[0.327s] Level 1:colcon.colcon_core.package_identification:_identify(/home/manab/colcon_ws) by extensions ['colcon_meta']
[0.327s] Level 1:colcon.colcon_core.package_identification:_identify(/home/manab/colcon_ws) by extension 'colcon_meta'
[0.327s] Level 1:colcon.colcon_core.package_identification:_identify(/home/manab/colcon_ws) by extensions ['ros']
[0.327s] Level 1:colcon.colcon_core.package_identification:_identify(/home/manab/colcon_ws) by extension 'ros'
[0.349s] Level 1:colcon.colcon_core.package_identification:_identify(/home/manab/colcon_ws) by extensions ['cmake', 'python']
[0.349s] Level 1:colcon.colcon_core.package_identification:_identify(/home/manab/colcon_ws) by extension 'cmake'
[0.349s] Level 1:colcon.colcon_core.package_identification:_identify(/home/manab/colcon_ws) by extension 'python'
[0.349s] Level 1:colcon.colcon_core.package_identification:_identify(/home/manab/colcon_ws) by extensions ['python_setup_py']
[0.349s] Level 1:colcon.colcon_core.package_identification:_identify(/home/manab/colcon_ws) by extension 'python_setup_py'
[0.350s] Level 1:colcon.colcon_core.package_identification:_identify(/home/manab/colcon_ws/build) by extensions ['ignore', 'ignore_ament_install']
[0.350s] Level 1:colcon.colcon_core.package_identification:_identify(/home/manab/colcon_ws/build) by extension 'ignore'
[0.350s] Level 1:colcon.colcon_core.package_identification:_identify(/home/manab/colcon_ws/build) ignored
[0.350s] Level 1:colcon.colcon_core.package_identification:_identify(/home/manab/colcon_ws/install) by extensions ['ignore', 'ignore_ament_install']
[0.350s] Level 1:colcon.colcon_core.package_identification:_identify(/home/manab/colcon_ws/install) by extension 'ignore'
[0.350s] Level 1:colcon.colcon_core.package_identification:_identify(/home/manab/colcon_ws/install) ignored
[0.350s] Level 1:colcon.colcon_core.package_identification:_identify(/home/manab/colcon_ws/log) by extensions ['ignore', 'ignore_ament_install']
[0.350s] Level 1:colcon.colcon_core.package_identification:_identify(/home/manab/colcon_ws/log) by extension 'ignore'
[0.350s] Level 1:colcon.colcon_core.package_identification:_identify(/home/manab/colcon_ws/log) ignored
[0.350s] Level 1:colcon.colcon_core.package_identification:_identify(/home/manab/colcon_ws/src) by extensions ['ignore', 'ignore_ament_install']
[0.351s] Level 1:colcon.colcon_core.package_identification:_identify(/home/manab/colcon_ws/src) by extension 'ignore'
[0.351s] Level 1:colcon.colcon_core.package_identification:_identify(/home/manab/colcon_ws/src) by extension 'ignore_ament_install'
[0.351s] Level 1:colcon.colcon_core.package_identification:_identify(/home/manab/colcon_ws/src) by extensions ['colcon_pkg']
[0.351s] Level 1:colcon.colcon_core.package_identification:_identify(/home/manab/colcon_ws/src) by extension 'colcon_pkg'
[0.351s] Level 1:colcon.colcon_core.package_identification:_identify(/home/manab/colcon_ws/src) by extensions ['colcon_meta']
[0.351s] Level 1:colcon.colcon_core.package_identification:_identify(/home/manab/colcon_ws/src) by extension 'colcon_meta'
[0.351s] Level 1:colcon.colcon_core.package_identification:_identify(/home/manab/colcon_ws/src) by extensions ['ros']
[0.351s] Level 1:colcon.colcon_core.package_identification:_identify(/home/manab/colcon_ws/src) by extension 'ros'
[0.351s] Level 1:colcon.colcon_core.package_identification:_identify(/home/manab/colcon_ws/src) by extensions ['cmake', 'python']
[0.351s] Level 1:colcon.colcon_core.package_identification:_identify(/home/manab/colcon_ws/src) by extension 'cmake'
[0.351s] Level 1:colcon.colcon_core.package_identification:_identify(/home/manab/colcon_ws/src) by extension 'python'
[0.351s] Level 1:colcon.colcon_core.package_identification:_identify(/home/manab/colcon_ws/src) by extensions ['python_setup_py']
[0.351s] Level 1:colcon.colcon_core.package_identification:_identify(/home/manab/colcon_ws/src) by extension 'python_setup_py'
[0.351s] Level 1:colcon.colcon_core.package_identification:_identify(/home/manab/colcon_ws/src/ebot_description) by extensions ['ignore', 'ignore_ament_install']
[0.351s] Level 1:colcon.colcon_core.package_identification:_identify(/home/manab/colcon_ws/src/ebot_description) by extension 'ignore'
[0.351s] Level 1:colcon.colcon_core.package_identification:_identify(/home/manab/colcon_ws/src/ebot_description) by extension 'ignore_ament_install'
[0.351s] Level 1:colcon.colcon_core.package_identification:_identify(/home/manab/colcon_ws/src/ebot_description) by extensions ['colcon_pkg']
[0.351s] Level 1:colcon.colcon_core.package_identification:_identify(/home/manab/colcon_ws/src/ebot_description) by extension 'colcon_pkg'
[0.351s] Level 1:colcon.colcon_core.package_identification:_identify(/home/manab/colcon_ws/src/ebot_description) by extensions ['colcon_meta']
[0.351s] Level 1:colcon.colcon_core.package_identification:_identify(/home/manab/colcon_ws/src/ebot_description) by extension 'colcon_meta'
[0.352s] Level 1:colcon.colcon_core.package_identification:_identify(/home/manab/colcon_ws/src/ebot_description) by extensions ['ros']
[0.352s] Level 1:colcon.colcon_core.package_identification:_identify(/home/manab/colcon_ws/src/ebot_description) by extension 'ros'
[0.355s] DEBUG:colcon.colcon_core.package_identification:Package '/home/manab/colcon_ws/src/ebot_description' with type 'ros.ament_cmake' and name 'ebot_description'
[0.355s] Level 1:colcon.colcon_core.package_identification:_identify(/home/manab/colcon_ws/src/ebot_nav2) by extensions ['ignore', 'ignore_ament_install']
[0.355s] Level 1:colcon.colcon_core.package_identification:_identify(/home/manab/colcon_ws/src/ebot_nav2) by extension 'ignore'
[0.355s] Level 1:colcon.colcon_core.package_identification:_identify(/home/manab/colcon_ws/src/ebot_nav2) by extension 'ignore_ament_install'
[0.355s] Level 1:colcon.colcon_core.package_identification:_identify(/home/manab/colcon_ws/src/ebot_nav2) by extensions ['colcon_pkg']
[0.355s] Level 1:colcon.colcon_core.package_identification:_identify(/home/manab/colcon_ws/src/ebot_nav2) by extension 'colcon_pkg'
[0.355s] Level 1:colcon.colcon_core.package_identification:_identify(/home/manab/colcon_ws/src/ebot_nav2) by extensions ['colcon_meta']
[0.355s] Level 1:colcon.colcon_core.package_identification:_identify(/home/manab/colcon_ws/src/ebot_nav2) by extension 'colcon_meta'
[0.356s] Level 1:colcon.colcon_core.package_identification:_identify(/home/manab/colcon_ws/src/ebot_nav2) by extensions ['ros']
[0.356s] Level 1:colcon.colcon_core.package_identification:_identify(/home/manab/colcon_ws/src/ebot_nav2) by extension 'ros'
[0.356s] DEBUG:colcon.colcon_core.package_identification:Package '/home/manab/colcon_ws/src/ebot_nav2' with type 'ros.ament_cmake' and name 'ebot_nav2'
[0.357s] Level 1:colcon.colcon_core.package_identification:_identify(/home/manab/colcon_ws/src/eyantra_warehouse) by extensions ['ignore', 'ignore_ament_install']
[0.357s] Level 1:colcon.colcon_core.package_identification:_identify(/home/manab/colcon_ws/src/eyantra_warehouse) by extension 'ignore'
[0.357s] Level 1:colcon.colcon_core.package_identification:_identify(/home/manab/colcon_ws/src/eyantra_warehouse) by extension 'ignore_ament_install'
[0.357s] Level 1:colcon.colcon_core.package_identification:_identify(/home/manab/colcon_ws/src/eyantra_warehouse) by extensions ['colcon_pkg']
[0.357s] Level 1:colcon.colcon_core.package_identification:_identify(/home/manab/colcon_ws/src/eyantra_warehouse) by extension 'colcon_pkg'
[0.357s] Level 1:colcon.colcon_core.package_identification:_identify(/home/manab/colcon_ws/src/eyantra_warehouse) by extensions ['colcon_meta']
[0.357s] Level 1:colcon.colcon_core.package_identification:_identify(/home/manab/colcon_ws/src/eyantra_warehouse) by extension 'colcon_meta'
[0.357s] Level 1:colcon.colcon_core.package_identification:_identify(/home/manab/colcon_ws/src/eyantra_warehouse) by extensions ['ros']
[0.357s] Level 1:colcon.colcon_core.package_identification:_identify(/home/manab/colcon_ws/src/eyantra_warehouse) by extension 'ros'
[0.357s] DEBUG:colcon.colcon_core.package_identification:Package '/home/manab/colcon_ws/src/eyantra_warehouse' with type 'ros.ament_cmake' and name 'eyantra_warehouse'
[0.358s] Level 1:colcon.colcon_core.package_identification:_identify(/home/manab/colcon_ws/src/linkattacher_msgs) by extensions ['ignore', 'ignore_ament_install']
[0.358s] Level 1:colcon.colcon_core.package_identification:_identify(/home/manab/colcon_ws/src/linkattacher_msgs) by extension 'ignore'
[0.358s] Level 1:colcon.colcon_core.package_identification:_identify(/home/manab/colcon_ws/src/linkattacher_msgs) by extension 'ignore_ament_install'
[0.358s] Level 1:colcon.colcon_core.package_identification:_identify(/home/manab/colcon_ws/src/linkattacher_msgs) by extensions ['colcon_pkg']
[0.358s] Level 1:colcon.colcon_core.package_identification:_identify(/home/manab/colcon_ws/src/linkattacher_msgs) by extension 'colcon_pkg'
[0.358s] Level 1:colcon.colcon_core.package_identification:_identify(/home/manab/colcon_ws/src/linkattacher_msgs) by extensions ['colcon_meta']
[0.358s] Level 1:colcon.colcon_core.package_identification:_identify(/home/manab/colcon_ws/src/linkattacher_msgs) by extension 'colcon_meta'
[0.358s] Level 1:colcon.colcon_core.package_identification:_identify(/home/manab/colcon_ws/src/linkattacher_msgs) by extensions ['ros']
[0.358s] Level 1:colcon.colcon_core.package_identification:_identify(/home/manab/colcon_ws/src/linkattacher_msgs) by extension 'ros'
[0.358s] DEBUG:colcon.colcon_core.package_identification:Package '/home/manab/colcon_ws/src/linkattacher_msgs' with type 'ros.ament_cmake' and name 'linkattacher_msgs'
[0.359s] Level 1:colcon.colcon_core.package_identification:_identify(/home/manab/colcon_ws/src/pymoveit2) by extensions ['ignore', 'ignore_ament_install']
[0.359s] Level 1:colcon.colcon_core.package_identification:_identify(/home/manab/colcon_ws/src/pymoveit2) by extension 'ignore'
[0.359s] Level 1:colcon.colcon_core.package_identification:_identify(/home/manab/colcon_ws/src/pymoveit2) by extension 'ignore_ament_install'
[0.359s] Level 1:colcon.colcon_core.package_identification:_identify(/home/manab/colcon_ws/src/pymoveit2) by extensions ['colcon_pkg']
[0.359s] Level 1:colcon.colcon_core.package_identification:_identify(/home/manab/colcon_ws/src/pymoveit2) by extension 'colcon_pkg'
[0.359s] Level 1:colcon.colcon_core.package_identification:_identify(/home/manab/colcon_ws/src/pymoveit2) by extensions ['colcon_meta']
[0.359s] Level 1:colcon.colcon_core.package_identification:_identify(/home/manab/colcon_ws/src/pymoveit2) by extension 'colcon_meta'
[0.359s] Level 1:colcon.colcon_core.package_identification:_identify(/home/manab/colcon_ws/src/pymoveit2) by extensions ['ros']
[0.359s] Level 1:colcon.colcon_core.package_identification:_identify(/home/manab/colcon_ws/src/pymoveit2) by extension 'ros'
[0.360s] DEBUG:colcon.colcon_core.package_identification:Package '/home/manab/colcon_ws/src/pymoveit2' with type 'ros.ament_cmake' and name 'pymoveit2'
[0.360s] Level 1:colcon.colcon_core.package_identification:_identify(/home/manab/colcon_ws/src/realsense_gazebo_plugin) by extensions ['ignore', 'ignore_ament_install']
[0.360s] Level 1:colcon.colcon_core.package_identification:_identify(/home/manab/colcon_ws/src/realsense_gazebo_plugin) by extension 'ignore'
[0.360s] Level 1:colcon.colcon_core.package_identification:_identify(/home/manab/colcon_ws/src/realsense_gazebo_plugin) by extension 'ignore_ament_install'
[0.360s] Level 1:colcon.colcon_core.package_identification:_identify(/home/manab/colcon_ws/src/realsense_gazebo_plugin) by extensions ['colcon_pkg']
[0.360s] Level 1:colcon.colcon_core.package_identification:_identify(/home/manab/colcon_ws/src/realsense_gazebo_plugin) by extension 'colcon_pkg'
[0.360s] Level 1:colcon.colcon_core.package_identification:_identify(/home/manab/colcon_ws/src/realsense_gazebo_plugin) by extensions ['colcon_meta']
[0.360s] Level 1:colcon.colcon_core.package_identification:_identify(/home/manab/colcon_ws/src/realsense_gazebo_plugin) by extension 'colcon_meta'
[0.360s] Level 1:colcon.colcon_core.package_identification:_identify(/home/manab/colcon_ws/src/realsense_gazebo_plugin) by extensions ['ros']
[0.360s] Level 1:colcon.colcon_core.package_identification:_identify(/home/manab/colcon_ws/src/realsense_gazebo_plugin) by extension 'ros'
[0.361s] DEBUG:colcon.colcon_core.package_identification:Package '/home/manab/colcon_ws/src/realsense_gazebo_plugin' with type 'ros.ament_cmake' and name 'realsense_gazebo_plugin'
[0.361s] Level 1:colcon.colcon_core.package_identification:_identify(/home/manab/colcon_ws/src/ur5_control) by extensions ['ignore', 'ignore_ament_install']
[0.362s] Level 1:colcon.colcon_core.package_identification:_identify(/home/manab/colcon_ws/src/ur5_control) by extension 'ignore'
[0.362s] Level 1:colcon.colcon_core.package_identification:_identify(/home/manab/colcon_ws/src/ur5_control) by extension 'ignore_ament_install'
[0.362s] Level 1:colcon.colcon_core.package_identification:_identify(/home/manab/colcon_ws/src/ur5_control) by extensions ['colcon_pkg']
[0.362s] Level 1:colcon.colcon_core.package_identification:_identify(/home/manab/colcon_ws/src/ur5_control) by extension 'colcon_pkg'
[0.362s] Level 1:colcon.colcon_core.package_identification:_identify(/home/manab/colcon_ws/src/ur5_control) by extensions ['colcon_meta']
[0.362s] Level 1:colcon.colcon_core.package_identification:_identify(/home/manab/colcon_ws/src/ur5_control) by extension 'colcon_meta'
[0.362s] Level 1:colcon.colcon_core.package_identification:_identify(/home/manab/colcon_ws/src/ur5_control) by extensions ['ros']
[0.362s] Level 1:colcon.colcon_core.package_identification:_identify(/home/manab/colcon_ws/src/ur5_control) by extension 'ros'
[0.362s] DEBUG:colcon.colcon_core.package_identification:Package '/home/manab/colcon_ws/src/ur5_control' with type 'ros.ament_python' and name 'ur5_control'
[0.362s] Level 1:colcon.colcon_core.package_identification:_identify(/home/manab/colcon_ws/src/ur_description) by extensions ['ignore', 'ignore_ament_install']
[0.363s] Level 1:colcon.colcon_core.package_identification:_identify(/home/manab/colcon_ws/src/ur_description) by extension 'ignore'
[0.363s] Level 1:colcon.colcon_core.package_identification:_identify(/home/manab/colcon_ws/src/ur_description) by extension 'ignore_ament_install'
[0.363s] Level 1:colcon.colcon_core.package_identification:_identify(/home/manab/colcon_ws/src/ur_description) by extensions ['colcon_pkg']
[0.363s] Level 1:colcon.colcon_core.package_identification:_identify(/home/manab/colcon_ws/src/ur_description) by extension 'colcon_pkg'
[0.363s] Level 1:colcon.colcon_core.package_identification:_identify(/home/manab/colcon_ws/src/ur_description) by extensions ['colcon_meta']
[0.363s] Level 1:colcon.colcon_core.package_identification:_identify(/home/manab/colcon_ws/src/ur_description) by extension 'colcon_meta'
[0.363s] Level 1:colcon.colcon_core.package_identification:_identify(/home/manab/colcon_ws/src/ur_description) by extensions ['ros']
[0.363s] Level 1:colcon.colcon_core.package_identification:_identify(/home/manab/colcon_ws/src/ur_description) by extension 'ros'
[0.364s] DEBUG:colcon.colcon_core.package_identification:Package '/home/manab/colcon_ws/src/ur_description' with type 'ros.ament_cmake' and name 'ur_description'
[0.364s] Level 1:colcon.colcon_core.package_identification:_identify(/home/manab/colcon_ws/src/ur_moveit_config) by extensions ['ignore', 'ignore_ament_install']
[0.364s] Level 1:colcon.colcon_core.package_identification:_identify(/home/manab/colcon_ws/src/ur_moveit_config) by extension 'ignore'
[0.364s] Level 1:colcon.colcon_core.package_identification:_identify(/home/manab/colcon_ws/src/ur_moveit_config) by extension 'ignore_ament_install'
[0.364s] Level 1:colcon.colcon_core.package_identification:_identify(/home/manab/colcon_ws/src/ur_moveit_config) by extensions ['colcon_pkg']
[0.364s] Level 1:colcon.colcon_core.package_identification:_identify(/home/manab/colcon_ws/src/ur_moveit_config) by extension 'colcon_pkg'
[0.364s] Level 1:colcon.colcon_core.package_identification:_identify(/home/manab/colcon_ws/src/ur_moveit_config) by extensions ['colcon_meta']
[0.364s] Level 1:colcon.colcon_core.package_identification:_identify(/home/manab/colcon_ws/src/ur_moveit_config) by extension 'colcon_meta'
[0.364s] Level 1:colcon.colcon_core.package_identification:_identify(/home/manab/colcon_ws/src/ur_moveit_config) by extensions ['ros']
[0.364s] Level 1:colcon.colcon_core.package_identification:_identify(/home/manab/colcon_ws/src/ur_moveit_config) by extension 'ros'
[0.365s] DEBUG:colcon.colcon_core.package_identification:Package '/home/manab/colcon_ws/src/ur_moveit_config' with type 'ros.ament_cmake' and name 'ur_moveit_config'
[0.365s] Level 1:colcon.colcon_core.package_identification:_identify(/home/manab/colcon_ws/src/ur_simulation_gazebo) by extensions ['ignore', 'ignore_ament_install']
[0.365s] Level 1:colcon.colcon_core.package_identification:_identify(/home/manab/colcon_ws/src/ur_simulation_gazebo) by extension 'ignore'
[0.365s] Level 1:colcon.colcon_core.package_identification:_identify(/home/manab/colcon_ws/src/ur_simulation_gazebo) by extension 'ignore_ament_install'
[0.365s] Level 1:colcon.colcon_core.package_identification:_identify(/home/manab/colcon_ws/src/ur_simulation_gazebo) by extensions ['colcon_pkg']
[0.365s] Level 1:colcon.colcon_core.package_identification:_identify(/home/manab/colcon_ws/src/ur_simulation_gazebo) by extension 'colcon_pkg'
[0.365s] Level 1:colcon.colcon_core.package_identification:_identify(/home/manab/colcon_ws/src/ur_simulation_gazebo) by extensions ['colcon_meta']
[0.365s] Level 1:colcon.colcon_core.package_identification:_identify(/home/manab/colcon_ws/src/ur_simulation_gazebo) by extension 'colcon_meta'
[0.365s] Level 1:colcon.colcon_core.package_identification:_identify(/home/manab/colcon_ws/src/ur_simulation_gazebo) by extensions ['ros']
[0.366s] Level 1:colcon.colcon_core.package_identification:_identify(/home/manab/colcon_ws/src/ur_simulation_gazebo) by extension 'ros'
[0.366s] DEBUG:colcon.colcon_core.package_identification:Package '/home/manab/colcon_ws/src/ur_simulation_gazebo' with type 'ros.ament_cmake' and name 'ur_simulation_gazebo'
[0.366s] Level 1:colcon.colcon_core.package_discovery:discover_packages(recursive) using defaults
