[0.022s] Invoking command in '/home/manab/colcon_ws/build/linkattacher_msgs': CMAKE_PREFIX_PATH=${CMAKE_PREFIX_PATH}:/home/manab/colcon_ws/install/ur5_control:/home/manab/ros2_ws/install/launch_testing_examples:/home/manab/ros2_ws/install/examples_rclpy_pointcloud_publisher:/home/manab/ros2_ws/install/examples_rclpy_minimal_subscriber:/home/manab/ros2_ws/install/examples_rclpy_minimal_service:/home/manab/ros2_ws/install/examples_rclpy_minimal_publisher:/home/manab/ros2_ws/install/examples_rclpy_minimal_client:/home/manab/ros2_ws/install/examples_rclpy_minimal_action_server:/home/manab/ros2_ws/install/examples_rclpy_minimal_action_client:/home/manab/ros2_ws/install/examples_rclpy_guard_conditions:/home/manab/ros2_ws/install/examples_rclpy_executors:/opt/ros/humble /usr/bin/cmake --build /home/manab/colcon_ws/build/linkattacher_msgs -- -j4 -l4
[0.289s] [  2%] Built target linkattacher_msgs__cpp
[0.424s] [  2%] Built target ament_cmake_python_copy_linkattacher_msgs
[0.505s] [ 12%] Built target linkattacher_msgs__rosidl_typesupport_fastrtps_cpp
[0.583s] [ 23%] Built target linkattacher_msgs__rosidl_typesupport_introspection_cpp
[1.813s] running egg_info
[1.898s] writing linkattacher_msgs.egg-info/PKG-INFO
[1.899s] writing dependency_links to linkattacher_msgs.egg-info/dependency_links.txt
[1.899s] writing top-level names to linkattacher_msgs.egg-info/top_level.txt
[2.064s] [2;36m[09/24/24 21:54:20][0m[2;36m [0m[1;31mERROR   [0m listing git files failed - pretending there aren't any                                                                                                                ]8;id=795942;file:///home/manab/.local/lib/python3.10/site-packages/setuptools_scm/_file_finders/git.py\[2mgit.py[0m]8;;\[2m:[0m]8;id=894243;file:///home/manab/.local/lib/python3.10/site-packages/setuptools_scm/_file_finders/git.py#26\[2m26[0m]8;;\
[2.330s] reading manifest file 'linkattacher_msgs.egg-info/SOURCES.txt'
[2.344s] writing manifest file 'linkattacher_msgs.egg-info/SOURCES.txt'
[2.499s] [ 23%] Built target ament_cmake_python_build_linkattacher_msgs_egg
[2.563s] [ 33%] Built target linkattacher_msgs__rosidl_typesupport_cpp
[2.628s] [ 43%] Built target linkattacher_msgs__rosidl_generator_c
[2.724s] [ 53%] Built target linkattacher_msgs__rosidl_typesupport_fastrtps_c
[2.885s] [ 64%] Built target linkattacher_msgs__rosidl_typesupport_c
[2.996s] [ 74%] Built target linkattacher_msgs__rosidl_typesupport_introspection_c
[3.090s] [ 74%] Built target linkattacher_msgs
[3.202s] [ 76%] Built target linkattacher_msgs__py
[3.268s] [ 84%] Built target linkattacher_msgs__rosidl_generator_py
[3.339s] [ 89%] Built target linkattacher_msgs__rosidl_typesupport_fastrtps_c__pyext
[3.417s] [ 94%] Built target linkattacher_msgs__rosidl_typesupport_c__pyext
[3.467s] [100%] Built target linkattacher_msgs__rosidl_typesupport_introspection_c__pyext
[3.493s] Invoked command in '/home/manab/colcon_ws/build/linkattacher_msgs' returned '0': CMAKE_PREFIX_PATH=${CMAKE_PREFIX_PATH}:/home/manab/colcon_ws/install/ur5_control:/home/manab/ros2_ws/install/launch_testing_examples:/home/manab/ros2_ws/install/examples_rclpy_pointcloud_publisher:/home/manab/ros2_ws/install/examples_rclpy_minimal_subscriber:/home/manab/ros2_ws/install/examples_rclpy_minimal_service:/home/manab/ros2_ws/install/examples_rclpy_minimal_publisher:/home/manab/ros2_ws/install/examples_rclpy_minimal_client:/home/manab/ros2_ws/install/examples_rclpy_minimal_action_server:/home/manab/ros2_ws/install/examples_rclpy_minimal_action_client:/home/manab/ros2_ws/install/examples_rclpy_guard_conditions:/home/manab/ros2_ws/install/examples_rclpy_executors:/opt/ros/humble /usr/bin/cmake --build /home/manab/colcon_ws/build/linkattacher_msgs -- -j4 -l4
[3.689s] Invoking command in '/home/manab/colcon_ws/build/linkattacher_msgs': CMAKE_PREFIX_PATH=${CMAKE_PREFIX_PATH}:/home/manab/colcon_ws/install/ur5_control:/home/manab/ros2_ws/install/launch_testing_examples:/home/manab/ros2_ws/install/examples_rclpy_pointcloud_publisher:/home/manab/ros2_ws/install/examples_rclpy_minimal_subscriber:/home/manab/ros2_ws/install/examples_rclpy_minimal_service:/home/manab/ros2_ws/install/examples_rclpy_minimal_publisher:/home/manab/ros2_ws/install/examples_rclpy_minimal_client:/home/manab/ros2_ws/install/examples_rclpy_minimal_action_server:/home/manab/ros2_ws/install/examples_rclpy_minimal_action_client:/home/manab/ros2_ws/install/examples_rclpy_guard_conditions:/home/manab/ros2_ws/install/examples_rclpy_executors:/opt/ros/humble /usr/bin/cmake --install /home/manab/colcon_ws/build/linkattacher_msgs
[3.713s] -- Install configuration: ""
[3.713s] -- Up-to-date: /home/manab/colcon_ws/install/linkattacher_msgs/share/linkattacher_msgs/srv
[3.713s] -- Up-to-date: /home/manab/colcon_ws/install/linkattacher_msgs/share/linkattacher_msgs/srv/AttachLink.srv
[3.713s] -- Up-to-date: /home/manab/colcon_ws/install/linkattacher_msgs/share/linkattacher_msgs/srv/DetachLink.srv
[3.721s] -- Up-to-date: /home/manab/colcon_ws/install/linkattacher_msgs/share/ament_index/resource_index/rosidl_interfaces/linkattacher_msgs
[3.722s] -- Up-to-date: /home/manab/colcon_ws/install/linkattacher_msgs/include/linkattacher_msgs/linkattacher_msgs
[3.722s] -- Up-to-date: /home/manab/colcon_ws/install/linkattacher_msgs/include/linkattacher_msgs/linkattacher_msgs/srv
[3.722s] -- Up-to-date: /home/manab/colcon_ws/install/linkattacher_msgs/include/linkattacher_msgs/linkattacher_msgs/srv/attach_link.h
[3.722s] -- Up-to-date: /home/manab/colcon_ws/install/linkattacher_msgs/include/linkattacher_msgs/linkattacher_msgs/srv/detail
[3.722s] -- Up-to-date: /home/manab/colcon_ws/install/linkattacher_msgs/include/linkattacher_msgs/linkattacher_msgs/srv/detail/detach_link__struct.h
[3.722s] -- Up-to-date: /home/manab/colcon_ws/install/linkattacher_msgs/include/linkattacher_msgs/linkattacher_msgs/srv/detail/detach_link__functions.h
[3.722s] -- Up-to-date: /home/manab/colcon_ws/install/linkattacher_msgs/include/linkattacher_msgs/linkattacher_msgs/srv/detail/detach_link__type_support.h
[3.723s] -- Up-to-date: /home/manab/colcon_ws/install/linkattacher_msgs/include/linkattacher_msgs/linkattacher_msgs/srv/detail/attach_link__functions.c
[3.723s] -- Up-to-date: /home/manab/colcon_ws/install/linkattacher_msgs/include/linkattacher_msgs/linkattacher_msgs/srv/detail/detach_link__functions.c
[3.723s] -- Up-to-date: /home/manab/colcon_ws/install/linkattacher_msgs/include/linkattacher_msgs/linkattacher_msgs/srv/detail/attach_link__type_support.h
[3.723s] -- Up-to-date: /home/manab/colcon_ws/install/linkattacher_msgs/include/linkattacher_msgs/linkattacher_msgs/srv/detail/attach_link__functions.h
[3.723s] -- Up-to-date: /home/manab/colcon_ws/install/linkattacher_msgs/include/linkattacher_msgs/linkattacher_msgs/srv/detail/attach_link__struct.h
[3.723s] -- Up-to-date: /home/manab/colcon_ws/install/linkattacher_msgs/include/linkattacher_msgs/linkattacher_msgs/srv/detach_link.h
[3.723s] -- Up-to-date: /home/manab/colcon_ws/install/linkattacher_msgs/include/linkattacher_msgs/linkattacher_msgs/msg
[3.723s] -- Up-to-date: /home/manab/colcon_ws/install/linkattacher_msgs/include/linkattacher_msgs/linkattacher_msgs/msg/rosidl_generator_c__visibility_control.h
[3.723s] -- Up-to-date: /home/manab/colcon_ws/install/linkattacher_msgs/share/linkattacher_msgs/environment/library_path.sh
[3.723s] -- Up-to-date: /home/manab/colcon_ws/install/linkattacher_msgs/share/linkattacher_msgs/environment/library_path.dsv
[3.724s] -- Up-to-date: /home/manab/colcon_ws/install/linkattacher_msgs/lib/liblinkattacher_msgs__rosidl_generator_c.so
[3.724s] -- Up-to-date: /home/manab/colcon_ws/install/linkattacher_msgs/include/linkattacher_msgs/linkattacher_msgs
[3.724s] -- Up-to-date: /home/manab/colcon_ws/install/linkattacher_msgs/include/linkattacher_msgs/linkattacher_msgs/srv
[3.724s] -- Up-to-date: /home/manab/colcon_ws/install/linkattacher_msgs/include/linkattacher_msgs/linkattacher_msgs/srv/detail
[3.724s] -- Up-to-date: /home/manab/colcon_ws/install/linkattacher_msgs/include/linkattacher_msgs/linkattacher_msgs/srv/detail/attach_link__rosidl_typesupport_fastrtps_c.h
[3.724s] -- Up-to-date: /home/manab/colcon_ws/install/linkattacher_msgs/include/linkattacher_msgs/linkattacher_msgs/srv/detail/detach_link__rosidl_typesupport_fastrtps_c.h
[3.725s] -- Up-to-date: /home/manab/colcon_ws/install/linkattacher_msgs/include/linkattacher_msgs/linkattacher_msgs/msg
[3.725s] -- Up-to-date: /home/manab/colcon_ws/install/linkattacher_msgs/include/linkattacher_msgs/linkattacher_msgs/msg/rosidl_typesupport_fastrtps_c__visibility_control.h
[3.725s] -- Up-to-date: /home/manab/colcon_ws/install/linkattacher_msgs/lib/liblinkattacher_msgs__rosidl_typesupport_fastrtps_c.so
[3.725s] -- Up-to-date: /home/manab/colcon_ws/install/linkattacher_msgs/include/linkattacher_msgs/linkattacher_msgs
[3.725s] -- Up-to-date: /home/manab/colcon_ws/install/linkattacher_msgs/include/linkattacher_msgs/linkattacher_msgs/srv
[3.725s] -- Up-to-date: /home/manab/colcon_ws/install/linkattacher_msgs/include/linkattacher_msgs/linkattacher_msgs/srv/detail
[3.725s] -- Up-to-date: /home/manab/colcon_ws/install/linkattacher_msgs/include/linkattacher_msgs/linkattacher_msgs/srv/detail/detach_link__rosidl_typesupport_introspection_c.h
[3.725s] -- Up-to-date: /home/manab/colcon_ws/install/linkattacher_msgs/include/linkattacher_msgs/linkattacher_msgs/srv/detail/detach_link__type_support.c
[3.728s] -- Up-to-date: /home/manab/colcon_ws/install/linkattacher_msgs/include/linkattacher_msgs/linkattacher_msgs/srv/detail/attach_link__type_support.c
[3.728s] -- Up-to-date: /home/manab/colcon_ws/install/linkattacher_msgs/include/linkattacher_msgs/linkattacher_msgs/srv/detail/attach_link__rosidl_typesupport_introspection_c.h
[3.728s] -- Up-to-date: /home/manab/colcon_ws/install/linkattacher_msgs/include/linkattacher_msgs/linkattacher_msgs/msg
[3.728s] -- Up-to-date: /home/manab/colcon_ws/install/linkattacher_msgs/include/linkattacher_msgs/linkattacher_msgs/msg/rosidl_typesupport_introspection_c__visibility_control.h
[3.728s] -- Up-to-date: /home/manab/colcon_ws/install/linkattacher_msgs/lib/liblinkattacher_msgs__rosidl_typesupport_introspection_c.so
[3.728s] -- Up-to-date: /home/manab/colcon_ws/install/linkattacher_msgs/lib/liblinkattacher_msgs__rosidl_typesupport_c.so
[3.728s] -- Up-to-date: /home/manab/colcon_ws/install/linkattacher_msgs/include/linkattacher_msgs/linkattacher_msgs
[3.728s] -- Up-to-date: /home/manab/colcon_ws/install/linkattacher_msgs/include/linkattacher_msgs/linkattacher_msgs/srv
[3.728s] -- Up-to-date: /home/manab/colcon_ws/install/linkattacher_msgs/include/linkattacher_msgs/linkattacher_msgs/srv/detach_link.hpp
[3.728s] -- Up-to-date: /home/manab/colcon_ws/install/linkattacher_msgs/include/linkattacher_msgs/linkattacher_msgs/srv/detail
[3.728s] -- Up-to-date: /home/manab/colcon_ws/install/linkattacher_msgs/include/linkattacher_msgs/linkattacher_msgs/srv/detail/detach_link__struct.hpp
[3.728s] -- Up-to-date: /home/manab/colcon_ws/install/linkattacher_msgs/include/linkattacher_msgs/linkattacher_msgs/srv/detail/attach_link__builder.hpp
[3.728s] -- Up-to-date: /home/manab/colcon_ws/install/linkattacher_msgs/include/linkattacher_msgs/linkattacher_msgs/srv/detail/attach_link__struct.hpp
[3.728s] -- Up-to-date: /home/manab/colcon_ws/install/linkattacher_msgs/include/linkattacher_msgs/linkattacher_msgs/srv/detail/detach_link__traits.hpp
[3.729s] -- Up-to-date: /home/manab/colcon_ws/install/linkattacher_msgs/include/linkattacher_msgs/linkattacher_msgs/srv/detail/attach_link__traits.hpp
[3.729s] -- Up-to-date: /home/manab/colcon_ws/install/linkattacher_msgs/include/linkattacher_msgs/linkattacher_msgs/srv/detail/detach_link__builder.hpp
[3.729s] -- Up-to-date: /home/manab/colcon_ws/install/linkattacher_msgs/include/linkattacher_msgs/linkattacher_msgs/srv/attach_link.hpp
[3.729s] -- Up-to-date: /home/manab/colcon_ws/install/linkattacher_msgs/include/linkattacher_msgs/linkattacher_msgs
[3.729s] -- Up-to-date: /home/manab/colcon_ws/install/linkattacher_msgs/include/linkattacher_msgs/linkattacher_msgs/srv
[3.729s] -- Up-to-date: /home/manab/colcon_ws/install/linkattacher_msgs/include/linkattacher_msgs/linkattacher_msgs/srv/detail
[3.729s] -- Up-to-date: /home/manab/colcon_ws/install/linkattacher_msgs/include/linkattacher_msgs/linkattacher_msgs/srv/detail/dds_fastrtps
[3.729s] -- Up-to-date: /home/manab/colcon_ws/install/linkattacher_msgs/include/linkattacher_msgs/linkattacher_msgs/srv/detail/detach_link__rosidl_typesupport_fastrtps_cpp.hpp
[3.729s] -- Up-to-date: /home/manab/colcon_ws/install/linkattacher_msgs/include/linkattacher_msgs/linkattacher_msgs/srv/detail/attach_link__rosidl_typesupport_fastrtps_cpp.hpp
[3.729s] -- Up-to-date: /home/manab/colcon_ws/install/linkattacher_msgs/include/linkattacher_msgs/linkattacher_msgs/msg
[3.729s] -- Up-to-date: /home/manab/colcon_ws/install/linkattacher_msgs/include/linkattacher_msgs/linkattacher_msgs/msg/rosidl_typesupport_fastrtps_cpp__visibility_control.h
[3.729s] -- Up-to-date: /home/manab/colcon_ws/install/linkattacher_msgs/lib/liblinkattacher_msgs__rosidl_typesupport_fastrtps_cpp.so
[3.729s] -- Up-to-date: /home/manab/colcon_ws/install/linkattacher_msgs/include/linkattacher_msgs/linkattacher_msgs
[3.729s] -- Up-to-date: /home/manab/colcon_ws/install/linkattacher_msgs/include/linkattacher_msgs/linkattacher_msgs/srv
[3.729s] -- Up-to-date: /home/manab/colcon_ws/install/linkattacher_msgs/include/linkattacher_msgs/linkattacher_msgs/srv/detail
[3.729s] -- Up-to-date: /home/manab/colcon_ws/install/linkattacher_msgs/include/linkattacher_msgs/linkattacher_msgs/srv/detail/detach_link__type_support.cpp
[3.730s] -- Up-to-date: /home/manab/colcon_ws/install/linkattacher_msgs/include/linkattacher_msgs/linkattacher_msgs/srv/detail/attach_link__rosidl_typesupport_introspection_cpp.hpp
[3.730s] -- Up-to-date: /home/manab/colcon_ws/install/linkattacher_msgs/include/linkattacher_msgs/linkattacher_msgs/srv/detail/detach_link__rosidl_typesupport_introspection_cpp.hpp
[3.730s] -- Up-to-date: /home/manab/colcon_ws/install/linkattacher_msgs/include/linkattacher_msgs/linkattacher_msgs/srv/detail/attach_link__type_support.cpp
[3.730s] -- Up-to-date: /home/manab/colcon_ws/install/linkattacher_msgs/lib/liblinkattacher_msgs__rosidl_typesupport_introspection_cpp.so
[3.732s] -- Up-to-date: /home/manab/colcon_ws/install/linkattacher_msgs/lib/liblinkattacher_msgs__rosidl_typesupport_cpp.so
[3.732s] -- Up-to-date: /home/manab/colcon_ws/install/linkattacher_msgs/share/linkattacher_msgs/environment/pythonpath.sh
[3.733s] -- Up-to-date: /home/manab/colcon_ws/install/linkattacher_msgs/share/linkattacher_msgs/environment/pythonpath.dsv
[3.733s] -- Up-to-date: /home/manab/colcon_ws/install/linkattacher_msgs/local/lib/python3.10/dist-packages/linkattacher_msgs-0.0.0-py3.10.egg-info
[3.733s] -- Installing: /home/manab/colcon_ws/install/linkattacher_msgs/local/lib/python3.10/dist-packages/linkattacher_msgs-0.0.0-py3.10.egg-info/SOURCES.txt
[3.733s] -- Installing: /home/manab/colcon_ws/install/linkattacher_msgs/local/lib/python3.10/dist-packages/linkattacher_msgs-0.0.0-py3.10.egg-info/PKG-INFO
[3.733s] -- Installing: /home/manab/colcon_ws/install/linkattacher_msgs/local/lib/python3.10/dist-packages/linkattacher_msgs-0.0.0-py3.10.egg-info/top_level.txt
[3.733s] -- Installing: /home/manab/colcon_ws/install/linkattacher_msgs/local/lib/python3.10/dist-packages/linkattacher_msgs-0.0.0-py3.10.egg-info/dependency_links.txt
[3.733s] -- Up-to-date: /home/manab/colcon_ws/install/linkattacher_msgs/local/lib/python3.10/dist-packages/linkattacher_msgs
[3.733s] -- Up-to-date: /home/manab/colcon_ws/install/linkattacher_msgs/local/lib/python3.10/dist-packages/linkattacher_msgs/_linkattacher_msgs_s.ep.rosidl_typesupport_c.c
[3.733s] -- Up-to-date: /home/manab/colcon_ws/install/linkattacher_msgs/local/lib/python3.10/dist-packages/linkattacher_msgs/linkattacher_msgs_s__rosidl_typesupport_c.cpython-310-x86_64-linux-gnu.so
[3.733s] -- Up-to-date: /home/manab/colcon_ws/install/linkattacher_msgs/local/lib/python3.10/dist-packages/linkattacher_msgs/__init__.py
[3.733s] -- Up-to-date: /home/manab/colcon_ws/install/linkattacher_msgs/local/lib/python3.10/dist-packages/linkattacher_msgs/_linkattacher_msgs_s.ep.rosidl_typesupport_introspection_c.c
[3.733s] -- Up-to-date: /home/manab/colcon_ws/install/linkattacher_msgs/local/lib/python3.10/dist-packages/linkattacher_msgs/_linkattacher_msgs_s.ep.rosidl_typesupport_fastrtps_c.c
[3.733s] -- Up-to-date: /home/manab/colcon_ws/install/linkattacher_msgs/local/lib/python3.10/dist-packages/linkattacher_msgs/liblinkattacher_msgs__rosidl_generator_py.so
[3.733s] -- Up-to-date: /home/manab/colcon_ws/install/linkattacher_msgs/local/lib/python3.10/dist-packages/linkattacher_msgs/linkattacher_msgs_s__rosidl_typesupport_introspection_c.cpython-310-x86_64-linux-gnu.so
[3.735s] -- Up-to-date: /home/manab/colcon_ws/install/linkattacher_msgs/local/lib/python3.10/dist-packages/linkattacher_msgs/srv
[3.735s] -- Up-to-date: /home/manab/colcon_ws/install/linkattacher_msgs/local/lib/python3.10/dist-packages/linkattacher_msgs/srv/_detach_link_s.c
[3.736s] -- Up-to-date: /home/manab/colcon_ws/install/linkattacher_msgs/local/lib/python3.10/dist-packages/linkattacher_msgs/srv/_attach_link.py
[3.736s] -- Up-to-date: /home/manab/colcon_ws/install/linkattacher_msgs/local/lib/python3.10/dist-packages/linkattacher_msgs/srv/__init__.py
[3.736s] -- Up-to-date: /home/manab/colcon_ws/install/linkattacher_msgs/local/lib/python3.10/dist-packages/linkattacher_msgs/srv/_attach_link_s.c
[3.736s] -- Up-to-date: /home/manab/colcon_ws/install/linkattacher_msgs/local/lib/python3.10/dist-packages/linkattacher_msgs/srv/_detach_link.py
[3.736s] -- Up-to-date: /home/manab/colcon_ws/install/linkattacher_msgs/local/lib/python3.10/dist-packages/linkattacher_msgs/linkattacher_msgs_s__rosidl_typesupport_fastrtps_c.cpython-310-x86_64-linux-gnu.so
[3.831s] Listing '/home/manab/colcon_ws/install/linkattacher_msgs/local/lib/python3.10/dist-packages/linkattacher_msgs'...
[3.831s] Listing '/home/manab/colcon_ws/install/linkattacher_msgs/local/lib/python3.10/dist-packages/linkattacher_msgs/srv'...
[3.845s] -- Up-to-date: /home/manab/colcon_ws/install/linkattacher_msgs/local/lib/python3.10/dist-packages/linkattacher_msgs/linkattacher_msgs_s__rosidl_typesupport_fastrtps_c.cpython-310-x86_64-linux-gnu.so
[3.847s] -- Up-to-date: /home/manab/colcon_ws/install/linkattacher_msgs/local/lib/python3.10/dist-packages/linkattacher_msgs/linkattacher_msgs_s__rosidl_typesupport_introspection_c.cpython-310-x86_64-linux-gnu.so
[3.847s] -- Up-to-date: /home/manab/colcon_ws/install/linkattacher_msgs/local/lib/python3.10/dist-packages/linkattacher_msgs/linkattacher_msgs_s__rosidl_typesupport_c.cpython-310-x86_64-linux-gnu.so
[3.848s] -- Up-to-date: /home/manab/colcon_ws/install/linkattacher_msgs/lib/liblinkattacher_msgs__rosidl_generator_py.so
[3.848s] -- Up-to-date: /home/manab/colcon_ws/install/linkattacher_msgs/share/linkattacher_msgs/srv/AttachLink.idl
[3.848s] -- Up-to-date: /home/manab/colcon_ws/install/linkattacher_msgs/share/linkattacher_msgs/srv/DetachLink.idl
[3.848s] -- Up-to-date: /home/manab/colcon_ws/install/linkattacher_msgs/share/linkattacher_msgs/srv/AttachLink.srv
[3.849s] -- Up-to-date: /home/manab/colcon_ws/install/linkattacher_msgs/share/linkattacher_msgs/srv/AttachLink_Request.msg
[3.849s] -- Up-to-date: /home/manab/colcon_ws/install/linkattacher_msgs/share/linkattacher_msgs/srv/AttachLink_Response.msg
[3.849s] -- Up-to-date: /home/manab/colcon_ws/install/linkattacher_msgs/share/linkattacher_msgs/srv/DetachLink.srv
[3.849s] -- Up-to-date: /home/manab/colcon_ws/install/linkattacher_msgs/share/linkattacher_msgs/srv/DetachLink_Request.msg
[3.850s] -- Up-to-date: /home/manab/colcon_ws/install/linkattacher_msgs/share/linkattacher_msgs/srv/DetachLink_Response.msg
[3.850s] -- Up-to-date: /home/manab/colcon_ws/install/linkattacher_msgs/share/ament_index/resource_index/package_run_dependencies/linkattacher_msgs
[3.850s] -- Up-to-date: /home/manab/colcon_ws/install/linkattacher_msgs/share/ament_index/resource_index/parent_prefix_path/linkattacher_msgs
[3.850s] -- Up-to-date: /home/manab/colcon_ws/install/linkattacher_msgs/share/linkattacher_msgs/environment/ament_prefix_path.sh
[3.850s] -- Up-to-date: /home/manab/colcon_ws/install/linkattacher_msgs/share/linkattacher_msgs/environment/ament_prefix_path.dsv
[3.851s] -- Up-to-date: /home/manab/colcon_ws/install/linkattacher_msgs/share/linkattacher_msgs/environment/path.sh
[3.851s] -- Up-to-date: /home/manab/colcon_ws/install/linkattacher_msgs/share/linkattacher_msgs/environment/path.dsv
[3.852s] -- Up-to-date: /home/manab/colcon_ws/install/linkattacher_msgs/share/linkattacher_msgs/local_setup.bash
[3.853s] -- Up-to-date: /home/manab/colcon_ws/install/linkattacher_msgs/share/linkattacher_msgs/local_setup.sh
[3.853s] -- Up-to-date: /home/manab/colcon_ws/install/linkattacher_msgs/share/linkattacher_msgs/local_setup.zsh
[3.856s] -- Up-to-date: /home/manab/colcon_ws/install/linkattacher_msgs/share/linkattacher_msgs/local_setup.dsv
[3.856s] -- Installing: /home/manab/colcon_ws/install/linkattacher_msgs/share/linkattacher_msgs/package.dsv
[3.856s] -- Up-to-date: /home/manab/colcon_ws/install/linkattacher_msgs/share/ament_index/resource_index/packages/linkattacher_msgs
[3.856s] -- Up-to-date: /home/manab/colcon_ws/install/linkattacher_msgs/share/linkattacher_msgs/cmake/export_linkattacher_msgs__rosidl_generator_cExport.cmake
[3.856s] -- Up-to-date: /home/manab/colcon_ws/install/linkattacher_msgs/share/linkattacher_msgs/cmake/export_linkattacher_msgs__rosidl_generator_cExport-noconfig.cmake
[3.856s] -- Up-to-date: /home/manab/colcon_ws/install/linkattacher_msgs/share/linkattacher_msgs/cmake/export_linkattacher_msgs__rosidl_typesupport_fastrtps_cExport.cmake
[3.856s] -- Up-to-date: /home/manab/colcon_ws/install/linkattacher_msgs/share/linkattacher_msgs/cmake/export_linkattacher_msgs__rosidl_typesupport_fastrtps_cExport-noconfig.cmake
[3.857s] -- Up-to-date: /home/manab/colcon_ws/install/linkattacher_msgs/share/linkattacher_msgs/cmake/linkattacher_msgs__rosidl_typesupport_introspection_cExport.cmake
[3.857s] -- Up-to-date: /home/manab/colcon_ws/install/linkattacher_msgs/share/linkattacher_msgs/cmake/linkattacher_msgs__rosidl_typesupport_introspection_cExport-noconfig.cmake
[3.857s] -- Up-to-date: /home/manab/colcon_ws/install/linkattacher_msgs/share/linkattacher_msgs/cmake/linkattacher_msgs__rosidl_typesupport_cExport.cmake
[3.857s] -- Up-to-date: /home/manab/colcon_ws/install/linkattacher_msgs/share/linkattacher_msgs/cmake/linkattacher_msgs__rosidl_typesupport_cExport-noconfig.cmake
[3.857s] -- Up-to-date: /home/manab/colcon_ws/install/linkattacher_msgs/share/linkattacher_msgs/cmake/export_linkattacher_msgs__rosidl_generator_cppExport.cmake
[3.857s] -- Up-to-date: /home/manab/colcon_ws/install/linkattacher_msgs/share/linkattacher_msgs/cmake/export_linkattacher_msgs__rosidl_typesupport_fastrtps_cppExport.cmake
[3.857s] -- Up-to-date: /home/manab/colcon_ws/install/linkattacher_msgs/share/linkattacher_msgs/cmake/export_linkattacher_msgs__rosidl_typesupport_fastrtps_cppExport-noconfig.cmake
[3.857s] -- Up-to-date: /home/manab/colcon_ws/install/linkattacher_msgs/share/linkattacher_msgs/cmake/linkattacher_msgs__rosidl_typesupport_introspection_cppExport.cmake
[3.857s] -- Up-to-date: /home/manab/colcon_ws/install/linkattacher_msgs/share/linkattacher_msgs/cmake/linkattacher_msgs__rosidl_typesupport_introspection_cppExport-noconfig.cmake
[3.857s] -- Up-to-date: /home/manab/colcon_ws/install/linkattacher_msgs/share/linkattacher_msgs/cmake/linkattacher_msgs__rosidl_typesupport_cppExport.cmake
[3.857s] -- Up-to-date: /home/manab/colcon_ws/install/linkattacher_msgs/share/linkattacher_msgs/cmake/linkattacher_msgs__rosidl_typesupport_cppExport-noconfig.cmake
[3.857s] -- Up-to-date: /home/manab/colcon_ws/install/linkattacher_msgs/share/linkattacher_msgs/cmake/export_linkattacher_msgs__rosidl_generator_pyExport.cmake
[3.857s] -- Up-to-date: /home/manab/colcon_ws/install/linkattacher_msgs/share/linkattacher_msgs/cmake/export_linkattacher_msgs__rosidl_generator_pyExport-noconfig.cmake
[3.857s] -- Up-to-date: /home/manab/colcon_ws/install/linkattacher_msgs/share/linkattacher_msgs/cmake/rosidl_cmake-extras.cmake
[3.858s] -- Up-to-date: /home/manab/colcon_ws/install/linkattacher_msgs/share/linkattacher_msgs/cmake/ament_cmake_export_include_directories-extras.cmake
[3.860s] -- Up-to-date: /home/manab/colcon_ws/install/linkattacher_msgs/share/linkattacher_msgs/cmake/ament_cmake_export_libraries-extras.cmake
[3.860s] -- Up-to-date: /home/manab/colcon_ws/install/linkattacher_msgs/share/linkattacher_msgs/cmake/ament_cmake_export_targets-extras.cmake
[3.860s] -- Up-to-date: /home/manab/colcon_ws/install/linkattacher_msgs/share/linkattacher_msgs/cmake/rosidl_cmake_export_typesupport_targets-extras.cmake
[3.860s] -- Up-to-date: /home/manab/colcon_ws/install/linkattacher_msgs/share/linkattacher_msgs/cmake/ament_cmake_export_dependencies-extras.cmake
[3.860s] -- Up-to-date: /home/manab/colcon_ws/install/linkattacher_msgs/share/linkattacher_msgs/cmake/rosidl_cmake_export_typesupport_libraries-extras.cmake
[3.860s] -- Up-to-date: /home/manab/colcon_ws/install/linkattacher_msgs/share/linkattacher_msgs/cmake/linkattacher_msgsConfig.cmake
[3.860s] -- Up-to-date: /home/manab/colcon_ws/install/linkattacher_msgs/share/linkattacher_msgs/cmake/linkattacher_msgsConfig-version.cmake
[3.860s] -- Up-to-date: /home/manab/colcon_ws/install/linkattacher_msgs/share/linkattacher_msgs/package.xml
[3.861s] Invoked command in '/home/manab/colcon_ws/build/linkattacher_msgs' returned '0': CMAKE_PREFIX_PATH=${CMAKE_PREFIX_PATH}:/home/manab/colcon_ws/install/ur5_control:/home/manab/ros2_ws/install/launch_testing_examples:/home/manab/ros2_ws/install/examples_rclpy_pointcloud_publisher:/home/manab/ros2_ws/install/examples_rclpy_minimal_subscriber:/home/manab/ros2_ws/install/examples_rclpy_minimal_service:/home/manab/ros2_ws/install/examples_rclpy_minimal_publisher:/home/manab/ros2_ws/install/examples_rclpy_minimal_client:/home/manab/ros2_ws/install/examples_rclpy_minimal_action_server:/home/manab/ros2_ws/install/examples_rclpy_minimal_action_client:/home/manab/ros2_ws/install/examples_rclpy_guard_conditions:/home/manab/ros2_ws/install/examples_rclpy_executors:/opt/ros/humble /usr/bin/cmake --install /home/manab/colcon_ws/build/linkattacher_msgs
