[0.019s] Invoking command in '/home/manab/colcon_ws/build/ebot_nav2': CMAKE_PREFIX_PATH=${CMAKE_PREFIX_PATH}:/home/manab/colcon_ws/install/ur5_control:/home/manab/ws_moveit/install/moveit_configs_utils:/home/manab/ros2_ws/install/launch_testing_examples:/home/manab/ros2_ws/install/examples_rclpy_pointcloud_publisher:/home/manab/ros2_ws/install/examples_rclpy_minimal_subscriber:/home/manab/ros2_ws/install/examples_rclpy_minimal_service:/home/manab/ros2_ws/install/examples_rclpy_minimal_publisher:/home/manab/ros2_ws/install/examples_rclpy_minimal_client:/home/manab/ros2_ws/install/examples_rclpy_minimal_action_server:/home/manab/ros2_ws/install/examples_rclpy_minimal_action_client:/home/manab/ros2_ws/install/examples_rclpy_guard_conditions:/home/manab/ros2_ws/install/examples_rclpy_executors:/opt/ros/humble /usr/bin/cmake --build /home/manab/colcon_ws/build/ebot_nav2 -- -j4 -l4
[0.099s] Built target ament_cmake_python_copy_ebot_nav2
[0.487s] running egg_info
[0.507s] writing ebot_nav2.egg-info/PKG-INFO
[0.508s] writing dependency_links to ebot_nav2.egg-info/dependency_links.txt
[0.508s] writing top-level names to ebot_nav2.egg-info/top_level.txt
[0.643s] reading manifest file 'ebot_nav2.egg-info/SOURCES.txt'
[0.644s] writing manifest file 'ebot_nav2.egg-info/SOURCES.txt'
[0.699s] Built target ament_cmake_python_build_ebot_nav2_egg
[0.727s] Invoked command in '/home/manab/colcon_ws/build/ebot_nav2' returned '0': CMAKE_PREFIX_PATH=${CMAKE_PREFIX_PATH}:/home/manab/colcon_ws/install/ur5_control:/home/manab/ws_moveit/install/moveit_configs_utils:/home/manab/ros2_ws/install/launch_testing_examples:/home/manab/ros2_ws/install/examples_rclpy_pointcloud_publisher:/home/manab/ros2_ws/install/examples_rclpy_minimal_subscriber:/home/manab/ros2_ws/install/examples_rclpy_minimal_service:/home/manab/ros2_ws/install/examples_rclpy_minimal_publisher:/home/manab/ros2_ws/install/examples_rclpy_minimal_client:/home/manab/ros2_ws/install/examples_rclpy_minimal_action_server:/home/manab/ros2_ws/install/examples_rclpy_minimal_action_client:/home/manab/ros2_ws/install/examples_rclpy_guard_conditions:/home/manab/ros2_ws/install/examples_rclpy_executors:/opt/ros/humble /usr/bin/cmake --build /home/manab/colcon_ws/build/ebot_nav2 -- -j4 -l4
[0.766s] Invoking command in '/home/manab/colcon_ws/build/ebot_nav2': CMAKE_PREFIX_PATH=${CMAKE_PREFIX_PATH}:/home/manab/colcon_ws/install/ur5_control:/home/manab/ws_moveit/install/moveit_configs_utils:/home/manab/ros2_ws/install/launch_testing_examples:/home/manab/ros2_ws/install/examples_rclpy_pointcloud_publisher:/home/manab/ros2_ws/install/examples_rclpy_minimal_subscriber:/home/manab/ros2_ws/install/examples_rclpy_minimal_service:/home/manab/ros2_ws/install/examples_rclpy_minimal_publisher:/home/manab/ros2_ws/install/examples_rclpy_minimal_client:/home/manab/ros2_ws/install/examples_rclpy_minimal_action_server:/home/manab/ros2_ws/install/examples_rclpy_minimal_action_client:/home/manab/ros2_ws/install/examples_rclpy_guard_conditions:/home/manab/ros2_ws/install/examples_rclpy_executors:/opt/ros/humble /usr/bin/cmake --install /home/manab/colcon_ws/build/ebot_nav2
[0.780s] -- Install configuration: ""
[0.780s] -- Up-to-date: /home/manab/colcon_ws/install/ebot_nav2/share/ebot_nav2//launch
[0.780s] -- Up-to-date: /home/manab/colcon_ws/install/ebot_nav2/share/ebot_nav2//launch/ebot_bringup_launch.py
[0.780s] -- Up-to-date: /home/manab/colcon_ws/install/ebot_nav2/share/ebot_nav2//config
[0.781s] -- Up-to-date: /home/manab/colcon_ws/install/ebot_nav2/share/ebot_nav2//config/ekf.yaml
[0.781s] -- Up-to-date: /home/manab/colcon_ws/install/ebot_nav2/share/ebot_nav2//config/mapper_params_online_async.yaml
[0.781s] -- Up-to-date: /home/manab/colcon_ws/install/ebot_nav2/share/ebot_nav2//maps
[0.781s] -- Up-to-date: /home/manab/colcon_ws/install/ebot_nav2/share/ebot_nav2//maps/my_map.yaml
[0.781s] -- Up-to-date: /home/manab/colcon_ws/install/ebot_nav2/share/ebot_nav2//maps/map_file_here.text
[0.781s] -- Up-to-date: /home/manab/colcon_ws/install/ebot_nav2/share/ebot_nav2//maps/my_map.posegraph
[0.781s] -- Up-to-date: /home/manab/colcon_ws/install/ebot_nav2/share/ebot_nav2//maps/my_map.data
[0.782s] -- Up-to-date: /home/manab/colcon_ws/install/ebot_nav2/share/ebot_nav2//maps/my_map.pgm
[0.782s] -- Up-to-date: /home/manab/colcon_ws/install/ebot_nav2/share/ebot_nav2//params
[0.782s] -- Up-to-date: /home/manab/colcon_ws/install/ebot_nav2/share/ebot_nav2//params/nav2_params.yaml
[0.782s] -- Up-to-date: /home/manab/colcon_ws/install/ebot_nav2/share/ebot_nav2//rviz
[0.782s] -- Up-to-date: /home/manab/colcon_ws/install/ebot_nav2/share/ebot_nav2//rviz/nav2_default_view.rviz
[0.782s] -- Up-to-date: /home/manab/colcon_ws/install/ebot_nav2/share/ebot_nav2/environment/pythonpath.sh
[0.783s] -- Up-to-date: /home/manab/colcon_ws/install/ebot_nav2/share/ebot_nav2/environment/pythonpath.dsv
[0.783s] -- Up-to-date: /home/manab/colcon_ws/install/ebot_nav2/local/lib/python3.10/dist-packages/ebot_nav2-0.0.0-py3.10.egg-info
[0.783s] -- Installing: /home/manab/colcon_ws/install/ebot_nav2/local/lib/python3.10/dist-packages/ebot_nav2-0.0.0-py3.10.egg-info/SOURCES.txt
[0.783s] -- Installing: /home/manab/colcon_ws/install/ebot_nav2/local/lib/python3.10/dist-packages/ebot_nav2-0.0.0-py3.10.egg-info/PKG-INFO
[0.784s] -- Installing: /home/manab/colcon_ws/install/ebot_nav2/local/lib/python3.10/dist-packages/ebot_nav2-0.0.0-py3.10.egg-info/top_level.txt
[0.784s] -- Installing: /home/manab/colcon_ws/install/ebot_nav2/local/lib/python3.10/dist-packages/ebot_nav2-0.0.0-py3.10.egg-info/dependency_links.txt
[0.784s] -- Up-to-date: /home/manab/colcon_ws/install/ebot_nav2/local/lib/python3.10/dist-packages/ebot_nav2
[0.785s] -- Up-to-date: /home/manab/colcon_ws/install/ebot_nav2/local/lib/python3.10/dist-packages/ebot_nav2/__init__.py
[0.831s] Listing '/home/manab/colcon_ws/install/ebot_nav2/local/lib/python3.10/dist-packages/ebot_nav2'...
[0.838s] -- Up-to-date: /home/manab/colcon_ws/install/ebot_nav2/lib/ebot_nav2/ebot_nav_cmd.py
[0.841s] -- Up-to-date: /home/manab/colcon_ws/install/ebot_nav2/share/ament_index/resource_index/package_run_dependencies/ebot_nav2
[0.841s] -- Up-to-date: /home/manab/colcon_ws/install/ebot_nav2/share/ament_index/resource_index/parent_prefix_path/ebot_nav2
[0.841s] -- Up-to-date: /home/manab/colcon_ws/install/ebot_nav2/share/ebot_nav2/environment/ament_prefix_path.sh
[0.841s] -- Up-to-date: /home/manab/colcon_ws/install/ebot_nav2/share/ebot_nav2/environment/ament_prefix_path.dsv
[0.841s] -- Up-to-date: /home/manab/colcon_ws/install/ebot_nav2/share/ebot_nav2/environment/path.sh
[0.841s] -- Up-to-date: /home/manab/colcon_ws/install/ebot_nav2/share/ebot_nav2/environment/path.dsv
[0.841s] -- Up-to-date: /home/manab/colcon_ws/install/ebot_nav2/share/ebot_nav2/local_setup.bash
[0.841s] -- Up-to-date: /home/manab/colcon_ws/install/ebot_nav2/share/ebot_nav2/local_setup.sh
[0.841s] -- Up-to-date: /home/manab/colcon_ws/install/ebot_nav2/share/ebot_nav2/local_setup.zsh
[0.841s] -- Up-to-date: /home/manab/colcon_ws/install/ebot_nav2/share/ebot_nav2/local_setup.dsv
[0.841s] -- Installing: /home/manab/colcon_ws/install/ebot_nav2/share/ebot_nav2/package.dsv
[0.842s] -- Up-to-date: /home/manab/colcon_ws/install/ebot_nav2/share/ament_index/resource_index/packages/ebot_nav2
[0.842s] -- Up-to-date: /home/manab/colcon_ws/install/ebot_nav2/share/ebot_nav2/cmake/ebot_nav2Config.cmake
[0.842s] -- Up-to-date: /home/manab/colcon_ws/install/ebot_nav2/share/ebot_nav2/cmake/ebot_nav2Config-version.cmake
[0.842s] -- Up-to-date: /home/manab/colcon_ws/install/ebot_nav2/share/ebot_nav2/package.xml
[1.099s] Invoked command in '/home/manab/colcon_ws/build/ebot_nav2' returned '0': CMAKE_PREFIX_PATH=${CMAKE_PREFIX_PATH}:/home/manab/colcon_ws/install/ur5_control:/home/manab/ws_moveit/install/moveit_configs_utils:/home/manab/ros2_ws/install/launch_testing_examples:/home/manab/ros2_ws/install/examples_rclpy_pointcloud_publisher:/home/manab/ros2_ws/install/examples_rclpy_minimal_subscriber:/home/manab/ros2_ws/install/examples_rclpy_minimal_service:/home/manab/ros2_ws/install/examples_rclpy_minimal_publisher:/home/manab/ros2_ws/install/examples_rclpy_minimal_client:/home/manab/ros2_ws/install/examples_rclpy_minimal_action_server:/home/manab/ros2_ws/install/examples_rclpy_minimal_action_client:/home/manab/ros2_ws/install/examples_rclpy_guard_conditions:/home/manab/ros2_ws/install/examples_rclpy_executors:/opt/ros/humble /usr/bin/cmake --install /home/manab/colcon_ws/build/ebot_nav2
