[1.714s] Invoking command in '/home/manab/colcon_ws/src/ur5_control': PYTHONPATH=/home/manab/colcon_ws/build/ur5_control/prefix_override:/home/manab/colcon_ws/install/ur5_control/lib/python3.10/site-packages:${PYTHONPATH} /usr/bin/python3 -W ignore:setup.py install is deprecated setup.py egg_info --egg-base ../../build/ur5_control build --build-base /home/manab/colcon_ws/build/ur5_control/build install --record /home/manab/colcon_ws/build/ur5_control/install.log --single-version-externally-managed install_data
[1.922s] /home/manab/.local/lib/python3.10/site-packages/setuptools/_distutils/dist.py:261: UserWarning: Unknown distribution option: 'tests_require'
[1.923s]   warnings.warn(msg)
[2.129s] running egg_info
[2.152s] writing ../../build/ur5_control/ur5_control.egg-info/PKG-INFO
[2.153s] writing dependency_links to ../../build/ur5_control/ur5_control.egg-info/dependency_links.txt
[2.153s] writing entry points to ../../build/ur5_control/ur5_control.egg-info/entry_points.txt
[2.153s] writing requirements to ../../build/ur5_control/ur5_control.egg-info/requires.txt
[2.153s] writing top-level names to ../../build/ur5_control/ur5_control.egg-info/top_level.txt
[2.982s] writing manifest file '../../build/ur5_control/ur5_control.egg-info/SOURCES.txt'
[2.982s] running build
[2.982s] running build_py
[2.983s] running install
[2.988s] running install_lib
[3.002s] running install_data
[3.002s] running install_egg_info
[3.014s] removing '/home/manab/colcon_ws/install/ur5_control/lib/python3.10/site-packages/ur5_control-0.0.0-py3.10.egg-info' (and everything under it)
[3.015s] Copying ../../build/ur5_control/ur5_control.egg-info to /home/manab/colcon_ws/install/ur5_control/lib/python3.10/site-packages/ur5_control-0.0.0-py3.10.egg-info
[3.015s] running install_scripts
[3.129s] Installing task1b script to /home/manab/colcon_ws/install/ur5_control/lib/ur5_control
[3.130s] writing list of installed files to '/home/manab/colcon_ws/build/ur5_control/install.log'
[3.162s] Invoked command in '/home/manab/colcon_ws/src/ur5_control' returned '0': PYTHONPATH=/home/manab/colcon_ws/build/ur5_control/prefix_override:/home/manab/colcon_ws/install/ur5_control/lib/python3.10/site-packages:${PYTHONPATH} /usr/bin/python3 -W ignore:setup.py install is deprecated setup.py egg_info --egg-base ../../build/ur5_control build --build-base /home/manab/colcon_ws/build/ur5_control/build install --record /home/manab/colcon_ws/build/ur5_control/install.log --single-version-externally-managed install_data
