-- The C compiler identification is GNU 11.4.0
-- The CXX compiler identification is GNU 11.4.0
-- Detecting C compiler ABI info
-- Detecting C compiler ABI info - done
-- Check for working C compiler: /usr/bin/cc - skipped
-- Detecting C compile features
-- Detecting C compile features - done
-- Detecting CXX compiler ABI info
-- Detecting CXX compiler ABI info - done
-- Check for working CXX compiler: /usr/bin/c++ - skipped
-- Detecting CXX compile features
-- Detecting CXX compile features - done
-- Found ament_cmake: 1.3.10 (/opt/ros/humble/share/ament_cmake/cmake)
-- Found Python3: /usr/bin/python3 (found version "3.10.12") found components: Interpreter 
-- Override CMake install command with custom implementation using symlinks instead of copying resources
-- Found ament_lint_auto: 0.12.11 (/opt/ros/humble/share/ament_lint_auto/cmake)
-- Configuring done
-- Generating done
-- Build files have been written to: /home/manab/colcon_ws/src/ur5_control/build/ur_moveit_config
-- Install configuration: "RelWithDebInfo"
-- Execute custom install script
-- Symlinking: /home/manab/colcon_ws/src/ur5_control/install/ur_moveit_config/share/ur_moveit_config/config/controllers.yaml
-- Symlinking: /home/manab/colcon_ws/src/ur5_control/install/ur_moveit_config/share/ur_moveit_config/config/kinematics.yaml
-- Symlinking: /home/manab/colcon_ws/src/ur5_control/install/ur_moveit_config/share/ur_moveit_config/config/ompl_planning.yaml
-- Symlinking: /home/manab/colcon_ws/src/ur5_control/install/ur_moveit_config/share/ur_moveit_config/config/ur_servo.yaml
-- Symlinking: /home/manab/colcon_ws/src/ur5_control/install/ur_moveit_config/share/ur_moveit_config/launch/ur_moveit.launch.py
-- Symlinking: /home/manab/colcon_ws/src/ur5_control/install/ur_moveit_config/share/ur_moveit_config/rviz/view_robot.rviz
-- Symlinking: /home/manab/colcon_ws/src/ur5_control/install/ur_moveit_config/share/ur_moveit_config/srdf/ur.srdf.xacro
-- Symlinking: /home/manab/colcon_ws/src/ur5_control/install/ur_moveit_config/share/ur_moveit_config/srdf/ur_macro.srdf.xacro
-- Symlinking: /home/manab/colcon_ws/src/ur5_control/install/ur_moveit_config/share/ament_index/resource_index/package_run_dependencies/ur_moveit_config
-- Symlinking: /home/manab/colcon_ws/src/ur5_control/install/ur_moveit_config/share/ament_index/resource_index/parent_prefix_path/ur_moveit_config
-- Symlinking: /home/manab/colcon_ws/src/ur5_control/install/ur_moveit_config/share/ur_moveit_config/environment/ament_prefix_path.sh
-- Symlinking: /home/manab/colcon_ws/src/ur5_control/install/ur_moveit_config/share/ur_moveit_config/environment/ament_prefix_path.dsv
-- Symlinking: /home/manab/colcon_ws/src/ur5_control/install/ur_moveit_config/share/ur_moveit_config/environment/path.sh
-- Symlinking: /home/manab/colcon_ws/src/ur5_control/install/ur_moveit_config/share/ur_moveit_config/environment/path.dsv
-- Symlinking: /home/manab/colcon_ws/src/ur5_control/install/ur_moveit_config/share/ur_moveit_config/local_setup.bash
-- Symlinking: /home/manab/colcon_ws/src/ur5_control/install/ur_moveit_config/share/ur_moveit_config/local_setup.sh
-- Symlinking: /home/manab/colcon_ws/src/ur5_control/install/ur_moveit_config/share/ur_moveit_config/local_setup.zsh
-- Symlinking: /home/manab/colcon_ws/src/ur5_control/install/ur_moveit_config/share/ur_moveit_config/local_setup.dsv
-- Symlinking: /home/manab/colcon_ws/src/ur5_control/install/ur_moveit_config/share/ur_moveit_config/package.dsv
-- Symlinking: /home/manab/colcon_ws/src/ur5_control/install/ur_moveit_config/share/ament_index/resource_index/packages/ur_moveit_config
-- Symlinking: /home/manab/colcon_ws/src/ur5_control/install/ur_moveit_config/share/ur_moveit_config/cmake/ur_moveit_configConfig.cmake
-- Symlinking: /home/manab/colcon_ws/src/ur5_control/install/ur_moveit_config/share/ur_moveit_config/cmake/ur_moveit_configConfig-version.cmake
-- Symlinking: /home/manab/colcon_ws/src/ur5_control/install/ur_moveit_config/share/ur_moveit_config/package.xml
