-- The C compiler identification is GNU 11.4.0
-- The CXX compiler identification is GNU 11.4.0
-- Detecting C compiler ABI info
-- Detecting C compiler ABI info - done
-- Check for working C compiler: /usr/bin/cc - skipped
-- Detecting C compile features
-- Detecting C compile features - done
-- Detecting CXX compiler ABI info
-- Detecting CXX compiler ABI info - done
-- Check for working CXX compiler: /usr/bin/c++ - skipped
-- Detecting CXX compile features
-- Detecting CXX compile features - done
-- Found ament_cmake: 1.3.10 (/opt/ros/humble/share/ament_cmake/cmake)
-- Found Python3: /usr/bin/python3 (found version "3.10.12") found components: Interpreter 
-- Override CMake install command with custom implementation using symlinks instead of copying resources
-- Found rclcpp: 16.0.10 (/opt/ros/humble/share/rclcpp/cmake)
-- Found rosidl_generator_c: 3.1.5 (/opt/ros/humble/share/rosidl_generator_c/cmake)
-- Found rosidl_adapter: 3.1.5 (/opt/ros/humble/share/rosidl_adapter/cmake)
-- Found rosidl_generator_cpp: 3.1.5 (/opt/ros/humble/share/rosidl_generator_cpp/cmake)
-- Using all available rosidl_typesupport_c: rosidl_typesupport_fastrtps_c;rosidl_typesupport_introspection_c
-- Using all available rosidl_typesupport_cpp: rosidl_typesupport_fastrtps_cpp;rosidl_typesupport_introspection_cpp
-- Found rmw_implementation_cmake: 6.1.2 (/opt/ros/humble/share/rmw_implementation_cmake/cmake)
-- Found rmw_fastrtps_cpp: 6.2.7 (/opt/ros/humble/share/rmw_fastrtps_cpp/cmake)
-- Found OpenSSL: /usr/lib/x86_64-linux-gnu/libcrypto.so (found version "3.0.2")  
-- Found FastRTPS: /opt/ros/humble/include  
-- Using RMW implementation 'rmw_fastrtps_cpp' as default
-- Looking for pthread.h
-- Looking for pthread.h - found
-- Performing Test CMAKE_HAVE_LIBC_PTHREAD
-- Performing Test CMAKE_HAVE_LIBC_PTHREAD - Success
-- Found Threads: TRUE  
-- Found rclpy: 3.3.14 (/opt/ros/humble/share/rclpy/cmake)
-- Found urdf: 2.6.1 (/opt/ros/humble/share/urdf/cmake)
-- Found xacro: 2.0.8 (/opt/ros/humble/share/xacro/cmake)
-- Found ament_lint_auto: 0.12.11 (/opt/ros/humble/share/ament_lint_auto/cmake)
-- Added test 'copyright' to check source files copyright and LICENSE
-- Added test 'flake8' to check Python code syntax and style conventions
-- Added test 'lint_cmake' to check CMake code style
-- Added test 'pep257' to check Python code against some of the docstring style conventions in PEP 257
-- Added test 'xmllint' to check XML markup files
-- Configuring done
-- Generating done
-- Build files have been written to: /home/manab/colcon_ws/src/ur5_control/build/ebot_description
-- Install configuration: "RelWithDebInfo"
-- Execute custom install script
-- Symlinking: /home/manab/colcon_ws/src/ur5_control/install/ebot_description/share/ebot_description//launch/ebot_gazebo_launch.py
-- Symlinking: /home/manab/colcon_ws/src/ur5_control/install/ebot_description/share/ebot_description//launch/spawn_robot.py
-- Symlinking: /home/manab/colcon_ws/src/ur5_control/install/ebot_description/share/ebot_description//launch/start_world_launch.py
-- Symlinking: /home/manab/colcon_ws/src/ur5_control/install/ebot_description/share/ebot_description//launch/start_world_task1b_launch.py
-- Symlinking: /home/manab/colcon_ws/src/ur5_control/install/ebot_description/share/ebot_description//launch/start_world_task1c_launch.py
-- Symlinking: /home/manab/colcon_ws/src/ur5_control/install/ebot_description/share/ebot_description//worlds/empty.world
-- Symlinking: /home/manab/colcon_ws/src/ur5_control/install/ebot_description/share/ebot_description//models/ebot/ebot.gazebo
-- Symlinking: /home/manab/colcon_ws/src/ur5_control/install/ebot_description/share/ebot_description//models/ebot/ebot_description.xacro
-- Symlinking: /home/manab/colcon_ws/src/ur5_control/install/ebot_description/share/ebot_description//meshes/FUS1.STL
-- Symlinking: /home/manab/colcon_ws/src/ur5_control/install/ebot_description/share/ebot_description//meshes/FUS2.STL
-- Symlinking: /home/manab/colcon_ws/src/ur5_control/install/ebot_description/share/ebot_description//meshes/FUS3.STL
-- Symlinking: /home/manab/colcon_ws/src/ur5_control/install/ebot_description/share/ebot_description//meshes/FUS4.STL
-- Symlinking: /home/manab/colcon_ws/src/ur5_control/install/ebot_description/share/ebot_description//meshes/FWL.STL
-- Symlinking: /home/manab/colcon_ws/src/ur5_control/install/ebot_description/share/ebot_description//meshes/FWR.STL
-- Symlinking: /home/manab/colcon_ws/src/ur5_control/install/ebot_description/share/ebot_description//meshes/LHUS10.STL
-- Symlinking: /home/manab/colcon_ws/src/ur5_control/install/ebot_description/share/ebot_description//meshes/LHUS9.STL
-- Symlinking: /home/manab/colcon_ws/src/ur5_control/install/ebot_description/share/ebot_description//meshes/RHUS7.STL
-- Symlinking: /home/manab/colcon_ws/src/ur5_control/install/ebot_description/share/ebot_description//meshes/RHUS9.STL
-- Symlinking: /home/manab/colcon_ws/src/ur5_control/install/ebot_description/share/ebot_description//meshes/RUS5.STL
-- Symlinking: /home/manab/colcon_ws/src/ur5_control/install/ebot_description/share/ebot_description//meshes/RUS6.STL
-- Symlinking: /home/manab/colcon_ws/src/ur5_control/install/ebot_description/share/ebot_description//meshes/RWL.STL
-- Symlinking: /home/manab/colcon_ws/src/ur5_control/install/ebot_description/share/ebot_description//meshes/RWR.STL
-- Symlinking: /home/manab/colcon_ws/src/ur5_control/install/ebot_description/share/ebot_description//meshes/chassis.dae
-- Symlinking: /home/manab/colcon_ws/src/ur5_control/install/ebot_description/share/ebot_description//meshes/robot_base.stl
-- Symlinking: /home/manab/colcon_ws/src/ur5_control/install/ebot_description/share/ebot_description//plugins/libgazebo_collision_sensor.so
-- Symlinking: /home/manab/colcon_ws/src/ur5_control/install/ebot_description/share/ebot_description//plugins/libgazebo_ros_vacuum_gripper.so
-- Symlinking: /home/manab/colcon_ws/src/ur5_control/install/ebot_description/share/ament_index/resource_index/package_run_dependencies/ebot_description
-- Symlinking: /home/manab/colcon_ws/src/ur5_control/install/ebot_description/share/ament_index/resource_index/parent_prefix_path/ebot_description
-- Symlinking: /home/manab/colcon_ws/src/ur5_control/install/ebot_description/share/ebot_description/environment/ament_prefix_path.sh
-- Symlinking: /home/manab/colcon_ws/src/ur5_control/install/ebot_description/share/ebot_description/environment/ament_prefix_path.dsv
-- Symlinking: /home/manab/colcon_ws/src/ur5_control/install/ebot_description/share/ebot_description/environment/path.sh
-- Symlinking: /home/manab/colcon_ws/src/ur5_control/install/ebot_description/share/ebot_description/environment/path.dsv
-- Symlinking: /home/manab/colcon_ws/src/ur5_control/install/ebot_description/share/ebot_description/local_setup.bash
-- Symlinking: /home/manab/colcon_ws/src/ur5_control/install/ebot_description/share/ebot_description/local_setup.sh
-- Symlinking: /home/manab/colcon_ws/src/ur5_control/install/ebot_description/share/ebot_description/local_setup.zsh
-- Symlinking: /home/manab/colcon_ws/src/ur5_control/install/ebot_description/share/ebot_description/local_setup.dsv
-- Symlinking: /home/manab/colcon_ws/src/ur5_control/install/ebot_description/share/ebot_description/package.dsv
-- Symlinking: /home/manab/colcon_ws/src/ur5_control/install/ebot_description/share/ament_index/resource_index/packages/ebot_description
-- Symlinking: /home/manab/colcon_ws/src/ur5_control/install/ebot_description/share/ebot_description/cmake/ebot_descriptionConfig.cmake
-- Symlinking: /home/manab/colcon_ws/src/ur5_control/install/ebot_description/share/ebot_description/cmake/ebot_descriptionConfig-version.cmake
-- Symlinking: /home/manab/colcon_ws/src/ur5_control/install/ebot_description/share/ebot_description/package.xml
