[0.126s] Invoking command in '/home/manab/colcon_ws/build/ebot_nav2': CMAKE_PREFIX_PATH=${CMAKE_PREFIX_PATH}:/home/manab/colcon_ws/install/ur5_control:/home/manab/ws_moveit/install/moveit_configs_utils:/home/manab/ros2_ws/install/launch_testing_examples:/home/manab/ros2_ws/install/examples_rclpy_pointcloud_publisher:/home/manab/ros2_ws/install/examples_rclpy_minimal_subscriber:/home/manab/ros2_ws/install/examples_rclpy_minimal_service:/home/manab/ros2_ws/install/examples_rclpy_minimal_publisher:/home/manab/ros2_ws/install/examples_rclpy_minimal_client:/home/manab/ros2_ws/install/examples_rclpy_minimal_action_server:/home/manab/ros2_ws/install/examples_rclpy_minimal_action_client:/home/manab/ros2_ws/install/examples_rclpy_guard_conditions:/home/manab/ros2_ws/install/examples_rclpy_executors:/opt/ros/humble /usr/bin/cmake --build /home/manab/colcon_ws/build/ebot_nav2 -- -j4 -l4
[0.483s] Built target ament_cmake_python_copy_ebot_nav2
[2.001s] running egg_info
[2.076s] writing ebot_nav2.egg-info/PKG-INFO
[2.076s] writing dependency_links to ebot_nav2.egg-info/dependency_links.txt
[2.076s] writing top-level names to ebot_nav2.egg-info/top_level.txt
[2.589s] reading manifest file 'ebot_nav2.egg-info/SOURCES.txt'
[2.597s] writing manifest file 'ebot_nav2.egg-info/SOURCES.txt'
[2.941s] Built target ament_cmake_python_build_ebot_nav2_egg
[3.097s] Invoked command in '/home/manab/colcon_ws/build/ebot_nav2' returned '0': CMAKE_PREFIX_PATH=${CMAKE_PREFIX_PATH}:/home/manab/colcon_ws/install/ur5_control:/home/manab/ws_moveit/install/moveit_configs_utils:/home/manab/ros2_ws/install/launch_testing_examples:/home/manab/ros2_ws/install/examples_rclpy_pointcloud_publisher:/home/manab/ros2_ws/install/examples_rclpy_minimal_subscriber:/home/manab/ros2_ws/install/examples_rclpy_minimal_service:/home/manab/ros2_ws/install/examples_rclpy_minimal_publisher:/home/manab/ros2_ws/install/examples_rclpy_minimal_client:/home/manab/ros2_ws/install/examples_rclpy_minimal_action_server:/home/manab/ros2_ws/install/examples_rclpy_minimal_action_client:/home/manab/ros2_ws/install/examples_rclpy_guard_conditions:/home/manab/ros2_ws/install/examples_rclpy_executors:/opt/ros/humble /usr/bin/cmake --build /home/manab/colcon_ws/build/ebot_nav2 -- -j4 -l4
[4.316s] Invoking command in '/home/manab/colcon_ws/build/ebot_nav2': CMAKE_PREFIX_PATH=${CMAKE_PREFIX_PATH}:/home/manab/colcon_ws/install/ur5_control:/home/manab/ws_moveit/install/moveit_configs_utils:/home/manab/ros2_ws/install/launch_testing_examples:/home/manab/ros2_ws/install/examples_rclpy_pointcloud_publisher:/home/manab/ros2_ws/install/examples_rclpy_minimal_subscriber:/home/manab/ros2_ws/install/examples_rclpy_minimal_service:/home/manab/ros2_ws/install/examples_rclpy_minimal_publisher:/home/manab/ros2_ws/install/examples_rclpy_minimal_client:/home/manab/ros2_ws/install/examples_rclpy_minimal_action_server:/home/manab/ros2_ws/install/examples_rclpy_minimal_action_client:/home/manab/ros2_ws/install/examples_rclpy_guard_conditions:/home/manab/ros2_ws/install/examples_rclpy_executors:/opt/ros/humble /usr/bin/cmake --install /home/manab/colcon_ws/build/ebot_nav2
[4.374s] -- Install configuration: ""
[4.374s] -- Up-to-date: /home/manab/colcon_ws/install/ebot_nav2/share/ebot_nav2//launch
[4.374s] -- Up-to-date: /home/manab/colcon_ws/install/ebot_nav2/share/ebot_nav2//launch/ebot_bringup_launch.py
[4.374s] -- Up-to-date: /home/manab/colcon_ws/install/ebot_nav2/share/ebot_nav2//config
[4.374s] -- Up-to-date: /home/manab/colcon_ws/install/ebot_nav2/share/ebot_nav2//config/ekf.yaml
[4.374s] -- Up-to-date: /home/manab/colcon_ws/install/ebot_nav2/share/ebot_nav2//config/mapper_params_online_async.yaml
[4.374s] -- Up-to-date: /home/manab/colcon_ws/install/ebot_nav2/share/ebot_nav2//maps
[4.376s] -- Up-to-date: /home/manab/colcon_ws/install/ebot_nav2/share/ebot_nav2//maps/my_map.yaml
[4.376s] -- Up-to-date: /home/manab/colcon_ws/install/ebot_nav2/share/ebot_nav2//maps/map_file_here.text
[4.385s] -- Up-to-date: /home/manab/colcon_ws/install/ebot_nav2/share/ebot_nav2//maps/my_map.posegraph
[4.385s] -- Up-to-date: /home/manab/colcon_ws/install/ebot_nav2/share/ebot_nav2//maps/my_map.data
[4.385s] -- Up-to-date: /home/manab/colcon_ws/install/ebot_nav2/share/ebot_nav2//maps/my_map.pgm
[4.385s] -- Up-to-date: /home/manab/colcon_ws/install/ebot_nav2/share/ebot_nav2//params
[4.385s] -- Up-to-date: /home/manab/colcon_ws/install/ebot_nav2/share/ebot_nav2//params/nav2_params.yaml
[4.386s] -- Up-to-date: /home/manab/colcon_ws/install/ebot_nav2/share/ebot_nav2//rviz
[4.387s] -- Up-to-date: /home/manab/colcon_ws/install/ebot_nav2/share/ebot_nav2//rviz/nav2_default_view.rviz
[4.387s] -- Up-to-date: /home/manab/colcon_ws/install/ebot_nav2/share/ebot_nav2/environment/pythonpath.sh
[4.387s] -- Up-to-date: /home/manab/colcon_ws/install/ebot_nav2/share/ebot_nav2/environment/pythonpath.dsv
[4.387s] -- Up-to-date: /home/manab/colcon_ws/install/ebot_nav2/local/lib/python3.10/dist-packages/ebot_nav2-0.0.0-py3.10.egg-info
[4.387s] -- Installing: /home/manab/colcon_ws/install/ebot_nav2/local/lib/python3.10/dist-packages/ebot_nav2-0.0.0-py3.10.egg-info/SOURCES.txt
[4.387s] -- Installing: /home/manab/colcon_ws/install/ebot_nav2/local/lib/python3.10/dist-packages/ebot_nav2-0.0.0-py3.10.egg-info/PKG-INFO
[4.387s] -- Installing: /home/manab/colcon_ws/install/ebot_nav2/local/lib/python3.10/dist-packages/ebot_nav2-0.0.0-py3.10.egg-info/top_level.txt
[4.387s] -- Installing: /home/manab/colcon_ws/install/ebot_nav2/local/lib/python3.10/dist-packages/ebot_nav2-0.0.0-py3.10.egg-info/dependency_links.txt
[4.387s] -- Up-to-date: /home/manab/colcon_ws/install/ebot_nav2/local/lib/python3.10/dist-packages/ebot_nav2
[4.393s] -- Up-to-date: /home/manab/colcon_ws/install/ebot_nav2/local/lib/python3.10/dist-packages/ebot_nav2/__init__.py
[4.648s] Listing '/home/manab/colcon_ws/install/ebot_nav2/local/lib/python3.10/dist-packages/ebot_nav2'...
[4.725s] -- Up-to-date: /home/manab/colcon_ws/install/ebot_nav2/lib/ebot_nav2/ebot_nav_cmd.py
[4.725s] -- Up-to-date: /home/manab/colcon_ws/install/ebot_nav2/share/ament_index/resource_index/package_run_dependencies/ebot_nav2
[4.725s] -- Up-to-date: /home/manab/colcon_ws/install/ebot_nav2/share/ament_index/resource_index/parent_prefix_path/ebot_nav2
[4.725s] -- Up-to-date: /home/manab/colcon_ws/install/ebot_nav2/share/ebot_nav2/environment/ament_prefix_path.sh
[4.725s] -- Up-to-date: /home/manab/colcon_ws/install/ebot_nav2/share/ebot_nav2/environment/ament_prefix_path.dsv
[4.725s] -- Up-to-date: /home/manab/colcon_ws/install/ebot_nav2/share/ebot_nav2/environment/path.sh
[4.725s] -- Up-to-date: /home/manab/colcon_ws/install/ebot_nav2/share/ebot_nav2/environment/path.dsv
[4.725s] -- Up-to-date: /home/manab/colcon_ws/install/ebot_nav2/share/ebot_nav2/local_setup.bash
[4.726s] -- Up-to-date: /home/manab/colcon_ws/install/ebot_nav2/share/ebot_nav2/local_setup.sh
[4.737s] -- Up-to-date: /home/manab/colcon_ws/install/ebot_nav2/share/ebot_nav2/local_setup.zsh
[4.738s] -- Up-to-date: /home/manab/colcon_ws/install/ebot_nav2/share/ebot_nav2/local_setup.dsv
[4.738s] -- Installing: /home/manab/colcon_ws/install/ebot_nav2/share/ebot_nav2/package.dsv
[4.738s] -- Up-to-date: /home/manab/colcon_ws/install/ebot_nav2/share/ament_index/resource_index/packages/ebot_nav2
[4.741s] -- Up-to-date: /home/manab/colcon_ws/install/ebot_nav2/share/ebot_nav2/cmake/ebot_nav2Config.cmake
[4.742s] -- Up-to-date: /home/manab/colcon_ws/install/ebot_nav2/share/ebot_nav2/cmake/ebot_nav2Config-version.cmake
[4.743s] -- Up-to-date: /home/manab/colcon_ws/install/ebot_nav2/share/ebot_nav2/package.xml
[4.764s] Invoked command in '/home/manab/colcon_ws/build/ebot_nav2' returned '0': CMAKE_PREFIX_PATH=${CMAKE_PREFIX_PATH}:/home/manab/colcon_ws/install/ur5_control:/home/manab/ws_moveit/install/moveit_configs_utils:/home/manab/ros2_ws/install/launch_testing_examples:/home/manab/ros2_ws/install/examples_rclpy_pointcloud_publisher:/home/manab/ros2_ws/install/examples_rclpy_minimal_subscriber:/home/manab/ros2_ws/install/examples_rclpy_minimal_service:/home/manab/ros2_ws/install/examples_rclpy_minimal_publisher:/home/manab/ros2_ws/install/examples_rclpy_minimal_client:/home/manab/ros2_ws/install/examples_rclpy_minimal_action_server:/home/manab/ros2_ws/install/examples_rclpy_minimal_action_client:/home/manab/ros2_ws/install/examples_rclpy_guard_conditions:/home/manab/ros2_ws/install/examples_rclpy_executors:/opt/ros/humble /usr/bin/cmake --install /home/manab/colcon_ws/build/ebot_nav2
