[0.072s] Invoking command in '/home/manab/colcon_ws/build/ebot_nav2': CMAKE_PREFIX_PATH=${CMAKE_PREFIX_PATH}:/home/manab/colcon_ws/install/ur5_control:/home/manab/ros2_ws/install/launch_testing_examples:/home/manab/ros2_ws/install/examples_rclpy_pointcloud_publisher:/home/manab/ros2_ws/install/examples_rclpy_minimal_subscriber:/home/manab/ros2_ws/install/examples_rclpy_minimal_service:/home/manab/ros2_ws/install/examples_rclpy_minimal_publisher:/home/manab/ros2_ws/install/examples_rclpy_minimal_client:/home/manab/ros2_ws/install/examples_rclpy_minimal_action_server:/home/manab/ros2_ws/install/examples_rclpy_minimal_action_client:/home/manab/ros2_ws/install/examples_rclpy_guard_conditions:/home/manab/ros2_ws/install/examples_rclpy_executors:/opt/ros/humble /usr/bin/cmake --build /home/manab/colcon_ws/build/ebot_nav2 -- -j4 -l4
[0.356s] Built target ament_cmake_python_copy_ebot_nav2
[1.018s] running egg_info
[1.047s] writing ebot_nav2.egg-info/PKG-INFO
[1.047s] writing dependency_links to ebot_nav2.egg-info/dependency_links.txt
[1.050s] writing top-level names to ebot_nav2.egg-info/top_level.txt
[1.370s] [2;36m[09/24/24 21:54:19][0m[2;36m [0m[1;31mERROR   [0m listing git files failed - pretending there aren't any                                                                                                                ]8;id=474614;file:///home/manab/.local/lib/python3.10/site-packages/setuptools_scm/_file_finders/git.py\[2mgit.py[0m]8;;\[2m:[0m]8;id=102778;file:///home/manab/.local/lib/python3.10/site-packages/setuptools_scm/_file_finders/git.py#26\[2m26[0m]8;;\
[1.777s] reading manifest file 'ebot_nav2.egg-info/SOURCES.txt'
[1.793s] writing manifest file 'ebot_nav2.egg-info/SOURCES.txt'
[2.103s] Built target ament_cmake_python_build_ebot_nav2_egg
[2.161s] Invoked command in '/home/manab/colcon_ws/build/ebot_nav2' returned '0': CMAKE_PREFIX_PATH=${CMAKE_PREFIX_PATH}:/home/manab/colcon_ws/install/ur5_control:/home/manab/ros2_ws/install/launch_testing_examples:/home/manab/ros2_ws/install/examples_rclpy_pointcloud_publisher:/home/manab/ros2_ws/install/examples_rclpy_minimal_subscriber:/home/manab/ros2_ws/install/examples_rclpy_minimal_service:/home/manab/ros2_ws/install/examples_rclpy_minimal_publisher:/home/manab/ros2_ws/install/examples_rclpy_minimal_client:/home/manab/ros2_ws/install/examples_rclpy_minimal_action_server:/home/manab/ros2_ws/install/examples_rclpy_minimal_action_client:/home/manab/ros2_ws/install/examples_rclpy_guard_conditions:/home/manab/ros2_ws/install/examples_rclpy_executors:/opt/ros/humble /usr/bin/cmake --build /home/manab/colcon_ws/build/ebot_nav2 -- -j4 -l4
[2.406s] Invoking command in '/home/manab/colcon_ws/build/ebot_nav2': CMAKE_PREFIX_PATH=${CMAKE_PREFIX_PATH}:/home/manab/colcon_ws/install/ur5_control:/home/manab/ros2_ws/install/launch_testing_examples:/home/manab/ros2_ws/install/examples_rclpy_pointcloud_publisher:/home/manab/ros2_ws/install/examples_rclpy_minimal_subscriber:/home/manab/ros2_ws/install/examples_rclpy_minimal_service:/home/manab/ros2_ws/install/examples_rclpy_minimal_publisher:/home/manab/ros2_ws/install/examples_rclpy_minimal_client:/home/manab/ros2_ws/install/examples_rclpy_minimal_action_server:/home/manab/ros2_ws/install/examples_rclpy_minimal_action_client:/home/manab/ros2_ws/install/examples_rclpy_guard_conditions:/home/manab/ros2_ws/install/examples_rclpy_executors:/opt/ros/humble /usr/bin/cmake --install /home/manab/colcon_ws/build/ebot_nav2
[2.436s] -- Install configuration: ""
[2.437s] -- Up-to-date: /home/manab/colcon_ws/install/ebot_nav2/share/ebot_nav2//launch
[2.440s] -- Up-to-date: /home/manab/colcon_ws/install/ebot_nav2/share/ebot_nav2//launch/ebot_bringup_launch.py
[2.440s] -- Up-to-date: /home/manab/colcon_ws/install/ebot_nav2/share/ebot_nav2//config
[2.440s] -- Up-to-date: /home/manab/colcon_ws/install/ebot_nav2/share/ebot_nav2//config/ekf.yaml
[2.440s] -- Up-to-date: /home/manab/colcon_ws/install/ebot_nav2/share/ebot_nav2//config/mapper_params_online_async.yaml
[2.440s] -- Up-to-date: /home/manab/colcon_ws/install/ebot_nav2/share/ebot_nav2//maps
[2.440s] -- Up-to-date: /home/manab/colcon_ws/install/ebot_nav2/share/ebot_nav2//maps/my_map.yaml
[2.440s] -- Up-to-date: /home/manab/colcon_ws/install/ebot_nav2/share/ebot_nav2//maps/map_file_here.text
[2.440s] -- Up-to-date: /home/manab/colcon_ws/install/ebot_nav2/share/ebot_nav2//maps/my_map.posegraph
[2.441s] -- Up-to-date: /home/manab/colcon_ws/install/ebot_nav2/share/ebot_nav2//maps/my_map.data
[2.441s] -- Up-to-date: /home/manab/colcon_ws/install/ebot_nav2/share/ebot_nav2//maps/my_map.pgm
[2.441s] -- Up-to-date: /home/manab/colcon_ws/install/ebot_nav2/share/ebot_nav2//params
[2.441s] -- Up-to-date: /home/manab/colcon_ws/install/ebot_nav2/share/ebot_nav2//params/nav2_params.yaml
[2.441s] -- Up-to-date: /home/manab/colcon_ws/install/ebot_nav2/share/ebot_nav2//rviz
[2.441s] -- Up-to-date: /home/manab/colcon_ws/install/ebot_nav2/share/ebot_nav2//rviz/nav2_default_view.rviz
[2.441s] -- Up-to-date: /home/manab/colcon_ws/install/ebot_nav2/share/ebot_nav2/environment/pythonpath.sh
[2.441s] -- Up-to-date: /home/manab/colcon_ws/install/ebot_nav2/share/ebot_nav2/environment/pythonpath.dsv
[2.441s] -- Up-to-date: /home/manab/colcon_ws/install/ebot_nav2/local/lib/python3.10/dist-packages/ebot_nav2-0.0.0-py3.10.egg-info
[2.441s] -- Installing: /home/manab/colcon_ws/install/ebot_nav2/local/lib/python3.10/dist-packages/ebot_nav2-0.0.0-py3.10.egg-info/SOURCES.txt
[2.441s] -- Installing: /home/manab/colcon_ws/install/ebot_nav2/local/lib/python3.10/dist-packages/ebot_nav2-0.0.0-py3.10.egg-info/PKG-INFO
[2.441s] -- Installing: /home/manab/colcon_ws/install/ebot_nav2/local/lib/python3.10/dist-packages/ebot_nav2-0.0.0-py3.10.egg-info/top_level.txt
[2.441s] -- Installing: /home/manab/colcon_ws/install/ebot_nav2/local/lib/python3.10/dist-packages/ebot_nav2-0.0.0-py3.10.egg-info/dependency_links.txt
[2.441s] -- Up-to-date: /home/manab/colcon_ws/install/ebot_nav2/local/lib/python3.10/dist-packages/ebot_nav2
[2.441s] -- Up-to-date: /home/manab/colcon_ws/install/ebot_nav2/local/lib/python3.10/dist-packages/ebot_nav2/__init__.py
[2.524s] Listing '/home/manab/colcon_ws/install/ebot_nav2/local/lib/python3.10/dist-packages/ebot_nav2'...
[2.555s] -- Installing: /home/manab/colcon_ws/install/ebot_nav2/lib/ebot_nav2/ebot_nav_cmd.py
[2.555s] -- Up-to-date: /home/manab/colcon_ws/install/ebot_nav2/share/ament_index/resource_index/package_run_dependencies/ebot_nav2
[2.556s] -- Up-to-date: /home/manab/colcon_ws/install/ebot_nav2/share/ament_index/resource_index/parent_prefix_path/ebot_nav2
[2.556s] -- Up-to-date: /home/manab/colcon_ws/install/ebot_nav2/share/ebot_nav2/environment/ament_prefix_path.sh
[2.557s] -- Up-to-date: /home/manab/colcon_ws/install/ebot_nav2/share/ebot_nav2/environment/ament_prefix_path.dsv
[2.557s] -- Up-to-date: /home/manab/colcon_ws/install/ebot_nav2/share/ebot_nav2/environment/path.sh
[2.557s] -- Up-to-date: /home/manab/colcon_ws/install/ebot_nav2/share/ebot_nav2/environment/path.dsv
[2.557s] -- Up-to-date: /home/manab/colcon_ws/install/ebot_nav2/share/ebot_nav2/local_setup.bash
[2.557s] -- Up-to-date: /home/manab/colcon_ws/install/ebot_nav2/share/ebot_nav2/local_setup.sh
[2.557s] -- Up-to-date: /home/manab/colcon_ws/install/ebot_nav2/share/ebot_nav2/local_setup.zsh
[2.558s] -- Up-to-date: /home/manab/colcon_ws/install/ebot_nav2/share/ebot_nav2/local_setup.dsv
[2.558s] -- Installing: /home/manab/colcon_ws/install/ebot_nav2/share/ebot_nav2/package.dsv
[2.560s] -- Up-to-date: /home/manab/colcon_ws/install/ebot_nav2/share/ament_index/resource_index/packages/ebot_nav2
[2.560s] -- Up-to-date: /home/manab/colcon_ws/install/ebot_nav2/share/ebot_nav2/cmake/ebot_nav2Config.cmake
[2.560s] -- Up-to-date: /home/manab/colcon_ws/install/ebot_nav2/share/ebot_nav2/cmake/ebot_nav2Config-version.cmake
[2.560s] -- Up-to-date: /home/manab/colcon_ws/install/ebot_nav2/share/ebot_nav2/package.xml
[3.188s] Invoked command in '/home/manab/colcon_ws/build/ebot_nav2' returned '0': CMAKE_PREFIX_PATH=${CMAKE_PREFIX_PATH}:/home/manab/colcon_ws/install/ur5_control:/home/manab/ros2_ws/install/launch_testing_examples:/home/manab/ros2_ws/install/examples_rclpy_pointcloud_publisher:/home/manab/ros2_ws/install/examples_rclpy_minimal_subscriber:/home/manab/ros2_ws/install/examples_rclpy_minimal_service:/home/manab/ros2_ws/install/examples_rclpy_minimal_publisher:/home/manab/ros2_ws/install/examples_rclpy_minimal_client:/home/manab/ros2_ws/install/examples_rclpy_minimal_action_server:/home/manab/ros2_ws/install/examples_rclpy_minimal_action_client:/home/manab/ros2_ws/install/examples_rclpy_guard_conditions:/home/manab/ros2_ws/install/examples_rclpy_executors:/opt/ros/humble /usr/bin/cmake --install /home/manab/colcon_ws/build/ebot_nav2
