[0.165s] Invoking command in '/home/manab/colcon_ws/build/pymoveit2': CMAKE_PREFIX_PATH=${CMAKE_PREFIX_PATH}:/home/manab/colcon_ws/install/ur5_control:/home/manab/ws_moveit/install/moveit_configs_utils:/home/manab/ros2_ws/install/launch_testing_examples:/home/manab/ros2_ws/install/examples_rclpy_pointcloud_publisher:/home/manab/ros2_ws/install/examples_rclpy_minimal_subscriber:/home/manab/ros2_ws/install/examples_rclpy_minimal_service:/home/manab/ros2_ws/install/examples_rclpy_minimal_publisher:/home/manab/ros2_ws/install/examples_rclpy_minimal_client:/home/manab/ros2_ws/install/examples_rclpy_minimal_action_server:/home/manab/ros2_ws/install/examples_rclpy_minimal_action_client:/home/manab/ros2_ws/install/examples_rclpy_guard_conditions:/home/manab/ros2_ws/install/examples_rclpy_executors:/opt/ros/humble /usr/bin/cmake --build /home/manab/colcon_ws/build/pymoveit2 -- -j4 -l4
[0.480s] Built target ament_cmake_python_copy_pymoveit2
[2.103s] running egg_info
[2.158s] writing pymoveit2.egg-info/PKG-INFO
[2.159s] writing dependency_links to pymoveit2.egg-info/dependency_links.txt
[2.161s] writing top-level names to pymoveit2.egg-info/top_level.txt
[2.612s] reading manifest file 'pymoveit2.egg-info/SOURCES.txt'
[2.621s] writing manifest file 'pymoveit2.egg-info/SOURCES.txt'
[2.843s] Built target ament_cmake_python_build_pymoveit2_egg
[3.421s] Invoked command in '/home/manab/colcon_ws/build/pymoveit2' returned '0': CMAKE_PREFIX_PATH=${CMAKE_PREFIX_PATH}:/home/manab/colcon_ws/install/ur5_control:/home/manab/ws_moveit/install/moveit_configs_utils:/home/manab/ros2_ws/install/launch_testing_examples:/home/manab/ros2_ws/install/examples_rclpy_pointcloud_publisher:/home/manab/ros2_ws/install/examples_rclpy_minimal_subscriber:/home/manab/ros2_ws/install/examples_rclpy_minimal_service:/home/manab/ros2_ws/install/examples_rclpy_minimal_publisher:/home/manab/ros2_ws/install/examples_rclpy_minimal_client:/home/manab/ros2_ws/install/examples_rclpy_minimal_action_server:/home/manab/ros2_ws/install/examples_rclpy_minimal_action_client:/home/manab/ros2_ws/install/examples_rclpy_guard_conditions:/home/manab/ros2_ws/install/examples_rclpy_executors:/opt/ros/humble /usr/bin/cmake --build /home/manab/colcon_ws/build/pymoveit2 -- -j4 -l4
[3.550s] Invoking command in '/home/manab/colcon_ws/build/pymoveit2': CMAKE_PREFIX_PATH=${CMAKE_PREFIX_PATH}:/home/manab/colcon_ws/install/ur5_control:/home/manab/ws_moveit/install/moveit_configs_utils:/home/manab/ros2_ws/install/launch_testing_examples:/home/manab/ros2_ws/install/examples_rclpy_pointcloud_publisher:/home/manab/ros2_ws/install/examples_rclpy_minimal_subscriber:/home/manab/ros2_ws/install/examples_rclpy_minimal_service:/home/manab/ros2_ws/install/examples_rclpy_minimal_publisher:/home/manab/ros2_ws/install/examples_rclpy_minimal_client:/home/manab/ros2_ws/install/examples_rclpy_minimal_action_server:/home/manab/ros2_ws/install/examples_rclpy_minimal_action_client:/home/manab/ros2_ws/install/examples_rclpy_guard_conditions:/home/manab/ros2_ws/install/examples_rclpy_executors:/opt/ros/humble /usr/bin/cmake --install /home/manab/colcon_ws/build/pymoveit2
[3.609s] -- Install configuration: ""
[3.609s] -- Up-to-date: /home/manab/colcon_ws/install/pymoveit2/share/pymoveit2/environment/pythonpath.sh
[3.609s] -- Up-to-date: /home/manab/colcon_ws/install/pymoveit2/share/pymoveit2/environment/pythonpath.dsv
[3.609s] -- Up-to-date: /home/manab/colcon_ws/install/pymoveit2/local/lib/python3.10/dist-packages/pymoveit2-2.1.0-py3.10.egg-info
[3.609s] -- Installing: /home/manab/colcon_ws/install/pymoveit2/local/lib/python3.10/dist-packages/pymoveit2-2.1.0-py3.10.egg-info/SOURCES.txt
[3.609s] -- Installing: /home/manab/colcon_ws/install/pymoveit2/local/lib/python3.10/dist-packages/pymoveit2-2.1.0-py3.10.egg-info/PKG-INFO
[3.609s] -- Installing: /home/manab/colcon_ws/install/pymoveit2/local/lib/python3.10/dist-packages/pymoveit2-2.1.0-py3.10.egg-info/top_level.txt
[3.609s] -- Installing: /home/manab/colcon_ws/install/pymoveit2/local/lib/python3.10/dist-packages/pymoveit2-2.1.0-py3.10.egg-info/dependency_links.txt
[3.613s] -- Up-to-date: /home/manab/colcon_ws/install/pymoveit2/local/lib/python3.10/dist-packages/pymoveit2
[3.614s] -- Up-to-date: /home/manab/colcon_ws/install/pymoveit2/local/lib/python3.10/dist-packages/pymoveit2/robots
[3.614s] -- Up-to-date: /home/manab/colcon_ws/install/pymoveit2/local/lib/python3.10/dist-packages/pymoveit2/robots/ur5.py
[3.614s] -- Up-to-date: /home/manab/colcon_ws/install/pymoveit2/local/lib/python3.10/dist-packages/pymoveit2/robots/__init__.py
[3.614s] -- Up-to-date: /home/manab/colcon_ws/install/pymoveit2/local/lib/python3.10/dist-packages/pymoveit2/robots/kinova.py
[3.614s] -- Up-to-date: /home/manab/colcon_ws/install/pymoveit2/local/lib/python3.10/dist-packages/pymoveit2/moveit2.py
[3.614s] -- Up-to-date: /home/manab/colcon_ws/install/pymoveit2/local/lib/python3.10/dist-packages/pymoveit2/__init__.py
[3.620s] -- Up-to-date: /home/manab/colcon_ws/install/pymoveit2/local/lib/python3.10/dist-packages/pymoveit2/moveit2_servo.py
[3.965s] Listing '/home/manab/colcon_ws/install/pymoveit2/local/lib/python3.10/dist-packages/pymoveit2'...
[3.965s] Listing '/home/manab/colcon_ws/install/pymoveit2/local/lib/python3.10/dist-packages/pymoveit2/robots'...
[3.999s] -- Up-to-date: /home/manab/colcon_ws/install/pymoveit2/lib/pymoveit2/ex_collision_object.py
[4.001s] -- Up-to-date: /home/manab/colcon_ws/install/pymoveit2/lib/pymoveit2/ex_joint_goal.py
[4.002s] -- Up-to-date: /home/manab/colcon_ws/install/pymoveit2/lib/pymoveit2/ex_pose_goal.py
[4.002s] -- Up-to-date: /home/manab/colcon_ws/install/pymoveit2/lib/pymoveit2/ex_servo.py
[4.002s] -- Up-to-date: /home/manab/colcon_ws/install/pymoveit2/lib/pymoveit2/assets
[4.002s] -- Up-to-date: /home/manab/colcon_ws/install/pymoveit2/lib/pymoveit2/assets/box.stl
[4.002s] -- Up-to-date: /home/manab/colcon_ws/install/pymoveit2/lib/pymoveit2/assets/rack.stl
[4.002s] -- Up-to-date: /home/manab/colcon_ws/install/pymoveit2/lib/pymoveit2/assets/box1.stl
[4.002s] -- Up-to-date: /home/manab/colcon_ws/install/pymoveit2/lib/pymoveit2/assets/suzanne.stl
[4.002s] -- Up-to-date: /home/manab/colcon_ws/install/pymoveit2/lib/pymoveit2/assets/box3.stl
[4.002s] -- Up-to-date: /home/manab/colcon_ws/install/pymoveit2/lib/pymoveit2/assets/rack_box.stl
[4.002s] -- Up-to-date: /home/manab/colcon_ws/install/pymoveit2/lib/pymoveit2/assets/rack_box_again.stl
[4.002s] -- Up-to-date: /home/manab/colcon_ws/install/pymoveit2/lib/pymoveit2/assets/box2.stl
[4.002s] -- Up-to-date: /home/manab/colcon_ws/install/pymoveit2/share/ament_index/resource_index/package_run_dependencies/pymoveit2
[4.003s] -- Up-to-date: /home/manab/colcon_ws/install/pymoveit2/share/ament_index/resource_index/parent_prefix_path/pymoveit2
[4.003s] -- Up-to-date: /home/manab/colcon_ws/install/pymoveit2/share/pymoveit2/environment/ament_prefix_path.sh
[4.003s] -- Up-to-date: /home/manab/colcon_ws/install/pymoveit2/share/pymoveit2/environment/ament_prefix_path.dsv
[4.003s] -- Up-to-date: /home/manab/colcon_ws/install/pymoveit2/share/pymoveit2/environment/path.sh
[4.026s] -- Up-to-date: /home/manab/colcon_ws/install/pymoveit2/share/pymoveit2/environment/path.dsv
[4.026s] -- Up-to-date: /home/manab/colcon_ws/install/pymoveit2/share/pymoveit2/local_setup.bash
[4.026s] -- Up-to-date: /home/manab/colcon_ws/install/pymoveit2/share/pymoveit2/local_setup.sh
[4.026s] -- Up-to-date: /home/manab/colcon_ws/install/pymoveit2/share/pymoveit2/local_setup.zsh
[4.026s] -- Up-to-date: /home/manab/colcon_ws/install/pymoveit2/share/pymoveit2/local_setup.dsv
[4.027s] -- Installing: /home/manab/colcon_ws/install/pymoveit2/share/pymoveit2/package.dsv
[4.027s] -- Up-to-date: /home/manab/colcon_ws/install/pymoveit2/share/ament_index/resource_index/packages/pymoveit2
[4.027s] -- Up-to-date: /home/manab/colcon_ws/install/pymoveit2/share/pymoveit2/cmake/pymoveit2Config.cmake
[4.027s] -- Up-to-date: /home/manab/colcon_ws/install/pymoveit2/share/pymoveit2/cmake/pymoveit2Config-version.cmake
[4.027s] -- Up-to-date: /home/manab/colcon_ws/install/pymoveit2/share/pymoveit2/package.xml
[4.027s] Invoked command in '/home/manab/colcon_ws/build/pymoveit2' returned '0': CMAKE_PREFIX_PATH=${CMAKE_PREFIX_PATH}:/home/manab/colcon_ws/install/ur5_control:/home/manab/ws_moveit/install/moveit_configs_utils:/home/manab/ros2_ws/install/launch_testing_examples:/home/manab/ros2_ws/install/examples_rclpy_pointcloud_publisher:/home/manab/ros2_ws/install/examples_rclpy_minimal_subscriber:/home/manab/ros2_ws/install/examples_rclpy_minimal_service:/home/manab/ros2_ws/install/examples_rclpy_minimal_publisher:/home/manab/ros2_ws/install/examples_rclpy_minimal_client:/home/manab/ros2_ws/install/examples_rclpy_minimal_action_server:/home/manab/ros2_ws/install/examples_rclpy_minimal_action_client:/home/manab/ros2_ws/install/examples_rclpy_guard_conditions:/home/manab/ros2_ws/install/examples_rclpy_executors:/opt/ros/humble /usr/bin/cmake --install /home/manab/colcon_ws/build/pymoveit2
