[0.022s] Invoking command in '/home/manab/colcon_ws/build/pymoveit2': CMAKE_PREFIX_PATH=${CMAKE_PREFIX_PATH}:/home/manab/colcon_ws/install/ur5_control:/home/manab/ws_moveit/install/moveit_configs_utils:/home/manab/ros2_ws/install/launch_testing_examples:/home/manab/ros2_ws/install/examples_rclpy_pointcloud_publisher:/home/manab/ros2_ws/install/examples_rclpy_minimal_subscriber:/home/manab/ros2_ws/install/examples_rclpy_minimal_service:/home/manab/ros2_ws/install/examples_rclpy_minimal_publisher:/home/manab/ros2_ws/install/examples_rclpy_minimal_client:/home/manab/ros2_ws/install/examples_rclpy_minimal_action_server:/home/manab/ros2_ws/install/examples_rclpy_minimal_action_client:/home/manab/ros2_ws/install/examples_rclpy_guard_conditions:/home/manab/ros2_ws/install/examples_rclpy_executors:/opt/ros/humble /usr/bin/cmake --build /home/manab/colcon_ws/build/pymoveit2 -- -j4 -l4
[0.099s] Built target ament_cmake_python_copy_pymoveit2
[0.484s] running egg_info
[0.511s] writing pymoveit2.egg-info/PKG-INFO
[0.511s] writing dependency_links to pymoveit2.egg-info/dependency_links.txt
[0.511s] writing top-level names to pymoveit2.egg-info/top_level.txt
[0.641s] reading manifest file 'pymoveit2.egg-info/SOURCES.txt'
[0.643s] writing manifest file 'pymoveit2.egg-info/SOURCES.txt'
[0.693s] Built target ament_cmake_python_build_pymoveit2_egg
[0.817s] Invoked command in '/home/manab/colcon_ws/build/pymoveit2' returned '0': CMAKE_PREFIX_PATH=${CMAKE_PREFIX_PATH}:/home/manab/colcon_ws/install/ur5_control:/home/manab/ws_moveit/install/moveit_configs_utils:/home/manab/ros2_ws/install/launch_testing_examples:/home/manab/ros2_ws/install/examples_rclpy_pointcloud_publisher:/home/manab/ros2_ws/install/examples_rclpy_minimal_subscriber:/home/manab/ros2_ws/install/examples_rclpy_minimal_service:/home/manab/ros2_ws/install/examples_rclpy_minimal_publisher:/home/manab/ros2_ws/install/examples_rclpy_minimal_client:/home/manab/ros2_ws/install/examples_rclpy_minimal_action_server:/home/manab/ros2_ws/install/examples_rclpy_minimal_action_client:/home/manab/ros2_ws/install/examples_rclpy_guard_conditions:/home/manab/ros2_ws/install/examples_rclpy_executors:/opt/ros/humble /usr/bin/cmake --build /home/manab/colcon_ws/build/pymoveit2 -- -j4 -l4
[0.855s] Invoking command in '/home/manab/colcon_ws/build/pymoveit2': CMAKE_PREFIX_PATH=${CMAKE_PREFIX_PATH}:/home/manab/colcon_ws/install/ur5_control:/home/manab/ws_moveit/install/moveit_configs_utils:/home/manab/ros2_ws/install/launch_testing_examples:/home/manab/ros2_ws/install/examples_rclpy_pointcloud_publisher:/home/manab/ros2_ws/install/examples_rclpy_minimal_subscriber:/home/manab/ros2_ws/install/examples_rclpy_minimal_service:/home/manab/ros2_ws/install/examples_rclpy_minimal_publisher:/home/manab/ros2_ws/install/examples_rclpy_minimal_client:/home/manab/ros2_ws/install/examples_rclpy_minimal_action_server:/home/manab/ros2_ws/install/examples_rclpy_minimal_action_client:/home/manab/ros2_ws/install/examples_rclpy_guard_conditions:/home/manab/ros2_ws/install/examples_rclpy_executors:/opt/ros/humble /usr/bin/cmake --install /home/manab/colcon_ws/build/pymoveit2
[0.868s] -- Install configuration: ""
[0.868s] -- Up-to-date: /home/manab/colcon_ws/install/pymoveit2/share/pymoveit2/environment/pythonpath.sh
[0.868s] -- Up-to-date: /home/manab/colcon_ws/install/pymoveit2/share/pymoveit2/environment/pythonpath.dsv
[0.868s] -- Up-to-date: /home/manab/colcon_ws/install/pymoveit2/local/lib/python3.10/dist-packages/pymoveit2-2.1.0-py3.10.egg-info
[0.869s] -- Installing: /home/manab/colcon_ws/install/pymoveit2/local/lib/python3.10/dist-packages/pymoveit2-2.1.0-py3.10.egg-info/SOURCES.txt
[0.869s] -- Installing: /home/manab/colcon_ws/install/pymoveit2/local/lib/python3.10/dist-packages/pymoveit2-2.1.0-py3.10.egg-info/PKG-INFO
[0.869s] -- Installing: /home/manab/colcon_ws/install/pymoveit2/local/lib/python3.10/dist-packages/pymoveit2-2.1.0-py3.10.egg-info/top_level.txt
[0.870s] -- Installing: /home/manab/colcon_ws/install/pymoveit2/local/lib/python3.10/dist-packages/pymoveit2-2.1.0-py3.10.egg-info/dependency_links.txt
[0.870s] -- Up-to-date: /home/manab/colcon_ws/install/pymoveit2/local/lib/python3.10/dist-packages/pymoveit2
[0.870s] -- Up-to-date: /home/manab/colcon_ws/install/pymoveit2/local/lib/python3.10/dist-packages/pymoveit2/robots
[0.870s] -- Up-to-date: /home/manab/colcon_ws/install/pymoveit2/local/lib/python3.10/dist-packages/pymoveit2/robots/ur5.py
[0.870s] -- Up-to-date: /home/manab/colcon_ws/install/pymoveit2/local/lib/python3.10/dist-packages/pymoveit2/robots/__init__.py
[0.870s] -- Up-to-date: /home/manab/colcon_ws/install/pymoveit2/local/lib/python3.10/dist-packages/pymoveit2/robots/kinova.py
[0.871s] -- Up-to-date: /home/manab/colcon_ws/install/pymoveit2/local/lib/python3.10/dist-packages/pymoveit2/moveit2.py
[0.871s] -- Up-to-date: /home/manab/colcon_ws/install/pymoveit2/local/lib/python3.10/dist-packages/pymoveit2/__init__.py
[0.871s] -- Up-to-date: /home/manab/colcon_ws/install/pymoveit2/local/lib/python3.10/dist-packages/pymoveit2/moveit2_servo.py
[0.920s] Listing '/home/manab/colcon_ws/install/pymoveit2/local/lib/python3.10/dist-packages/pymoveit2'...
[0.921s] Listing '/home/manab/colcon_ws/install/pymoveit2/local/lib/python3.10/dist-packages/pymoveit2/robots'...
[0.925s] -- Up-to-date: /home/manab/colcon_ws/install/pymoveit2/lib/pymoveit2/ex_collision_object.py
[0.926s] -- Up-to-date: /home/manab/colcon_ws/install/pymoveit2/lib/pymoveit2/ex_joint_goal.py
[0.928s] -- Up-to-date: /home/manab/colcon_ws/install/pymoveit2/lib/pymoveit2/ex_pose_goal.py
[0.928s] -- Up-to-date: /home/manab/colcon_ws/install/pymoveit2/lib/pymoveit2/ex_servo.py
[0.928s] -- Up-to-date: /home/manab/colcon_ws/install/pymoveit2/lib/pymoveit2/assets
[0.928s] -- Up-to-date: /home/manab/colcon_ws/install/pymoveit2/lib/pymoveit2/assets/box.stl
[0.928s] -- Up-to-date: /home/manab/colcon_ws/install/pymoveit2/lib/pymoveit2/assets/rack.stl
[0.928s] -- Up-to-date: /home/manab/colcon_ws/install/pymoveit2/lib/pymoveit2/assets/box1.stl
[0.928s] -- Up-to-date: /home/manab/colcon_ws/install/pymoveit2/lib/pymoveit2/assets/suzanne.stl
[0.928s] -- Up-to-date: /home/manab/colcon_ws/install/pymoveit2/lib/pymoveit2/assets/box3.stl
[0.928s] -- Up-to-date: /home/manab/colcon_ws/install/pymoveit2/lib/pymoveit2/assets/rack_box.stl
[0.928s] -- Up-to-date: /home/manab/colcon_ws/install/pymoveit2/lib/pymoveit2/assets/rack_box_again.stl
[0.929s] -- Up-to-date: /home/manab/colcon_ws/install/pymoveit2/lib/pymoveit2/assets/box2.stl
[0.929s] -- Up-to-date: /home/manab/colcon_ws/install/pymoveit2/share/ament_index/resource_index/package_run_dependencies/pymoveit2
[0.929s] -- Up-to-date: /home/manab/colcon_ws/install/pymoveit2/share/ament_index/resource_index/parent_prefix_path/pymoveit2
[0.929s] -- Up-to-date: /home/manab/colcon_ws/install/pymoveit2/share/pymoveit2/environment/ament_prefix_path.sh
[0.929s] -- Up-to-date: /home/manab/colcon_ws/install/pymoveit2/share/pymoveit2/environment/ament_prefix_path.dsv
[0.929s] -- Up-to-date: /home/manab/colcon_ws/install/pymoveit2/share/pymoveit2/environment/path.sh
[0.929s] -- Up-to-date: /home/manab/colcon_ws/install/pymoveit2/share/pymoveit2/environment/path.dsv
[0.929s] -- Up-to-date: /home/manab/colcon_ws/install/pymoveit2/share/pymoveit2/local_setup.bash
[0.929s] -- Up-to-date: /home/manab/colcon_ws/install/pymoveit2/share/pymoveit2/local_setup.sh
[0.929s] -- Up-to-date: /home/manab/colcon_ws/install/pymoveit2/share/pymoveit2/local_setup.zsh
[0.929s] -- Up-to-date: /home/manab/colcon_ws/install/pymoveit2/share/pymoveit2/local_setup.dsv
[0.929s] -- Installing: /home/manab/colcon_ws/install/pymoveit2/share/pymoveit2/package.dsv
[0.930s] -- Up-to-date: /home/manab/colcon_ws/install/pymoveit2/share/ament_index/resource_index/packages/pymoveit2
[0.930s] -- Up-to-date: /home/manab/colcon_ws/install/pymoveit2/share/pymoveit2/cmake/pymoveit2Config.cmake
[0.930s] -- Up-to-date: /home/manab/colcon_ws/install/pymoveit2/share/pymoveit2/cmake/pymoveit2Config-version.cmake
[0.930s] -- Up-to-date: /home/manab/colcon_ws/install/pymoveit2/share/pymoveit2/package.xml
[0.948s] Invoked command in '/home/manab/colcon_ws/build/pymoveit2' returned '0': CMAKE_PREFIX_PATH=${CMAKE_PREFIX_PATH}:/home/manab/colcon_ws/install/ur5_control:/home/manab/ws_moveit/install/moveit_configs_utils:/home/manab/ros2_ws/install/launch_testing_examples:/home/manab/ros2_ws/install/examples_rclpy_pointcloud_publisher:/home/manab/ros2_ws/install/examples_rclpy_minimal_subscriber:/home/manab/ros2_ws/install/examples_rclpy_minimal_service:/home/manab/ros2_ws/install/examples_rclpy_minimal_publisher:/home/manab/ros2_ws/install/examples_rclpy_minimal_client:/home/manab/ros2_ws/install/examples_rclpy_minimal_action_server:/home/manab/ros2_ws/install/examples_rclpy_minimal_action_client:/home/manab/ros2_ws/install/examples_rclpy_guard_conditions:/home/manab/ros2_ws/install/examples_rclpy_executors:/opt/ros/humble /usr/bin/cmake --install /home/manab/colcon_ws/build/pymoveit2
