[2.644s] Invoking command in '/home/manab/colcon_ws/src/ur5_control': PYTHONPATH=/home/manab/colcon_ws/build/ur5_control/prefix_override:/home/manab/colcon_ws/install/ur5_control/lib/python3.10/site-packages:${PYTHONPATH} /usr/bin/python3 -W ignore:setup.py install is deprecated setup.py egg_info --egg-base ../../build/ur5_control build --build-base /home/manab/colcon_ws/build/ur5_control/build install --record /home/manab/colcon_ws/build/ur5_control/install.log --single-version-externally-managed install_data
[3.041s] /home/manab/.local/lib/python3.10/site-packages/setuptools/_distutils/dist.py:261: UserWarning: Unknown distribution option: 'tests_require'
[3.041s]   warnings.warn(msg)
[3.370s] running egg_info
[3.398s] writing ../../build/ur5_control/ur5_control.egg-info/PKG-INFO
[3.399s] writing dependency_links to ../../build/ur5_control/ur5_control.egg-info/dependency_links.txt
[3.400s] writing entry points to ../../build/ur5_control/ur5_control.egg-info/entry_points.txt
[3.400s] writing requirements to ../../build/ur5_control/ur5_control.egg-info/requires.txt
[3.400s] writing top-level names to ../../build/ur5_control/ur5_control.egg-info/top_level.txt
[5.036s] writing manifest file '../../build/ur5_control/ur5_control.egg-info/SOURCES.txt'
[5.037s] running build
[5.037s] running build_py
[5.037s] running install
[5.050s] running install_lib
[5.082s] running install_data
[5.086s] running install_egg_info
[5.114s] removing '/home/manab/colcon_ws/install/ur5_control/lib/python3.10/site-packages/ur5_control-0.0.0-py3.10.egg-info' (and everything under it)
[5.117s] Copying ../../build/ur5_control/ur5_control.egg-info to /home/manab/colcon_ws/install/ur5_control/lib/python3.10/site-packages/ur5_control-0.0.0-py3.10.egg-info
[5.117s] running install_scripts
[5.381s] Installing task1b script to /home/manab/colcon_ws/install/ur5_control/lib/ur5_control
[5.382s] writing list of installed files to '/home/manab/colcon_ws/build/ur5_control/install.log'
[5.517s] Invoked command in '/home/manab/colcon_ws/src/ur5_control' returned '0': PYTHONPATH=/home/manab/colcon_ws/build/ur5_control/prefix_override:/home/manab/colcon_ws/install/ur5_control/lib/python3.10/site-packages:${PYTHONPATH} /usr/bin/python3 -W ignore:setup.py install is deprecated setup.py egg_info --egg-base ../../build/ur5_control build --build-base /home/manab/colcon_ws/build/ur5_control/build install --record /home/manab/colcon_ws/build/ur5_control/install.log --single-version-externally-managed install_data
