[0.023s] Invoking command in '/home/manab/colcon_ws/src/ur5_control/build/pymoveit2': CMAKE_PREFIX_PATH=${CMAKE_PREFIX_PATH}:/home/manab/colcon_ws/install/ur5_control:/home/manab/ws_moveit/install/moveit_configs_utils:/home/manab/ros2_ws/install/launch_testing_examples:/home/manab/ros2_ws/install/examples_rclpy_pointcloud_publisher:/home/manab/ros2_ws/install/examples_rclpy_minimal_subscriber:/home/manab/ros2_ws/install/examples_rclpy_minimal_service:/home/manab/ros2_ws/install/examples_rclpy_minimal_publisher:/home/manab/ros2_ws/install/examples_rclpy_minimal_client:/home/manab/ros2_ws/install/examples_rclpy_minimal_action_server:/home/manab/ros2_ws/install/examples_rclpy_minimal_action_client:/home/manab/ros2_ws/install/examples_rclpy_guard_conditions:/home/manab/ros2_ws/install/examples_rclpy_executors:/opt/ros/humble /usr/bin/cmake /home/manab/colcon_ws/src/pymoveit2 -DCMAKE_BUILD_TYPE=RelWithDebInfo -DAMENT_CMAKE_SYMLINK_INSTALL=1 -DCMAKE_INSTALL_PREFIX=/home/manab/colcon_ws/src/ur5_control/install/pymoveit2
[0.101s] -- The C compiler identification is GNU 11.4.0
[0.185s] -- The CXX compiler identification is GNU 11.4.0
[0.192s] -- Detecting C compiler ABI info
[0.336s] -- Detecting C compiler ABI info - done
[0.353s] -- Check for working C compiler: /usr/bin/cc - skipped
[0.354s] -- Detecting C compile features
[0.354s] -- Detecting C compile features - done
[0.358s] -- Detecting CXX compiler ABI info
[0.549s] -- Detecting CXX compiler ABI info - done
[0.556s] -- Check for working CXX compiler: /usr/bin/c++ - skipped
[0.557s] -- Detecting CXX compile features
[0.557s] -- Detecting CXX compile features - done
[0.570s] -- Found ament_cmake: 1.3.10 (/opt/ros/humble/share/ament_cmake/cmake)
[1.187s] -- Found Python3: /usr/bin/python3 (found version "3.10.12") found components: Interpreter 
[1.289s] -- Override CMake install command with custom implementation using symlinks instead of copying resources
[1.805s] -- Configuring done
[1.821s] -- Generating done
[1.828s] -- Build files have been written to: /home/manab/colcon_ws/src/ur5_control/build/pymoveit2
[1.845s] Invoked command in '/home/manab/colcon_ws/src/ur5_control/build/pymoveit2' returned '0': CMAKE_PREFIX_PATH=${CMAKE_PREFIX_PATH}:/home/manab/colcon_ws/install/ur5_control:/home/manab/ws_moveit/install/moveit_configs_utils:/home/manab/ros2_ws/install/launch_testing_examples:/home/manab/ros2_ws/install/examples_rclpy_pointcloud_publisher:/home/manab/ros2_ws/install/examples_rclpy_minimal_subscriber:/home/manab/ros2_ws/install/examples_rclpy_minimal_service:/home/manab/ros2_ws/install/examples_rclpy_minimal_publisher:/home/manab/ros2_ws/install/examples_rclpy_minimal_client:/home/manab/ros2_ws/install/examples_rclpy_minimal_action_server:/home/manab/ros2_ws/install/examples_rclpy_minimal_action_client:/home/manab/ros2_ws/install/examples_rclpy_guard_conditions:/home/manab/ros2_ws/install/examples_rclpy_executors:/opt/ros/humble /usr/bin/cmake /home/manab/colcon_ws/src/pymoveit2 -DCMAKE_BUILD_TYPE=RelWithDebInfo -DAMENT_CMAKE_SYMLINK_INSTALL=1 -DCMAKE_INSTALL_PREFIX=/home/manab/colcon_ws/src/ur5_control/install/pymoveit2
[1.865s] Invoking command in '/home/manab/colcon_ws/src/ur5_control/build/pymoveit2': CMAKE_PREFIX_PATH=${CMAKE_PREFIX_PATH}:/home/manab/colcon_ws/install/ur5_control:/home/manab/ws_moveit/install/moveit_configs_utils:/home/manab/ros2_ws/install/launch_testing_examples:/home/manab/ros2_ws/install/examples_rclpy_pointcloud_publisher:/home/manab/ros2_ws/install/examples_rclpy_minimal_subscriber:/home/manab/ros2_ws/install/examples_rclpy_minimal_service:/home/manab/ros2_ws/install/examples_rclpy_minimal_publisher:/home/manab/ros2_ws/install/examples_rclpy_minimal_client:/home/manab/ros2_ws/install/examples_rclpy_minimal_action_server:/home/manab/ros2_ws/install/examples_rclpy_minimal_action_client:/home/manab/ros2_ws/install/examples_rclpy_guard_conditions:/home/manab/ros2_ws/install/examples_rclpy_executors:/opt/ros/humble /usr/bin/cmake --build /home/manab/colcon_ws/src/ur5_control/build/pymoveit2 -- -j4 -l4
[2.040s] Built target ament_cmake_python_symlink_pymoveit2
[2.687s] running egg_info
[2.687s] creating pymoveit2.egg-info
[2.709s] writing pymoveit2.egg-info/PKG-INFO
[2.710s] writing dependency_links to pymoveit2.egg-info/dependency_links.txt
[2.710s] writing top-level names to pymoveit2.egg-info/top_level.txt
[2.710s] writing manifest file 'pymoveit2.egg-info/SOURCES.txt'
[3.964s] reading manifest file 'pymoveit2.egg-info/SOURCES.txt'
[3.964s] writing manifest file 'pymoveit2.egg-info/SOURCES.txt'
[4.080s] Built target ament_cmake_python_build_pymoveit2_egg
[4.110s] Invoked command in '/home/manab/colcon_ws/src/ur5_control/build/pymoveit2' returned '0': CMAKE_PREFIX_PATH=${CMAKE_PREFIX_PATH}:/home/manab/colcon_ws/install/ur5_control:/home/manab/ws_moveit/install/moveit_configs_utils:/home/manab/ros2_ws/install/launch_testing_examples:/home/manab/ros2_ws/install/examples_rclpy_pointcloud_publisher:/home/manab/ros2_ws/install/examples_rclpy_minimal_subscriber:/home/manab/ros2_ws/install/examples_rclpy_minimal_service:/home/manab/ros2_ws/install/examples_rclpy_minimal_publisher:/home/manab/ros2_ws/install/examples_rclpy_minimal_client:/home/manab/ros2_ws/install/examples_rclpy_minimal_action_server:/home/manab/ros2_ws/install/examples_rclpy_minimal_action_client:/home/manab/ros2_ws/install/examples_rclpy_guard_conditions:/home/manab/ros2_ws/install/examples_rclpy_executors:/opt/ros/humble /usr/bin/cmake --build /home/manab/colcon_ws/src/ur5_control/build/pymoveit2 -- -j4 -l4
[4.257s] Invoking command in '/home/manab/colcon_ws/src/ur5_control/build/pymoveit2': CMAKE_PREFIX_PATH=${CMAKE_PREFIX_PATH}:/home/manab/colcon_ws/install/ur5_control:/home/manab/ws_moveit/install/moveit_configs_utils:/home/manab/ros2_ws/install/launch_testing_examples:/home/manab/ros2_ws/install/examples_rclpy_pointcloud_publisher:/home/manab/ros2_ws/install/examples_rclpy_minimal_subscriber:/home/manab/ros2_ws/install/examples_rclpy_minimal_service:/home/manab/ros2_ws/install/examples_rclpy_minimal_publisher:/home/manab/ros2_ws/install/examples_rclpy_minimal_client:/home/manab/ros2_ws/install/examples_rclpy_minimal_action_server:/home/manab/ros2_ws/install/examples_rclpy_minimal_action_client:/home/manab/ros2_ws/install/examples_rclpy_guard_conditions:/home/manab/ros2_ws/install/examples_rclpy_executors:/opt/ros/humble /usr/bin/cmake --install /home/manab/colcon_ws/src/ur5_control/build/pymoveit2
[4.323s] -- Install configuration: "RelWithDebInfo"
[4.323s] -- Execute custom install script
[4.323s] -- Symlinking: /home/manab/colcon_ws/src/ur5_control/install/pymoveit2/share/pymoveit2/environment/pythonpath.sh
[4.383s] -- Symlinking: /home/manab/colcon_ws/src/ur5_control/install/pymoveit2/share/pymoveit2/environment/pythonpath.dsv
[4.452s] -- Symlinking: /home/manab/colcon_ws/src/ur5_control/install/pymoveit2/local/lib/python3.10/dist-packages/pymoveit2-2.1.0-py3.10.egg-info/PKG-INFO
[4.528s] -- Symlinking: /home/manab/colcon_ws/src/ur5_control/install/pymoveit2/local/lib/python3.10/dist-packages/pymoveit2-2.1.0-py3.10.egg-info/SOURCES.txt
[4.615s] -- Symlinking: /home/manab/colcon_ws/src/ur5_control/install/pymoveit2/local/lib/python3.10/dist-packages/pymoveit2-2.1.0-py3.10.egg-info/dependency_links.txt
[4.675s] -- Symlinking: /home/manab/colcon_ws/src/ur5_control/install/pymoveit2/local/lib/python3.10/dist-packages/pymoveit2-2.1.0-py3.10.egg-info/top_level.txt
[4.713s] -- Symlinking: /home/manab/colcon_ws/src/ur5_control/install/pymoveit2/local/lib/python3.10/dist-packages/pymoveit2/__init__.py
[4.783s] -- Symlinking: /home/manab/colcon_ws/src/ur5_control/install/pymoveit2/local/lib/python3.10/dist-packages/pymoveit2/moveit2.py
[4.803s] -- Symlinking: /home/manab/colcon_ws/src/ur5_control/install/pymoveit2/local/lib/python3.10/dist-packages/pymoveit2/moveit2_servo.py
[4.822s] -- Symlinking: /home/manab/colcon_ws/src/ur5_control/install/pymoveit2/local/lib/python3.10/dist-packages/pymoveit2/robots/__init__.py
[4.856s] -- Symlinking: /home/manab/colcon_ws/src/ur5_control/install/pymoveit2/local/lib/python3.10/dist-packages/pymoveit2/robots/kinova.py
[4.883s] -- Symlinking: /home/manab/colcon_ws/src/ur5_control/install/pymoveit2/local/lib/python3.10/dist-packages/pymoveit2/robots/ur5.py
[4.945s] -- Symlinking: /home/manab/colcon_ws/src/ur5_control/install/pymoveit2/lib/pymoveit2/ex_collision_object.py
[4.971s] -- Symlinking: /home/manab/colcon_ws/src/ur5_control/install/pymoveit2/lib/pymoveit2/ex_joint_goal.py
[5.034s] -- Symlinking: /home/manab/colcon_ws/src/ur5_control/install/pymoveit2/lib/pymoveit2/ex_pose_goal.py
[5.080s] -- Symlinking: /home/manab/colcon_ws/src/ur5_control/install/pymoveit2/lib/pymoveit2/ex_servo.py
[5.119s] -- Symlinking: /home/manab/colcon_ws/src/ur5_control/install/pymoveit2/lib/pymoveit2/assets/box.stl
[5.159s] -- Symlinking: /home/manab/colcon_ws/src/ur5_control/install/pymoveit2/lib/pymoveit2/assets/box1.stl
[5.201s] -- Symlinking: /home/manab/colcon_ws/src/ur5_control/install/pymoveit2/lib/pymoveit2/assets/box2.stl
[5.235s] -- Symlinking: /home/manab/colcon_ws/src/ur5_control/install/pymoveit2/lib/pymoveit2/assets/box3.stl
[5.280s] -- Symlinking: /home/manab/colcon_ws/src/ur5_control/install/pymoveit2/lib/pymoveit2/assets/rack.stl
[5.359s] -- Symlinking: /home/manab/colcon_ws/src/ur5_control/install/pymoveit2/lib/pymoveit2/assets/rack_box.stl
[5.375s] -- Symlinking: /home/manab/colcon_ws/src/ur5_control/install/pymoveit2/lib/pymoveit2/assets/rack_box_again.stl
[5.402s] -- Symlinking: /home/manab/colcon_ws/src/ur5_control/install/pymoveit2/lib/pymoveit2/assets/suzanne.stl
[5.424s] -- Symlinking: /home/manab/colcon_ws/src/ur5_control/install/pymoveit2/share/ament_index/resource_index/package_run_dependencies/pymoveit2
[5.474s] -- Symlinking: /home/manab/colcon_ws/src/ur5_control/install/pymoveit2/share/ament_index/resource_index/parent_prefix_path/pymoveit2
[5.523s] -- Symlinking: /home/manab/colcon_ws/src/ur5_control/install/pymoveit2/share/pymoveit2/environment/ament_prefix_path.sh
[5.587s] -- Symlinking: /home/manab/colcon_ws/src/ur5_control/install/pymoveit2/share/pymoveit2/environment/ament_prefix_path.dsv
[5.618s] -- Symlinking: /home/manab/colcon_ws/src/ur5_control/install/pymoveit2/share/pymoveit2/environment/path.sh
[5.650s] -- Symlinking: /home/manab/colcon_ws/src/ur5_control/install/pymoveit2/share/pymoveit2/environment/path.dsv
[5.696s] -- Symlinking: /home/manab/colcon_ws/src/ur5_control/install/pymoveit2/share/pymoveit2/local_setup.bash
[5.725s] -- Symlinking: /home/manab/colcon_ws/src/ur5_control/install/pymoveit2/share/pymoveit2/local_setup.sh
[5.762s] -- Symlinking: /home/manab/colcon_ws/src/ur5_control/install/pymoveit2/share/pymoveit2/local_setup.zsh
[5.788s] -- Symlinking: /home/manab/colcon_ws/src/ur5_control/install/pymoveit2/share/pymoveit2/local_setup.dsv
[5.821s] -- Symlinking: /home/manab/colcon_ws/src/ur5_control/install/pymoveit2/share/pymoveit2/package.dsv
[5.888s] -- Symlinking: /home/manab/colcon_ws/src/ur5_control/install/pymoveit2/share/ament_index/resource_index/packages/pymoveit2
[5.921s] -- Symlinking: /home/manab/colcon_ws/src/ur5_control/install/pymoveit2/share/pymoveit2/cmake/pymoveit2Config.cmake
[5.974s] -- Symlinking: /home/manab/colcon_ws/src/ur5_control/install/pymoveit2/share/pymoveit2/cmake/pymoveit2Config-version.cmake
[6.052s] -- Symlinking: /home/manab/colcon_ws/src/ur5_control/install/pymoveit2/share/pymoveit2/package.xml
[6.447s] Listing '/home/manab/colcon_ws/src/ur5_control/install/pymoveit2/local/lib/python3.10/dist-packages/pymoveit2'...
[6.447s] Compiling '/home/manab/colcon_ws/src/ur5_control/install/pymoveit2/local/lib/python3.10/dist-packages/pymoveit2/__init__.py'...
[6.447s] Compiling '/home/manab/colcon_ws/src/ur5_control/install/pymoveit2/local/lib/python3.10/dist-packages/pymoveit2/moveit2.py'...
[6.447s] Compiling '/home/manab/colcon_ws/src/ur5_control/install/pymoveit2/local/lib/python3.10/dist-packages/pymoveit2/moveit2_servo.py'...
[6.447s] Listing '/home/manab/colcon_ws/src/ur5_control/install/pymoveit2/local/lib/python3.10/dist-packages/pymoveit2/robots'...
[6.447s] Compiling '/home/manab/colcon_ws/src/ur5_control/install/pymoveit2/local/lib/python3.10/dist-packages/pymoveit2/robots/__init__.py'...
[6.447s] Compiling '/home/manab/colcon_ws/src/ur5_control/install/pymoveit2/local/lib/python3.10/dist-packages/pymoveit2/robots/kinova.py'...
[6.447s] Compiling '/home/manab/colcon_ws/src/ur5_control/install/pymoveit2/local/lib/python3.10/dist-packages/pymoveit2/robots/ur5.py'...
[6.482s] Invoked command in '/home/manab/colcon_ws/src/ur5_control/build/pymoveit2' returned '0': CMAKE_PREFIX_PATH=${CMAKE_PREFIX_PATH}:/home/manab/colcon_ws/install/ur5_control:/home/manab/ws_moveit/install/moveit_configs_utils:/home/manab/ros2_ws/install/launch_testing_examples:/home/manab/ros2_ws/install/examples_rclpy_pointcloud_publisher:/home/manab/ros2_ws/install/examples_rclpy_minimal_subscriber:/home/manab/ros2_ws/install/examples_rclpy_minimal_service:/home/manab/ros2_ws/install/examples_rclpy_minimal_publisher:/home/manab/ros2_ws/install/examples_rclpy_minimal_client:/home/manab/ros2_ws/install/examples_rclpy_minimal_action_server:/home/manab/ros2_ws/install/examples_rclpy_minimal_action_client:/home/manab/ros2_ws/install/examples_rclpy_guard_conditions:/home/manab/ros2_ws/install/examples_rclpy_executors:/opt/ros/humble /usr/bin/cmake --install /home/manab/colcon_ws/src/ur5_control/build/pymoveit2
