[0.010s] Invoking command in '/home/manab/colcon_ws/src/ebot_nav2/build/ebot_nav2': CMAKE_PREFIX_PATH=${CMAKE_PREFIX_PATH}:/home/manab/colcon_ws/install/ur5_control:/home/manab/ros2_ws/install/launch_testing_examples:/home/manab/ros2_ws/install/examples_rclpy_pointcloud_publisher:/home/manab/ros2_ws/install/examples_rclpy_minimal_subscriber:/home/manab/ros2_ws/install/examples_rclpy_minimal_service:/home/manab/ros2_ws/install/examples_rclpy_minimal_publisher:/home/manab/ros2_ws/install/examples_rclpy_minimal_client:/home/manab/ros2_ws/install/examples_rclpy_minimal_action_server:/home/manab/ros2_ws/install/examples_rclpy_minimal_action_client:/home/manab/ros2_ws/install/examples_rclpy_guard_conditions:/home/manab/ros2_ws/install/examples_rclpy_executors:/opt/ros/humble /usr/bin/cmake /home/manab/colcon_ws/src/ebot_nav2 -DCMAKE_INSTALL_PREFIX=/home/manab/colcon_ws/src/ebot_nav2/install/ebot_nav2
[0.098s] -- The C compiler identification is GNU 11.4.0
[0.164s] -- The CXX compiler identification is GNU 11.4.0
[0.172s] -- Detecting C compiler ABI info
[0.223s] -- Detecting C compiler ABI info - done
[0.231s] -- Check for working C compiler: /usr/bin/cc - skipped
[0.231s] -- Detecting C compile features
[0.231s] -- Detecting C compile features - done
[0.235s] -- Detecting CXX compiler ABI info
[0.292s] -- Detecting CXX compiler ABI info - done
[0.297s] -- Check for working CXX compiler: /usr/bin/c++ - skipped
[0.298s] -- Detecting CXX compile features
[0.298s] -- Detecting CXX compile features - done
[0.303s] -- Found ament_cmake: 1.3.10 (/opt/ros/humble/share/ament_cmake/cmake)
[0.622s] -- Found Python3: /usr/bin/python3 (found version "3.10.12") found components: Interpreter 
[0.743s] -- Found rclcpp: 16.0.10 (/opt/ros/humble/share/rclcpp/cmake)
[0.797s] -- Found rosidl_generator_c: 3.1.5 (/opt/ros/humble/share/rosidl_generator_c/cmake)
[0.805s] -- Found rosidl_adapter: 3.1.5 (/opt/ros/humble/share/rosidl_adapter/cmake)
[0.816s] -- Found rosidl_generator_cpp: 3.1.5 (/opt/ros/humble/share/rosidl_generator_cpp/cmake)
[0.834s] -- Using all available rosidl_typesupport_c: rosidl_typesupport_fastrtps_c;rosidl_typesupport_introspection_c
[0.854s] -- Using all available rosidl_typesupport_cpp: rosidl_typesupport_fastrtps_cpp;rosidl_typesupport_introspection_cpp
[0.909s] -- Found rmw_implementation_cmake: 6.1.2 (/opt/ros/humble/share/rmw_implementation_cmake/cmake)
[0.914s] -- Found rmw_fastrtps_cpp: 6.2.7 (/opt/ros/humble/share/rmw_fastrtps_cpp/cmake)
[0.994s] -- Found OpenSSL: /usr/lib/x86_64-linux-gnu/libcrypto.so (found version "3.0.2")  
[1.016s] -- Found FastRTPS: /opt/ros/humble/include  
[1.051s] -- Using RMW implementation 'rmw_fastrtps_cpp' as default
[1.064s] -- Looking for pthread.h
[1.116s] -- Looking for pthread.h - found
[1.116s] -- Performing Test CMAKE_HAVE_LIBC_PTHREAD
[1.171s] -- Performing Test CMAKE_HAVE_LIBC_PTHREAD - Success
[1.172s] -- Found Threads: TRUE  
[1.227s] -- Found rclpy: 3.3.14 (/opt/ros/humble/share/rclpy/cmake)
[1.230s] -- Found urdf: 2.6.1 (/opt/ros/humble/share/urdf/cmake)
[1.276s] -- Found xacro: 2.0.8 (/opt/ros/humble/share/xacro/cmake)
[1.279s] -- Found ament_lint_auto: 0.12.11 (/opt/ros/humble/share/ament_lint_auto/cmake)
[1.362s] -- Added test 'cppcheck' to perform static code analysis on C / C++ code
[1.362s] -- Configured cppcheck include dirs: 
[1.362s] -- Configured cppcheck exclude dirs and/or files: 
[1.363s] -- Added test 'flake8' to check Python code syntax and style conventions
[1.364s] -- Added test 'lint_cmake' to check CMake code style
[1.365s] -- Added test 'pep257' to check Python code against some of the docstring style conventions in PEP 257
[1.368s] -- Added test 'uncrustify' to check C / C++ code style
[1.368s] -- Configured uncrustify additional arguments: 
[1.369s] -- Added test 'xmllint' to check XML markup files
[1.371s] -- Configuring done
[1.374s] -- Generating done
[1.375s] -- Build files have been written to: /home/manab/colcon_ws/src/ebot_nav2/build/ebot_nav2
[1.381s] Invoked command in '/home/manab/colcon_ws/src/ebot_nav2/build/ebot_nav2' returned '0': CMAKE_PREFIX_PATH=${CMAKE_PREFIX_PATH}:/home/manab/colcon_ws/install/ur5_control:/home/manab/ros2_ws/install/launch_testing_examples:/home/manab/ros2_ws/install/examples_rclpy_pointcloud_publisher:/home/manab/ros2_ws/install/examples_rclpy_minimal_subscriber:/home/manab/ros2_ws/install/examples_rclpy_minimal_service:/home/manab/ros2_ws/install/examples_rclpy_minimal_publisher:/home/manab/ros2_ws/install/examples_rclpy_minimal_client:/home/manab/ros2_ws/install/examples_rclpy_minimal_action_server:/home/manab/ros2_ws/install/examples_rclpy_minimal_action_client:/home/manab/ros2_ws/install/examples_rclpy_guard_conditions:/home/manab/ros2_ws/install/examples_rclpy_executors:/opt/ros/humble /usr/bin/cmake /home/manab/colcon_ws/src/ebot_nav2 -DCMAKE_INSTALL_PREFIX=/home/manab/colcon_ws/src/ebot_nav2/install/ebot_nav2
[1.383s] Invoking command in '/home/manab/colcon_ws/src/ebot_nav2/build/ebot_nav2': CMAKE_PREFIX_PATH=${CMAKE_PREFIX_PATH}:/home/manab/colcon_ws/install/ur5_control:/home/manab/ros2_ws/install/launch_testing_examples:/home/manab/ros2_ws/install/examples_rclpy_pointcloud_publisher:/home/manab/ros2_ws/install/examples_rclpy_minimal_subscriber:/home/manab/ros2_ws/install/examples_rclpy_minimal_service:/home/manab/ros2_ws/install/examples_rclpy_minimal_publisher:/home/manab/ros2_ws/install/examples_rclpy_minimal_client:/home/manab/ros2_ws/install/examples_rclpy_minimal_action_server:/home/manab/ros2_ws/install/examples_rclpy_minimal_action_client:/home/manab/ros2_ws/install/examples_rclpy_guard_conditions:/home/manab/ros2_ws/install/examples_rclpy_executors:/opt/ros/humble /usr/bin/cmake --build /home/manab/colcon_ws/src/ebot_nav2/build/ebot_nav2 -- -j4 -l4
[1.413s] Invoked command in '/home/manab/colcon_ws/src/ebot_nav2/build/ebot_nav2' returned '0': CMAKE_PREFIX_PATH=${CMAKE_PREFIX_PATH}:/home/manab/colcon_ws/install/ur5_control:/home/manab/ros2_ws/install/launch_testing_examples:/home/manab/ros2_ws/install/examples_rclpy_pointcloud_publisher:/home/manab/ros2_ws/install/examples_rclpy_minimal_subscriber:/home/manab/ros2_ws/install/examples_rclpy_minimal_service:/home/manab/ros2_ws/install/examples_rclpy_minimal_publisher:/home/manab/ros2_ws/install/examples_rclpy_minimal_client:/home/manab/ros2_ws/install/examples_rclpy_minimal_action_server:/home/manab/ros2_ws/install/examples_rclpy_minimal_action_client:/home/manab/ros2_ws/install/examples_rclpy_guard_conditions:/home/manab/ros2_ws/install/examples_rclpy_executors:/opt/ros/humble /usr/bin/cmake --build /home/manab/colcon_ws/src/ebot_nav2/build/ebot_nav2 -- -j4 -l4
[1.438s] Invoking command in '/home/manab/colcon_ws/src/ebot_nav2/build/ebot_nav2': CMAKE_PREFIX_PATH=${CMAKE_PREFIX_PATH}:/home/manab/colcon_ws/install/ur5_control:/home/manab/ros2_ws/install/launch_testing_examples:/home/manab/ros2_ws/install/examples_rclpy_pointcloud_publisher:/home/manab/ros2_ws/install/examples_rclpy_minimal_subscriber:/home/manab/ros2_ws/install/examples_rclpy_minimal_service:/home/manab/ros2_ws/install/examples_rclpy_minimal_publisher:/home/manab/ros2_ws/install/examples_rclpy_minimal_client:/home/manab/ros2_ws/install/examples_rclpy_minimal_action_server:/home/manab/ros2_ws/install/examples_rclpy_minimal_action_client:/home/manab/ros2_ws/install/examples_rclpy_guard_conditions:/home/manab/ros2_ws/install/examples_rclpy_executors:/opt/ros/humble /usr/bin/cmake --install /home/manab/colcon_ws/src/ebot_nav2/build/ebot_nav2
[1.444s] -- Install configuration: ""
[1.444s] -- Installing: /home/manab/colcon_ws/src/ebot_nav2/install/ebot_nav2/share/ebot_nav2//launch
[1.444s] -- Installing: /home/manab/colcon_ws/src/ebot_nav2/install/ebot_nav2/share/ebot_nav2//launch/ebot_bringup_launch.py
[1.444s] -- Installing: /home/manab/colcon_ws/src/ebot_nav2/install/ebot_nav2/share/ebot_nav2//config
[1.444s] -- Installing: /home/manab/colcon_ws/src/ebot_nav2/install/ebot_nav2/share/ebot_nav2//config/ekf.yaml
[1.444s] -- Installing: /home/manab/colcon_ws/src/ebot_nav2/install/ebot_nav2/share/ebot_nav2//config/mapper_params_online_async.yaml
[1.445s] -- Installing: /home/manab/colcon_ws/src/ebot_nav2/install/ebot_nav2/share/ebot_nav2//maps
[1.445s] -- Installing: /home/manab/colcon_ws/src/ebot_nav2/install/ebot_nav2/share/ebot_nav2//maps/my_map.yaml
[1.445s] -- Installing: /home/manab/colcon_ws/src/ebot_nav2/install/ebot_nav2/share/ebot_nav2//maps/map_file_here.text
[1.445s] -- Installing: /home/manab/colcon_ws/src/ebot_nav2/install/ebot_nav2/share/ebot_nav2//maps/my_map.posegraph
[1.460s] -- Installing: /home/manab/colcon_ws/src/ebot_nav2/install/ebot_nav2/share/ebot_nav2//maps/my_map.data
[1.465s] -- Installing: /home/manab/colcon_ws/src/ebot_nav2/install/ebot_nav2/share/ebot_nav2//maps/my_map.pgm
[1.465s] -- Installing: /home/manab/colcon_ws/src/ebot_nav2/install/ebot_nav2/share/ebot_nav2//params
[1.465s] -- Installing: /home/manab/colcon_ws/src/ebot_nav2/install/ebot_nav2/share/ebot_nav2//params/nav2_params.yaml
[1.465s] -- Installing: /home/manab/colcon_ws/src/ebot_nav2/install/ebot_nav2/share/ebot_nav2//rviz
[1.465s] -- Installing: /home/manab/colcon_ws/src/ebot_nav2/install/ebot_nav2/share/ebot_nav2//rviz/nav2_default_view.rviz
[1.466s] -- Installing: /home/manab/colcon_ws/src/ebot_nav2/install/ebot_nav2/share/ament_index/resource_index/package_run_dependencies/ebot_nav2
[1.466s] -- Installing: /home/manab/colcon_ws/src/ebot_nav2/install/ebot_nav2/share/ament_index/resource_index/parent_prefix_path/ebot_nav2
[1.466s] -- Installing: /home/manab/colcon_ws/src/ebot_nav2/install/ebot_nav2/share/ebot_nav2/environment/ament_prefix_path.sh
[1.466s] -- Installing: /home/manab/colcon_ws/src/ebot_nav2/install/ebot_nav2/share/ebot_nav2/environment/ament_prefix_path.dsv
[1.466s] -- Installing: /home/manab/colcon_ws/src/ebot_nav2/install/ebot_nav2/share/ebot_nav2/environment/path.sh
[1.466s] -- Installing: /home/manab/colcon_ws/src/ebot_nav2/install/ebot_nav2/share/ebot_nav2/environment/path.dsv
[1.466s] -- Installing: /home/manab/colcon_ws/src/ebot_nav2/install/ebot_nav2/share/ebot_nav2/local_setup.bash
[1.466s] -- Installing: /home/manab/colcon_ws/src/ebot_nav2/install/ebot_nav2/share/ebot_nav2/local_setup.sh
[1.466s] -- Installing: /home/manab/colcon_ws/src/ebot_nav2/install/ebot_nav2/share/ebot_nav2/local_setup.zsh
[1.466s] -- Installing: /home/manab/colcon_ws/src/ebot_nav2/install/ebot_nav2/share/ebot_nav2/local_setup.dsv
[1.466s] -- Installing: /home/manab/colcon_ws/src/ebot_nav2/install/ebot_nav2/share/ebot_nav2/package.dsv
[1.467s] -- Installing: /home/manab/colcon_ws/src/ebot_nav2/install/ebot_nav2/share/ament_index/resource_index/packages/ebot_nav2
[1.467s] -- Installing: /home/manab/colcon_ws/src/ebot_nav2/install/ebot_nav2/share/ebot_nav2/cmake/ebot_nav2Config.cmake
[1.467s] -- Installing: /home/manab/colcon_ws/src/ebot_nav2/install/ebot_nav2/share/ebot_nav2/cmake/ebot_nav2Config-version.cmake
[1.467s] -- Installing: /home/manab/colcon_ws/src/ebot_nav2/install/ebot_nav2/share/ebot_nav2/package.xml
[1.468s] Invoked command in '/home/manab/colcon_ws/src/ebot_nav2/build/ebot_nav2' returned '0': CMAKE_PREFIX_PATH=${CMAKE_PREFIX_PATH}:/home/manab/colcon_ws/install/ur5_control:/home/manab/ros2_ws/install/launch_testing_examples:/home/manab/ros2_ws/install/examples_rclpy_pointcloud_publisher:/home/manab/ros2_ws/install/examples_rclpy_minimal_subscriber:/home/manab/ros2_ws/install/examples_rclpy_minimal_service:/home/manab/ros2_ws/install/examples_rclpy_minimal_publisher:/home/manab/ros2_ws/install/examples_rclpy_minimal_client:/home/manab/ros2_ws/install/examples_rclpy_minimal_action_server:/home/manab/ros2_ws/install/examples_rclpy_minimal_action_client:/home/manab/ros2_ws/install/examples_rclpy_guard_conditions:/home/manab/ros2_ws/install/examples_rclpy_executors:/opt/ros/humble /usr/bin/cmake --install /home/manab/colcon_ws/src/ebot_nav2/build/ebot_nav2
