[2.569s] Invoking command in '/home/manab/colcon_ws/src/ur5_control': PYTHONPATH=/home/manab/colcon_ws/build/ur5_control/prefix_override:/home/manab/colcon_ws/install/ur5_control/lib/python3.10/site-packages:${PYTHONPATH} /usr/bin/python3 -W ignore:setup.py install is deprecated setup.py egg_info --egg-base ../../build/ur5_control build --build-base /home/manab/colcon_ws/build/ur5_control/build install --record /home/manab/colcon_ws/build/ur5_control/install.log --single-version-externally-managed install_data
[3.009s] /home/manab/.local/lib/python3.10/site-packages/setuptools/_distutils/dist.py:261: UserWarning: Unknown distribution option: 'tests_require'
[3.010s]   warnings.warn(msg)
[3.317s] running egg_info
[3.343s] writing ../../build/ur5_control/ur5_control.egg-info/PKG-INFO
[3.343s] writing dependency_links to ../../build/ur5_control/ur5_control.egg-info/dependency_links.txt
[3.344s] writing entry points to ../../build/ur5_control/ur5_control.egg-info/entry_points.txt
[3.344s] writing requirements to ../../build/ur5_control/ur5_control.egg-info/requires.txt
[3.344s] writing top-level names to ../../build/ur5_control/ur5_control.egg-info/top_level.txt
[4.582s] writing manifest file '../../build/ur5_control/ur5_control.egg-info/SOURCES.txt'
[4.583s] running build
[4.583s] running build_py
[4.585s] running install
[4.595s] running install_lib
[4.626s] running install_data
[4.626s] running install_egg_info
[4.648s] removing '/home/manab/colcon_ws/install/ur5_control/lib/python3.10/site-packages/ur5_control-0.0.0-py3.10.egg-info' (and everything under it)
[4.649s] Copying ../../build/ur5_control/ur5_control.egg-info to /home/manab/colcon_ws/install/ur5_control/lib/python3.10/site-packages/ur5_control-0.0.0-py3.10.egg-info
[4.650s] running install_scripts
[4.893s] Installing task1b script to /home/manab/colcon_ws/install/ur5_control/lib/ur5_control
[4.893s] writing list of installed files to '/home/manab/colcon_ws/build/ur5_control/install.log'
[5.041s] Invoked command in '/home/manab/colcon_ws/src/ur5_control' returned '0': PYTHONPATH=/home/manab/colcon_ws/build/ur5_control/prefix_override:/home/manab/colcon_ws/install/ur5_control/lib/python3.10/site-packages:${PYTHONPATH} /usr/bin/python3 -W ignore:setup.py install is deprecated setup.py egg_info --egg-base ../../build/ur5_control build --build-base /home/manab/colcon_ws/build/ur5_control/build install --record /home/manab/colcon_ws/build/ur5_control/install.log --single-version-externally-managed install_data
