[0.024s] Invoking command in '/home/manab/colcon_ws/build/ebot_description': CMAKE_PREFIX_PATH=${CMAKE_PREFIX_PATH}:/home/manab/colcon_ws/install/ur5_control:/home/manab/ros2_ws/install/launch_testing_examples:/home/manab/ros2_ws/install/examples_rclpy_pointcloud_publisher:/home/manab/ros2_ws/install/examples_rclpy_minimal_subscriber:/home/manab/ros2_ws/install/examples_rclpy_minimal_service:/home/manab/ros2_ws/install/examples_rclpy_minimal_publisher:/home/manab/ros2_ws/install/examples_rclpy_minimal_client:/home/manab/ros2_ws/install/examples_rclpy_minimal_action_server:/home/manab/ros2_ws/install/examples_rclpy_minimal_action_client:/home/manab/ros2_ws/install/examples_rclpy_guard_conditions:/home/manab/ros2_ws/install/examples_rclpy_executors:/opt/ros/humble /usr/bin/cmake --build /home/manab/colcon_ws/build/ebot_description -- -j4 -l4
[0.080s] Invoked command in '/home/manab/colcon_ws/build/ebot_description' returned '0': CMAKE_PREFIX_PATH=${CMAKE_PREFIX_PATH}:/home/manab/colcon_ws/install/ur5_control:/home/manab/ros2_ws/install/launch_testing_examples:/home/manab/ros2_ws/install/examples_rclpy_pointcloud_publisher:/home/manab/ros2_ws/install/examples_rclpy_minimal_subscriber:/home/manab/ros2_ws/install/examples_rclpy_minimal_service:/home/manab/ros2_ws/install/examples_rclpy_minimal_publisher:/home/manab/ros2_ws/install/examples_rclpy_minimal_client:/home/manab/ros2_ws/install/examples_rclpy_minimal_action_server:/home/manab/ros2_ws/install/examples_rclpy_minimal_action_client:/home/manab/ros2_ws/install/examples_rclpy_guard_conditions:/home/manab/ros2_ws/install/examples_rclpy_executors:/opt/ros/humble /usr/bin/cmake --build /home/manab/colcon_ws/build/ebot_description -- -j4 -l4
[0.116s] Invoking command in '/home/manab/colcon_ws/build/ebot_description': CMAKE_PREFIX_PATH=${CMAKE_PREFIX_PATH}:/home/manab/colcon_ws/install/ur5_control:/home/manab/ros2_ws/install/launch_testing_examples:/home/manab/ros2_ws/install/examples_rclpy_pointcloud_publisher:/home/manab/ros2_ws/install/examples_rclpy_minimal_subscriber:/home/manab/ros2_ws/install/examples_rclpy_minimal_service:/home/manab/ros2_ws/install/examples_rclpy_minimal_publisher:/home/manab/ros2_ws/install/examples_rclpy_minimal_client:/home/manab/ros2_ws/install/examples_rclpy_minimal_action_server:/home/manab/ros2_ws/install/examples_rclpy_minimal_action_client:/home/manab/ros2_ws/install/examples_rclpy_guard_conditions:/home/manab/ros2_ws/install/examples_rclpy_executors:/opt/ros/humble /usr/bin/cmake --install /home/manab/colcon_ws/build/ebot_description
[0.150s] -- Install configuration: ""
[0.150s] -- Up-to-date: /home/manab/colcon_ws/install/ebot_description/share/ebot_description//launch
[0.150s] -- Up-to-date: /home/manab/colcon_ws/install/ebot_description/share/ebot_description//launch/spawn_robot.py
[0.150s] -- Up-to-date: /home/manab/colcon_ws/install/ebot_description/share/ebot_description//launch/start_world_launch.py
[0.150s] -- Up-to-date: /home/manab/colcon_ws/install/ebot_description/share/ebot_description//launch/start_world_task1b_launch.py
[0.150s] -- Up-to-date: /home/manab/colcon_ws/install/ebot_description/share/ebot_description//launch/ebot_gazebo_launch.py
[0.150s] -- Up-to-date: /home/manab/colcon_ws/install/ebot_description/share/ebot_description//launch/start_world_task1c_launch.py
[0.151s] -- Up-to-date: /home/manab/colcon_ws/install/ebot_description/share/ebot_description//worlds
[0.151s] -- Up-to-date: /home/manab/colcon_ws/install/ebot_description/share/ebot_description//worlds/empty.world
[0.151s] -- Up-to-date: /home/manab/colcon_ws/install/ebot_description/share/ebot_description//models
[0.151s] -- Up-to-date: /home/manab/colcon_ws/install/ebot_description/share/ebot_description//models/ebot
[0.151s] -- Up-to-date: /home/manab/colcon_ws/install/ebot_description/share/ebot_description//models/ebot/ebot_description.xacro
[0.151s] -- Up-to-date: /home/manab/colcon_ws/install/ebot_description/share/ebot_description//models/ebot/ebot.gazebo
[0.151s] -- Up-to-date: /home/manab/colcon_ws/install/ebot_description/share/ebot_description//meshes
[0.151s] -- Up-to-date: /home/manab/colcon_ws/install/ebot_description/share/ebot_description//meshes/robot_base.stl
[0.151s] -- Up-to-date: /home/manab/colcon_ws/install/ebot_description/share/ebot_description//meshes/FUS2.STL
[0.151s] -- Up-to-date: /home/manab/colcon_ws/install/ebot_description/share/ebot_description//meshes/LHUS10.STL
[0.151s] -- Up-to-date: /home/manab/colcon_ws/install/ebot_description/share/ebot_description//meshes/FWR.STL
[0.151s] -- Up-to-date: /home/manab/colcon_ws/install/ebot_description/share/ebot_description//meshes/chassis.dae
[0.151s] -- Up-to-date: /home/manab/colcon_ws/install/ebot_description/share/ebot_description//meshes/RWR.STL
[0.151s] -- Up-to-date: /home/manab/colcon_ws/install/ebot_description/share/ebot_description//meshes/RWL.STL
[0.151s] -- Up-to-date: /home/manab/colcon_ws/install/ebot_description/share/ebot_description//meshes/RUS5.STL
[0.151s] -- Up-to-date: /home/manab/colcon_ws/install/ebot_description/share/ebot_description//meshes/LHUS9.STL
[0.151s] -- Up-to-date: /home/manab/colcon_ws/install/ebot_description/share/ebot_description//meshes/FUS3.STL
[0.151s] -- Up-to-date: /home/manab/colcon_ws/install/ebot_description/share/ebot_description//meshes/RHUS9.STL
[0.151s] -- Up-to-date: /home/manab/colcon_ws/install/ebot_description/share/ebot_description//meshes/RHUS7.STL
[0.151s] -- Up-to-date: /home/manab/colcon_ws/install/ebot_description/share/ebot_description//meshes/FUS4.STL
[0.151s] -- Up-to-date: /home/manab/colcon_ws/install/ebot_description/share/ebot_description//meshes/FUS1.STL
[0.151s] -- Up-to-date: /home/manab/colcon_ws/install/ebot_description/share/ebot_description//meshes/FWL.STL
[0.151s] -- Up-to-date: /home/manab/colcon_ws/install/ebot_description/share/ebot_description//meshes/RUS6.STL
[0.151s] -- Up-to-date: /home/manab/colcon_ws/install/ebot_description/share/ebot_description//plugins
[0.152s] -- Up-to-date: /home/manab/colcon_ws/install/ebot_description/share/ebot_description//plugins/libgazebo_collision_sensor.so
[0.152s] -- Up-to-date: /home/manab/colcon_ws/install/ebot_description/share/ebot_description//plugins/libgazebo_ros_vacuum_gripper.so
[0.152s] -- Up-to-date: /home/manab/colcon_ws/install/ebot_description/share/ament_index/resource_index/package_run_dependencies/ebot_description
[0.152s] -- Up-to-date: /home/manab/colcon_ws/install/ebot_description/share/ament_index/resource_index/parent_prefix_path/ebot_description
[0.152s] -- Up-to-date: /home/manab/colcon_ws/install/ebot_description/share/ebot_description/environment/ament_prefix_path.sh
[0.152s] -- Up-to-date: /home/manab/colcon_ws/install/ebot_description/share/ebot_description/environment/ament_prefix_path.dsv
[0.152s] -- Up-to-date: /home/manab/colcon_ws/install/ebot_description/share/ebot_description/environment/path.sh
[0.152s] -- Up-to-date: /home/manab/colcon_ws/install/ebot_description/share/ebot_description/environment/path.dsv
[0.152s] -- Up-to-date: /home/manab/colcon_ws/install/ebot_description/share/ebot_description/local_setup.bash
[0.152s] -- Up-to-date: /home/manab/colcon_ws/install/ebot_description/share/ebot_description/local_setup.sh
[0.152s] -- Up-to-date: /home/manab/colcon_ws/install/ebot_description/share/ebot_description/local_setup.zsh
[0.152s] -- Up-to-date: /home/manab/colcon_ws/install/ebot_description/share/ebot_description/local_setup.dsv
[0.154s] -- Installing: /home/manab/colcon_ws/install/ebot_description/share/ebot_description/package.dsv
[0.155s] -- Up-to-date: /home/manab/colcon_ws/install/ebot_description/share/ament_index/resource_index/packages/ebot_description
[0.155s] -- Up-to-date: /home/manab/colcon_ws/install/ebot_description/share/ebot_description/cmake/ebot_descriptionConfig.cmake
[0.155s] -- Up-to-date: /home/manab/colcon_ws/install/ebot_description/share/ebot_description/cmake/ebot_descriptionConfig-version.cmake
[0.155s] -- Up-to-date: /home/manab/colcon_ws/install/ebot_description/share/ebot_description/package.xml
[0.190s] Invoked command in '/home/manab/colcon_ws/build/ebot_description' returned '0': CMAKE_PREFIX_PATH=${CMAKE_PREFIX_PATH}:/home/manab/colcon_ws/install/ur5_control:/home/manab/ros2_ws/install/launch_testing_examples:/home/manab/ros2_ws/install/examples_rclpy_pointcloud_publisher:/home/manab/ros2_ws/install/examples_rclpy_minimal_subscriber:/home/manab/ros2_ws/install/examples_rclpy_minimal_service:/home/manab/ros2_ws/install/examples_rclpy_minimal_publisher:/home/manab/ros2_ws/install/examples_rclpy_minimal_client:/home/manab/ros2_ws/install/examples_rclpy_minimal_action_server:/home/manab/ros2_ws/install/examples_rclpy_minimal_action_client:/home/manab/ros2_ws/install/examples_rclpy_guard_conditions:/home/manab/ros2_ws/install/examples_rclpy_executors:/opt/ros/humble /usr/bin/cmake --install /home/manab/colcon_ws/build/ebot_description
