[0.028s] Invoking command in '/home/manab/colcon_ws/build/ebot_nav2': CMAKE_PREFIX_PATH=${CMAKE_PREFIX_PATH}:/home/manab/colcon_ws/install/ur5_control:/home/manab/ros2_ws/install/launch_testing_examples:/home/manab/ros2_ws/install/examples_rclpy_pointcloud_publisher:/home/manab/ros2_ws/install/examples_rclpy_minimal_subscriber:/home/manab/ros2_ws/install/examples_rclpy_minimal_service:/home/manab/ros2_ws/install/examples_rclpy_minimal_publisher:/home/manab/ros2_ws/install/examples_rclpy_minimal_client:/home/manab/ros2_ws/install/examples_rclpy_minimal_action_server:/home/manab/ros2_ws/install/examples_rclpy_minimal_action_client:/home/manab/ros2_ws/install/examples_rclpy_guard_conditions:/home/manab/ros2_ws/install/examples_rclpy_executors:/opt/ros/humble /usr/bin/cmake --build /home/manab/colcon_ws/build/ebot_nav2 -- -j4 -l4
[0.096s] Built target ament_cmake_python_copy_ebot_nav2
[0.480s] running egg_info
[0.519s] writing ebot_nav2.egg-info/PKG-INFO
[0.519s] writing dependency_links to ebot_nav2.egg-info/dependency_links.txt
[0.519s] writing top-level names to ebot_nav2.egg-info/top_level.txt
[0.669s] [2;36m[09/24/24 23:02:06][0m[2;36m [0m[1;31mERROR   [0m listing git files failed - pretending there aren't any                                                                                                                ]8;id=674502;file:///home/manab/.local/lib/python3.10/site-packages/setuptools_scm/_file_finders/git.py\[2mgit.py[0m]8;;\[2m:[0m]8;id=248281;file:///home/manab/.local/lib/python3.10/site-packages/setuptools_scm/_file_finders/git.py#26\[2m26[0m]8;;\
[0.852s] reading manifest file 'ebot_nav2.egg-info/SOURCES.txt'
[0.853s] writing manifest file 'ebot_nav2.egg-info/SOURCES.txt'
[0.916s] Built target ament_cmake_python_build_ebot_nav2_egg
[1.196s] Invoked command in '/home/manab/colcon_ws/build/ebot_nav2' returned '0': CMAKE_PREFIX_PATH=${CMAKE_PREFIX_PATH}:/home/manab/colcon_ws/install/ur5_control:/home/manab/ros2_ws/install/launch_testing_examples:/home/manab/ros2_ws/install/examples_rclpy_pointcloud_publisher:/home/manab/ros2_ws/install/examples_rclpy_minimal_subscriber:/home/manab/ros2_ws/install/examples_rclpy_minimal_service:/home/manab/ros2_ws/install/examples_rclpy_minimal_publisher:/home/manab/ros2_ws/install/examples_rclpy_minimal_client:/home/manab/ros2_ws/install/examples_rclpy_minimal_action_server:/home/manab/ros2_ws/install/examples_rclpy_minimal_action_client:/home/manab/ros2_ws/install/examples_rclpy_guard_conditions:/home/manab/ros2_ws/install/examples_rclpy_executors:/opt/ros/humble /usr/bin/cmake --build /home/manab/colcon_ws/build/ebot_nav2 -- -j4 -l4
[1.228s] Invoking command in '/home/manab/colcon_ws/build/ebot_nav2': CMAKE_PREFIX_PATH=${CMAKE_PREFIX_PATH}:/home/manab/colcon_ws/install/ur5_control:/home/manab/ros2_ws/install/launch_testing_examples:/home/manab/ros2_ws/install/examples_rclpy_pointcloud_publisher:/home/manab/ros2_ws/install/examples_rclpy_minimal_subscriber:/home/manab/ros2_ws/install/examples_rclpy_minimal_service:/home/manab/ros2_ws/install/examples_rclpy_minimal_publisher:/home/manab/ros2_ws/install/examples_rclpy_minimal_client:/home/manab/ros2_ws/install/examples_rclpy_minimal_action_server:/home/manab/ros2_ws/install/examples_rclpy_minimal_action_client:/home/manab/ros2_ws/install/examples_rclpy_guard_conditions:/home/manab/ros2_ws/install/examples_rclpy_executors:/opt/ros/humble /usr/bin/cmake --install /home/manab/colcon_ws/build/ebot_nav2
[1.241s] -- Install configuration: ""
[1.241s] -- Up-to-date: /home/manab/colcon_ws/install/ebot_nav2/share/ebot_nav2//launch
[1.241s] -- Up-to-date: /home/manab/colcon_ws/install/ebot_nav2/share/ebot_nav2//launch/ebot_bringup_launch.py
[1.241s] -- Up-to-date: /home/manab/colcon_ws/install/ebot_nav2/share/ebot_nav2//config
[1.241s] -- Up-to-date: /home/manab/colcon_ws/install/ebot_nav2/share/ebot_nav2//config/ekf.yaml
[1.241s] -- Up-to-date: /home/manab/colcon_ws/install/ebot_nav2/share/ebot_nav2//config/mapper_params_online_async.yaml
[1.241s] -- Up-to-date: /home/manab/colcon_ws/install/ebot_nav2/share/ebot_nav2//maps
[1.241s] -- Up-to-date: /home/manab/colcon_ws/install/ebot_nav2/share/ebot_nav2//maps/my_map.yaml
[1.241s] -- Up-to-date: /home/manab/colcon_ws/install/ebot_nav2/share/ebot_nav2//maps/map_file_here.text
[1.241s] -- Up-to-date: /home/manab/colcon_ws/install/ebot_nav2/share/ebot_nav2//maps/my_map.posegraph
[1.241s] -- Up-to-date: /home/manab/colcon_ws/install/ebot_nav2/share/ebot_nav2//maps/my_map.data
[1.241s] -- Up-to-date: /home/manab/colcon_ws/install/ebot_nav2/share/ebot_nav2//maps/my_map.pgm
[1.241s] -- Up-to-date: /home/manab/colcon_ws/install/ebot_nav2/share/ebot_nav2//params
[1.244s] -- Up-to-date: /home/manab/colcon_ws/install/ebot_nav2/share/ebot_nav2//params/nav2_params.yaml
[1.245s] -- Up-to-date: /home/manab/colcon_ws/install/ebot_nav2/share/ebot_nav2//rviz
[1.245s] -- Up-to-date: /home/manab/colcon_ws/install/ebot_nav2/share/ebot_nav2//rviz/nav2_default_view.rviz
[1.245s] -- Up-to-date: /home/manab/colcon_ws/install/ebot_nav2/share/ebot_nav2/environment/pythonpath.sh
[1.245s] -- Up-to-date: /home/manab/colcon_ws/install/ebot_nav2/share/ebot_nav2/environment/pythonpath.dsv
[1.245s] -- Up-to-date: /home/manab/colcon_ws/install/ebot_nav2/local/lib/python3.10/dist-packages/ebot_nav2-0.0.0-py3.10.egg-info
[1.245s] -- Installing: /home/manab/colcon_ws/install/ebot_nav2/local/lib/python3.10/dist-packages/ebot_nav2-0.0.0-py3.10.egg-info/SOURCES.txt
[1.245s] -- Installing: /home/manab/colcon_ws/install/ebot_nav2/local/lib/python3.10/dist-packages/ebot_nav2-0.0.0-py3.10.egg-info/PKG-INFO
[1.245s] -- Installing: /home/manab/colcon_ws/install/ebot_nav2/local/lib/python3.10/dist-packages/ebot_nav2-0.0.0-py3.10.egg-info/top_level.txt
[1.245s] -- Installing: /home/manab/colcon_ws/install/ebot_nav2/local/lib/python3.10/dist-packages/ebot_nav2-0.0.0-py3.10.egg-info/dependency_links.txt
[1.245s] -- Up-to-date: /home/manab/colcon_ws/install/ebot_nav2/local/lib/python3.10/dist-packages/ebot_nav2
[1.245s] -- Up-to-date: /home/manab/colcon_ws/install/ebot_nav2/local/lib/python3.10/dist-packages/ebot_nav2/__init__.py
[1.282s] Listing '/home/manab/colcon_ws/install/ebot_nav2/local/lib/python3.10/dist-packages/ebot_nav2'...
[1.287s] -- Up-to-date: /home/manab/colcon_ws/install/ebot_nav2/lib/ebot_nav2/ebot_nav_cmd.py
[1.287s] -- Up-to-date: /home/manab/colcon_ws/install/ebot_nav2/share/ament_index/resource_index/package_run_dependencies/ebot_nav2
[1.287s] -- Up-to-date: /home/manab/colcon_ws/install/ebot_nav2/share/ament_index/resource_index/parent_prefix_path/ebot_nav2
[1.287s] -- Up-to-date: /home/manab/colcon_ws/install/ebot_nav2/share/ebot_nav2/environment/ament_prefix_path.sh
[1.287s] -- Up-to-date: /home/manab/colcon_ws/install/ebot_nav2/share/ebot_nav2/environment/ament_prefix_path.dsv
[1.287s] -- Up-to-date: /home/manab/colcon_ws/install/ebot_nav2/share/ebot_nav2/environment/path.sh
[1.287s] -- Up-to-date: /home/manab/colcon_ws/install/ebot_nav2/share/ebot_nav2/environment/path.dsv
[1.287s] -- Up-to-date: /home/manab/colcon_ws/install/ebot_nav2/share/ebot_nav2/local_setup.bash
[1.287s] -- Up-to-date: /home/manab/colcon_ws/install/ebot_nav2/share/ebot_nav2/local_setup.sh
[1.287s] -- Up-to-date: /home/manab/colcon_ws/install/ebot_nav2/share/ebot_nav2/local_setup.zsh
[1.287s] -- Up-to-date: /home/manab/colcon_ws/install/ebot_nav2/share/ebot_nav2/local_setup.dsv
[1.287s] -- Installing: /home/manab/colcon_ws/install/ebot_nav2/share/ebot_nav2/package.dsv
[1.287s] -- Up-to-date: /home/manab/colcon_ws/install/ebot_nav2/share/ament_index/resource_index/packages/ebot_nav2
[1.287s] -- Up-to-date: /home/manab/colcon_ws/install/ebot_nav2/share/ebot_nav2/cmake/ebot_nav2Config.cmake
[1.287s] -- Up-to-date: /home/manab/colcon_ws/install/ebot_nav2/share/ebot_nav2/cmake/ebot_nav2Config-version.cmake
[1.287s] -- Up-to-date: /home/manab/colcon_ws/install/ebot_nav2/share/ebot_nav2/package.xml
[1.291s] Invoked command in '/home/manab/colcon_ws/build/ebot_nav2' returned '0': CMAKE_PREFIX_PATH=${CMAKE_PREFIX_PATH}:/home/manab/colcon_ws/install/ur5_control:/home/manab/ros2_ws/install/launch_testing_examples:/home/manab/ros2_ws/install/examples_rclpy_pointcloud_publisher:/home/manab/ros2_ws/install/examples_rclpy_minimal_subscriber:/home/manab/ros2_ws/install/examples_rclpy_minimal_service:/home/manab/ros2_ws/install/examples_rclpy_minimal_publisher:/home/manab/ros2_ws/install/examples_rclpy_minimal_client:/home/manab/ros2_ws/install/examples_rclpy_minimal_action_server:/home/manab/ros2_ws/install/examples_rclpy_minimal_action_client:/home/manab/ros2_ws/install/examples_rclpy_guard_conditions:/home/manab/ros2_ws/install/examples_rclpy_executors:/opt/ros/humble /usr/bin/cmake --install /home/manab/colcon_ws/build/ebot_nav2
