[0.031s] Invoking command in '/home/manab/colcon_ws/build/linkattacher_msgs': CMAKE_PREFIX_PATH=${CMAKE_PREFIX_PATH}:/home/manab/colcon_ws/install/ur5_control:/home/manab/ros2_ws/install/launch_testing_examples:/home/manab/ros2_ws/install/examples_rclpy_pointcloud_publisher:/home/manab/ros2_ws/install/examples_rclpy_minimal_subscriber:/home/manab/ros2_ws/install/examples_rclpy_minimal_service:/home/manab/ros2_ws/install/examples_rclpy_minimal_publisher:/home/manab/ros2_ws/install/examples_rclpy_minimal_client:/home/manab/ros2_ws/install/examples_rclpy_minimal_action_server:/home/manab/ros2_ws/install/examples_rclpy_minimal_action_client:/home/manab/ros2_ws/install/examples_rclpy_guard_conditions:/home/manab/ros2_ws/install/examples_rclpy_executors:/opt/ros/humble /usr/bin/cmake --build /home/manab/colcon_ws/build/linkattacher_msgs -- -j4 -l4
[0.108s] [  5%] Built target linkattacher_msgs__cpp
[0.108s] [ 12%] Built target linkattacher_msgs__rosidl_generator_c
[0.152s] [ 12%] Built target ament_cmake_python_copy_linkattacher_msgs
[0.156s] [ 23%] Built target linkattacher_msgs__rosidl_typesupport_fastrtps_c
[0.160s] [ 33%] Built target linkattacher_msgs__rosidl_typesupport_cpp
[0.164s] [ 43%] Built target linkattacher_msgs__rosidl_typesupport_introspection_c
[0.215s] [ 53%] Built target linkattacher_msgs__rosidl_typesupport_c
[0.218s] [ 64%] Built target linkattacher_msgs__rosidl_typesupport_fastrtps_cpp
[0.220s] [ 74%] Built target linkattacher_msgs__rosidl_typesupport_introspection_cpp
[0.264s] [ 74%] Built target linkattacher_msgs
[0.315s] [ 76%] Built target linkattacher_msgs__py
[0.368s] [ 84%] Built target linkattacher_msgs__rosidl_generator_py
[0.450s] [ 89%] Built target linkattacher_msgs__rosidl_typesupport_fastrtps_c__pyext
[0.453s] [100%] Built target linkattacher_msgs__rosidl_typesupport_c__pyext
[0.453s] [100%] Built target linkattacher_msgs__rosidl_typesupport_introspection_c__pyext
[0.613s] running egg_info
[0.638s] writing linkattacher_msgs.egg-info/PKG-INFO
[0.639s] writing dependency_links to linkattacher_msgs.egg-info/dependency_links.txt
[0.639s] writing top-level names to linkattacher_msgs.egg-info/top_level.txt
[0.750s] [2;36m[09/24/24 22:48:18][0m[2;36m [0m[1;31mERROR   [0m listing git files failed - pretending there aren't any                                                                                                                ]8;id=880710;file:///home/manab/.local/lib/python3.10/site-packages/setuptools_scm/_file_finders/git.py\[2mgit.py[0m]8;;\[2m:[0m]8;id=830639;file:///home/manab/.local/lib/python3.10/site-packages/setuptools_scm/_file_finders/git.py#26\[2m26[0m]8;;\
[0.873s] reading manifest file 'linkattacher_msgs.egg-info/SOURCES.txt'
[0.874s] writing manifest file 'linkattacher_msgs.egg-info/SOURCES.txt'
[0.942s] [100%] Built target ament_cmake_python_build_linkattacher_msgs_egg
[0.975s] Invoked command in '/home/manab/colcon_ws/build/linkattacher_msgs' returned '0': CMAKE_PREFIX_PATH=${CMAKE_PREFIX_PATH}:/home/manab/colcon_ws/install/ur5_control:/home/manab/ros2_ws/install/launch_testing_examples:/home/manab/ros2_ws/install/examples_rclpy_pointcloud_publisher:/home/manab/ros2_ws/install/examples_rclpy_minimal_subscriber:/home/manab/ros2_ws/install/examples_rclpy_minimal_service:/home/manab/ros2_ws/install/examples_rclpy_minimal_publisher:/home/manab/ros2_ws/install/examples_rclpy_minimal_client:/home/manab/ros2_ws/install/examples_rclpy_minimal_action_server:/home/manab/ros2_ws/install/examples_rclpy_minimal_action_client:/home/manab/ros2_ws/install/examples_rclpy_guard_conditions:/home/manab/ros2_ws/install/examples_rclpy_executors:/opt/ros/humble /usr/bin/cmake --build /home/manab/colcon_ws/build/linkattacher_msgs -- -j4 -l4
[1.097s] Invoking command in '/home/manab/colcon_ws/build/linkattacher_msgs': CMAKE_PREFIX_PATH=${CMAKE_PREFIX_PATH}:/home/manab/colcon_ws/install/ur5_control:/home/manab/ros2_ws/install/launch_testing_examples:/home/manab/ros2_ws/install/examples_rclpy_pointcloud_publisher:/home/manab/ros2_ws/install/examples_rclpy_minimal_subscriber:/home/manab/ros2_ws/install/examples_rclpy_minimal_service:/home/manab/ros2_ws/install/examples_rclpy_minimal_publisher:/home/manab/ros2_ws/install/examples_rclpy_minimal_client:/home/manab/ros2_ws/install/examples_rclpy_minimal_action_server:/home/manab/ros2_ws/install/examples_rclpy_minimal_action_client:/home/manab/ros2_ws/install/examples_rclpy_guard_conditions:/home/manab/ros2_ws/install/examples_rclpy_executors:/opt/ros/humble /usr/bin/cmake --install /home/manab/colcon_ws/build/linkattacher_msgs
[1.111s] -- Install configuration: ""
[1.111s] -- Up-to-date: /home/manab/colcon_ws/install/linkattacher_msgs/share/linkattacher_msgs/srv
[1.111s] -- Up-to-date: /home/manab/colcon_ws/install/linkattacher_msgs/share/linkattacher_msgs/srv/AttachLink.srv
[1.111s] -- Up-to-date: /home/manab/colcon_ws/install/linkattacher_msgs/share/linkattacher_msgs/srv/DetachLink.srv
[1.111s] -- Up-to-date: /home/manab/colcon_ws/install/linkattacher_msgs/share/ament_index/resource_index/rosidl_interfaces/linkattacher_msgs
[1.112s] -- Up-to-date: /home/manab/colcon_ws/install/linkattacher_msgs/include/linkattacher_msgs/linkattacher_msgs
[1.112s] -- Up-to-date: /home/manab/colcon_ws/install/linkattacher_msgs/include/linkattacher_msgs/linkattacher_msgs/srv
[1.113s] -- Up-to-date: /home/manab/colcon_ws/install/linkattacher_msgs/include/linkattacher_msgs/linkattacher_msgs/srv/attach_link.h
[1.113s] -- Up-to-date: /home/manab/colcon_ws/install/linkattacher_msgs/include/linkattacher_msgs/linkattacher_msgs/srv/detail
[1.113s] -- Up-to-date: /home/manab/colcon_ws/install/linkattacher_msgs/include/linkattacher_msgs/linkattacher_msgs/srv/detail/detach_link__struct.h
[1.113s] -- Up-to-date: /home/manab/colcon_ws/install/linkattacher_msgs/include/linkattacher_msgs/linkattacher_msgs/srv/detail/detach_link__functions.h
[1.113s] -- Up-to-date: /home/manab/colcon_ws/install/linkattacher_msgs/include/linkattacher_msgs/linkattacher_msgs/srv/detail/detach_link__type_support.h
[1.113s] -- Up-to-date: /home/manab/colcon_ws/install/linkattacher_msgs/include/linkattacher_msgs/linkattacher_msgs/srv/detail/attach_link__functions.c
[1.113s] -- Up-to-date: /home/manab/colcon_ws/install/linkattacher_msgs/include/linkattacher_msgs/linkattacher_msgs/srv/detail/detach_link__functions.c
[1.113s] -- Up-to-date: /home/manab/colcon_ws/install/linkattacher_msgs/include/linkattacher_msgs/linkattacher_msgs/srv/detail/attach_link__type_support.h
[1.113s] -- Up-to-date: /home/manab/colcon_ws/install/linkattacher_msgs/include/linkattacher_msgs/linkattacher_msgs/srv/detail/attach_link__functions.h
[1.113s] -- Up-to-date: /home/manab/colcon_ws/install/linkattacher_msgs/include/linkattacher_msgs/linkattacher_msgs/srv/detail/attach_link__struct.h
[1.113s] -- Up-to-date: /home/manab/colcon_ws/install/linkattacher_msgs/include/linkattacher_msgs/linkattacher_msgs/srv/detach_link.h
[1.114s] -- Up-to-date: /home/manab/colcon_ws/install/linkattacher_msgs/include/linkattacher_msgs/linkattacher_msgs/msg
[1.114s] -- Up-to-date: /home/manab/colcon_ws/install/linkattacher_msgs/include/linkattacher_msgs/linkattacher_msgs/msg/rosidl_generator_c__visibility_control.h
[1.114s] -- Up-to-date: /home/manab/colcon_ws/install/linkattacher_msgs/share/linkattacher_msgs/environment/library_path.sh
[1.114s] -- Up-to-date: /home/manab/colcon_ws/install/linkattacher_msgs/share/linkattacher_msgs/environment/library_path.dsv
[1.114s] -- Up-to-date: /home/manab/colcon_ws/install/linkattacher_msgs/lib/liblinkattacher_msgs__rosidl_generator_c.so
[1.115s] -- Up-to-date: /home/manab/colcon_ws/install/linkattacher_msgs/include/linkattacher_msgs/linkattacher_msgs
[1.115s] -- Up-to-date: /home/manab/colcon_ws/install/linkattacher_msgs/include/linkattacher_msgs/linkattacher_msgs/srv
[1.115s] -- Up-to-date: /home/manab/colcon_ws/install/linkattacher_msgs/include/linkattacher_msgs/linkattacher_msgs/srv/detail
[1.115s] -- Up-to-date: /home/manab/colcon_ws/install/linkattacher_msgs/include/linkattacher_msgs/linkattacher_msgs/srv/detail/attach_link__rosidl_typesupport_fastrtps_c.h
[1.115s] -- Up-to-date: /home/manab/colcon_ws/install/linkattacher_msgs/include/linkattacher_msgs/linkattacher_msgs/srv/detail/detach_link__rosidl_typesupport_fastrtps_c.h
[1.116s] -- Up-to-date: /home/manab/colcon_ws/install/linkattacher_msgs/include/linkattacher_msgs/linkattacher_msgs/msg
[1.116s] -- Up-to-date: /home/manab/colcon_ws/install/linkattacher_msgs/include/linkattacher_msgs/linkattacher_msgs/msg/rosidl_typesupport_fastrtps_c__visibility_control.h
[1.116s] -- Up-to-date: /home/manab/colcon_ws/install/linkattacher_msgs/lib/liblinkattacher_msgs__rosidl_typesupport_fastrtps_c.so
[1.116s] -- Up-to-date: /home/manab/colcon_ws/install/linkattacher_msgs/include/linkattacher_msgs/linkattacher_msgs
[1.116s] -- Up-to-date: /home/manab/colcon_ws/install/linkattacher_msgs/include/linkattacher_msgs/linkattacher_msgs/srv
[1.116s] -- Up-to-date: /home/manab/colcon_ws/install/linkattacher_msgs/include/linkattacher_msgs/linkattacher_msgs/srv/detail
[1.116s] -- Up-to-date: /home/manab/colcon_ws/install/linkattacher_msgs/include/linkattacher_msgs/linkattacher_msgs/srv/detail/detach_link__rosidl_typesupport_introspection_c.h
[1.116s] -- Up-to-date: /home/manab/colcon_ws/install/linkattacher_msgs/include/linkattacher_msgs/linkattacher_msgs/srv/detail/detach_link__type_support.c
[1.116s] -- Up-to-date: /home/manab/colcon_ws/install/linkattacher_msgs/include/linkattacher_msgs/linkattacher_msgs/srv/detail/attach_link__type_support.c
[1.116s] -- Up-to-date: /home/manab/colcon_ws/install/linkattacher_msgs/include/linkattacher_msgs/linkattacher_msgs/srv/detail/attach_link__rosidl_typesupport_introspection_c.h
[1.116s] -- Up-to-date: /home/manab/colcon_ws/install/linkattacher_msgs/include/linkattacher_msgs/linkattacher_msgs/msg
[1.116s] -- Up-to-date: /home/manab/colcon_ws/install/linkattacher_msgs/include/linkattacher_msgs/linkattacher_msgs/msg/rosidl_typesupport_introspection_c__visibility_control.h
[1.116s] -- Up-to-date: /home/manab/colcon_ws/install/linkattacher_msgs/lib/liblinkattacher_msgs__rosidl_typesupport_introspection_c.so
[1.116s] -- Up-to-date: /home/manab/colcon_ws/install/linkattacher_msgs/lib/liblinkattacher_msgs__rosidl_typesupport_c.so
[1.116s] -- Up-to-date: /home/manab/colcon_ws/install/linkattacher_msgs/include/linkattacher_msgs/linkattacher_msgs
[1.116s] -- Up-to-date: /home/manab/colcon_ws/install/linkattacher_msgs/include/linkattacher_msgs/linkattacher_msgs/srv
[1.116s] -- Up-to-date: /home/manab/colcon_ws/install/linkattacher_msgs/include/linkattacher_msgs/linkattacher_msgs/srv/detach_link.hpp
[1.116s] -- Up-to-date: /home/manab/colcon_ws/install/linkattacher_msgs/include/linkattacher_msgs/linkattacher_msgs/srv/detail
[1.116s] -- Up-to-date: /home/manab/colcon_ws/install/linkattacher_msgs/include/linkattacher_msgs/linkattacher_msgs/srv/detail/detach_link__struct.hpp
[1.117s] -- Up-to-date: /home/manab/colcon_ws/install/linkattacher_msgs/include/linkattacher_msgs/linkattacher_msgs/srv/detail/attach_link__builder.hpp
[1.117s] -- Up-to-date: /home/manab/colcon_ws/install/linkattacher_msgs/include/linkattacher_msgs/linkattacher_msgs/srv/detail/attach_link__struct.hpp
[1.117s] -- Up-to-date: /home/manab/colcon_ws/install/linkattacher_msgs/include/linkattacher_msgs/linkattacher_msgs/srv/detail/detach_link__traits.hpp
[1.117s] -- Up-to-date: /home/manab/colcon_ws/install/linkattacher_msgs/include/linkattacher_msgs/linkattacher_msgs/srv/detail/attach_link__traits.hpp
[1.117s] -- Up-to-date: /home/manab/colcon_ws/install/linkattacher_msgs/include/linkattacher_msgs/linkattacher_msgs/srv/detail/detach_link__builder.hpp
[1.117s] -- Up-to-date: /home/manab/colcon_ws/install/linkattacher_msgs/include/linkattacher_msgs/linkattacher_msgs/srv/attach_link.hpp
[1.117s] -- Up-to-date: /home/manab/colcon_ws/install/linkattacher_msgs/include/linkattacher_msgs/linkattacher_msgs
[1.117s] -- Up-to-date: /home/manab/colcon_ws/install/linkattacher_msgs/include/linkattacher_msgs/linkattacher_msgs/srv
[1.117s] -- Up-to-date: /home/manab/colcon_ws/install/linkattacher_msgs/include/linkattacher_msgs/linkattacher_msgs/srv/detail
[1.117s] -- Up-to-date: /home/manab/colcon_ws/install/linkattacher_msgs/include/linkattacher_msgs/linkattacher_msgs/srv/detail/dds_fastrtps
[1.117s] -- Up-to-date: /home/manab/colcon_ws/install/linkattacher_msgs/include/linkattacher_msgs/linkattacher_msgs/srv/detail/detach_link__rosidl_typesupport_fastrtps_cpp.hpp
[1.117s] -- Up-to-date: /home/manab/colcon_ws/install/linkattacher_msgs/include/linkattacher_msgs/linkattacher_msgs/srv/detail/attach_link__rosidl_typesupport_fastrtps_cpp.hpp
[1.117s] -- Up-to-date: /home/manab/colcon_ws/install/linkattacher_msgs/include/linkattacher_msgs/linkattacher_msgs/msg
[1.117s] -- Up-to-date: /home/manab/colcon_ws/install/linkattacher_msgs/include/linkattacher_msgs/linkattacher_msgs/msg/rosidl_typesupport_fastrtps_cpp__visibility_control.h
[1.117s] -- Up-to-date: /home/manab/colcon_ws/install/linkattacher_msgs/lib/liblinkattacher_msgs__rosidl_typesupport_fastrtps_cpp.so
[1.118s] -- Up-to-date: /home/manab/colcon_ws/install/linkattacher_msgs/include/linkattacher_msgs/linkattacher_msgs
[1.118s] -- Up-to-date: /home/manab/colcon_ws/install/linkattacher_msgs/include/linkattacher_msgs/linkattacher_msgs/srv
[1.118s] -- Up-to-date: /home/manab/colcon_ws/install/linkattacher_msgs/include/linkattacher_msgs/linkattacher_msgs/srv/detail
[1.118s] -- Up-to-date: /home/manab/colcon_ws/install/linkattacher_msgs/include/linkattacher_msgs/linkattacher_msgs/srv/detail/detach_link__type_support.cpp
[1.118s] -- Up-to-date: /home/manab/colcon_ws/install/linkattacher_msgs/include/linkattacher_msgs/linkattacher_msgs/srv/detail/attach_link__rosidl_typesupport_introspection_cpp.hpp
[1.118s] -- Up-to-date: /home/manab/colcon_ws/install/linkattacher_msgs/include/linkattacher_msgs/linkattacher_msgs/srv/detail/detach_link__rosidl_typesupport_introspection_cpp.hpp
[1.118s] -- Up-to-date: /home/manab/colcon_ws/install/linkattacher_msgs/include/linkattacher_msgs/linkattacher_msgs/srv/detail/attach_link__type_support.cpp
[1.118s] -- Up-to-date: /home/manab/colcon_ws/install/linkattacher_msgs/lib/liblinkattacher_msgs__rosidl_typesupport_introspection_cpp.so
[1.118s] -- Up-to-date: /home/manab/colcon_ws/install/linkattacher_msgs/lib/liblinkattacher_msgs__rosidl_typesupport_cpp.so
[1.118s] -- Up-to-date: /home/manab/colcon_ws/install/linkattacher_msgs/share/linkattacher_msgs/environment/pythonpath.sh
[1.118s] -- Up-to-date: /home/manab/colcon_ws/install/linkattacher_msgs/share/linkattacher_msgs/environment/pythonpath.dsv
[1.118s] -- Up-to-date: /home/manab/colcon_ws/install/linkattacher_msgs/local/lib/python3.10/dist-packages/linkattacher_msgs-0.0.0-py3.10.egg-info
[1.118s] -- Installing: /home/manab/colcon_ws/install/linkattacher_msgs/local/lib/python3.10/dist-packages/linkattacher_msgs-0.0.0-py3.10.egg-info/SOURCES.txt
[1.118s] -- Installing: /home/manab/colcon_ws/install/linkattacher_msgs/local/lib/python3.10/dist-packages/linkattacher_msgs-0.0.0-py3.10.egg-info/PKG-INFO
[1.118s] -- Installing: /home/manab/colcon_ws/install/linkattacher_msgs/local/lib/python3.10/dist-packages/linkattacher_msgs-0.0.0-py3.10.egg-info/top_level.txt
[1.118s] -- Installing: /home/manab/colcon_ws/install/linkattacher_msgs/local/lib/python3.10/dist-packages/linkattacher_msgs-0.0.0-py3.10.egg-info/dependency_links.txt
[1.118s] -- Up-to-date: /home/manab/colcon_ws/install/linkattacher_msgs/local/lib/python3.10/dist-packages/linkattacher_msgs
[1.118s] -- Up-to-date: /home/manab/colcon_ws/install/linkattacher_msgs/local/lib/python3.10/dist-packages/linkattacher_msgs/_linkattacher_msgs_s.ep.rosidl_typesupport_c.c
[1.119s] -- Up-to-date: /home/manab/colcon_ws/install/linkattacher_msgs/local/lib/python3.10/dist-packages/linkattacher_msgs/linkattacher_msgs_s__rosidl_typesupport_c.cpython-310-x86_64-linux-gnu.so
[1.119s] -- Up-to-date: /home/manab/colcon_ws/install/linkattacher_msgs/local/lib/python3.10/dist-packages/linkattacher_msgs/__init__.py
[1.119s] -- Up-to-date: /home/manab/colcon_ws/install/linkattacher_msgs/local/lib/python3.10/dist-packages/linkattacher_msgs/_linkattacher_msgs_s.ep.rosidl_typesupport_introspection_c.c
[1.119s] -- Up-to-date: /home/manab/colcon_ws/install/linkattacher_msgs/local/lib/python3.10/dist-packages/linkattacher_msgs/_linkattacher_msgs_s.ep.rosidl_typesupport_fastrtps_c.c
[1.119s] -- Up-to-date: /home/manab/colcon_ws/install/linkattacher_msgs/local/lib/python3.10/dist-packages/linkattacher_msgs/liblinkattacher_msgs__rosidl_generator_py.so
[1.119s] -- Up-to-date: /home/manab/colcon_ws/install/linkattacher_msgs/local/lib/python3.10/dist-packages/linkattacher_msgs/linkattacher_msgs_s__rosidl_typesupport_introspection_c.cpython-310-x86_64-linux-gnu.so
[1.119s] -- Up-to-date: /home/manab/colcon_ws/install/linkattacher_msgs/local/lib/python3.10/dist-packages/linkattacher_msgs/srv
[1.119s] -- Up-to-date: /home/manab/colcon_ws/install/linkattacher_msgs/local/lib/python3.10/dist-packages/linkattacher_msgs/srv/_detach_link_s.c
[1.119s] -- Up-to-date: /home/manab/colcon_ws/install/linkattacher_msgs/local/lib/python3.10/dist-packages/linkattacher_msgs/srv/_attach_link.py
[1.119s] -- Up-to-date: /home/manab/colcon_ws/install/linkattacher_msgs/local/lib/python3.10/dist-packages/linkattacher_msgs/srv/__init__.py
[1.119s] -- Up-to-date: /home/manab/colcon_ws/install/linkattacher_msgs/local/lib/python3.10/dist-packages/linkattacher_msgs/srv/_attach_link_s.c
[1.119s] -- Up-to-date: /home/manab/colcon_ws/install/linkattacher_msgs/local/lib/python3.10/dist-packages/linkattacher_msgs/srv/_detach_link.py
[1.119s] -- Up-to-date: /home/manab/colcon_ws/install/linkattacher_msgs/local/lib/python3.10/dist-packages/linkattacher_msgs/linkattacher_msgs_s__rosidl_typesupport_fastrtps_c.cpython-310-x86_64-linux-gnu.so
[1.164s] Listing '/home/manab/colcon_ws/install/linkattacher_msgs/local/lib/python3.10/dist-packages/linkattacher_msgs'...
[1.164s] Listing '/home/manab/colcon_ws/install/linkattacher_msgs/local/lib/python3.10/dist-packages/linkattacher_msgs/srv'...
[1.174s] -- Up-to-date: /home/manab/colcon_ws/install/linkattacher_msgs/local/lib/python3.10/dist-packages/linkattacher_msgs/linkattacher_msgs_s__rosidl_typesupport_fastrtps_c.cpython-310-x86_64-linux-gnu.so
[1.174s] -- Up-to-date: /home/manab/colcon_ws/install/linkattacher_msgs/local/lib/python3.10/dist-packages/linkattacher_msgs/linkattacher_msgs_s__rosidl_typesupport_introspection_c.cpython-310-x86_64-linux-gnu.so
[1.174s] -- Up-to-date: /home/manab/colcon_ws/install/linkattacher_msgs/local/lib/python3.10/dist-packages/linkattacher_msgs/linkattacher_msgs_s__rosidl_typesupport_c.cpython-310-x86_64-linux-gnu.so
[1.175s] -- Up-to-date: /home/manab/colcon_ws/install/linkattacher_msgs/lib/liblinkattacher_msgs__rosidl_generator_py.so
[1.175s] -- Up-to-date: /home/manab/colcon_ws/install/linkattacher_msgs/share/linkattacher_msgs/srv/AttachLink.idl
[1.175s] -- Up-to-date: /home/manab/colcon_ws/install/linkattacher_msgs/share/linkattacher_msgs/srv/DetachLink.idl
[1.175s] -- Up-to-date: /home/manab/colcon_ws/install/linkattacher_msgs/share/linkattacher_msgs/srv/AttachLink.srv
[1.175s] -- Up-to-date: /home/manab/colcon_ws/install/linkattacher_msgs/share/linkattacher_msgs/srv/AttachLink_Request.msg
[1.175s] -- Up-to-date: /home/manab/colcon_ws/install/linkattacher_msgs/share/linkattacher_msgs/srv/AttachLink_Response.msg
[1.175s] -- Up-to-date: /home/manab/colcon_ws/install/linkattacher_msgs/share/linkattacher_msgs/srv/DetachLink.srv
[1.175s] -- Up-to-date: /home/manab/colcon_ws/install/linkattacher_msgs/share/linkattacher_msgs/srv/DetachLink_Request.msg
[1.175s] -- Up-to-date: /home/manab/colcon_ws/install/linkattacher_msgs/share/linkattacher_msgs/srv/DetachLink_Response.msg
[1.175s] -- Up-to-date: /home/manab/colcon_ws/install/linkattacher_msgs/share/ament_index/resource_index/package_run_dependencies/linkattacher_msgs
[1.175s] -- Up-to-date: /home/manab/colcon_ws/install/linkattacher_msgs/share/ament_index/resource_index/parent_prefix_path/linkattacher_msgs
[1.175s] -- Up-to-date: /home/manab/colcon_ws/install/linkattacher_msgs/share/linkattacher_msgs/environment/ament_prefix_path.sh
[1.176s] -- Up-to-date: /home/manab/colcon_ws/install/linkattacher_msgs/share/linkattacher_msgs/environment/ament_prefix_path.dsv
[1.176s] -- Up-to-date: /home/manab/colcon_ws/install/linkattacher_msgs/share/linkattacher_msgs/environment/path.sh
[1.176s] -- Up-to-date: /home/manab/colcon_ws/install/linkattacher_msgs/share/linkattacher_msgs/environment/path.dsv
[1.176s] -- Up-to-date: /home/manab/colcon_ws/install/linkattacher_msgs/share/linkattacher_msgs/local_setup.bash
[1.176s] -- Up-to-date: /home/manab/colcon_ws/install/linkattacher_msgs/share/linkattacher_msgs/local_setup.sh
[1.176s] -- Up-to-date: /home/manab/colcon_ws/install/linkattacher_msgs/share/linkattacher_msgs/local_setup.zsh
[1.177s] -- Up-to-date: /home/manab/colcon_ws/install/linkattacher_msgs/share/linkattacher_msgs/local_setup.dsv
[1.177s] -- Installing: /home/manab/colcon_ws/install/linkattacher_msgs/share/linkattacher_msgs/package.dsv
[1.177s] -- Up-to-date: /home/manab/colcon_ws/install/linkattacher_msgs/share/ament_index/resource_index/packages/linkattacher_msgs
[1.177s] -- Up-to-date: /home/manab/colcon_ws/install/linkattacher_msgs/share/linkattacher_msgs/cmake/export_linkattacher_msgs__rosidl_generator_cExport.cmake
[1.178s] -- Up-to-date: /home/manab/colcon_ws/install/linkattacher_msgs/share/linkattacher_msgs/cmake/export_linkattacher_msgs__rosidl_generator_cExport-noconfig.cmake
[1.178s] -- Up-to-date: /home/manab/colcon_ws/install/linkattacher_msgs/share/linkattacher_msgs/cmake/export_linkattacher_msgs__rosidl_typesupport_fastrtps_cExport.cmake
[1.178s] -- Up-to-date: /home/manab/colcon_ws/install/linkattacher_msgs/share/linkattacher_msgs/cmake/export_linkattacher_msgs__rosidl_typesupport_fastrtps_cExport-noconfig.cmake
[1.178s] -- Up-to-date: /home/manab/colcon_ws/install/linkattacher_msgs/share/linkattacher_msgs/cmake/linkattacher_msgs__rosidl_typesupport_introspection_cExport.cmake
[1.178s] -- Up-to-date: /home/manab/colcon_ws/install/linkattacher_msgs/share/linkattacher_msgs/cmake/linkattacher_msgs__rosidl_typesupport_introspection_cExport-noconfig.cmake
[1.178s] -- Up-to-date: /home/manab/colcon_ws/install/linkattacher_msgs/share/linkattacher_msgs/cmake/linkattacher_msgs__rosidl_typesupport_cExport.cmake
[1.179s] -- Up-to-date: /home/manab/colcon_ws/install/linkattacher_msgs/share/linkattacher_msgs/cmake/linkattacher_msgs__rosidl_typesupport_cExport-noconfig.cmake
[1.179s] -- Up-to-date: /home/manab/colcon_ws/install/linkattacher_msgs/share/linkattacher_msgs/cmake/export_linkattacher_msgs__rosidl_generator_cppExport.cmake
[1.179s] -- Up-to-date: /home/manab/colcon_ws/install/linkattacher_msgs/share/linkattacher_msgs/cmake/export_linkattacher_msgs__rosidl_typesupport_fastrtps_cppExport.cmake
[1.179s] -- Up-to-date: /home/manab/colcon_ws/install/linkattacher_msgs/share/linkattacher_msgs/cmake/export_linkattacher_msgs__rosidl_typesupport_fastrtps_cppExport-noconfig.cmake
[1.179s] -- Up-to-date: /home/manab/colcon_ws/install/linkattacher_msgs/share/linkattacher_msgs/cmake/linkattacher_msgs__rosidl_typesupport_introspection_cppExport.cmake
[1.180s] -- Up-to-date: /home/manab/colcon_ws/install/linkattacher_msgs/share/linkattacher_msgs/cmake/linkattacher_msgs__rosidl_typesupport_introspection_cppExport-noconfig.cmake
[1.180s] -- Up-to-date: /home/manab/colcon_ws/install/linkattacher_msgs/share/linkattacher_msgs/cmake/linkattacher_msgs__rosidl_typesupport_cppExport.cmake
[1.180s] -- Up-to-date: /home/manab/colcon_ws/install/linkattacher_msgs/share/linkattacher_msgs/cmake/linkattacher_msgs__rosidl_typesupport_cppExport-noconfig.cmake
[1.180s] -- Up-to-date: /home/manab/colcon_ws/install/linkattacher_msgs/share/linkattacher_msgs/cmake/export_linkattacher_msgs__rosidl_generator_pyExport.cmake
[1.180s] -- Up-to-date: /home/manab/colcon_ws/install/linkattacher_msgs/share/linkattacher_msgs/cmake/export_linkattacher_msgs__rosidl_generator_pyExport-noconfig.cmake
[1.180s] -- Up-to-date: /home/manab/colcon_ws/install/linkattacher_msgs/share/linkattacher_msgs/cmake/rosidl_cmake-extras.cmake
[1.180s] -- Up-to-date: /home/manab/colcon_ws/install/linkattacher_msgs/share/linkattacher_msgs/cmake/ament_cmake_export_include_directories-extras.cmake
[1.181s] -- Up-to-date: /home/manab/colcon_ws/install/linkattacher_msgs/share/linkattacher_msgs/cmake/ament_cmake_export_libraries-extras.cmake
[1.181s] -- Up-to-date: /home/manab/colcon_ws/install/linkattacher_msgs/share/linkattacher_msgs/cmake/ament_cmake_export_targets-extras.cmake
[1.181s] -- Up-to-date: /home/manab/colcon_ws/install/linkattacher_msgs/share/linkattacher_msgs/cmake/rosidl_cmake_export_typesupport_targets-extras.cmake
[1.181s] -- Up-to-date: /home/manab/colcon_ws/install/linkattacher_msgs/share/linkattacher_msgs/cmake/ament_cmake_export_dependencies-extras.cmake
[1.181s] -- Up-to-date: /home/manab/colcon_ws/install/linkattacher_msgs/share/linkattacher_msgs/cmake/rosidl_cmake_export_typesupport_libraries-extras.cmake
[1.181s] -- Up-to-date: /home/manab/colcon_ws/install/linkattacher_msgs/share/linkattacher_msgs/cmake/linkattacher_msgsConfig.cmake
[1.181s] -- Up-to-date: /home/manab/colcon_ws/install/linkattacher_msgs/share/linkattacher_msgs/cmake/linkattacher_msgsConfig-version.cmake
[1.182s] -- Up-to-date: /home/manab/colcon_ws/install/linkattacher_msgs/share/linkattacher_msgs/package.xml
[1.186s] Invoked command in '/home/manab/colcon_ws/build/linkattacher_msgs' returned '0': CMAKE_PREFIX_PATH=${CMAKE_PREFIX_PATH}:/home/manab/colcon_ws/install/ur5_control:/home/manab/ros2_ws/install/launch_testing_examples:/home/manab/ros2_ws/install/examples_rclpy_pointcloud_publisher:/home/manab/ros2_ws/install/examples_rclpy_minimal_subscriber:/home/manab/ros2_ws/install/examples_rclpy_minimal_service:/home/manab/ros2_ws/install/examples_rclpy_minimal_publisher:/home/manab/ros2_ws/install/examples_rclpy_minimal_client:/home/manab/ros2_ws/install/examples_rclpy_minimal_action_server:/home/manab/ros2_ws/install/examples_rclpy_minimal_action_client:/home/manab/ros2_ws/install/examples_rclpy_guard_conditions:/home/manab/ros2_ws/install/examples_rclpy_executors:/opt/ros/humble /usr/bin/cmake --install /home/manab/colcon_ws/build/linkattacher_msgs
