[0.029s] Invoking command in '/home/manab/colcon_ws/build/linkattacher_msgs': CMAKE_PREFIX_PATH=${CMAKE_PREFIX_PATH}:/home/manab/colcon_ws/install/ur5_control:/home/manab/ros2_ws/install/launch_testing_examples:/home/manab/ros2_ws/install/examples_rclpy_pointcloud_publisher:/home/manab/ros2_ws/install/examples_rclpy_minimal_subscriber:/home/manab/ros2_ws/install/examples_rclpy_minimal_service:/home/manab/ros2_ws/install/examples_rclpy_minimal_publisher:/home/manab/ros2_ws/install/examples_rclpy_minimal_client:/home/manab/ros2_ws/install/examples_rclpy_minimal_action_server:/home/manab/ros2_ws/install/examples_rclpy_minimal_action_client:/home/manab/ros2_ws/install/examples_rclpy_guard_conditions:/home/manab/ros2_ws/install/examples_rclpy_executors:/opt/ros/humble /usr/bin/cmake --build /home/manab/colcon_ws/build/linkattacher_msgs -- -j4 -l4
[0.109s] [  2%] Built target linkattacher_msgs__cpp
[0.150s] [  2%] Built target ament_cmake_python_copy_linkattacher_msgs
[0.183s] [ 12%] Built target linkattacher_msgs__rosidl_typesupport_fastrtps_cpp
[0.215s] [ 23%] Built target linkattacher_msgs__rosidl_typesupport_introspection_cpp
[0.603s] running egg_info
[0.625s] writing linkattacher_msgs.egg-info/PKG-INFO
[0.627s] writing dependency_links to linkattacher_msgs.egg-info/dependency_links.txt
[0.627s] writing top-level names to linkattacher_msgs.egg-info/top_level.txt
[0.748s] [2;36m[09/24/24 22:46:06][0m[2;36m [0m[1;31mERROR   [0m listing git files failed - pretending there aren't any                                                                                                                ]8;id=243578;file:///home/manab/.local/lib/python3.10/site-packages/setuptools_scm/_file_finders/git.py\[2mgit.py[0m]8;;\[2m:[0m]8;id=740075;file:///home/manab/.local/lib/python3.10/site-packages/setuptools_scm/_file_finders/git.py#26\[2m26[0m]8;;\
[0.920s] reading manifest file 'linkattacher_msgs.egg-info/SOURCES.txt'
[0.920s] writing manifest file 'linkattacher_msgs.egg-info/SOURCES.txt'
[0.987s] [ 23%] Built target ament_cmake_python_build_linkattacher_msgs_egg
[1.023s] [ 33%] Built target linkattacher_msgs__rosidl_typesupport_cpp
[1.046s] [ 43%] Built target linkattacher_msgs__rosidl_generator_c
[1.075s] [ 53%] Built target linkattacher_msgs__rosidl_typesupport_fastrtps_c
[1.102s] [ 64%] Built target linkattacher_msgs__rosidl_typesupport_c
[1.125s] [ 74%] Built target linkattacher_msgs__rosidl_typesupport_introspection_c
[1.141s] [ 74%] Built target linkattacher_msgs
[1.163s] [ 76%] Built target linkattacher_msgs__py
[1.181s] [ 84%] Built target linkattacher_msgs__rosidl_generator_py
[1.200s] [ 89%] Built target linkattacher_msgs__rosidl_typesupport_fastrtps_c__pyext
[1.218s] [ 94%] Built target linkattacher_msgs__rosidl_typesupport_c__pyext
[1.236s] [100%] Built target linkattacher_msgs__rosidl_typesupport_introspection_c__pyext
[1.245s] Invoked command in '/home/manab/colcon_ws/build/linkattacher_msgs' returned '0': CMAKE_PREFIX_PATH=${CMAKE_PREFIX_PATH}:/home/manab/colcon_ws/install/ur5_control:/home/manab/ros2_ws/install/launch_testing_examples:/home/manab/ros2_ws/install/examples_rclpy_pointcloud_publisher:/home/manab/ros2_ws/install/examples_rclpy_minimal_subscriber:/home/manab/ros2_ws/install/examples_rclpy_minimal_service:/home/manab/ros2_ws/install/examples_rclpy_minimal_publisher:/home/manab/ros2_ws/install/examples_rclpy_minimal_client:/home/manab/ros2_ws/install/examples_rclpy_minimal_action_server:/home/manab/ros2_ws/install/examples_rclpy_minimal_action_client:/home/manab/ros2_ws/install/examples_rclpy_guard_conditions:/home/manab/ros2_ws/install/examples_rclpy_executors:/opt/ros/humble /usr/bin/cmake --build /home/manab/colcon_ws/build/linkattacher_msgs -- -j4 -l4
[1.309s] Invoking command in '/home/manab/colcon_ws/build/linkattacher_msgs': CMAKE_PREFIX_PATH=${CMAKE_PREFIX_PATH}:/home/manab/colcon_ws/install/ur5_control:/home/manab/ros2_ws/install/launch_testing_examples:/home/manab/ros2_ws/install/examples_rclpy_pointcloud_publisher:/home/manab/ros2_ws/install/examples_rclpy_minimal_subscriber:/home/manab/ros2_ws/install/examples_rclpy_minimal_service:/home/manab/ros2_ws/install/examples_rclpy_minimal_publisher:/home/manab/ros2_ws/install/examples_rclpy_minimal_client:/home/manab/ros2_ws/install/examples_rclpy_minimal_action_server:/home/manab/ros2_ws/install/examples_rclpy_minimal_action_client:/home/manab/ros2_ws/install/examples_rclpy_guard_conditions:/home/manab/ros2_ws/install/examples_rclpy_executors:/opt/ros/humble /usr/bin/cmake --install /home/manab/colcon_ws/build/linkattacher_msgs
[1.316s] -- Install configuration: ""
[1.316s] -- Up-to-date: /home/manab/colcon_ws/install/linkattacher_msgs/share/linkattacher_msgs/srv
[1.316s] -- Up-to-date: /home/manab/colcon_ws/install/linkattacher_msgs/share/linkattacher_msgs/srv/AttachLink.srv
[1.316s] -- Up-to-date: /home/manab/colcon_ws/install/linkattacher_msgs/share/linkattacher_msgs/srv/DetachLink.srv
[1.316s] -- Up-to-date: /home/manab/colcon_ws/install/linkattacher_msgs/share/ament_index/resource_index/rosidl_interfaces/linkattacher_msgs
[1.316s] -- Up-to-date: /home/manab/colcon_ws/install/linkattacher_msgs/include/linkattacher_msgs/linkattacher_msgs
[1.316s] -- Up-to-date: /home/manab/colcon_ws/install/linkattacher_msgs/include/linkattacher_msgs/linkattacher_msgs/srv
[1.316s] -- Up-to-date: /home/manab/colcon_ws/install/linkattacher_msgs/include/linkattacher_msgs/linkattacher_msgs/srv/attach_link.h
[1.316s] -- Up-to-date: /home/manab/colcon_ws/install/linkattacher_msgs/include/linkattacher_msgs/linkattacher_msgs/srv/detail
[1.316s] -- Up-to-date: /home/manab/colcon_ws/install/linkattacher_msgs/include/linkattacher_msgs/linkattacher_msgs/srv/detail/detach_link__struct.h
[1.316s] -- Up-to-date: /home/manab/colcon_ws/install/linkattacher_msgs/include/linkattacher_msgs/linkattacher_msgs/srv/detail/detach_link__functions.h
[1.316s] -- Up-to-date: /home/manab/colcon_ws/install/linkattacher_msgs/include/linkattacher_msgs/linkattacher_msgs/srv/detail/detach_link__type_support.h
[1.316s] -- Up-to-date: /home/manab/colcon_ws/install/linkattacher_msgs/include/linkattacher_msgs/linkattacher_msgs/srv/detail/attach_link__functions.c
[1.317s] -- Up-to-date: /home/manab/colcon_ws/install/linkattacher_msgs/include/linkattacher_msgs/linkattacher_msgs/srv/detail/detach_link__functions.c
[1.317s] -- Up-to-date: /home/manab/colcon_ws/install/linkattacher_msgs/include/linkattacher_msgs/linkattacher_msgs/srv/detail/attach_link__type_support.h
[1.317s] -- Up-to-date: /home/manab/colcon_ws/install/linkattacher_msgs/include/linkattacher_msgs/linkattacher_msgs/srv/detail/attach_link__functions.h
[1.317s] -- Up-to-date: /home/manab/colcon_ws/install/linkattacher_msgs/include/linkattacher_msgs/linkattacher_msgs/srv/detail/attach_link__struct.h
[1.317s] -- Up-to-date: /home/manab/colcon_ws/install/linkattacher_msgs/include/linkattacher_msgs/linkattacher_msgs/srv/detach_link.h
[1.317s] -- Up-to-date: /home/manab/colcon_ws/install/linkattacher_msgs/include/linkattacher_msgs/linkattacher_msgs/msg
[1.317s] -- Up-to-date: /home/manab/colcon_ws/install/linkattacher_msgs/include/linkattacher_msgs/linkattacher_msgs/msg/rosidl_generator_c__visibility_control.h
[1.317s] -- Up-to-date: /home/manab/colcon_ws/install/linkattacher_msgs/share/linkattacher_msgs/environment/library_path.sh
[1.317s] -- Up-to-date: /home/manab/colcon_ws/install/linkattacher_msgs/share/linkattacher_msgs/environment/library_path.dsv
[1.317s] -- Up-to-date: /home/manab/colcon_ws/install/linkattacher_msgs/lib/liblinkattacher_msgs__rosidl_generator_c.so
[1.317s] -- Up-to-date: /home/manab/colcon_ws/install/linkattacher_msgs/include/linkattacher_msgs/linkattacher_msgs
[1.318s] -- Up-to-date: /home/manab/colcon_ws/install/linkattacher_msgs/include/linkattacher_msgs/linkattacher_msgs/srv
[1.318s] -- Up-to-date: /home/manab/colcon_ws/install/linkattacher_msgs/include/linkattacher_msgs/linkattacher_msgs/srv/detail
[1.318s] -- Up-to-date: /home/manab/colcon_ws/install/linkattacher_msgs/include/linkattacher_msgs/linkattacher_msgs/srv/detail/attach_link__rosidl_typesupport_fastrtps_c.h
[1.318s] -- Up-to-date: /home/manab/colcon_ws/install/linkattacher_msgs/include/linkattacher_msgs/linkattacher_msgs/srv/detail/detach_link__rosidl_typesupport_fastrtps_c.h
[1.318s] -- Up-to-date: /home/manab/colcon_ws/install/linkattacher_msgs/include/linkattacher_msgs/linkattacher_msgs/msg
[1.318s] -- Up-to-date: /home/manab/colcon_ws/install/linkattacher_msgs/include/linkattacher_msgs/linkattacher_msgs/msg/rosidl_typesupport_fastrtps_c__visibility_control.h
[1.318s] -- Up-to-date: /home/manab/colcon_ws/install/linkattacher_msgs/lib/liblinkattacher_msgs__rosidl_typesupport_fastrtps_c.so
[1.318s] -- Up-to-date: /home/manab/colcon_ws/install/linkattacher_msgs/include/linkattacher_msgs/linkattacher_msgs
[1.318s] -- Up-to-date: /home/manab/colcon_ws/install/linkattacher_msgs/include/linkattacher_msgs/linkattacher_msgs/srv
[1.318s] -- Up-to-date: /home/manab/colcon_ws/install/linkattacher_msgs/include/linkattacher_msgs/linkattacher_msgs/srv/detail
[1.318s] -- Up-to-date: /home/manab/colcon_ws/install/linkattacher_msgs/include/linkattacher_msgs/linkattacher_msgs/srv/detail/detach_link__rosidl_typesupport_introspection_c.h
[1.318s] -- Up-to-date: /home/manab/colcon_ws/install/linkattacher_msgs/include/linkattacher_msgs/linkattacher_msgs/srv/detail/detach_link__type_support.c
[1.318s] -- Up-to-date: /home/manab/colcon_ws/install/linkattacher_msgs/include/linkattacher_msgs/linkattacher_msgs/srv/detail/attach_link__type_support.c
[1.318s] -- Up-to-date: /home/manab/colcon_ws/install/linkattacher_msgs/include/linkattacher_msgs/linkattacher_msgs/srv/detail/attach_link__rosidl_typesupport_introspection_c.h
[1.318s] -- Up-to-date: /home/manab/colcon_ws/install/linkattacher_msgs/include/linkattacher_msgs/linkattacher_msgs/msg
[1.318s] -- Up-to-date: /home/manab/colcon_ws/install/linkattacher_msgs/include/linkattacher_msgs/linkattacher_msgs/msg/rosidl_typesupport_introspection_c__visibility_control.h
[1.318s] -- Up-to-date: /home/manab/colcon_ws/install/linkattacher_msgs/lib/liblinkattacher_msgs__rosidl_typesupport_introspection_c.so
[1.319s] -- Up-to-date: /home/manab/colcon_ws/install/linkattacher_msgs/lib/liblinkattacher_msgs__rosidl_typesupport_c.so
[1.319s] -- Up-to-date: /home/manab/colcon_ws/install/linkattacher_msgs/include/linkattacher_msgs/linkattacher_msgs
[1.319s] -- Up-to-date: /home/manab/colcon_ws/install/linkattacher_msgs/include/linkattacher_msgs/linkattacher_msgs/srv
[1.319s] -- Up-to-date: /home/manab/colcon_ws/install/linkattacher_msgs/include/linkattacher_msgs/linkattacher_msgs/srv/detach_link.hpp
[1.319s] -- Up-to-date: /home/manab/colcon_ws/install/linkattacher_msgs/include/linkattacher_msgs/linkattacher_msgs/srv/detail
[1.319s] -- Up-to-date: /home/manab/colcon_ws/install/linkattacher_msgs/include/linkattacher_msgs/linkattacher_msgs/srv/detail/detach_link__struct.hpp
[1.319s] -- Up-to-date: /home/manab/colcon_ws/install/linkattacher_msgs/include/linkattacher_msgs/linkattacher_msgs/srv/detail/attach_link__builder.hpp
[1.319s] -- Up-to-date: /home/manab/colcon_ws/install/linkattacher_msgs/include/linkattacher_msgs/linkattacher_msgs/srv/detail/attach_link__struct.hpp
[1.320s] -- Up-to-date: /home/manab/colcon_ws/install/linkattacher_msgs/include/linkattacher_msgs/linkattacher_msgs/srv/detail/detach_link__traits.hpp
[1.320s] -- Up-to-date: /home/manab/colcon_ws/install/linkattacher_msgs/include/linkattacher_msgs/linkattacher_msgs/srv/detail/attach_link__traits.hpp
[1.320s] -- Up-to-date: /home/manab/colcon_ws/install/linkattacher_msgs/include/linkattacher_msgs/linkattacher_msgs/srv/detail/detach_link__builder.hpp
[1.320s] -- Up-to-date: /home/manab/colcon_ws/install/linkattacher_msgs/include/linkattacher_msgs/linkattacher_msgs/srv/attach_link.hpp
[1.320s] -- Up-to-date: /home/manab/colcon_ws/install/linkattacher_msgs/include/linkattacher_msgs/linkattacher_msgs
[1.321s] -- Up-to-date: /home/manab/colcon_ws/install/linkattacher_msgs/include/linkattacher_msgs/linkattacher_msgs/srv
[1.321s] -- Up-to-date: /home/manab/colcon_ws/install/linkattacher_msgs/include/linkattacher_msgs/linkattacher_msgs/srv/detail
[1.321s] -- Up-to-date: /home/manab/colcon_ws/install/linkattacher_msgs/include/linkattacher_msgs/linkattacher_msgs/srv/detail/dds_fastrtps
[1.321s] -- Up-to-date: /home/manab/colcon_ws/install/linkattacher_msgs/include/linkattacher_msgs/linkattacher_msgs/srv/detail/detach_link__rosidl_typesupport_fastrtps_cpp.hpp
[1.321s] -- Up-to-date: /home/manab/colcon_ws/install/linkattacher_msgs/include/linkattacher_msgs/linkattacher_msgs/srv/detail/attach_link__rosidl_typesupport_fastrtps_cpp.hpp
[1.321s] -- Up-to-date: /home/manab/colcon_ws/install/linkattacher_msgs/include/linkattacher_msgs/linkattacher_msgs/msg
[1.321s] -- Up-to-date: /home/manab/colcon_ws/install/linkattacher_msgs/include/linkattacher_msgs/linkattacher_msgs/msg/rosidl_typesupport_fastrtps_cpp__visibility_control.h
[1.321s] -- Up-to-date: /home/manab/colcon_ws/install/linkattacher_msgs/lib/liblinkattacher_msgs__rosidl_typesupport_fastrtps_cpp.so
[1.321s] -- Up-to-date: /home/manab/colcon_ws/install/linkattacher_msgs/include/linkattacher_msgs/linkattacher_msgs
[1.321s] -- Up-to-date: /home/manab/colcon_ws/install/linkattacher_msgs/include/linkattacher_msgs/linkattacher_msgs/srv
[1.321s] -- Up-to-date: /home/manab/colcon_ws/install/linkattacher_msgs/include/linkattacher_msgs/linkattacher_msgs/srv/detail
[1.321s] -- Up-to-date: /home/manab/colcon_ws/install/linkattacher_msgs/include/linkattacher_msgs/linkattacher_msgs/srv/detail/detach_link__type_support.cpp
[1.321s] -- Up-to-date: /home/manab/colcon_ws/install/linkattacher_msgs/include/linkattacher_msgs/linkattacher_msgs/srv/detail/attach_link__rosidl_typesupport_introspection_cpp.hpp
[1.321s] -- Up-to-date: /home/manab/colcon_ws/install/linkattacher_msgs/include/linkattacher_msgs/linkattacher_msgs/srv/detail/detach_link__rosidl_typesupport_introspection_cpp.hpp
[1.321s] -- Up-to-date: /home/manab/colcon_ws/install/linkattacher_msgs/include/linkattacher_msgs/linkattacher_msgs/srv/detail/attach_link__type_support.cpp
[1.321s] -- Up-to-date: /home/manab/colcon_ws/install/linkattacher_msgs/lib/liblinkattacher_msgs__rosidl_typesupport_introspection_cpp.so
[1.321s] -- Up-to-date: /home/manab/colcon_ws/install/linkattacher_msgs/lib/liblinkattacher_msgs__rosidl_typesupport_cpp.so
[1.321s] -- Up-to-date: /home/manab/colcon_ws/install/linkattacher_msgs/share/linkattacher_msgs/environment/pythonpath.sh
[1.321s] -- Up-to-date: /home/manab/colcon_ws/install/linkattacher_msgs/share/linkattacher_msgs/environment/pythonpath.dsv
[1.321s] -- Up-to-date: /home/manab/colcon_ws/install/linkattacher_msgs/local/lib/python3.10/dist-packages/linkattacher_msgs-0.0.0-py3.10.egg-info
[1.321s] -- Installing: /home/manab/colcon_ws/install/linkattacher_msgs/local/lib/python3.10/dist-packages/linkattacher_msgs-0.0.0-py3.10.egg-info/SOURCES.txt
[1.321s] -- Installing: /home/manab/colcon_ws/install/linkattacher_msgs/local/lib/python3.10/dist-packages/linkattacher_msgs-0.0.0-py3.10.egg-info/PKG-INFO
[1.321s] -- Installing: /home/manab/colcon_ws/install/linkattacher_msgs/local/lib/python3.10/dist-packages/linkattacher_msgs-0.0.0-py3.10.egg-info/top_level.txt
[1.321s] -- Installing: /home/manab/colcon_ws/install/linkattacher_msgs/local/lib/python3.10/dist-packages/linkattacher_msgs-0.0.0-py3.10.egg-info/dependency_links.txt
[1.321s] -- Up-to-date: /home/manab/colcon_ws/install/linkattacher_msgs/local/lib/python3.10/dist-packages/linkattacher_msgs
[1.321s] -- Up-to-date: /home/manab/colcon_ws/install/linkattacher_msgs/local/lib/python3.10/dist-packages/linkattacher_msgs/_linkattacher_msgs_s.ep.rosidl_typesupport_c.c
[1.321s] -- Up-to-date: /home/manab/colcon_ws/install/linkattacher_msgs/local/lib/python3.10/dist-packages/linkattacher_msgs/linkattacher_msgs_s__rosidl_typesupport_c.cpython-310-x86_64-linux-gnu.so
[1.322s] -- Up-to-date: /home/manab/colcon_ws/install/linkattacher_msgs/local/lib/python3.10/dist-packages/linkattacher_msgs/__init__.py
[1.322s] -- Up-to-date: /home/manab/colcon_ws/install/linkattacher_msgs/local/lib/python3.10/dist-packages/linkattacher_msgs/_linkattacher_msgs_s.ep.rosidl_typesupport_introspection_c.c
[1.322s] -- Up-to-date: /home/manab/colcon_ws/install/linkattacher_msgs/local/lib/python3.10/dist-packages/linkattacher_msgs/_linkattacher_msgs_s.ep.rosidl_typesupport_fastrtps_c.c
[1.322s] -- Up-to-date: /home/manab/colcon_ws/install/linkattacher_msgs/local/lib/python3.10/dist-packages/linkattacher_msgs/liblinkattacher_msgs__rosidl_generator_py.so
[1.322s] -- Up-to-date: /home/manab/colcon_ws/install/linkattacher_msgs/local/lib/python3.10/dist-packages/linkattacher_msgs/linkattacher_msgs_s__rosidl_typesupport_introspection_c.cpython-310-x86_64-linux-gnu.so
[1.322s] -- Up-to-date: /home/manab/colcon_ws/install/linkattacher_msgs/local/lib/python3.10/dist-packages/linkattacher_msgs/srv
[1.322s] -- Up-to-date: /home/manab/colcon_ws/install/linkattacher_msgs/local/lib/python3.10/dist-packages/linkattacher_msgs/srv/_detach_link_s.c
[1.322s] -- Up-to-date: /home/manab/colcon_ws/install/linkattacher_msgs/local/lib/python3.10/dist-packages/linkattacher_msgs/srv/_attach_link.py
[1.322s] -- Up-to-date: /home/manab/colcon_ws/install/linkattacher_msgs/local/lib/python3.10/dist-packages/linkattacher_msgs/srv/__init__.py
[1.322s] -- Up-to-date: /home/manab/colcon_ws/install/linkattacher_msgs/local/lib/python3.10/dist-packages/linkattacher_msgs/srv/_attach_link_s.c
[1.322s] -- Up-to-date: /home/manab/colcon_ws/install/linkattacher_msgs/local/lib/python3.10/dist-packages/linkattacher_msgs/srv/_detach_link.py
[1.322s] -- Up-to-date: /home/manab/colcon_ws/install/linkattacher_msgs/local/lib/python3.10/dist-packages/linkattacher_msgs/linkattacher_msgs_s__rosidl_typesupport_fastrtps_c.cpython-310-x86_64-linux-gnu.so
[1.348s] Listing '/home/manab/colcon_ws/install/linkattacher_msgs/local/lib/python3.10/dist-packages/linkattacher_msgs'...
[1.348s] Listing '/home/manab/colcon_ws/install/linkattacher_msgs/local/lib/python3.10/dist-packages/linkattacher_msgs/srv'...
[1.351s] -- Up-to-date: /home/manab/colcon_ws/install/linkattacher_msgs/local/lib/python3.10/dist-packages/linkattacher_msgs/linkattacher_msgs_s__rosidl_typesupport_fastrtps_c.cpython-310-x86_64-linux-gnu.so
[1.352s] -- Up-to-date: /home/manab/colcon_ws/install/linkattacher_msgs/local/lib/python3.10/dist-packages/linkattacher_msgs/linkattacher_msgs_s__rosidl_typesupport_introspection_c.cpython-310-x86_64-linux-gnu.so
[1.352s] -- Up-to-date: /home/manab/colcon_ws/install/linkattacher_msgs/local/lib/python3.10/dist-packages/linkattacher_msgs/linkattacher_msgs_s__rosidl_typesupport_c.cpython-310-x86_64-linux-gnu.so
[1.352s] -- Up-to-date: /home/manab/colcon_ws/install/linkattacher_msgs/lib/liblinkattacher_msgs__rosidl_generator_py.so
[1.352s] -- Up-to-date: /home/manab/colcon_ws/install/linkattacher_msgs/share/linkattacher_msgs/srv/AttachLink.idl
[1.352s] -- Up-to-date: /home/manab/colcon_ws/install/linkattacher_msgs/share/linkattacher_msgs/srv/DetachLink.idl
[1.352s] -- Up-to-date: /home/manab/colcon_ws/install/linkattacher_msgs/share/linkattacher_msgs/srv/AttachLink.srv
[1.352s] -- Up-to-date: /home/manab/colcon_ws/install/linkattacher_msgs/share/linkattacher_msgs/srv/AttachLink_Request.msg
[1.352s] -- Up-to-date: /home/manab/colcon_ws/install/linkattacher_msgs/share/linkattacher_msgs/srv/AttachLink_Response.msg
[1.352s] -- Up-to-date: /home/manab/colcon_ws/install/linkattacher_msgs/share/linkattacher_msgs/srv/DetachLink.srv
[1.352s] -- Up-to-date: /home/manab/colcon_ws/install/linkattacher_msgs/share/linkattacher_msgs/srv/DetachLink_Request.msg
[1.352s] -- Up-to-date: /home/manab/colcon_ws/install/linkattacher_msgs/share/linkattacher_msgs/srv/DetachLink_Response.msg
[1.352s] -- Up-to-date: /home/manab/colcon_ws/install/linkattacher_msgs/share/ament_index/resource_index/package_run_dependencies/linkattacher_msgs
[1.352s] -- Up-to-date: /home/manab/colcon_ws/install/linkattacher_msgs/share/ament_index/resource_index/parent_prefix_path/linkattacher_msgs
[1.353s] -- Up-to-date: /home/manab/colcon_ws/install/linkattacher_msgs/share/linkattacher_msgs/environment/ament_prefix_path.sh
[1.353s] -- Up-to-date: /home/manab/colcon_ws/install/linkattacher_msgs/share/linkattacher_msgs/environment/ament_prefix_path.dsv
[1.353s] -- Up-to-date: /home/manab/colcon_ws/install/linkattacher_msgs/share/linkattacher_msgs/environment/path.sh
[1.353s] -- Up-to-date: /home/manab/colcon_ws/install/linkattacher_msgs/share/linkattacher_msgs/environment/path.dsv
[1.353s] -- Up-to-date: /home/manab/colcon_ws/install/linkattacher_msgs/share/linkattacher_msgs/local_setup.bash
[1.353s] -- Up-to-date: /home/manab/colcon_ws/install/linkattacher_msgs/share/linkattacher_msgs/local_setup.sh
[1.353s] -- Up-to-date: /home/manab/colcon_ws/install/linkattacher_msgs/share/linkattacher_msgs/local_setup.zsh
[1.353s] -- Up-to-date: /home/manab/colcon_ws/install/linkattacher_msgs/share/linkattacher_msgs/local_setup.dsv
[1.353s] -- Installing: /home/manab/colcon_ws/install/linkattacher_msgs/share/linkattacher_msgs/package.dsv
[1.353s] -- Up-to-date: /home/manab/colcon_ws/install/linkattacher_msgs/share/ament_index/resource_index/packages/linkattacher_msgs
[1.353s] -- Up-to-date: /home/manab/colcon_ws/install/linkattacher_msgs/share/linkattacher_msgs/cmake/export_linkattacher_msgs__rosidl_generator_cExport.cmake
[1.353s] -- Up-to-date: /home/manab/colcon_ws/install/linkattacher_msgs/share/linkattacher_msgs/cmake/export_linkattacher_msgs__rosidl_generator_cExport-noconfig.cmake
[1.353s] -- Up-to-date: /home/manab/colcon_ws/install/linkattacher_msgs/share/linkattacher_msgs/cmake/export_linkattacher_msgs__rosidl_typesupport_fastrtps_cExport.cmake
[1.353s] -- Up-to-date: /home/manab/colcon_ws/install/linkattacher_msgs/share/linkattacher_msgs/cmake/export_linkattacher_msgs__rosidl_typesupport_fastrtps_cExport-noconfig.cmake
[1.353s] -- Up-to-date: /home/manab/colcon_ws/install/linkattacher_msgs/share/linkattacher_msgs/cmake/linkattacher_msgs__rosidl_typesupport_introspection_cExport.cmake
[1.354s] -- Up-to-date: /home/manab/colcon_ws/install/linkattacher_msgs/share/linkattacher_msgs/cmake/linkattacher_msgs__rosidl_typesupport_introspection_cExport-noconfig.cmake
[1.354s] -- Up-to-date: /home/manab/colcon_ws/install/linkattacher_msgs/share/linkattacher_msgs/cmake/linkattacher_msgs__rosidl_typesupport_cExport.cmake
[1.354s] -- Up-to-date: /home/manab/colcon_ws/install/linkattacher_msgs/share/linkattacher_msgs/cmake/linkattacher_msgs__rosidl_typesupport_cExport-noconfig.cmake
[1.354s] -- Up-to-date: /home/manab/colcon_ws/install/linkattacher_msgs/share/linkattacher_msgs/cmake/export_linkattacher_msgs__rosidl_generator_cppExport.cmake
[1.354s] -- Up-to-date: /home/manab/colcon_ws/install/linkattacher_msgs/share/linkattacher_msgs/cmake/export_linkattacher_msgs__rosidl_typesupport_fastrtps_cppExport.cmake
[1.354s] -- Up-to-date: /home/manab/colcon_ws/install/linkattacher_msgs/share/linkattacher_msgs/cmake/export_linkattacher_msgs__rosidl_typesupport_fastrtps_cppExport-noconfig.cmake
[1.354s] -- Up-to-date: /home/manab/colcon_ws/install/linkattacher_msgs/share/linkattacher_msgs/cmake/linkattacher_msgs__rosidl_typesupport_introspection_cppExport.cmake
[1.354s] -- Up-to-date: /home/manab/colcon_ws/install/linkattacher_msgs/share/linkattacher_msgs/cmake/linkattacher_msgs__rosidl_typesupport_introspection_cppExport-noconfig.cmake
[1.354s] -- Up-to-date: /home/manab/colcon_ws/install/linkattacher_msgs/share/linkattacher_msgs/cmake/linkattacher_msgs__rosidl_typesupport_cppExport.cmake
[1.354s] -- Up-to-date: /home/manab/colcon_ws/install/linkattacher_msgs/share/linkattacher_msgs/cmake/linkattacher_msgs__rosidl_typesupport_cppExport-noconfig.cmake
[1.354s] -- Up-to-date: /home/manab/colcon_ws/install/linkattacher_msgs/share/linkattacher_msgs/cmake/export_linkattacher_msgs__rosidl_generator_pyExport.cmake
[1.354s] -- Up-to-date: /home/manab/colcon_ws/install/linkattacher_msgs/share/linkattacher_msgs/cmake/export_linkattacher_msgs__rosidl_generator_pyExport-noconfig.cmake
[1.354s] -- Up-to-date: /home/manab/colcon_ws/install/linkattacher_msgs/share/linkattacher_msgs/cmake/rosidl_cmake-extras.cmake
[1.354s] -- Up-to-date: /home/manab/colcon_ws/install/linkattacher_msgs/share/linkattacher_msgs/cmake/ament_cmake_export_include_directories-extras.cmake
[1.354s] -- Up-to-date: /home/manab/colcon_ws/install/linkattacher_msgs/share/linkattacher_msgs/cmake/ament_cmake_export_libraries-extras.cmake
[1.354s] -- Up-to-date: /home/manab/colcon_ws/install/linkattacher_msgs/share/linkattacher_msgs/cmake/ament_cmake_export_targets-extras.cmake
[1.355s] -- Up-to-date: /home/manab/colcon_ws/install/linkattacher_msgs/share/linkattacher_msgs/cmake/rosidl_cmake_export_typesupport_targets-extras.cmake
[1.355s] -- Up-to-date: /home/manab/colcon_ws/install/linkattacher_msgs/share/linkattacher_msgs/cmake/ament_cmake_export_dependencies-extras.cmake
[1.355s] -- Up-to-date: /home/manab/colcon_ws/install/linkattacher_msgs/share/linkattacher_msgs/cmake/rosidl_cmake_export_typesupport_libraries-extras.cmake
[1.355s] -- Up-to-date: /home/manab/colcon_ws/install/linkattacher_msgs/share/linkattacher_msgs/cmake/linkattacher_msgsConfig.cmake
[1.355s] -- Up-to-date: /home/manab/colcon_ws/install/linkattacher_msgs/share/linkattacher_msgs/cmake/linkattacher_msgsConfig-version.cmake
[1.355s] -- Up-to-date: /home/manab/colcon_ws/install/linkattacher_msgs/share/linkattacher_msgs/package.xml
[1.356s] Invoked command in '/home/manab/colcon_ws/build/linkattacher_msgs' returned '0': CMAKE_PREFIX_PATH=${CMAKE_PREFIX_PATH}:/home/manab/colcon_ws/install/ur5_control:/home/manab/ros2_ws/install/launch_testing_examples:/home/manab/ros2_ws/install/examples_rclpy_pointcloud_publisher:/home/manab/ros2_ws/install/examples_rclpy_minimal_subscriber:/home/manab/ros2_ws/install/examples_rclpy_minimal_service:/home/manab/ros2_ws/install/examples_rclpy_minimal_publisher:/home/manab/ros2_ws/install/examples_rclpy_minimal_client:/home/manab/ros2_ws/install/examples_rclpy_minimal_action_server:/home/manab/ros2_ws/install/examples_rclpy_minimal_action_client:/home/manab/ros2_ws/install/examples_rclpy_guard_conditions:/home/manab/ros2_ws/install/examples_rclpy_executors:/opt/ros/humble /usr/bin/cmake --install /home/manab/colcon_ws/build/linkattacher_msgs
