[0.098s] DEBUG:colcon:Command line arguments: ['/home/manab/.local/bin/colcon', 'build']
[0.098s] DEBUG:colcon:Parsed command line arguments: Namespace(log_base=None, log_level=None, verb_name='build', build_base='build', install_base='install', merge_install=False, symlink_install=False, test_result_base=None, continue_on_error=False, executor='parallel', parallel_workers=4, event_handlers=None, ignore_user_meta=False, metas=['./colcon.meta'], base_paths=['.'], packages_ignore=None, packages_ignore_regex=None, paths=None, packages_up_to=None, packages_up_to_regex=None, packages_above=None, packages_above_and_dependencies=None, packages_above_depth=None, packages_select_by_dep=None, packages_skip_by_dep=None, packages_skip_up_to=None, packages_select_build_failed=False, packages_skip_build_finished=False, packages_select_test_failures=False, packages_skip_test_passed=False, packages_select=None, packages_skip=None, packages_select_regex=None, packages_skip_regex=None, packages_start=None, packages_end=None, allow_overriding=[], cmake_args=None, cmake_target=None, cmake_target_skip_unavailable=False, cmake_clean_cache=False, cmake_clean_first=False, cmake_force_configure=False, ament_cmake_args=None, catkin_cmake_args=None, catkin_skip_building_tests=False, mixin_files=None, mixin=None, verb_parser=<colcon_mixin.mixin.mixin_argument.MixinArgumentDecorator object at 0x7403d46debf0>, verb_extension=<colcon_core.verb.build.BuildVerb object at 0x7403d46dde10>, main=<bound method BuildVerb.main of <colcon_core.verb.build.BuildVerb object at 0x7403d46dde10>>, mixin_verb=('build',))
[0.130s] Level 1:colcon.colcon_core.package_discovery:discover_packages(colcon_meta) check parameters
[0.130s] Level 1:colcon.colcon_core.package_discovery:discover_packages(recursive) check parameters
[0.130s] Level 1:colcon.colcon_core.package_discovery:discover_packages(ignore) check parameters
[0.130s] Level 1:colcon.colcon_core.package_discovery:discover_packages(path) check parameters
[0.130s] Level 1:colcon.colcon_core.package_discovery:discover_packages(colcon_meta) discover
[0.130s] Level 1:colcon.colcon_core.package_discovery:discover_packages(recursive) discover
[0.130s] INFO:colcon.colcon_core.package_discovery:Crawling recursively for packages in '/home/manab/colcon_ws/src/ebot_nav2'
[0.130s] Level 1:colcon.colcon_core.package_identification:_identify(.) by extensions ['ignore', 'ignore_ament_install']
[0.130s] Level 1:colcon.colcon_core.package_identification:_identify(.) by extension 'ignore'
[0.130s] Level 1:colcon.colcon_core.package_identification:_identify(.) by extension 'ignore_ament_install'
[0.130s] Level 1:colcon.colcon_core.package_identification:_identify(.) by extensions ['colcon_pkg']
[0.130s] Level 1:colcon.colcon_core.package_identification:_identify(.) by extension 'colcon_pkg'
[0.130s] Level 1:colcon.colcon_core.package_identification:_identify(.) by extensions ['colcon_meta']
[0.130s] Level 1:colcon.colcon_core.package_identification:_identify(.) by extension 'colcon_meta'
[0.130s] Level 1:colcon.colcon_core.package_identification:_identify(.) by extensions ['ros']
[0.130s] Level 1:colcon.colcon_core.package_identification:_identify(.) by extension 'ros'
[0.143s] DEBUG:colcon.colcon_core.package_identification:Package '.' with type 'ros.ament_cmake' and name 'ebot_nav2'
[0.143s] Level 1:colcon.colcon_core.package_discovery:discover_packages(recursive) using defaults
[0.143s] Level 1:colcon.colcon_core.package_discovery:discover_packages(ignore) discover
[0.143s] Level 1:colcon.colcon_core.package_discovery:discover_packages(ignore) using defaults
[0.143s] Level 1:colcon.colcon_core.package_discovery:discover_packages(path) discover
[0.143s] Level 1:colcon.colcon_core.package_discovery:discover_packages(path) using defaults
[0.158s] Level 1:colcon.colcon_core.package_discovery:discover_packages(prefix_path) check parameters
[0.158s] Level 1:colcon.colcon_core.package_discovery:discover_packages(prefix_path) discover
[0.160s] DEBUG:colcon.colcon_installed_package_information.package_discovery:Found 10 installed packages in /home/manab/colcon_ws/install
[0.160s] DEBUG:colcon.colcon_installed_package_information.package_discovery:Found 22 installed packages in /home/manab/ros2_ws/install
[0.161s] DEBUG:colcon.colcon_installed_package_information.package_discovery:Found 374 installed packages in /opt/ros/humble
[0.163s] Level 1:colcon.colcon_core.package_discovery:discover_packages(prefix_path) using defaults
[0.195s] Level 5:colcon.colcon_core.verb:set package 'ebot_nav2' build argument 'cmake_args' from command line to 'None'
[0.195s] Level 5:colcon.colcon_core.verb:set package 'ebot_nav2' build argument 'cmake_target' from command line to 'None'
[0.195s] Level 5:colcon.colcon_core.verb:set package 'ebot_nav2' build argument 'cmake_target_skip_unavailable' from command line to 'False'
[0.195s] Level 5:colcon.colcon_core.verb:set package 'ebot_nav2' build argument 'cmake_clean_cache' from command line to 'False'
[0.195s] Level 5:colcon.colcon_core.verb:set package 'ebot_nav2' build argument 'cmake_clean_first' from command line to 'False'
[0.195s] Level 5:colcon.colcon_core.verb:set package 'ebot_nav2' build argument 'cmake_force_configure' from command line to 'False'
[0.196s] Level 5:colcon.colcon_core.verb:set package 'ebot_nav2' build argument 'ament_cmake_args' from command line to 'None'
[0.196s] Level 5:colcon.colcon_core.verb:set package 'ebot_nav2' build argument 'catkin_cmake_args' from command line to 'None'
[0.196s] Level 5:colcon.colcon_core.verb:set package 'ebot_nav2' build argument 'catkin_skip_building_tests' from command line to 'False'
[0.196s] DEBUG:colcon.colcon_core.verb:Building package 'ebot_nav2' with the following arguments: {'ament_cmake_args': None, 'build_base': '/home/manab/colcon_ws/src/ebot_nav2/build/ebot_nav2', 'catkin_cmake_args': None, 'catkin_skip_building_tests': False, 'cmake_args': None, 'cmake_clean_cache': False, 'cmake_clean_first': False, 'cmake_force_configure': False, 'cmake_target': None, 'cmake_target_skip_unavailable': False, 'install_base': '/home/manab/colcon_ws/src/ebot_nav2/install/ebot_nav2', 'merge_install': False, 'path': '/home/manab/colcon_ws/src/ebot_nav2', 'symlink_install': False, 'test_result_base': None}
[0.196s] INFO:colcon.colcon_core.executor:Executing jobs using 'parallel' executor
[0.197s] DEBUG:colcon.colcon_parallel_executor.executor.parallel:run_until_complete
[0.197s] INFO:colcon.colcon_ros.task.ament_cmake.build:Building ROS package in '/home/manab/colcon_ws/src/ebot_nav2' with build type 'ament_cmake'
[0.197s] INFO:colcon.colcon_cmake.task.cmake.build:Building CMake package in '/home/manab/colcon_ws/src/ebot_nav2'
[0.199s] INFO:colcon.colcon_core.plugin_system:Skipping extension 'colcon_core.shell.bat': Not used on non-Windows systems
[0.199s] INFO:colcon.colcon_core.shell:Skip shell extension 'powershell' for command environment: Not usable outside of PowerShell
[0.199s] DEBUG:colcon.colcon_core.shell:Skip shell extension 'dsv' for command environment
[0.207s] DEBUG:colcon.colcon_core.event_handler.log_command:Invoking command in '/home/manab/colcon_ws/src/ebot_nav2/build/ebot_nav2': CMAKE_PREFIX_PATH=${CMAKE_PREFIX_PATH}:/home/manab/colcon_ws/install/ur5_control:/home/manab/ros2_ws/install/launch_testing_examples:/home/manab/ros2_ws/install/examples_rclpy_pointcloud_publisher:/home/manab/ros2_ws/install/examples_rclpy_minimal_subscriber:/home/manab/ros2_ws/install/examples_rclpy_minimal_service:/home/manab/ros2_ws/install/examples_rclpy_minimal_publisher:/home/manab/ros2_ws/install/examples_rclpy_minimal_client:/home/manab/ros2_ws/install/examples_rclpy_minimal_action_server:/home/manab/ros2_ws/install/examples_rclpy_minimal_action_client:/home/manab/ros2_ws/install/examples_rclpy_guard_conditions:/home/manab/ros2_ws/install/examples_rclpy_executors:/opt/ros/humble /usr/bin/cmake /home/manab/colcon_ws/src/ebot_nav2 -DCMAKE_INSTALL_PREFIX=/home/manab/colcon_ws/src/ebot_nav2/install/ebot_nav2
[1.579s] DEBUG:colcon.colcon_core.event_handler.log_command:Invoked command in '/home/manab/colcon_ws/src/ebot_nav2/build/ebot_nav2' returned '0': CMAKE_PREFIX_PATH=${CMAKE_PREFIX_PATH}:/home/manab/colcon_ws/install/ur5_control:/home/manab/ros2_ws/install/launch_testing_examples:/home/manab/ros2_ws/install/examples_rclpy_pointcloud_publisher:/home/manab/ros2_ws/install/examples_rclpy_minimal_subscriber:/home/manab/ros2_ws/install/examples_rclpy_minimal_service:/home/manab/ros2_ws/install/examples_rclpy_minimal_publisher:/home/manab/ros2_ws/install/examples_rclpy_minimal_client:/home/manab/ros2_ws/install/examples_rclpy_minimal_action_server:/home/manab/ros2_ws/install/examples_rclpy_minimal_action_client:/home/manab/ros2_ws/install/examples_rclpy_guard_conditions:/home/manab/ros2_ws/install/examples_rclpy_executors:/opt/ros/humble /usr/bin/cmake /home/manab/colcon_ws/src/ebot_nav2 -DCMAKE_INSTALL_PREFIX=/home/manab/colcon_ws/src/ebot_nav2/install/ebot_nav2
[1.580s] DEBUG:colcon.colcon_core.event_handler.log_command:Invoking command in '/home/manab/colcon_ws/src/ebot_nav2/build/ebot_nav2': CMAKE_PREFIX_PATH=${CMAKE_PREFIX_PATH}:/home/manab/colcon_ws/install/ur5_control:/home/manab/ros2_ws/install/launch_testing_examples:/home/manab/ros2_ws/install/examples_rclpy_pointcloud_publisher:/home/manab/ros2_ws/install/examples_rclpy_minimal_subscriber:/home/manab/ros2_ws/install/examples_rclpy_minimal_service:/home/manab/ros2_ws/install/examples_rclpy_minimal_publisher:/home/manab/ros2_ws/install/examples_rclpy_minimal_client:/home/manab/ros2_ws/install/examples_rclpy_minimal_action_server:/home/manab/ros2_ws/install/examples_rclpy_minimal_action_client:/home/manab/ros2_ws/install/examples_rclpy_guard_conditions:/home/manab/ros2_ws/install/examples_rclpy_executors:/opt/ros/humble /usr/bin/cmake --build /home/manab/colcon_ws/src/ebot_nav2/build/ebot_nav2 -- -j4 -l4
[1.610s] DEBUG:colcon.colcon_core.event_handler.log_command:Invoked command in '/home/manab/colcon_ws/src/ebot_nav2/build/ebot_nav2' returned '0': CMAKE_PREFIX_PATH=${CMAKE_PREFIX_PATH}:/home/manab/colcon_ws/install/ur5_control:/home/manab/ros2_ws/install/launch_testing_examples:/home/manab/ros2_ws/install/examples_rclpy_pointcloud_publisher:/home/manab/ros2_ws/install/examples_rclpy_minimal_subscriber:/home/manab/ros2_ws/install/examples_rclpy_minimal_service:/home/manab/ros2_ws/install/examples_rclpy_minimal_publisher:/home/manab/ros2_ws/install/examples_rclpy_minimal_client:/home/manab/ros2_ws/install/examples_rclpy_minimal_action_server:/home/manab/ros2_ws/install/examples_rclpy_minimal_action_client:/home/manab/ros2_ws/install/examples_rclpy_guard_conditions:/home/manab/ros2_ws/install/examples_rclpy_executors:/opt/ros/humble /usr/bin/cmake --build /home/manab/colcon_ws/src/ebot_nav2/build/ebot_nav2 -- -j4 -l4
[1.636s] DEBUG:colcon.colcon_core.event_handler.log_command:Invoking command in '/home/manab/colcon_ws/src/ebot_nav2/build/ebot_nav2': CMAKE_PREFIX_PATH=${CMAKE_PREFIX_PATH}:/home/manab/colcon_ws/install/ur5_control:/home/manab/ros2_ws/install/launch_testing_examples:/home/manab/ros2_ws/install/examples_rclpy_pointcloud_publisher:/home/manab/ros2_ws/install/examples_rclpy_minimal_subscriber:/home/manab/ros2_ws/install/examples_rclpy_minimal_service:/home/manab/ros2_ws/install/examples_rclpy_minimal_publisher:/home/manab/ros2_ws/install/examples_rclpy_minimal_client:/home/manab/ros2_ws/install/examples_rclpy_minimal_action_server:/home/manab/ros2_ws/install/examples_rclpy_minimal_action_client:/home/manab/ros2_ws/install/examples_rclpy_guard_conditions:/home/manab/ros2_ws/install/examples_rclpy_executors:/opt/ros/humble /usr/bin/cmake --install /home/manab/colcon_ws/src/ebot_nav2/build/ebot_nav2
[1.665s] Level 1:colcon.colcon_core.environment:create_environment_scripts_only(ebot_nav2)
[1.666s] DEBUG:colcon.colcon_core.event_handler.log_command:Invoked command in '/home/manab/colcon_ws/src/ebot_nav2/build/ebot_nav2' returned '0': CMAKE_PREFIX_PATH=${CMAKE_PREFIX_PATH}:/home/manab/colcon_ws/install/ur5_control:/home/manab/ros2_ws/install/launch_testing_examples:/home/manab/ros2_ws/install/examples_rclpy_pointcloud_publisher:/home/manab/ros2_ws/install/examples_rclpy_minimal_subscriber:/home/manab/ros2_ws/install/examples_rclpy_minimal_service:/home/manab/ros2_ws/install/examples_rclpy_minimal_publisher:/home/manab/ros2_ws/install/examples_rclpy_minimal_client:/home/manab/ros2_ws/install/examples_rclpy_minimal_action_server:/home/manab/ros2_ws/install/examples_rclpy_minimal_action_client:/home/manab/ros2_ws/install/examples_rclpy_guard_conditions:/home/manab/ros2_ws/install/examples_rclpy_executors:/opt/ros/humble /usr/bin/cmake --install /home/manab/colcon_ws/src/ebot_nav2/build/ebot_nav2
[1.667s] Level 1:colcon.colcon_core.environment:checking '/home/manab/colcon_ws/src/ebot_nav2/install/ebot_nav2' for CMake module files
[1.668s] Level 1:colcon.colcon_core.environment:checking '/home/manab/colcon_ws/src/ebot_nav2/install/ebot_nav2' for CMake config files
[1.668s] Level 1:colcon.colcon_core.shell:create_environment_hook('ebot_nav2', 'cmake_prefix_path')
[1.668s] INFO:colcon.colcon_core.shell:Creating environment hook '/home/manab/colcon_ws/src/ebot_nav2/install/ebot_nav2/share/ebot_nav2/hook/cmake_prefix_path.ps1'
[1.668s] INFO:colcon.colcon_core.shell:Creating environment descriptor '/home/manab/colcon_ws/src/ebot_nav2/install/ebot_nav2/share/ebot_nav2/hook/cmake_prefix_path.dsv'
[1.669s] INFO:colcon.colcon_core.shell:Creating environment hook '/home/manab/colcon_ws/src/ebot_nav2/install/ebot_nav2/share/ebot_nav2/hook/cmake_prefix_path.sh'
[1.669s] Level 1:colcon.colcon_core.environment:checking '/home/manab/colcon_ws/src/ebot_nav2/install/ebot_nav2/bin'
[1.669s] Level 1:colcon.colcon_core.environment:checking '/home/manab/colcon_ws/src/ebot_nav2/install/ebot_nav2/lib/pkgconfig/ebot_nav2.pc'
[1.669s] Level 1:colcon.colcon_core.environment:checking '/home/manab/colcon_ws/src/ebot_nav2/install/ebot_nav2/lib/python3.10/site-packages'
[1.670s] Level 1:colcon.colcon_core.environment:checking '/home/manab/colcon_ws/src/ebot_nav2/install/ebot_nav2/bin'
[1.670s] INFO:colcon.colcon_core.shell:Creating package script '/home/manab/colcon_ws/src/ebot_nav2/install/ebot_nav2/share/ebot_nav2/package.ps1'
[1.670s] INFO:colcon.colcon_core.shell:Creating package descriptor '/home/manab/colcon_ws/src/ebot_nav2/install/ebot_nav2/share/ebot_nav2/package.dsv'
[1.671s] INFO:colcon.colcon_core.shell:Creating package script '/home/manab/colcon_ws/src/ebot_nav2/install/ebot_nav2/share/ebot_nav2/package.sh'
[1.671s] INFO:colcon.colcon_core.shell:Creating package script '/home/manab/colcon_ws/src/ebot_nav2/install/ebot_nav2/share/ebot_nav2/package.bash'
[1.671s] INFO:colcon.colcon_core.shell:Creating package script '/home/manab/colcon_ws/src/ebot_nav2/install/ebot_nav2/share/ebot_nav2/package.zsh'
[1.672s] Level 1:colcon.colcon_core.environment:create_file_with_runtime_dependencies(/home/manab/colcon_ws/src/ebot_nav2/install/ebot_nav2/share/colcon-core/packages/ebot_nav2)
[1.688s] Level 1:colcon.colcon_core.environment:create_environment_scripts_only(ebot_nav2)
[1.688s] Level 1:colcon.colcon_core.environment:checking '/home/manab/colcon_ws/src/ebot_nav2/install/ebot_nav2' for CMake module files
[1.688s] Level 1:colcon.colcon_core.environment:checking '/home/manab/colcon_ws/src/ebot_nav2/install/ebot_nav2' for CMake config files
[1.689s] Level 1:colcon.colcon_core.shell:create_environment_hook('ebot_nav2', 'cmake_prefix_path')
[1.689s] INFO:colcon.colcon_core.shell:Creating environment hook '/home/manab/colcon_ws/src/ebot_nav2/install/ebot_nav2/share/ebot_nav2/hook/cmake_prefix_path.ps1'
[1.689s] INFO:colcon.colcon_core.shell:Creating environment descriptor '/home/manab/colcon_ws/src/ebot_nav2/install/ebot_nav2/share/ebot_nav2/hook/cmake_prefix_path.dsv'
[1.689s] INFO:colcon.colcon_core.shell:Creating environment hook '/home/manab/colcon_ws/src/ebot_nav2/install/ebot_nav2/share/ebot_nav2/hook/cmake_prefix_path.sh'
[1.690s] Level 1:colcon.colcon_core.environment:checking '/home/manab/colcon_ws/src/ebot_nav2/install/ebot_nav2/bin'
[1.690s] Level 1:colcon.colcon_core.environment:checking '/home/manab/colcon_ws/src/ebot_nav2/install/ebot_nav2/lib/pkgconfig/ebot_nav2.pc'
[1.690s] Level 1:colcon.colcon_core.environment:checking '/home/manab/colcon_ws/src/ebot_nav2/install/ebot_nav2/lib/python3.10/site-packages'
[1.690s] Level 1:colcon.colcon_core.environment:checking '/home/manab/colcon_ws/src/ebot_nav2/install/ebot_nav2/bin'
[1.690s] INFO:colcon.colcon_core.shell:Creating package script '/home/manab/colcon_ws/src/ebot_nav2/install/ebot_nav2/share/ebot_nav2/package.ps1'
[1.690s] INFO:colcon.colcon_core.shell:Creating package descriptor '/home/manab/colcon_ws/src/ebot_nav2/install/ebot_nav2/share/ebot_nav2/package.dsv'
[1.691s] INFO:colcon.colcon_core.shell:Creating package script '/home/manab/colcon_ws/src/ebot_nav2/install/ebot_nav2/share/ebot_nav2/package.sh'
[1.691s] INFO:colcon.colcon_core.shell:Creating package script '/home/manab/colcon_ws/src/ebot_nav2/install/ebot_nav2/share/ebot_nav2/package.bash'
[1.691s] INFO:colcon.colcon_core.shell:Creating package script '/home/manab/colcon_ws/src/ebot_nav2/install/ebot_nav2/share/ebot_nav2/package.zsh'
[1.691s] Level 1:colcon.colcon_core.environment:create_file_with_runtime_dependencies(/home/manab/colcon_ws/src/ebot_nav2/install/ebot_nav2/share/colcon-core/packages/ebot_nav2)
[1.691s] DEBUG:colcon.colcon_parallel_executor.executor.parallel:closing loop
[1.692s] DEBUG:colcon.colcon_parallel_executor.executor.parallel:loop closed
[1.692s] DEBUG:colcon.colcon_parallel_executor.executor.parallel:run_until_complete finished with '0'
[1.692s] DEBUG:colcon.colcon_core.event_reactor:joining thread
[1.695s] INFO:colcon.colcon_core.plugin_system:Skipping extension 'colcon_notification.desktop_notification.terminal_notifier': Not used on non-Darwin systems
[1.695s] INFO:colcon.colcon_core.plugin_system:Skipping extension 'colcon_notification.desktop_notification.win32': Not used on non-Windows systems
[1.695s] INFO:colcon.colcon_notification.desktop_notification:Sending desktop notification using 'notify2'
[1.711s] DEBUG:colcon.colcon_core.event_reactor:joined thread
[1.712s] INFO:colcon.colcon_core.shell:Creating prefix script '/home/manab/colcon_ws/src/ebot_nav2/install/local_setup.ps1'
[1.713s] INFO:colcon.colcon_core.shell:Creating prefix util module '/home/manab/colcon_ws/src/ebot_nav2/install/_local_setup_util_ps1.py'
[1.714s] INFO:colcon.colcon_core.shell:Creating prefix chain script '/home/manab/colcon_ws/src/ebot_nav2/install/setup.ps1'
[1.716s] INFO:colcon.colcon_core.shell:Creating prefix script '/home/manab/colcon_ws/src/ebot_nav2/install/local_setup.sh'
[1.716s] INFO:colcon.colcon_core.shell:Creating prefix util module '/home/manab/colcon_ws/src/ebot_nav2/install/_local_setup_util_sh.py'
[1.716s] INFO:colcon.colcon_core.shell:Creating prefix chain script '/home/manab/colcon_ws/src/ebot_nav2/install/setup.sh'
[1.718s] INFO:colcon.colcon_core.shell:Creating prefix script '/home/manab/colcon_ws/src/ebot_nav2/install/local_setup.bash'
[1.720s] INFO:colcon.colcon_core.shell:Creating prefix chain script '/home/manab/colcon_ws/src/ebot_nav2/install/setup.bash'
[1.724s] INFO:colcon.colcon_core.shell:Creating prefix script '/home/manab/colcon_ws/src/ebot_nav2/install/local_setup.zsh'
[1.725s] INFO:colcon.colcon_core.shell:Creating prefix chain script '/home/manab/colcon_ws/src/ebot_nav2/install/setup.zsh'
