[0.127s] Invoking command in '/home/manab/colcon_ws/build/eyantra_warehouse': CMAKE_PREFIX_PATH=${CMAKE_PREFIX_PATH}:/home/manab/colcon_ws/install/ur5_control:/home/manab/ros2_ws/install/launch_testing_examples:/home/manab/ros2_ws/install/examples_rclpy_pointcloud_publisher:/home/manab/ros2_ws/install/examples_rclpy_minimal_subscriber:/home/manab/ros2_ws/install/examples_rclpy_minimal_service:/home/manab/ros2_ws/install/examples_rclpy_minimal_publisher:/home/manab/ros2_ws/install/examples_rclpy_minimal_client:/home/manab/ros2_ws/install/examples_rclpy_minimal_action_server:/home/manab/ros2_ws/install/examples_rclpy_minimal_action_client:/home/manab/ros2_ws/install/examples_rclpy_guard_conditions:/home/manab/ros2_ws/install/examples_rclpy_executors:/opt/ros/humble /usr/bin/cmake --build /home/manab/colcon_ws/build/eyantra_warehouse -- -j4 -l4
[0.281s] Invoked command in '/home/manab/colcon_ws/build/eyantra_warehouse' returned '0': CMAKE_PREFIX_PATH=${CMAKE_PREFIX_PATH}:/home/manab/colcon_ws/install/ur5_control:/home/manab/ros2_ws/install/launch_testing_examples:/home/manab/ros2_ws/install/examples_rclpy_pointcloud_publisher:/home/manab/ros2_ws/install/examples_rclpy_minimal_subscriber:/home/manab/ros2_ws/install/examples_rclpy_minimal_service:/home/manab/ros2_ws/install/examples_rclpy_minimal_publisher:/home/manab/ros2_ws/install/examples_rclpy_minimal_client:/home/manab/ros2_ws/install/examples_rclpy_minimal_action_server:/home/manab/ros2_ws/install/examples_rclpy_minimal_action_client:/home/manab/ros2_ws/install/examples_rclpy_guard_conditions:/home/manab/ros2_ws/install/examples_rclpy_executors:/opt/ros/humble /usr/bin/cmake --build /home/manab/colcon_ws/build/eyantra_warehouse -- -j4 -l4
[0.625s] Invoking command in '/home/manab/colcon_ws/build/eyantra_warehouse': CMAKE_PREFIX_PATH=${CMAKE_PREFIX_PATH}:/home/manab/colcon_ws/install/ur5_control:/home/manab/ros2_ws/install/launch_testing_examples:/home/manab/ros2_ws/install/examples_rclpy_pointcloud_publisher:/home/manab/ros2_ws/install/examples_rclpy_minimal_subscriber:/home/manab/ros2_ws/install/examples_rclpy_minimal_service:/home/manab/ros2_ws/install/examples_rclpy_minimal_publisher:/home/manab/ros2_ws/install/examples_rclpy_minimal_client:/home/manab/ros2_ws/install/examples_rclpy_minimal_action_server:/home/manab/ros2_ws/install/examples_rclpy_minimal_action_client:/home/manab/ros2_ws/install/examples_rclpy_guard_conditions:/home/manab/ros2_ws/install/examples_rclpy_executors:/opt/ros/humble /usr/bin/cmake --install /home/manab/colcon_ws/build/eyantra_warehouse
[0.631s] -- Install configuration: ""
[0.631s] -- Up-to-date: /home/manab/colcon_ws/install/eyantra_warehouse/share/eyantra_warehouse//launch
[0.631s] -- Up-to-date: /home/manab/colcon_ws/install/eyantra_warehouse/share/eyantra_warehouse//launch/task0.launch.py
[0.631s] -- Up-to-date: /home/manab/colcon_ws/install/eyantra_warehouse/share/eyantra_warehouse//launch/task1c.launch.py
[0.631s] -- Up-to-date: /home/manab/colcon_ws/install/eyantra_warehouse/share/eyantra_warehouse//launch/task1b.launch.py
[0.631s] -- Up-to-date: /home/manab/colcon_ws/install/eyantra_warehouse/share/eyantra_warehouse//worlds
[0.631s] -- Up-to-date: /home/manab/colcon_ws/install/eyantra_warehouse/share/eyantra_warehouse//worlds/eyantra_warehouse_task1c.world
[0.631s] -- Up-to-date: /home/manab/colcon_ws/install/eyantra_warehouse/share/eyantra_warehouse//worlds/eyantra_warehouse_task0.world
[0.635s] -- Up-to-date: /home/manab/colcon_ws/install/eyantra_warehouse/share/eyantra_warehouse//worlds/eyantra_warehouse_task1b.world
[0.635s] -- Up-to-date: /home/manab/colcon_ws/install/eyantra_warehouse/share/eyantra_warehouse//models
[0.635s] -- Up-to-date: /home/manab/colcon_ws/install/eyantra_warehouse/share/eyantra_warehouse//models/aws_robomaker_warehouse_DeskC_01
[0.636s] -- Up-to-date: /home/manab/colcon_ws/install/eyantra_warehouse/share/eyantra_warehouse//models/aws_robomaker_warehouse_DeskC_01/model.config
[0.636s] -- Up-to-date: /home/manab/colcon_ws/install/eyantra_warehouse/share/eyantra_warehouse//models/aws_robomaker_warehouse_DeskC_01/model.sdf
[0.636s] -- Up-to-date: /home/manab/colcon_ws/install/eyantra_warehouse/share/eyantra_warehouse//models/aws_robomaker_warehouse_DeskC_01/materials
[0.636s] -- Up-to-date: /home/manab/colcon_ws/install/eyantra_warehouse/share/eyantra_warehouse//models/aws_robomaker_warehouse_DeskC_01/materials/textures
[0.636s] -- Up-to-date: /home/manab/colcon_ws/install/eyantra_warehouse/share/eyantra_warehouse//models/aws_robomaker_warehouse_DeskC_01/materials/textures/aws_robomaker_warehouse_DeskC_03.psd
[0.636s] -- Up-to-date: /home/manab/colcon_ws/install/eyantra_warehouse/share/eyantra_warehouse//models/aws_robomaker_warehouse_DeskC_01/materials/textures/aws_robomaker_warehouse_DeskC_02.png
[0.636s] -- Up-to-date: /home/manab/colcon_ws/install/eyantra_warehouse/share/eyantra_warehouse//models/aws_robomaker_warehouse_DeskC_01/materials/textures/aws_robomaker_warehouse_DeskC_04.png
[0.636s] -- Up-to-date: /home/manab/colcon_ws/install/eyantra_warehouse/share/eyantra_warehouse//models/aws_robomaker_warehouse_DeskC_01/materials/textures/aws_robomaker_warehouse_DeskC_01.png
[0.636s] -- Up-to-date: /home/manab/colcon_ws/install/eyantra_warehouse/share/eyantra_warehouse//models/aws_robomaker_warehouse_DeskC_01/materials/textures/aws_robomaker_warehouse_DeskC_03.png
[0.637s] -- Up-to-date: /home/manab/colcon_ws/install/eyantra_warehouse/share/eyantra_warehouse//models/aws_robomaker_warehouse_DeskC_01/materials/.DS_Store
[0.637s] -- Up-to-date: /home/manab/colcon_ws/install/eyantra_warehouse/share/eyantra_warehouse//models/aws_robomaker_warehouse_DeskC_01/meshes
[0.637s] -- Up-to-date: /home/manab/colcon_ws/install/eyantra_warehouse/share/eyantra_warehouse//models/aws_robomaker_warehouse_DeskC_01/meshes/aws_robomaker_warehouse_DeskC_01_collision.DAE
[0.637s] -- Up-to-date: /home/manab/colcon_ws/install/eyantra_warehouse/share/eyantra_warehouse//models/aws_robomaker_warehouse_DeskC_01/meshes/aws_robomaker_warehouse_DeskC_01_visual.DAE
[0.637s] -- Up-to-date: /home/manab/colcon_ws/install/eyantra_warehouse/share/eyantra_warehouse//models/aws_robomaker_warehouse_ClutteringD_01
[0.637s] -- Up-to-date: /home/manab/colcon_ws/install/eyantra_warehouse/share/eyantra_warehouse//models/aws_robomaker_warehouse_ClutteringD_01/model.config
[0.637s] -- Up-to-date: /home/manab/colcon_ws/install/eyantra_warehouse/share/eyantra_warehouse//models/aws_robomaker_warehouse_ClutteringD_01/model.sdf
[0.637s] -- Up-to-date: /home/manab/colcon_ws/install/eyantra_warehouse/share/eyantra_warehouse//models/aws_robomaker_warehouse_ClutteringD_01/materials
[0.637s] -- Up-to-date: /home/manab/colcon_ws/install/eyantra_warehouse/share/eyantra_warehouse//models/aws_robomaker_warehouse_ClutteringD_01/materials/textures
[0.641s] -- Up-to-date: /home/manab/colcon_ws/install/eyantra_warehouse/share/eyantra_warehouse//models/aws_robomaker_warehouse_ClutteringD_01/materials/textures/aws_robomaker_warehouse_ClutteringD_02.png
[0.642s] -- Up-to-date: /home/manab/colcon_ws/install/eyantra_warehouse/share/eyantra_warehouse//models/aws_robomaker_warehouse_ClutteringD_01/materials/textures/aws_robomaker_warehouse_ClutteringD_01.png
[0.642s] -- Up-to-date: /home/manab/colcon_ws/install/eyantra_warehouse/share/eyantra_warehouse//models/aws_robomaker_warehouse_ClutteringD_01/meshes
[0.642s] -- Up-to-date: /home/manab/colcon_ws/install/eyantra_warehouse/share/eyantra_warehouse//models/aws_robomaker_warehouse_ClutteringD_01/meshes/aws_robomaker_warehouse_ClutteringD_01_visual.DAE
[0.642s] -- Up-to-date: /home/manab/colcon_ws/install/eyantra_warehouse/share/eyantra_warehouse//models/aws_robomaker_warehouse_ClutteringD_01/meshes/aws_robomaker_warehouse_ClutteringD_01_collision.DAE
[0.642s] -- Up-to-date: /home/manab/colcon_ws/install/eyantra_warehouse/share/eyantra_warehouse//models/rack
[0.642s] -- Up-to-date: /home/manab/colcon_ws/install/eyantra_warehouse/share/eyantra_warehouse//models/rack/model.config
[0.642s] -- Up-to-date: /home/manab/colcon_ws/install/eyantra_warehouse/share/eyantra_warehouse//models/rack/model.sdf
[0.642s] -- Up-to-date: /home/manab/colcon_ws/install/eyantra_warehouse/share/eyantra_warehouse//models/rack/meshes
[0.642s] -- Up-to-date: /home/manab/colcon_ws/install/eyantra_warehouse/share/eyantra_warehouse//models/rack/meshes/rack.dae
[0.642s] -- Up-to-date: /home/manab/colcon_ws/install/eyantra_warehouse/share/eyantra_warehouse//models/rack/meshes/rack.stl
[0.642s] -- Up-to-date: /home/manab/colcon_ws/install/eyantra_warehouse/share/eyantra_warehouse//models/rack/meshes/brushedsteel4.jpg
[0.643s] -- Up-to-date: /home/manab/colcon_ws/install/eyantra_warehouse/share/eyantra_warehouse//models/rack/meshes/brushedsteel_bg.jpg
[0.643s] -- Up-to-date: /home/manab/colcon_ws/install/eyantra_warehouse/share/eyantra_warehouse//models/window
[0.643s] -- Up-to-date: /home/manab/colcon_ws/install/eyantra_warehouse/share/eyantra_warehouse//models/window/model.config
[0.643s] -- Up-to-date: /home/manab/colcon_ws/install/eyantra_warehouse/share/eyantra_warehouse//models/window/model.sdf
[0.643s] -- Up-to-date: /home/manab/colcon_ws/install/eyantra_warehouse/share/eyantra_warehouse//models/conveyor_belt
[0.643s] -- Up-to-date: /home/manab/colcon_ws/install/eyantra_warehouse/share/eyantra_warehouse//models/conveyor_belt/model.config
[0.643s] -- Up-to-date: /home/manab/colcon_ws/install/eyantra_warehouse/share/eyantra_warehouse//models/conveyor_belt/model.sdf
[0.643s] -- Up-to-date: /home/manab/colcon_ws/install/eyantra_warehouse/share/eyantra_warehouse//models/conveyor_belt/meshes
[0.643s] -- Up-to-date: /home/manab/colcon_ws/install/eyantra_warehouse/share/eyantra_warehouse//models/conveyor_belt/meshes/conveyor_belt.dae
[0.643s] -- Up-to-date: /home/manab/colcon_ws/install/eyantra_warehouse/share/eyantra_warehouse//models/conveyor_belt/meshes/conveyor_belt.stl
[0.645s] -- Up-to-date: /home/manab/colcon_ws/install/eyantra_warehouse/share/eyantra_warehouse//models/box
[0.645s] -- Up-to-date: /home/manab/colcon_ws/install/eyantra_warehouse/share/eyantra_warehouse//models/box/model.config
[0.647s] -- Up-to-date: /home/manab/colcon_ws/install/eyantra_warehouse/share/eyantra_warehouse//models/box/model.sdf
[0.658s] -- Up-to-date: /home/manab/colcon_ws/install/eyantra_warehouse/share/eyantra_warehouse//models/box/meshes
[0.658s] -- Up-to-date: /home/manab/colcon_ws/install/eyantra_warehouse/share/eyantra_warehouse//models/box/meshes/centroid_old_box.zip
[0.658s] -- Up-to-date: /home/manab/colcon_ws/install/eyantra_warehouse/share/eyantra_warehouse//models/box/meshes/cardboard_bg.png
[0.658s] -- Up-to-date: /home/manab/colcon_ws/install/eyantra_warehouse/share/eyantra_warehouse//models/box/meshes/box.dae
[0.658s] -- Up-to-date: /home/manab/colcon_ws/install/eyantra_warehouse/share/eyantra_warehouse//models/box/meshes/box__bg.png
[0.658s] -- Up-to-date: /home/manab/colcon_ws/install/eyantra_warehouse/share/eyantra_warehouse//models/box/meshes/aruco_tag.jpg
[0.658s] -- Up-to-date: /home/manab/colcon_ws/install/eyantra_warehouse/share/eyantra_warehouse//models/aws_robomaker_warehouse_PalletJackB_01
[0.659s] -- Up-to-date: /home/manab/colcon_ws/install/eyantra_warehouse/share/eyantra_warehouse//models/aws_robomaker_warehouse_PalletJackB_01/model.config
[0.659s] -- Up-to-date: /home/manab/colcon_ws/install/eyantra_warehouse/share/eyantra_warehouse//models/aws_robomaker_warehouse_PalletJackB_01/model.sdf
[0.659s] -- Up-to-date: /home/manab/colcon_ws/install/eyantra_warehouse/share/eyantra_warehouse//models/aws_robomaker_warehouse_PalletJackB_01/materials
[0.659s] -- Up-to-date: /home/manab/colcon_ws/install/eyantra_warehouse/share/eyantra_warehouse//models/aws_robomaker_warehouse_PalletJackB_01/materials/textures
[0.659s] -- Up-to-date: /home/manab/colcon_ws/install/eyantra_warehouse/share/eyantra_warehouse//models/aws_robomaker_warehouse_PalletJackB_01/materials/textures/aws_robomaker_warehouse_PalletJackB_01.png
[0.659s] -- Up-to-date: /home/manab/colcon_ws/install/eyantra_warehouse/share/eyantra_warehouse//models/aws_robomaker_warehouse_PalletJackB_01/materials/textures/aws_robomaker_warehouse_PalletJackB_02.png
[0.659s] -- Up-to-date: /home/manab/colcon_ws/install/eyantra_warehouse/share/eyantra_warehouse//models/aws_robomaker_warehouse_PalletJackB_01/materials/.DS_Store
[0.659s] -- Up-to-date: /home/manab/colcon_ws/install/eyantra_warehouse/share/eyantra_warehouse//models/aws_robomaker_warehouse_PalletJackB_01/meshes
[0.659s] -- Up-to-date: /home/manab/colcon_ws/install/eyantra_warehouse/share/eyantra_warehouse//models/aws_robomaker_warehouse_PalletJackB_01/meshes/aws_robomaker_warehouse_PalletJackB_01_visual.DAE
[0.664s] -- Up-to-date: /home/manab/colcon_ws/install/eyantra_warehouse/share/eyantra_warehouse//models/aws_robomaker_warehouse_PalletJackB_01/meshes/aws_robomaker_warehouse_PalletJackB_01_collision.DAE
[0.665s] -- Up-to-date: /home/manab/colcon_ws/install/eyantra_warehouse/share/eyantra_warehouse//models/aws_robomaker_warehouse_PalletJackB_01/.DS_Store
[0.665s] -- Up-to-date: /home/manab/colcon_ws/install/eyantra_warehouse/share/eyantra_warehouse//models/aws_robomaker_warehouse_ClutteringC_01
[0.665s] -- Up-to-date: /home/manab/colcon_ws/install/eyantra_warehouse/share/eyantra_warehouse//models/aws_robomaker_warehouse_ClutteringC_01/model.config
[0.665s] -- Up-to-date: /home/manab/colcon_ws/install/eyantra_warehouse/share/eyantra_warehouse//models/aws_robomaker_warehouse_ClutteringC_01/model.sdf
[0.665s] -- Up-to-date: /home/manab/colcon_ws/install/eyantra_warehouse/share/eyantra_warehouse//models/aws_robomaker_warehouse_ClutteringC_01/materials
[0.665s] -- Up-to-date: /home/manab/colcon_ws/install/eyantra_warehouse/share/eyantra_warehouse//models/aws_robomaker_warehouse_ClutteringC_01/materials/textures
[0.665s] -- Up-to-date: /home/manab/colcon_ws/install/eyantra_warehouse/share/eyantra_warehouse//models/aws_robomaker_warehouse_ClutteringC_01/materials/textures/aws_robomaker_warehouse_ClutteringC_02.png
[0.666s] -- Up-to-date: /home/manab/colcon_ws/install/eyantra_warehouse/share/eyantra_warehouse//models/aws_robomaker_warehouse_ClutteringC_01/materials/textures/aws_robomaker_warehouse_ClutteringC_01.png
[0.666s] -- Up-to-date: /home/manab/colcon_ws/install/eyantra_warehouse/share/eyantra_warehouse//models/aws_robomaker_warehouse_ClutteringC_01/meshes
[0.666s] -- Up-to-date: /home/manab/colcon_ws/install/eyantra_warehouse/share/eyantra_warehouse//models/aws_robomaker_warehouse_ClutteringC_01/meshes/aws_robomaker_warehouse_ClutteringC_01_visual.DAE
[0.666s] -- Up-to-date: /home/manab/colcon_ws/install/eyantra_warehouse/share/eyantra_warehouse//models/aws_robomaker_warehouse_ClutteringC_01/meshes/aws_robomaker_warehouse_ClutteringC_01_collision.DAE
[0.666s] -- Up-to-date: /home/manab/colcon_ws/install/eyantra_warehouse/share/eyantra_warehouse//models/arm_base
[0.666s] -- Up-to-date: /home/manab/colcon_ws/install/eyantra_warehouse/share/eyantra_warehouse//models/arm_base/model.config
[0.667s] -- Up-to-date: /home/manab/colcon_ws/install/eyantra_warehouse/share/eyantra_warehouse//models/arm_base/model.sdf
[0.667s] -- Up-to-date: /home/manab/colcon_ws/install/eyantra_warehouse/share/eyantra_warehouse//models/arm_base/meshes
[0.667s] -- Up-to-date: /home/manab/colcon_ws/install/eyantra_warehouse/share/eyantra_warehouse//models/arm_base/meshes/arm_base.dae
[0.667s] -- Up-to-date: /home/manab/colcon_ws/install/eyantra_warehouse/share/eyantra_warehouse//models/boxes
[0.672s] -- Up-to-date: /home/manab/colcon_ws/install/eyantra_warehouse/share/eyantra_warehouse//models/boxes/box_35
[0.673s] -- Up-to-date: /home/manab/colcon_ws/install/eyantra_warehouse/share/eyantra_warehouse//models/boxes/box_35/model.config
[0.673s] -- Up-to-date: /home/manab/colcon_ws/install/eyantra_warehouse/share/eyantra_warehouse//models/boxes/box_35/model.sdf
[0.673s] -- Up-to-date: /home/manab/colcon_ws/install/eyantra_warehouse/share/eyantra_warehouse//models/boxes/box_35/meshes
[0.674s] -- Up-to-date: /home/manab/colcon_ws/install/eyantra_warehouse/share/eyantra_warehouse//models/boxes/box_35/meshes/cardboard_bg.png
[0.674s] -- Up-to-date: /home/manab/colcon_ws/install/eyantra_warehouse/share/eyantra_warehouse//models/boxes/box_35/meshes/box.dae
[0.674s] -- Up-to-date: /home/manab/colcon_ws/install/eyantra_warehouse/share/eyantra_warehouse//models/boxes/box_35/meshes/box__bg.png
[0.675s] -- Up-to-date: /home/manab/colcon_ws/install/eyantra_warehouse/share/eyantra_warehouse//models/boxes/box_35/meshes/aruco_tag.jpg
[0.675s] -- Up-to-date: /home/manab/colcon_ws/install/eyantra_warehouse/share/eyantra_warehouse//models/boxes/box.stl
[0.675s] -- Up-to-date: /home/manab/colcon_ws/install/eyantra_warehouse/share/eyantra_warehouse//models/boxes/box_34
[0.675s] -- Up-to-date: /home/manab/colcon_ws/install/eyantra_warehouse/share/eyantra_warehouse//models/boxes/box_34/model.config
[0.675s] -- Up-to-date: /home/manab/colcon_ws/install/eyantra_warehouse/share/eyantra_warehouse//models/boxes/box_34/model.sdf
[0.676s] -- Up-to-date: /home/manab/colcon_ws/install/eyantra_warehouse/share/eyantra_warehouse//models/boxes/box_34/meshes
[0.676s] -- Up-to-date: /home/manab/colcon_ws/install/eyantra_warehouse/share/eyantra_warehouse//models/boxes/box_34/meshes/cardboard_bg.png
[0.676s] -- Up-to-date: /home/manab/colcon_ws/install/eyantra_warehouse/share/eyantra_warehouse//models/boxes/box_34/meshes/box.dae
[0.676s] -- Up-to-date: /home/manab/colcon_ws/install/eyantra_warehouse/share/eyantra_warehouse//models/boxes/box_34/meshes/box__bg.png
[0.676s] -- Up-to-date: /home/manab/colcon_ws/install/eyantra_warehouse/share/eyantra_warehouse//models/boxes/box_34/meshes/aruco_tag.jpg
[0.677s] -- Up-to-date: /home/manab/colcon_ws/install/eyantra_warehouse/share/eyantra_warehouse//models/boxes/box_6
[0.677s] -- Up-to-date: /home/manab/colcon_ws/install/eyantra_warehouse/share/eyantra_warehouse//models/boxes/box_6/model.config
[0.677s] -- Up-to-date: /home/manab/colcon_ws/install/eyantra_warehouse/share/eyantra_warehouse//models/boxes/box_6/model.sdf
[0.677s] -- Up-to-date: /home/manab/colcon_ws/install/eyantra_warehouse/share/eyantra_warehouse//models/boxes/box_6/meshes
[0.677s] -- Up-to-date: /home/manab/colcon_ws/install/eyantra_warehouse/share/eyantra_warehouse//models/boxes/box_6/meshes/cardboard_bg.png
[0.678s] -- Up-to-date: /home/manab/colcon_ws/install/eyantra_warehouse/share/eyantra_warehouse//models/boxes/box_6/meshes/box.dae
[0.678s] -- Up-to-date: /home/manab/colcon_ws/install/eyantra_warehouse/share/eyantra_warehouse//models/boxes/box_6/meshes/box__bg.png
[0.679s] -- Up-to-date: /home/manab/colcon_ws/install/eyantra_warehouse/share/eyantra_warehouse//models/boxes/box_6/meshes/aruco_tag.jpg
[0.679s] -- Up-to-date: /home/manab/colcon_ws/install/eyantra_warehouse/share/eyantra_warehouse//models/boxes/box_13
[0.679s] -- Up-to-date: /home/manab/colcon_ws/install/eyantra_warehouse/share/eyantra_warehouse//models/boxes/box_13/model.config
[0.679s] -- Up-to-date: /home/manab/colcon_ws/install/eyantra_warehouse/share/eyantra_warehouse//models/boxes/box_13/model.sdf
[0.679s] -- Up-to-date: /home/manab/colcon_ws/install/eyantra_warehouse/share/eyantra_warehouse//models/boxes/box_13/meshes
[0.679s] -- Up-to-date: /home/manab/colcon_ws/install/eyantra_warehouse/share/eyantra_warehouse//models/boxes/box_13/meshes/cardboard_bg.png
[0.679s] -- Up-to-date: /home/manab/colcon_ws/install/eyantra_warehouse/share/eyantra_warehouse//models/boxes/box_13/meshes/box.dae
[0.679s] -- Up-to-date: /home/manab/colcon_ws/install/eyantra_warehouse/share/eyantra_warehouse//models/boxes/box_13/meshes/box__bg.png
[0.679s] -- Up-to-date: /home/manab/colcon_ws/install/eyantra_warehouse/share/eyantra_warehouse//models/boxes/box_13/meshes/aruco_tag.jpg
[0.679s] -- Up-to-date: /home/manab/colcon_ws/install/eyantra_warehouse/share/eyantra_warehouse//models/boxes/box_29
[0.679s] -- Up-to-date: /home/manab/colcon_ws/install/eyantra_warehouse/share/eyantra_warehouse//models/boxes/box_29/model.config
[0.679s] -- Up-to-date: /home/manab/colcon_ws/install/eyantra_warehouse/share/eyantra_warehouse//models/boxes/box_29/model.sdf
[0.680s] -- Up-to-date: /home/manab/colcon_ws/install/eyantra_warehouse/share/eyantra_warehouse//models/boxes/box_29/meshes
[0.680s] -- Up-to-date: /home/manab/colcon_ws/install/eyantra_warehouse/share/eyantra_warehouse//models/boxes/box_29/meshes/cardboard_bg.png
[0.680s] -- Up-to-date: /home/manab/colcon_ws/install/eyantra_warehouse/share/eyantra_warehouse//models/boxes/box_29/meshes/box.dae
[0.680s] -- Up-to-date: /home/manab/colcon_ws/install/eyantra_warehouse/share/eyantra_warehouse//models/boxes/box_29/meshes/box__bg.png
[0.680s] -- Up-to-date: /home/manab/colcon_ws/install/eyantra_warehouse/share/eyantra_warehouse//models/boxes/box_29/meshes/aruco_tag.jpg
[0.680s] -- Up-to-date: /home/manab/colcon_ws/install/eyantra_warehouse/share/eyantra_warehouse//models/boxes/box_19
[0.680s] -- Up-to-date: /home/manab/colcon_ws/install/eyantra_warehouse/share/eyantra_warehouse//models/boxes/box_19/model.config
[0.684s] -- Up-to-date: /home/manab/colcon_ws/install/eyantra_warehouse/share/eyantra_warehouse//models/boxes/box_19/model.sdf
[0.684s] -- Up-to-date: /home/manab/colcon_ws/install/eyantra_warehouse/share/eyantra_warehouse//models/boxes/box_19/meshes
[0.684s] -- Up-to-date: /home/manab/colcon_ws/install/eyantra_warehouse/share/eyantra_warehouse//models/boxes/box_19/meshes/cardboard_bg.png
[0.684s] -- Up-to-date: /home/manab/colcon_ws/install/eyantra_warehouse/share/eyantra_warehouse//models/boxes/box_19/meshes/box.dae
[0.684s] -- Up-to-date: /home/manab/colcon_ws/install/eyantra_warehouse/share/eyantra_warehouse//models/boxes/box_19/meshes/box__bg.png
[0.684s] -- Up-to-date: /home/manab/colcon_ws/install/eyantra_warehouse/share/eyantra_warehouse//models/boxes/box_19/meshes/aruco_tag.jpg
[0.684s] -- Up-to-date: /home/manab/colcon_ws/install/eyantra_warehouse/share/eyantra_warehouse//models/boxes/box_44
[0.684s] -- Up-to-date: /home/manab/colcon_ws/install/eyantra_warehouse/share/eyantra_warehouse//models/boxes/box_44/model.config
[0.684s] -- Up-to-date: /home/manab/colcon_ws/install/eyantra_warehouse/share/eyantra_warehouse//models/boxes/box_44/model.sdf
[0.686s] -- Up-to-date: /home/manab/colcon_ws/install/eyantra_warehouse/share/eyantra_warehouse//models/boxes/box_44/meshes
[0.687s] -- Up-to-date: /home/manab/colcon_ws/install/eyantra_warehouse/share/eyantra_warehouse//models/boxes/box_44/meshes/cardboard_bg.png
[0.688s] -- Up-to-date: /home/manab/colcon_ws/install/eyantra_warehouse/share/eyantra_warehouse//models/boxes/box_44/meshes/box.dae
[0.688s] -- Up-to-date: /home/manab/colcon_ws/install/eyantra_warehouse/share/eyantra_warehouse//models/boxes/box_44/meshes/box__bg.png
[0.689s] -- Up-to-date: /home/manab/colcon_ws/install/eyantra_warehouse/share/eyantra_warehouse//models/boxes/box_44/meshes/aruco_tag.jpg
[0.689s] -- Up-to-date: /home/manab/colcon_ws/install/eyantra_warehouse/share/eyantra_warehouse//models/boxes/box_30
[0.689s] -- Up-to-date: /home/manab/colcon_ws/install/eyantra_warehouse/share/eyantra_warehouse//models/boxes/box_30/model.config
[0.689s] -- Up-to-date: /home/manab/colcon_ws/install/eyantra_warehouse/share/eyantra_warehouse//models/boxes/box_30/model.sdf
[0.690s] -- Up-to-date: /home/manab/colcon_ws/install/eyantra_warehouse/share/eyantra_warehouse//models/boxes/box_30/meshes
[0.690s] -- Up-to-date: /home/manab/colcon_ws/install/eyantra_warehouse/share/eyantra_warehouse//models/boxes/box_30/meshes/cardboard_bg.png
[0.691s] -- Up-to-date: /home/manab/colcon_ws/install/eyantra_warehouse/share/eyantra_warehouse//models/boxes/box_30/meshes/box.dae
[0.691s] -- Up-to-date: /home/manab/colcon_ws/install/eyantra_warehouse/share/eyantra_warehouse//models/boxes/box_30/meshes/box__bg.png
[0.691s] -- Up-to-date: /home/manab/colcon_ws/install/eyantra_warehouse/share/eyantra_warehouse//models/boxes/box_30/meshes/aruco_tag.jpg
[0.691s] -- Up-to-date: /home/manab/colcon_ws/install/eyantra_warehouse/share/eyantra_warehouse//models/boxes/box_24
[0.691s] -- Up-to-date: /home/manab/colcon_ws/install/eyantra_warehouse/share/eyantra_warehouse//models/boxes/box_24/model.config
[0.691s] -- Up-to-date: /home/manab/colcon_ws/install/eyantra_warehouse/share/eyantra_warehouse//models/boxes/box_24/model.sdf
[0.691s] -- Up-to-date: /home/manab/colcon_ws/install/eyantra_warehouse/share/eyantra_warehouse//models/boxes/box_24/meshes
[0.691s] -- Up-to-date: /home/manab/colcon_ws/install/eyantra_warehouse/share/eyantra_warehouse//models/boxes/box_24/meshes/cardboard_bg.png
[0.691s] -- Up-to-date: /home/manab/colcon_ws/install/eyantra_warehouse/share/eyantra_warehouse//models/boxes/box_24/meshes/box.dae
[0.691s] -- Up-to-date: /home/manab/colcon_ws/install/eyantra_warehouse/share/eyantra_warehouse//models/boxes/box_24/meshes/box__bg.png
[0.694s] -- Up-to-date: /home/manab/colcon_ws/install/eyantra_warehouse/share/eyantra_warehouse//models/boxes/box_24/meshes/aruco_tag.jpg
[0.694s] -- Up-to-date: /home/manab/colcon_ws/install/eyantra_warehouse/share/eyantra_warehouse//models/boxes/box_4
[0.694s] -- Up-to-date: /home/manab/colcon_ws/install/eyantra_warehouse/share/eyantra_warehouse//models/boxes/box_4/model.config
[0.694s] -- Up-to-date: /home/manab/colcon_ws/install/eyantra_warehouse/share/eyantra_warehouse//models/boxes/box_4/model.sdf
[0.694s] -- Up-to-date: /home/manab/colcon_ws/install/eyantra_warehouse/share/eyantra_warehouse//models/boxes/box_4/meshes
[0.694s] -- Up-to-date: /home/manab/colcon_ws/install/eyantra_warehouse/share/eyantra_warehouse//models/boxes/box_4/meshes/cardboard_bg.png
[0.695s] -- Up-to-date: /home/manab/colcon_ws/install/eyantra_warehouse/share/eyantra_warehouse//models/boxes/box_4/meshes/box.dae
[0.696s] -- Up-to-date: /home/manab/colcon_ws/install/eyantra_warehouse/share/eyantra_warehouse//models/boxes/box_4/meshes/box__bg.png
[0.699s] -- Up-to-date: /home/manab/colcon_ws/install/eyantra_warehouse/share/eyantra_warehouse//models/boxes/box_4/meshes/aruco_tag.jpg
[0.699s] -- Up-to-date: /home/manab/colcon_ws/install/eyantra_warehouse/share/eyantra_warehouse//models/boxes/box_38
[0.699s] -- Up-to-date: /home/manab/colcon_ws/install/eyantra_warehouse/share/eyantra_warehouse//models/boxes/box_38/model.config
[0.700s] -- Up-to-date: /home/manab/colcon_ws/install/eyantra_warehouse/share/eyantra_warehouse//models/boxes/box_38/model.sdf
[0.700s] -- Up-to-date: /home/manab/colcon_ws/install/eyantra_warehouse/share/eyantra_warehouse//models/boxes/box_38/meshes
[0.700s] -- Up-to-date: /home/manab/colcon_ws/install/eyantra_warehouse/share/eyantra_warehouse//models/boxes/box_38/meshes/cardboard_bg.png
[0.700s] -- Up-to-date: /home/manab/colcon_ws/install/eyantra_warehouse/share/eyantra_warehouse//models/boxes/box_38/meshes/box.dae
[0.700s] -- Up-to-date: /home/manab/colcon_ws/install/eyantra_warehouse/share/eyantra_warehouse//models/boxes/box_38/meshes/box__bg.png
[0.700s] -- Up-to-date: /home/manab/colcon_ws/install/eyantra_warehouse/share/eyantra_warehouse//models/boxes/box_38/meshes/aruco_tag.jpg
[0.700s] -- Up-to-date: /home/manab/colcon_ws/install/eyantra_warehouse/share/eyantra_warehouse//models/boxes/box_36
[0.700s] -- Up-to-date: /home/manab/colcon_ws/install/eyantra_warehouse/share/eyantra_warehouse//models/boxes/box_36/model.config
[0.700s] -- Up-to-date: /home/manab/colcon_ws/install/eyantra_warehouse/share/eyantra_warehouse//models/boxes/box_36/model.sdf
[0.700s] -- Up-to-date: /home/manab/colcon_ws/install/eyantra_warehouse/share/eyantra_warehouse//models/boxes/box_36/meshes
[0.703s] -- Up-to-date: /home/manab/colcon_ws/install/eyantra_warehouse/share/eyantra_warehouse//models/boxes/box_36/meshes/cardboard_bg.png
[0.703s] -- Up-to-date: /home/manab/colcon_ws/install/eyantra_warehouse/share/eyantra_warehouse//models/boxes/box_36/meshes/box.dae
[0.703s] -- Up-to-date: /home/manab/colcon_ws/install/eyantra_warehouse/share/eyantra_warehouse//models/boxes/box_36/meshes/box__bg.png
[0.703s] -- Up-to-date: /home/manab/colcon_ws/install/eyantra_warehouse/share/eyantra_warehouse//models/boxes/box_36/meshes/aruco_tag.jpg
[0.708s] -- Up-to-date: /home/manab/colcon_ws/install/eyantra_warehouse/share/eyantra_warehouse//models/boxes/box_23
[0.709s] -- Up-to-date: /home/manab/colcon_ws/install/eyantra_warehouse/share/eyantra_warehouse//models/boxes/box_23/model.config
[0.709s] -- Up-to-date: /home/manab/colcon_ws/install/eyantra_warehouse/share/eyantra_warehouse//models/boxes/box_23/model.sdf
[0.709s] -- Up-to-date: /home/manab/colcon_ws/install/eyantra_warehouse/share/eyantra_warehouse//models/boxes/box_23/meshes
[0.712s] -- Up-to-date: /home/manab/colcon_ws/install/eyantra_warehouse/share/eyantra_warehouse//models/boxes/box_23/meshes/cardboard_bg.png
[0.712s] -- Up-to-date: /home/manab/colcon_ws/install/eyantra_warehouse/share/eyantra_warehouse//models/boxes/box_23/meshes/box.dae
[0.712s] -- Up-to-date: /home/manab/colcon_ws/install/eyantra_warehouse/share/eyantra_warehouse//models/boxes/box_23/meshes/box__bg.png
[0.712s] -- Up-to-date: /home/manab/colcon_ws/install/eyantra_warehouse/share/eyantra_warehouse//models/boxes/box_23/meshes/aruco_tag.jpg
[0.712s] -- Up-to-date: /home/manab/colcon_ws/install/eyantra_warehouse/share/eyantra_warehouse//models/boxes/box_37
[0.713s] -- Up-to-date: /home/manab/colcon_ws/install/eyantra_warehouse/share/eyantra_warehouse//models/boxes/box_37/model.config
[0.713s] -- Up-to-date: /home/manab/colcon_ws/install/eyantra_warehouse/share/eyantra_warehouse//models/boxes/box_37/model.sdf
[0.713s] -- Up-to-date: /home/manab/colcon_ws/install/eyantra_warehouse/share/eyantra_warehouse//models/boxes/box_37/meshes
[0.714s] -- Up-to-date: /home/manab/colcon_ws/install/eyantra_warehouse/share/eyantra_warehouse//models/boxes/box_37/meshes/cardboard_bg.png
[0.714s] -- Up-to-date: /home/manab/colcon_ws/install/eyantra_warehouse/share/eyantra_warehouse//models/boxes/box_37/meshes/box.dae
[0.714s] -- Up-to-date: /home/manab/colcon_ws/install/eyantra_warehouse/share/eyantra_warehouse//models/boxes/box_37/meshes/box__bg.png
[0.714s] -- Up-to-date: /home/manab/colcon_ws/install/eyantra_warehouse/share/eyantra_warehouse//models/boxes/box_37/meshes/aruco_tag.jpg
[0.714s] -- Up-to-date: /home/manab/colcon_ws/install/eyantra_warehouse/share/eyantra_warehouse//models/boxes/box_47
[0.714s] -- Up-to-date: /home/manab/colcon_ws/install/eyantra_warehouse/share/eyantra_warehouse//models/boxes/box_47/model.config
[0.714s] -- Up-to-date: /home/manab/colcon_ws/install/eyantra_warehouse/share/eyantra_warehouse//models/boxes/box_47/model.sdf
[0.714s] -- Up-to-date: /home/manab/colcon_ws/install/eyantra_warehouse/share/eyantra_warehouse//models/boxes/box_47/meshes
[0.714s] -- Up-to-date: /home/manab/colcon_ws/install/eyantra_warehouse/share/eyantra_warehouse//models/boxes/box_47/meshes/cardboard_bg.png
[0.714s] -- Up-to-date: /home/manab/colcon_ws/install/eyantra_warehouse/share/eyantra_warehouse//models/boxes/box_47/meshes/box.dae
[0.716s] -- Up-to-date: /home/manab/colcon_ws/install/eyantra_warehouse/share/eyantra_warehouse//models/boxes/box_47/meshes/box__bg.png
[0.716s] -- Up-to-date: /home/manab/colcon_ws/install/eyantra_warehouse/share/eyantra_warehouse//models/boxes/box_47/meshes/aruco_tag.jpg
[0.716s] -- Up-to-date: /home/manab/colcon_ws/install/eyantra_warehouse/share/eyantra_warehouse//models/boxes/box_14
[0.716s] -- Up-to-date: /home/manab/colcon_ws/install/eyantra_warehouse/share/eyantra_warehouse//models/boxes/box_14/model.config
[0.716s] -- Up-to-date: /home/manab/colcon_ws/install/eyantra_warehouse/share/eyantra_warehouse//models/boxes/box_14/model.sdf
[0.716s] -- Up-to-date: /home/manab/colcon_ws/install/eyantra_warehouse/share/eyantra_warehouse//models/boxes/box_14/meshes
[0.716s] -- Up-to-date: /home/manab/colcon_ws/install/eyantra_warehouse/share/eyantra_warehouse//models/boxes/box_14/meshes/cardboard_bg.png
[0.716s] -- Up-to-date: /home/manab/colcon_ws/install/eyantra_warehouse/share/eyantra_warehouse//models/boxes/box_14/meshes/box.dae
[0.716s] -- Up-to-date: /home/manab/colcon_ws/install/eyantra_warehouse/share/eyantra_warehouse//models/boxes/box_14/meshes/box__bg.png
[0.718s] -- Up-to-date: /home/manab/colcon_ws/install/eyantra_warehouse/share/eyantra_warehouse//models/boxes/box_14/meshes/aruco_tag.jpg
[0.718s] -- Up-to-date: /home/manab/colcon_ws/install/eyantra_warehouse/share/eyantra_warehouse//models/boxes/box_33
[0.718s] -- Up-to-date: /home/manab/colcon_ws/install/eyantra_warehouse/share/eyantra_warehouse//models/boxes/box_33/model.config
[0.718s] -- Up-to-date: /home/manab/colcon_ws/install/eyantra_warehouse/share/eyantra_warehouse//models/boxes/box_33/model.sdf
[0.718s] -- Up-to-date: /home/manab/colcon_ws/install/eyantra_warehouse/share/eyantra_warehouse//models/boxes/box_33/meshes
[0.718s] -- Up-to-date: /home/manab/colcon_ws/install/eyantra_warehouse/share/eyantra_warehouse//models/boxes/box_33/meshes/cardboard_bg.png
[0.718s] -- Up-to-date: /home/manab/colcon_ws/install/eyantra_warehouse/share/eyantra_warehouse//models/boxes/box_33/meshes/box.dae
[0.718s] -- Up-to-date: /home/manab/colcon_ws/install/eyantra_warehouse/share/eyantra_warehouse//models/boxes/box_33/meshes/box__bg.png
[0.718s] -- Up-to-date: /home/manab/colcon_ws/install/eyantra_warehouse/share/eyantra_warehouse//models/boxes/box_33/meshes/aruco_tag.jpg
[0.718s] -- Up-to-date: /home/manab/colcon_ws/install/eyantra_warehouse/share/eyantra_warehouse//models/boxes/box_9
[0.719s] -- Up-to-date: /home/manab/colcon_ws/install/eyantra_warehouse/share/eyantra_warehouse//models/boxes/box_9/model.config
[0.719s] -- Up-to-date: /home/manab/colcon_ws/install/eyantra_warehouse/share/eyantra_warehouse//models/boxes/box_9/model.sdf
[0.720s] -- Up-to-date: /home/manab/colcon_ws/install/eyantra_warehouse/share/eyantra_warehouse//models/boxes/box_9/meshes
[0.720s] -- Up-to-date: /home/manab/colcon_ws/install/eyantra_warehouse/share/eyantra_warehouse//models/boxes/box_9/meshes/cardboard_bg.png
[0.720s] -- Up-to-date: /home/manab/colcon_ws/install/eyantra_warehouse/share/eyantra_warehouse//models/boxes/box_9/meshes/box.dae
[0.720s] -- Up-to-date: /home/manab/colcon_ws/install/eyantra_warehouse/share/eyantra_warehouse//models/boxes/box_9/meshes/box__bg.png
[0.720s] -- Up-to-date: /home/manab/colcon_ws/install/eyantra_warehouse/share/eyantra_warehouse//models/boxes/box_9/meshes/aruco_tag.jpg
[0.720s] -- Up-to-date: /home/manab/colcon_ws/install/eyantra_warehouse/share/eyantra_warehouse//models/boxes/box_40
[0.720s] -- Up-to-date: /home/manab/colcon_ws/install/eyantra_warehouse/share/eyantra_warehouse//models/boxes/box_40/model.config
[0.720s] -- Up-to-date: /home/manab/colcon_ws/install/eyantra_warehouse/share/eyantra_warehouse//models/boxes/box_40/model.sdf
[0.720s] -- Up-to-date: /home/manab/colcon_ws/install/eyantra_warehouse/share/eyantra_warehouse//models/boxes/box_40/meshes
[0.720s] -- Up-to-date: /home/manab/colcon_ws/install/eyantra_warehouse/share/eyantra_warehouse//models/boxes/box_40/meshes/cardboard_bg.png
[0.720s] -- Up-to-date: /home/manab/colcon_ws/install/eyantra_warehouse/share/eyantra_warehouse//models/boxes/box_40/meshes/box.dae
[0.720s] -- Up-to-date: /home/manab/colcon_ws/install/eyantra_warehouse/share/eyantra_warehouse//models/boxes/box_40/meshes/box__bg.png
[0.721s] -- Up-to-date: /home/manab/colcon_ws/install/eyantra_warehouse/share/eyantra_warehouse//models/boxes/box_40/meshes/aruco_tag.jpg
[0.721s] -- Up-to-date: /home/manab/colcon_ws/install/eyantra_warehouse/share/eyantra_warehouse//models/boxes/box_32
[0.722s] -- Up-to-date: /home/manab/colcon_ws/install/eyantra_warehouse/share/eyantra_warehouse//models/boxes/box_32/model.config
[0.722s] -- Up-to-date: /home/manab/colcon_ws/install/eyantra_warehouse/share/eyantra_warehouse//models/boxes/box_32/model.sdf
[0.722s] -- Up-to-date: /home/manab/colcon_ws/install/eyantra_warehouse/share/eyantra_warehouse//models/boxes/box_32/meshes
[0.722s] -- Up-to-date: /home/manab/colcon_ws/install/eyantra_warehouse/share/eyantra_warehouse//models/boxes/box_32/meshes/cardboard_bg.png
[0.722s] -- Up-to-date: /home/manab/colcon_ws/install/eyantra_warehouse/share/eyantra_warehouse//models/boxes/box_32/meshes/box.dae
[0.722s] -- Up-to-date: /home/manab/colcon_ws/install/eyantra_warehouse/share/eyantra_warehouse//models/boxes/box_32/meshes/box__bg.png
[0.722s] -- Up-to-date: /home/manab/colcon_ws/install/eyantra_warehouse/share/eyantra_warehouse//models/boxes/box_32/meshes/aruco_tag.jpg
[0.723s] -- Up-to-date: /home/manab/colcon_ws/install/eyantra_warehouse/share/eyantra_warehouse//models/boxes/box_45
[0.723s] -- Up-to-date: /home/manab/colcon_ws/install/eyantra_warehouse/share/eyantra_warehouse//models/boxes/box_45/model.config
[0.723s] -- Up-to-date: /home/manab/colcon_ws/install/eyantra_warehouse/share/eyantra_warehouse//models/boxes/box_45/model.sdf
[0.723s] -- Up-to-date: /home/manab/colcon_ws/install/eyantra_warehouse/share/eyantra_warehouse//models/boxes/box_45/meshes
[0.723s] -- Up-to-date: /home/manab/colcon_ws/install/eyantra_warehouse/share/eyantra_warehouse//models/boxes/box_45/meshes/cardboard_bg.png
[0.723s] -- Up-to-date: /home/manab/colcon_ws/install/eyantra_warehouse/share/eyantra_warehouse//models/boxes/box_45/meshes/box.dae
[0.724s] -- Up-to-date: /home/manab/colcon_ws/install/eyantra_warehouse/share/eyantra_warehouse//models/boxes/box_45/meshes/box__bg.png
[0.724s] -- Up-to-date: /home/manab/colcon_ws/install/eyantra_warehouse/share/eyantra_warehouse//models/boxes/box_45/meshes/aruco_tag.jpg
[0.724s] -- Up-to-date: /home/manab/colcon_ws/install/eyantra_warehouse/share/eyantra_warehouse//models/boxes/box_2
[0.724s] -- Up-to-date: /home/manab/colcon_ws/install/eyantra_warehouse/share/eyantra_warehouse//models/boxes/box_2/model.config
[0.724s] -- Up-to-date: /home/manab/colcon_ws/install/eyantra_warehouse/share/eyantra_warehouse//models/boxes/box_2/model.sdf
[0.724s] -- Up-to-date: /home/manab/colcon_ws/install/eyantra_warehouse/share/eyantra_warehouse//models/boxes/box_2/meshes
[0.725s] -- Up-to-date: /home/manab/colcon_ws/install/eyantra_warehouse/share/eyantra_warehouse//models/boxes/box_2/meshes/cardboard_bg.png
[0.725s] -- Up-to-date: /home/manab/colcon_ws/install/eyantra_warehouse/share/eyantra_warehouse//models/boxes/box_2/meshes/box.dae
[0.726s] -- Up-to-date: /home/manab/colcon_ws/install/eyantra_warehouse/share/eyantra_warehouse//models/boxes/box_2/meshes/box__bg.png
[0.726s] -- Up-to-date: /home/manab/colcon_ws/install/eyantra_warehouse/share/eyantra_warehouse//models/boxes/box_2/meshes/aruco_tag.jpg
[0.726s] -- Up-to-date: /home/manab/colcon_ws/install/eyantra_warehouse/share/eyantra_warehouse//models/boxes/box_3
[0.726s] -- Up-to-date: /home/manab/colcon_ws/install/eyantra_warehouse/share/eyantra_warehouse//models/boxes/box_3/model.config
[0.727s] -- Up-to-date: /home/manab/colcon_ws/install/eyantra_warehouse/share/eyantra_warehouse//models/boxes/box_3/model.sdf
[0.728s] -- Up-to-date: /home/manab/colcon_ws/install/eyantra_warehouse/share/eyantra_warehouse//models/boxes/box_3/meshes
[0.728s] -- Up-to-date: /home/manab/colcon_ws/install/eyantra_warehouse/share/eyantra_warehouse//models/boxes/box_3/meshes/cardboard_bg.png
[0.728s] -- Up-to-date: /home/manab/colcon_ws/install/eyantra_warehouse/share/eyantra_warehouse//models/boxes/box_3/meshes/box.dae
[0.728s] -- Up-to-date: /home/manab/colcon_ws/install/eyantra_warehouse/share/eyantra_warehouse//models/boxes/box_3/meshes/box__bg.png
[0.728s] -- Up-to-date: /home/manab/colcon_ws/install/eyantra_warehouse/share/eyantra_warehouse//models/boxes/box_3/meshes/aruco_tag.jpg
[0.728s] -- Up-to-date: /home/manab/colcon_ws/install/eyantra_warehouse/share/eyantra_warehouse//models/boxes/box_12
[0.728s] -- Up-to-date: /home/manab/colcon_ws/install/eyantra_warehouse/share/eyantra_warehouse//models/boxes/box_12/model.config
[0.729s] -- Up-to-date: /home/manab/colcon_ws/install/eyantra_warehouse/share/eyantra_warehouse//models/boxes/box_12/model.sdf
[0.729s] -- Up-to-date: /home/manab/colcon_ws/install/eyantra_warehouse/share/eyantra_warehouse//models/boxes/box_12/meshes
[0.729s] -- Up-to-date: /home/manab/colcon_ws/install/eyantra_warehouse/share/eyantra_warehouse//models/boxes/box_12/meshes/cardboard_bg.png
[0.729s] -- Up-to-date: /home/manab/colcon_ws/install/eyantra_warehouse/share/eyantra_warehouse//models/boxes/box_12/meshes/box.dae
[0.738s] -- Up-to-date: /home/manab/colcon_ws/install/eyantra_warehouse/share/eyantra_warehouse//models/boxes/box_12/meshes/box__bg.png
[0.739s] -- Up-to-date: /home/manab/colcon_ws/install/eyantra_warehouse/share/eyantra_warehouse//models/boxes/box_12/meshes/aruco_tag.jpg
[0.739s] -- Up-to-date: /home/manab/colcon_ws/install/eyantra_warehouse/share/eyantra_warehouse//models/boxes/box_18
[0.739s] -- Up-to-date: /home/manab/colcon_ws/install/eyantra_warehouse/share/eyantra_warehouse//models/boxes/box_18/model.config
[0.740s] -- Up-to-date: /home/manab/colcon_ws/install/eyantra_warehouse/share/eyantra_warehouse//models/boxes/box_18/model.sdf
[0.740s] -- Up-to-date: /home/manab/colcon_ws/install/eyantra_warehouse/share/eyantra_warehouse//models/boxes/box_18/meshes
[0.742s] -- Up-to-date: /home/manab/colcon_ws/install/eyantra_warehouse/share/eyantra_warehouse//models/boxes/box_18/meshes/cardboard_bg.png
[0.742s] -- Up-to-date: /home/manab/colcon_ws/install/eyantra_warehouse/share/eyantra_warehouse//models/boxes/box_18/meshes/box.dae
[0.742s] -- Up-to-date: /home/manab/colcon_ws/install/eyantra_warehouse/share/eyantra_warehouse//models/boxes/box_18/meshes/box__bg.png
[0.742s] -- Up-to-date: /home/manab/colcon_ws/install/eyantra_warehouse/share/eyantra_warehouse//models/boxes/box_18/meshes/aruco_tag.jpg
[0.742s] -- Up-to-date: /home/manab/colcon_ws/install/eyantra_warehouse/share/eyantra_warehouse//models/boxes/box_10
[0.743s] -- Up-to-date: /home/manab/colcon_ws/install/eyantra_warehouse/share/eyantra_warehouse//models/boxes/box_10/model.config
[0.743s] -- Up-to-date: /home/manab/colcon_ws/install/eyantra_warehouse/share/eyantra_warehouse//models/boxes/box_10/model.sdf
[0.743s] -- Up-to-date: /home/manab/colcon_ws/install/eyantra_warehouse/share/eyantra_warehouse//models/boxes/box_10/meshes
[0.743s] -- Up-to-date: /home/manab/colcon_ws/install/eyantra_warehouse/share/eyantra_warehouse//models/boxes/box_10/meshes/cardboard_bg.png
[0.743s] -- Up-to-date: /home/manab/colcon_ws/install/eyantra_warehouse/share/eyantra_warehouse//models/boxes/box_10/meshes/box.dae
[0.743s] -- Up-to-date: /home/manab/colcon_ws/install/eyantra_warehouse/share/eyantra_warehouse//models/boxes/box_10/meshes/box__bg.png
[0.743s] -- Up-to-date: /home/manab/colcon_ws/install/eyantra_warehouse/share/eyantra_warehouse//models/boxes/box_10/meshes/aruco_tag.jpg
[0.743s] -- Up-to-date: /home/manab/colcon_ws/install/eyantra_warehouse/share/eyantra_warehouse//models/boxes/box_43
[0.743s] -- Up-to-date: /home/manab/colcon_ws/install/eyantra_warehouse/share/eyantra_warehouse//models/boxes/box_43/model.config
[0.743s] -- Up-to-date: /home/manab/colcon_ws/install/eyantra_warehouse/share/eyantra_warehouse//models/boxes/box_43/model.sdf
[0.743s] -- Up-to-date: /home/manab/colcon_ws/install/eyantra_warehouse/share/eyantra_warehouse//models/boxes/box_43/meshes
[0.744s] -- Up-to-date: /home/manab/colcon_ws/install/eyantra_warehouse/share/eyantra_warehouse//models/boxes/box_43/meshes/cardboard_bg.png
[0.744s] -- Up-to-date: /home/manab/colcon_ws/install/eyantra_warehouse/share/eyantra_warehouse//models/boxes/box_43/meshes/box.dae
[0.744s] -- Up-to-date: /home/manab/colcon_ws/install/eyantra_warehouse/share/eyantra_warehouse//models/boxes/box_43/meshes/box__bg.png
[0.744s] -- Up-to-date: /home/manab/colcon_ws/install/eyantra_warehouse/share/eyantra_warehouse//models/boxes/box_43/meshes/aruco_tag.jpg
[0.744s] -- Up-to-date: /home/manab/colcon_ws/install/eyantra_warehouse/share/eyantra_warehouse//models/boxes/box_39
[0.750s] -- Up-to-date: /home/manab/colcon_ws/install/eyantra_warehouse/share/eyantra_warehouse//models/boxes/box_39/model.config
[0.763s] -- Up-to-date: /home/manab/colcon_ws/install/eyantra_warehouse/share/eyantra_warehouse//models/boxes/box_39/model.sdf
[0.765s] -- Up-to-date: /home/manab/colcon_ws/install/eyantra_warehouse/share/eyantra_warehouse//models/boxes/box_39/meshes
[0.765s] -- Up-to-date: /home/manab/colcon_ws/install/eyantra_warehouse/share/eyantra_warehouse//models/boxes/box_39/meshes/cardboard_bg.png
[0.765s] -- Up-to-date: /home/manab/colcon_ws/install/eyantra_warehouse/share/eyantra_warehouse//models/boxes/box_39/meshes/box.dae
[0.765s] -- Up-to-date: /home/manab/colcon_ws/install/eyantra_warehouse/share/eyantra_warehouse//models/boxes/box_39/meshes/box__bg.png
[0.765s] -- Up-to-date: /home/manab/colcon_ws/install/eyantra_warehouse/share/eyantra_warehouse//models/boxes/box_39/meshes/aruco_tag.jpg
[0.765s] -- Up-to-date: /home/manab/colcon_ws/install/eyantra_warehouse/share/eyantra_warehouse//models/boxes/box_27
[0.765s] -- Up-to-date: /home/manab/colcon_ws/install/eyantra_warehouse/share/eyantra_warehouse//models/boxes/box_27/model.config
[0.765s] -- Up-to-date: /home/manab/colcon_ws/install/eyantra_warehouse/share/eyantra_warehouse//models/boxes/box_27/model.sdf
[0.768s] -- Up-to-date: /home/manab/colcon_ws/install/eyantra_warehouse/share/eyantra_warehouse//models/boxes/box_27/meshes
[0.768s] -- Up-to-date: /home/manab/colcon_ws/install/eyantra_warehouse/share/eyantra_warehouse//models/boxes/box_27/meshes/cardboard_bg.png
[0.768s] -- Up-to-date: /home/manab/colcon_ws/install/eyantra_warehouse/share/eyantra_warehouse//models/boxes/box_27/meshes/box.dae
[0.768s] -- Up-to-date: /home/manab/colcon_ws/install/eyantra_warehouse/share/eyantra_warehouse//models/boxes/box_27/meshes/box__bg.png
[0.768s] -- Up-to-date: /home/manab/colcon_ws/install/eyantra_warehouse/share/eyantra_warehouse//models/boxes/box_27/meshes/aruco_tag.jpg
[0.768s] -- Up-to-date: /home/manab/colcon_ws/install/eyantra_warehouse/share/eyantra_warehouse//models/boxes/box_21
[0.768s] -- Up-to-date: /home/manab/colcon_ws/install/eyantra_warehouse/share/eyantra_warehouse//models/boxes/box_21/model.config
[0.769s] -- Up-to-date: /home/manab/colcon_ws/install/eyantra_warehouse/share/eyantra_warehouse//models/boxes/box_21/model.sdf
[0.769s] -- Up-to-date: /home/manab/colcon_ws/install/eyantra_warehouse/share/eyantra_warehouse//models/boxes/box_21/meshes
[0.769s] -- Up-to-date: /home/manab/colcon_ws/install/eyantra_warehouse/share/eyantra_warehouse//models/boxes/box_21/meshes/cardboard_bg.png
[0.769s] -- Up-to-date: /home/manab/colcon_ws/install/eyantra_warehouse/share/eyantra_warehouse//models/boxes/box_21/meshes/box.dae
[0.769s] -- Up-to-date: /home/manab/colcon_ws/install/eyantra_warehouse/share/eyantra_warehouse//models/boxes/box_21/meshes/box__bg.png
[0.769s] -- Up-to-date: /home/manab/colcon_ws/install/eyantra_warehouse/share/eyantra_warehouse//models/boxes/box_21/meshes/aruco_tag.jpg
[0.769s] -- Up-to-date: /home/manab/colcon_ws/install/eyantra_warehouse/share/eyantra_warehouse//models/boxes/box_15
[0.769s] -- Up-to-date: /home/manab/colcon_ws/install/eyantra_warehouse/share/eyantra_warehouse//models/boxes/box_15/model.config
[0.769s] -- Up-to-date: /home/manab/colcon_ws/install/eyantra_warehouse/share/eyantra_warehouse//models/boxes/box_15/model.sdf
[0.769s] -- Up-to-date: /home/manab/colcon_ws/install/eyantra_warehouse/share/eyantra_warehouse//models/boxes/box_15/meshes
[0.778s] -- Up-to-date: /home/manab/colcon_ws/install/eyantra_warehouse/share/eyantra_warehouse//models/boxes/box_15/meshes/cardboard_bg.png
[0.779s] -- Up-to-date: /home/manab/colcon_ws/install/eyantra_warehouse/share/eyantra_warehouse//models/boxes/box_15/meshes/box.dae
[0.779s] -- Up-to-date: /home/manab/colcon_ws/install/eyantra_warehouse/share/eyantra_warehouse//models/boxes/box_15/meshes/box__bg.png
[0.779s] -- Up-to-date: /home/manab/colcon_ws/install/eyantra_warehouse/share/eyantra_warehouse//models/boxes/box_15/meshes/aruco_tag.jpg
[0.779s] -- Up-to-date: /home/manab/colcon_ws/install/eyantra_warehouse/share/eyantra_warehouse//models/boxes/box_16
[0.779s] -- Up-to-date: /home/manab/colcon_ws/install/eyantra_warehouse/share/eyantra_warehouse//models/boxes/box_16/model.config
[0.779s] -- Up-to-date: /home/manab/colcon_ws/install/eyantra_warehouse/share/eyantra_warehouse//models/boxes/box_16/model.sdf
[0.779s] -- Up-to-date: /home/manab/colcon_ws/install/eyantra_warehouse/share/eyantra_warehouse//models/boxes/box_16/meshes
[0.780s] -- Up-to-date: /home/manab/colcon_ws/install/eyantra_warehouse/share/eyantra_warehouse//models/boxes/box_16/meshes/cardboard_bg.png
[0.780s] -- Up-to-date: /home/manab/colcon_ws/install/eyantra_warehouse/share/eyantra_warehouse//models/boxes/box_16/meshes/box.dae
[0.780s] -- Up-to-date: /home/manab/colcon_ws/install/eyantra_warehouse/share/eyantra_warehouse//models/boxes/box_16/meshes/box__bg.png
[0.780s] -- Up-to-date: /home/manab/colcon_ws/install/eyantra_warehouse/share/eyantra_warehouse//models/boxes/box_16/meshes/aruco_tag.jpg
[0.780s] -- Up-to-date: /home/manab/colcon_ws/install/eyantra_warehouse/share/eyantra_warehouse//models/boxes/box_25
[0.780s] -- Up-to-date: /home/manab/colcon_ws/install/eyantra_warehouse/share/eyantra_warehouse//models/boxes/box_25/model.config
[0.783s] -- Up-to-date: /home/manab/colcon_ws/install/eyantra_warehouse/share/eyantra_warehouse//models/boxes/box_25/model.sdf
[0.784s] -- Up-to-date: /home/manab/colcon_ws/install/eyantra_warehouse/share/eyantra_warehouse//models/boxes/box_25/meshes
[0.784s] -- Up-to-date: /home/manab/colcon_ws/install/eyantra_warehouse/share/eyantra_warehouse//models/boxes/box_25/meshes/cardboard_bg.png
[0.784s] -- Up-to-date: /home/manab/colcon_ws/install/eyantra_warehouse/share/eyantra_warehouse//models/boxes/box_25/meshes/box.dae
[0.784s] -- Up-to-date: /home/manab/colcon_ws/install/eyantra_warehouse/share/eyantra_warehouse//models/boxes/box_25/meshes/box__bg.png
[0.784s] -- Up-to-date: /home/manab/colcon_ws/install/eyantra_warehouse/share/eyantra_warehouse//models/boxes/box_25/meshes/aruco_tag.jpg
[0.785s] -- Up-to-date: /home/manab/colcon_ws/install/eyantra_warehouse/share/eyantra_warehouse//models/boxes/box_50
[0.785s] -- Up-to-date: /home/manab/colcon_ws/install/eyantra_warehouse/share/eyantra_warehouse//models/boxes/box_50/model.config
[0.785s] -- Up-to-date: /home/manab/colcon_ws/install/eyantra_warehouse/share/eyantra_warehouse//models/boxes/box_50/model.sdf
[0.785s] -- Up-to-date: /home/manab/colcon_ws/install/eyantra_warehouse/share/eyantra_warehouse//models/boxes/box_50/meshes
[0.785s] -- Up-to-date: /home/manab/colcon_ws/install/eyantra_warehouse/share/eyantra_warehouse//models/boxes/box_50/meshes/cardboard_bg.png
[0.785s] -- Up-to-date: /home/manab/colcon_ws/install/eyantra_warehouse/share/eyantra_warehouse//models/boxes/box_50/meshes/box.dae
[0.785s] -- Up-to-date: /home/manab/colcon_ws/install/eyantra_warehouse/share/eyantra_warehouse//models/boxes/box_50/meshes/box__bg.png
[0.785s] -- Up-to-date: /home/manab/colcon_ws/install/eyantra_warehouse/share/eyantra_warehouse//models/boxes/box_50/meshes/aruco_tag.jpg
[0.785s] -- Up-to-date: /home/manab/colcon_ws/install/eyantra_warehouse/share/eyantra_warehouse//models/boxes/box_17
[0.785s] -- Up-to-date: /home/manab/colcon_ws/install/eyantra_warehouse/share/eyantra_warehouse//models/boxes/box_17/model.config
[0.785s] -- Up-to-date: /home/manab/colcon_ws/install/eyantra_warehouse/share/eyantra_warehouse//models/boxes/box_17/model.sdf
[0.786s] -- Up-to-date: /home/manab/colcon_ws/install/eyantra_warehouse/share/eyantra_warehouse//models/boxes/box_17/meshes
[0.786s] -- Up-to-date: /home/manab/colcon_ws/install/eyantra_warehouse/share/eyantra_warehouse//models/boxes/box_17/meshes/cardboard_bg.png
[0.786s] -- Up-to-date: /home/manab/colcon_ws/install/eyantra_warehouse/share/eyantra_warehouse//models/boxes/box_17/meshes/box.dae
[0.786s] -- Up-to-date: /home/manab/colcon_ws/install/eyantra_warehouse/share/eyantra_warehouse//models/boxes/box_17/meshes/box__bg.png
[0.786s] -- Up-to-date: /home/manab/colcon_ws/install/eyantra_warehouse/share/eyantra_warehouse//models/boxes/box_17/meshes/aruco_tag.jpg
[0.786s] -- Up-to-date: /home/manab/colcon_ws/install/eyantra_warehouse/share/eyantra_warehouse//models/boxes/box_26
[0.786s] -- Up-to-date: /home/manab/colcon_ws/install/eyantra_warehouse/share/eyantra_warehouse//models/boxes/box_26/model.config
[0.786s] -- Up-to-date: /home/manab/colcon_ws/install/eyantra_warehouse/share/eyantra_warehouse//models/boxes/box_26/model.sdf
[0.790s] -- Up-to-date: /home/manab/colcon_ws/install/eyantra_warehouse/share/eyantra_warehouse//models/boxes/box_26/meshes
[0.794s] -- Up-to-date: /home/manab/colcon_ws/install/eyantra_warehouse/share/eyantra_warehouse//models/boxes/box_26/meshes/cardboard_bg.png
[0.794s] -- Up-to-date: /home/manab/colcon_ws/install/eyantra_warehouse/share/eyantra_warehouse//models/boxes/box_26/meshes/box.dae
[0.794s] -- Up-to-date: /home/manab/colcon_ws/install/eyantra_warehouse/share/eyantra_warehouse//models/boxes/box_26/meshes/box__bg.png
[0.794s] -- Up-to-date: /home/manab/colcon_ws/install/eyantra_warehouse/share/eyantra_warehouse//models/boxes/box_26/meshes/aruco_tag.jpg
[0.794s] -- Up-to-date: /home/manab/colcon_ws/install/eyantra_warehouse/share/eyantra_warehouse//models/boxes/box_41
[0.794s] -- Up-to-date: /home/manab/colcon_ws/install/eyantra_warehouse/share/eyantra_warehouse//models/boxes/box_41/model.config
[0.794s] -- Up-to-date: /home/manab/colcon_ws/install/eyantra_warehouse/share/eyantra_warehouse//models/boxes/box_41/model.sdf
[0.794s] -- Up-to-date: /home/manab/colcon_ws/install/eyantra_warehouse/share/eyantra_warehouse//models/boxes/box_41/meshes
[0.794s] -- Up-to-date: /home/manab/colcon_ws/install/eyantra_warehouse/share/eyantra_warehouse//models/boxes/box_41/meshes/cardboard_bg.png
[0.795s] -- Up-to-date: /home/manab/colcon_ws/install/eyantra_warehouse/share/eyantra_warehouse//models/boxes/box_41/meshes/box.dae
[0.795s] -- Up-to-date: /home/manab/colcon_ws/install/eyantra_warehouse/share/eyantra_warehouse//models/boxes/box_41/meshes/box__bg.png
[0.795s] -- Up-to-date: /home/manab/colcon_ws/install/eyantra_warehouse/share/eyantra_warehouse//models/boxes/box_41/meshes/aruco_tag.jpg
[0.795s] -- Up-to-date: /home/manab/colcon_ws/install/eyantra_warehouse/share/eyantra_warehouse//models/boxes/box_42
[0.795s] -- Up-to-date: /home/manab/colcon_ws/install/eyantra_warehouse/share/eyantra_warehouse//models/boxes/box_42/model.config
[0.795s] -- Up-to-date: /home/manab/colcon_ws/install/eyantra_warehouse/share/eyantra_warehouse//models/boxes/box_42/model.sdf
[0.795s] -- Up-to-date: /home/manab/colcon_ws/install/eyantra_warehouse/share/eyantra_warehouse//models/boxes/box_42/meshes
[0.795s] -- Up-to-date: /home/manab/colcon_ws/install/eyantra_warehouse/share/eyantra_warehouse//models/boxes/box_42/meshes/cardboard_bg.png
[0.806s] -- Up-to-date: /home/manab/colcon_ws/install/eyantra_warehouse/share/eyantra_warehouse//models/boxes/box_42/meshes/box.dae
[0.807s] -- Up-to-date: /home/manab/colcon_ws/install/eyantra_warehouse/share/eyantra_warehouse//models/boxes/box_42/meshes/box__bg.png
[0.807s] -- Up-to-date: /home/manab/colcon_ws/install/eyantra_warehouse/share/eyantra_warehouse//models/boxes/box_42/meshes/aruco_tag.jpg
[0.807s] -- Up-to-date: /home/manab/colcon_ws/install/eyantra_warehouse/share/eyantra_warehouse//models/boxes/box_8
[0.807s] -- Up-to-date: /home/manab/colcon_ws/install/eyantra_warehouse/share/eyantra_warehouse//models/boxes/box_8/model.config
[0.807s] -- Up-to-date: /home/manab/colcon_ws/install/eyantra_warehouse/share/eyantra_warehouse//models/boxes/box_8/model.sdf
[0.807s] -- Up-to-date: /home/manab/colcon_ws/install/eyantra_warehouse/share/eyantra_warehouse//models/boxes/box_8/meshes
[0.808s] -- Up-to-date: /home/manab/colcon_ws/install/eyantra_warehouse/share/eyantra_warehouse//models/boxes/box_8/meshes/cardboard_bg.png
[0.808s] -- Up-to-date: /home/manab/colcon_ws/install/eyantra_warehouse/share/eyantra_warehouse//models/boxes/box_8/meshes/box.dae
[0.808s] -- Up-to-date: /home/manab/colcon_ws/install/eyantra_warehouse/share/eyantra_warehouse//models/boxes/box_8/meshes/box__bg.png
[0.808s] -- Up-to-date: /home/manab/colcon_ws/install/eyantra_warehouse/share/eyantra_warehouse//models/boxes/box_8/meshes/aruco_tag.jpg
[0.809s] -- Up-to-date: /home/manab/colcon_ws/install/eyantra_warehouse/share/eyantra_warehouse//models/boxes/box_5
[0.809s] -- Up-to-date: /home/manab/colcon_ws/install/eyantra_warehouse/share/eyantra_warehouse//models/boxes/box_5/model.config
[0.809s] -- Up-to-date: /home/manab/colcon_ws/install/eyantra_warehouse/share/eyantra_warehouse//models/boxes/box_5/model.sdf
[0.814s] -- Up-to-date: /home/manab/colcon_ws/install/eyantra_warehouse/share/eyantra_warehouse//models/boxes/box_5/meshes
[0.823s] -- Up-to-date: /home/manab/colcon_ws/install/eyantra_warehouse/share/eyantra_warehouse//models/boxes/box_5/meshes/cardboard_bg.png
[0.824s] -- Up-to-date: /home/manab/colcon_ws/install/eyantra_warehouse/share/eyantra_warehouse//models/boxes/box_5/meshes/box.dae
[0.824s] -- Up-to-date: /home/manab/colcon_ws/install/eyantra_warehouse/share/eyantra_warehouse//models/boxes/box_5/meshes/box__bg.png
[0.824s] -- Up-to-date: /home/manab/colcon_ws/install/eyantra_warehouse/share/eyantra_warehouse//models/boxes/box_5/meshes/aruco_tag.jpg
[0.824s] -- Up-to-date: /home/manab/colcon_ws/install/eyantra_warehouse/share/eyantra_warehouse//models/boxes/box_31
[0.824s] -- Up-to-date: /home/manab/colcon_ws/install/eyantra_warehouse/share/eyantra_warehouse//models/boxes/box_31/model.config
[0.824s] -- Up-to-date: /home/manab/colcon_ws/install/eyantra_warehouse/share/eyantra_warehouse//models/boxes/box_31/model.sdf
[0.824s] -- Up-to-date: /home/manab/colcon_ws/install/eyantra_warehouse/share/eyantra_warehouse//models/boxes/box_31/meshes
[0.824s] -- Up-to-date: /home/manab/colcon_ws/install/eyantra_warehouse/share/eyantra_warehouse//models/boxes/box_31/meshes/cardboard_bg.png
[0.825s] -- Up-to-date: /home/manab/colcon_ws/install/eyantra_warehouse/share/eyantra_warehouse//models/boxes/box_31/meshes/box.dae
[0.825s] -- Up-to-date: /home/manab/colcon_ws/install/eyantra_warehouse/share/eyantra_warehouse//models/boxes/box_31/meshes/box__bg.png
[0.825s] -- Up-to-date: /home/manab/colcon_ws/install/eyantra_warehouse/share/eyantra_warehouse//models/boxes/box_31/meshes/aruco_tag.jpg
[0.825s] -- Up-to-date: /home/manab/colcon_ws/install/eyantra_warehouse/share/eyantra_warehouse//models/boxes/box_20
[0.825s] -- Up-to-date: /home/manab/colcon_ws/install/eyantra_warehouse/share/eyantra_warehouse//models/boxes/box_20/model.config
[0.825s] -- Up-to-date: /home/manab/colcon_ws/install/eyantra_warehouse/share/eyantra_warehouse//models/boxes/box_20/model.sdf
[0.825s] -- Up-to-date: /home/manab/colcon_ws/install/eyantra_warehouse/share/eyantra_warehouse//models/boxes/box_20/meshes
[0.825s] -- Up-to-date: /home/manab/colcon_ws/install/eyantra_warehouse/share/eyantra_warehouse//models/boxes/box_20/meshes/cardboard_bg.png
[0.825s] -- Up-to-date: /home/manab/colcon_ws/install/eyantra_warehouse/share/eyantra_warehouse//models/boxes/box_20/meshes/box.dae
[0.825s] -- Up-to-date: /home/manab/colcon_ws/install/eyantra_warehouse/share/eyantra_warehouse//models/boxes/box_20/meshes/box__bg.png
[0.827s] -- Up-to-date: /home/manab/colcon_ws/install/eyantra_warehouse/share/eyantra_warehouse//models/boxes/box_20/meshes/aruco_tag.jpg
[0.828s] -- Up-to-date: /home/manab/colcon_ws/install/eyantra_warehouse/share/eyantra_warehouse//models/boxes/box_48
[0.828s] -- Up-to-date: /home/manab/colcon_ws/install/eyantra_warehouse/share/eyantra_warehouse//models/boxes/box_48/model.config
[0.828s] -- Up-to-date: /home/manab/colcon_ws/install/eyantra_warehouse/share/eyantra_warehouse//models/boxes/box_48/model.sdf
[0.828s] -- Up-to-date: /home/manab/colcon_ws/install/eyantra_warehouse/share/eyantra_warehouse//models/boxes/box_48/meshes
[0.828s] -- Up-to-date: /home/manab/colcon_ws/install/eyantra_warehouse/share/eyantra_warehouse//models/boxes/box_48/meshes/cardboard_bg.png
[0.829s] -- Up-to-date: /home/manab/colcon_ws/install/eyantra_warehouse/share/eyantra_warehouse//models/boxes/box_48/meshes/box.dae
[0.829s] -- Up-to-date: /home/manab/colcon_ws/install/eyantra_warehouse/share/eyantra_warehouse//models/boxes/box_48/meshes/box__bg.png
[0.829s] -- Up-to-date: /home/manab/colcon_ws/install/eyantra_warehouse/share/eyantra_warehouse//models/boxes/box_48/meshes/aruco_tag.jpg
[0.829s] -- Up-to-date: /home/manab/colcon_ws/install/eyantra_warehouse/share/eyantra_warehouse//models/boxes/box_7
[0.829s] -- Up-to-date: /home/manab/colcon_ws/install/eyantra_warehouse/share/eyantra_warehouse//models/boxes/box_7/model.config
[0.830s] -- Up-to-date: /home/manab/colcon_ws/install/eyantra_warehouse/share/eyantra_warehouse//models/boxes/box_7/model.sdf
[0.830s] -- Up-to-date: /home/manab/colcon_ws/install/eyantra_warehouse/share/eyantra_warehouse//models/boxes/box_7/meshes
[0.830s] -- Up-to-date: /home/manab/colcon_ws/install/eyantra_warehouse/share/eyantra_warehouse//models/boxes/box_7/meshes/cardboard_bg.png
[0.830s] -- Up-to-date: /home/manab/colcon_ws/install/eyantra_warehouse/share/eyantra_warehouse//models/boxes/box_7/meshes/box.dae
[0.831s] -- Up-to-date: /home/manab/colcon_ws/install/eyantra_warehouse/share/eyantra_warehouse//models/boxes/box_7/meshes/box__bg.png
[0.831s] -- Up-to-date: /home/manab/colcon_ws/install/eyantra_warehouse/share/eyantra_warehouse//models/boxes/box_7/meshes/aruco_tag.jpg
[0.831s] -- Up-to-date: /home/manab/colcon_ws/install/eyantra_warehouse/share/eyantra_warehouse//models/boxes/box_22
[0.831s] -- Up-to-date: /home/manab/colcon_ws/install/eyantra_warehouse/share/eyantra_warehouse//models/boxes/box_22/model.config
[0.831s] -- Up-to-date: /home/manab/colcon_ws/install/eyantra_warehouse/share/eyantra_warehouse//models/boxes/box_22/model.sdf
[0.831s] -- Up-to-date: /home/manab/colcon_ws/install/eyantra_warehouse/share/eyantra_warehouse//models/boxes/box_22/meshes
[0.832s] -- Up-to-date: /home/manab/colcon_ws/install/eyantra_warehouse/share/eyantra_warehouse//models/boxes/box_22/meshes/cardboard_bg.png
[0.832s] -- Up-to-date: /home/manab/colcon_ws/install/eyantra_warehouse/share/eyantra_warehouse//models/boxes/box_22/meshes/box.dae
[0.832s] -- Up-to-date: /home/manab/colcon_ws/install/eyantra_warehouse/share/eyantra_warehouse//models/boxes/box_22/meshes/box__bg.png
[0.832s] -- Up-to-date: /home/manab/colcon_ws/install/eyantra_warehouse/share/eyantra_warehouse//models/boxes/box_22/meshes/aruco_tag.jpg
[0.832s] -- Up-to-date: /home/manab/colcon_ws/install/eyantra_warehouse/share/eyantra_warehouse//models/boxes/box_46
[0.832s] -- Up-to-date: /home/manab/colcon_ws/install/eyantra_warehouse/share/eyantra_warehouse//models/boxes/box_46/model.config
[0.832s] -- Up-to-date: /home/manab/colcon_ws/install/eyantra_warehouse/share/eyantra_warehouse//models/boxes/box_46/model.sdf
[0.832s] -- Up-to-date: /home/manab/colcon_ws/install/eyantra_warehouse/share/eyantra_warehouse//models/boxes/box_46/meshes
[0.833s] -- Up-to-date: /home/manab/colcon_ws/install/eyantra_warehouse/share/eyantra_warehouse//models/boxes/box_46/meshes/cardboard_bg.png
[0.833s] -- Up-to-date: /home/manab/colcon_ws/install/eyantra_warehouse/share/eyantra_warehouse//models/boxes/box_46/meshes/box.dae
[0.833s] -- Up-to-date: /home/manab/colcon_ws/install/eyantra_warehouse/share/eyantra_warehouse//models/boxes/box_46/meshes/box__bg.png
[0.833s] -- Up-to-date: /home/manab/colcon_ws/install/eyantra_warehouse/share/eyantra_warehouse//models/boxes/box_46/meshes/aruco_tag.jpg
[0.833s] -- Up-to-date: /home/manab/colcon_ws/install/eyantra_warehouse/share/eyantra_warehouse//models/boxes/box_11
[0.833s] -- Up-to-date: /home/manab/colcon_ws/install/eyantra_warehouse/share/eyantra_warehouse//models/boxes/box_11/model.config
[0.833s] -- Up-to-date: /home/manab/colcon_ws/install/eyantra_warehouse/share/eyantra_warehouse//models/boxes/box_11/model.sdf
[0.833s] -- Up-to-date: /home/manab/colcon_ws/install/eyantra_warehouse/share/eyantra_warehouse//models/boxes/box_11/meshes
[0.835s] -- Up-to-date: /home/manab/colcon_ws/install/eyantra_warehouse/share/eyantra_warehouse//models/boxes/box_11/meshes/cardboard_bg.png
[0.835s] -- Up-to-date: /home/manab/colcon_ws/install/eyantra_warehouse/share/eyantra_warehouse//models/boxes/box_11/meshes/box.dae
[0.835s] -- Up-to-date: /home/manab/colcon_ws/install/eyantra_warehouse/share/eyantra_warehouse//models/boxes/box_11/meshes/box__bg.png
[0.835s] -- Up-to-date: /home/manab/colcon_ws/install/eyantra_warehouse/share/eyantra_warehouse//models/boxes/box_11/meshes/aruco_tag.jpg
[0.835s] -- Up-to-date: /home/manab/colcon_ws/install/eyantra_warehouse/share/eyantra_warehouse//models/boxes/box_49
[0.835s] -- Up-to-date: /home/manab/colcon_ws/install/eyantra_warehouse/share/eyantra_warehouse//models/boxes/box_49/model.config
[0.835s] -- Up-to-date: /home/manab/colcon_ws/install/eyantra_warehouse/share/eyantra_warehouse//models/boxes/box_49/model.sdf
[0.836s] -- Up-to-date: /home/manab/colcon_ws/install/eyantra_warehouse/share/eyantra_warehouse//models/boxes/box_49/meshes
[0.836s] -- Up-to-date: /home/manab/colcon_ws/install/eyantra_warehouse/share/eyantra_warehouse//models/boxes/box_49/meshes/cardboard_bg.png
[0.836s] -- Up-to-date: /home/manab/colcon_ws/install/eyantra_warehouse/share/eyantra_warehouse//models/boxes/box_49/meshes/box.dae
[0.836s] -- Up-to-date: /home/manab/colcon_ws/install/eyantra_warehouse/share/eyantra_warehouse//models/boxes/box_49/meshes/box__bg.png
[0.836s] -- Up-to-date: /home/manab/colcon_ws/install/eyantra_warehouse/share/eyantra_warehouse//models/boxes/box_49/meshes/aruco_tag.jpg
[0.836s] -- Up-to-date: /home/manab/colcon_ws/install/eyantra_warehouse/share/eyantra_warehouse//models/boxes/box_1
[0.837s] -- Up-to-date: /home/manab/colcon_ws/install/eyantra_warehouse/share/eyantra_warehouse//models/boxes/box_1/model.config
[0.837s] -- Up-to-date: /home/manab/colcon_ws/install/eyantra_warehouse/share/eyantra_warehouse//models/boxes/box_1/model.sdf
[0.837s] -- Up-to-date: /home/manab/colcon_ws/install/eyantra_warehouse/share/eyantra_warehouse//models/boxes/box_1/meshes
[0.837s] -- Up-to-date: /home/manab/colcon_ws/install/eyantra_warehouse/share/eyantra_warehouse//models/boxes/box_1/meshes/cardboard_bg.png
[0.837s] -- Up-to-date: /home/manab/colcon_ws/install/eyantra_warehouse/share/eyantra_warehouse//models/boxes/box_1/meshes/box.dae
[0.837s] -- Up-to-date: /home/manab/colcon_ws/install/eyantra_warehouse/share/eyantra_warehouse//models/boxes/box_1/meshes/box__bg.png
[0.837s] -- Up-to-date: /home/manab/colcon_ws/install/eyantra_warehouse/share/eyantra_warehouse//models/boxes/box_1/meshes/aruco_tag.jpg
[0.837s] -- Up-to-date: /home/manab/colcon_ws/install/eyantra_warehouse/share/eyantra_warehouse//models/boxes/box_28
[0.838s] -- Up-to-date: /home/manab/colcon_ws/install/eyantra_warehouse/share/eyantra_warehouse//models/boxes/box_28/model.config
[0.838s] -- Up-to-date: /home/manab/colcon_ws/install/eyantra_warehouse/share/eyantra_warehouse//models/boxes/box_28/model.sdf
[0.838s] -- Up-to-date: /home/manab/colcon_ws/install/eyantra_warehouse/share/eyantra_warehouse//models/boxes/box_28/meshes
[0.838s] -- Up-to-date: /home/manab/colcon_ws/install/eyantra_warehouse/share/eyantra_warehouse//models/boxes/box_28/meshes/cardboard_bg.png
[0.838s] -- Up-to-date: /home/manab/colcon_ws/install/eyantra_warehouse/share/eyantra_warehouse//models/boxes/box_28/meshes/box.dae
[0.838s] -- Up-to-date: /home/manab/colcon_ws/install/eyantra_warehouse/share/eyantra_warehouse//models/boxes/box_28/meshes/box__bg.png
[0.838s] -- Up-to-date: /home/manab/colcon_ws/install/eyantra_warehouse/share/eyantra_warehouse//models/boxes/box_28/meshes/aruco_tag.jpg
[0.838s] -- Up-to-date: /home/manab/colcon_ws/install/eyantra_warehouse/share/eyantra_warehouse//models/package_box
[0.839s] -- Up-to-date: /home/manab/colcon_ws/install/eyantra_warehouse/share/eyantra_warehouse//models/package_box/model.config
[0.839s] -- Up-to-date: /home/manab/colcon_ws/install/eyantra_warehouse/share/eyantra_warehouse//models/package_box/model.sdf
[0.839s] -- Up-to-date: /home/manab/colcon_ws/install/eyantra_warehouse/share/eyantra_warehouse//models/package_box/meshes
[0.839s] -- Up-to-date: /home/manab/colcon_ws/install/eyantra_warehouse/share/eyantra_warehouse//models/package_box/meshes/aws_robomaker_warehouse_ClutteringC_02.png
[0.839s] -- Up-to-date: /home/manab/colcon_ws/install/eyantra_warehouse/share/eyantra_warehouse//models/package_box/meshes/package_box.dae
[0.840s] -- Up-to-date: /home/manab/colcon_ws/install/eyantra_warehouse/share/eyantra_warehouse//models/package_box/meshes/4x4_1000-0.png
[0.840s] -- Up-to-date: /home/manab/colcon_ws/install/eyantra_warehouse/share/eyantra_warehouse//models/LB_city
[0.840s] -- Up-to-date: /home/manab/colcon_ws/install/eyantra_warehouse/share/eyantra_warehouse//models/LB_city/model.config
[0.840s] -- Up-to-date: /home/manab/colcon_ws/install/eyantra_warehouse/share/eyantra_warehouse//models/LB_city/model.sdf
[0.840s] -- Up-to-date: /home/manab/colcon_ws/install/eyantra_warehouse/share/eyantra_warehouse//models/LB_city/meshes
[0.840s] -- Up-to-date: /home/manab/colcon_ws/install/eyantra_warehouse/share/eyantra_warehouse//models/LB_city/meshes/pv2c.jpg
[0.840s] -- Up-to-date: /home/manab/colcon_ws/install/eyantra_warehouse/share/eyantra_warehouse//models/LB_city/meshes/f1q.jpg
[0.840s] -- Up-to-date: /home/manab/colcon_ws/install/eyantra_warehouse/share/eyantra_warehouse//models/LB_city/meshes/LB_city.dae
[0.840s] -- Up-to-date: /home/manab/colcon_ws/install/eyantra_warehouse/share/eyantra_warehouse//models/LB_city/meshes/dm1.jpg
[0.840s] -- Up-to-date: /home/manab/colcon_ws/install/eyantra_warehouse/share/eyantra_warehouse//models/LB_city/meshes/grass.png
[0.841s] -- Up-to-date: /home/manab/colcon_ws/install/eyantra_warehouse/share/eyantra_warehouse//models/LB_city/meshes/LAWN.jpg
[0.841s] -- Up-to-date: /home/manab/colcon_ws/install/eyantra_warehouse/share/eyantra_warehouse//models/LB_city/meshes/f1q.jpg.001.jpg
[0.841s] -- Up-to-date: /home/manab/colcon_ws/install/eyantra_warehouse/share/eyantra_warehouse//models/LB_city/meshes/ocean_texture.jpeg
[0.841s] -- Up-to-date: /home/manab/colcon_ws/install/eyantra_warehouse/share/eyantra_warehouse//models/LB_city/meshes/SolarPanelsPolycrystallineTypeBFramedClean001_COL_3K.jpg.004.jp.jpg
[0.841s] -- Up-to-date: /home/manab/colcon_ws/install/eyantra_warehouse/share/eyantra_warehouse//models/LB_city/meshes/pb2.jpg
[0.841s] -- Up-to-date: /home/manab/colcon_ws/install/eyantra_warehouse/share/eyantra_warehouse//models/warehouse_boundary
[0.844s] -- Up-to-date: /home/manab/colcon_ws/install/eyantra_warehouse/share/eyantra_warehouse//models/warehouse_boundary/model.config
[0.844s] -- Up-to-date: /home/manab/colcon_ws/install/eyantra_warehouse/share/eyantra_warehouse//models/warehouse_boundary/model.sdf
[0.844s] -- Up-to-date: /home/manab/colcon_ws/install/eyantra_warehouse/share/eyantra_warehouse//models/warehouse_boundary/meshes
[0.844s] -- Up-to-date: /home/manab/colcon_ws/install/eyantra_warehouse/share/eyantra_warehouse//models/warehouse_boundary/meshes/warehouse_boundary_glass_cover.dae
[0.844s] -- Up-to-date: /home/manab/colcon_ws/install/eyantra_warehouse/share/eyantra_warehouse//models/warehouse_boundary/meshes/warehouse_boundary.dae
[0.844s] -- Up-to-date: /home/manab/colcon_ws/install/eyantra_warehouse/share/eyantra_warehouse//models/warehouse_boundary/meshes/warehouse_floor.jpg
[0.844s] -- Up-to-date: /home/manab/colcon_ws/install/eyantra_warehouse/share/eyantra_warehouse//models/drop_table
[0.845s] -- Up-to-date: /home/manab/colcon_ws/install/eyantra_warehouse/share/eyantra_warehouse//models/drop_table/model.config
[0.845s] -- Up-to-date: /home/manab/colcon_ws/install/eyantra_warehouse/share/eyantra_warehouse//models/drop_table/model.sdf
[0.845s] -- Up-to-date: /home/manab/colcon_ws/install/eyantra_warehouse/share/eyantra_warehouse//models/drop_table/meshes
[0.845s] -- Up-to-date: /home/manab/colcon_ws/install/eyantra_warehouse/share/eyantra_warehouse//models/drop_table/meshes/table.dae
[0.845s] -- Up-to-date: /home/manab/colcon_ws/install/eyantra_warehouse/share/eyantra_warehouse//models/drop_table/meshes/eyantra_logo~red_280x55.png
[0.845s] -- Up-to-date: /home/manab/colcon_ws/install/eyantra_warehouse/share/eyantra_warehouse//models/drop_table/meshes/eyantra_logo~red_280x55.png.001.png
[0.845s] -- Up-to-date: /home/manab/colcon_ws/install/eyantra_warehouse/share/eyantra_warehouse//models/ground_plane
[0.845s] -- Up-to-date: /home/manab/colcon_ws/install/eyantra_warehouse/share/eyantra_warehouse//models/ground_plane/model.config
[0.845s] -- Up-to-date: /home/manab/colcon_ws/install/eyantra_warehouse/share/eyantra_warehouse//models/ground_plane/model.sdf
[0.845s] -- Up-to-date: /home/manab/colcon_ws/install/eyantra_warehouse/share/eyantra_warehouse//config
[0.845s] -- Up-to-date: /home/manab/colcon_ws/install/eyantra_warehouse/share/eyantra_warehouse//config/package_link.json
[0.860s] -- Up-to-date: /home/manab/colcon_ws/install/eyantra_warehouse/share/eyantra_warehouse//config/SkyX_Moon.fragment
[0.860s] -- Up-to-date: /home/manab/colcon_ws/install/eyantra_warehouse/share/eyantra_warehouse//config/SkyX_Moon.png
[0.861s] -- Up-to-date: /home/manab/colcon_ws/install/eyantra_warehouse/share/ament_index/resource_index/package_run_dependencies/eyantra_warehouse
[0.861s] -- Up-to-date: /home/manab/colcon_ws/install/eyantra_warehouse/share/ament_index/resource_index/parent_prefix_path/eyantra_warehouse
[0.861s] -- Up-to-date: /home/manab/colcon_ws/install/eyantra_warehouse/share/eyantra_warehouse/environment/ament_prefix_path.sh
[0.861s] -- Up-to-date: /home/manab/colcon_ws/install/eyantra_warehouse/share/eyantra_warehouse/environment/ament_prefix_path.dsv
[0.861s] -- Up-to-date: /home/manab/colcon_ws/install/eyantra_warehouse/share/eyantra_warehouse/environment/path.sh
[0.861s] -- Up-to-date: /home/manab/colcon_ws/install/eyantra_warehouse/share/eyantra_warehouse/environment/path.dsv
[0.861s] -- Up-to-date: /home/manab/colcon_ws/install/eyantra_warehouse/share/eyantra_warehouse/local_setup.bash
[0.861s] -- Up-to-date: /home/manab/colcon_ws/install/eyantra_warehouse/share/eyantra_warehouse/local_setup.sh
[0.861s] -- Up-to-date: /home/manab/colcon_ws/install/eyantra_warehouse/share/eyantra_warehouse/local_setup.zsh
[0.861s] -- Up-to-date: /home/manab/colcon_ws/install/eyantra_warehouse/share/eyantra_warehouse/local_setup.dsv
[0.861s] -- Installing: /home/manab/colcon_ws/install/eyantra_warehouse/share/eyantra_warehouse/package.dsv
[0.861s] -- Up-to-date: /home/manab/colcon_ws/install/eyantra_warehouse/share/ament_index/resource_index/packages/eyantra_warehouse
[0.861s] -- Up-to-date: /home/manab/colcon_ws/install/eyantra_warehouse/share/eyantra_warehouse/cmake/eyantra_warehouseConfig.cmake
[0.862s] -- Up-to-date: /home/manab/colcon_ws/install/eyantra_warehouse/share/eyantra_warehouse/cmake/eyantra_warehouseConfig-version.cmake
[0.862s] -- Up-to-date: /home/manab/colcon_ws/install/eyantra_warehouse/share/eyantra_warehouse/package.xml
[0.866s] Invoked command in '/home/manab/colcon_ws/build/eyantra_warehouse' returned '0': CMAKE_PREFIX_PATH=${CMAKE_PREFIX_PATH}:/home/manab/colcon_ws/install/ur5_control:/home/manab/ros2_ws/install/launch_testing_examples:/home/manab/ros2_ws/install/examples_rclpy_pointcloud_publisher:/home/manab/ros2_ws/install/examples_rclpy_minimal_subscriber:/home/manab/ros2_ws/install/examples_rclpy_minimal_service:/home/manab/ros2_ws/install/examples_rclpy_minimal_publisher:/home/manab/ros2_ws/install/examples_rclpy_minimal_client:/home/manab/ros2_ws/install/examples_rclpy_minimal_action_server:/home/manab/ros2_ws/install/examples_rclpy_minimal_action_client:/home/manab/ros2_ws/install/examples_rclpy_guard_conditions:/home/manab/ros2_ws/install/examples_rclpy_executors:/opt/ros/humble /usr/bin/cmake --install /home/manab/colcon_ws/build/eyantra_warehouse
