[0.148s] Invoking command in '/home/manab/colcon_ws/build/ur_description': CMAKE_PREFIX_PATH=${CMAKE_PREFIX_PATH}:/home/manab/colcon_ws/install/ur5_control:/home/manab/ws_moveit/install/moveit_configs_utils:/home/manab/ros2_ws/install/launch_testing_examples:/home/manab/ros2_ws/install/examples_rclpy_pointcloud_publisher:/home/manab/ros2_ws/install/examples_rclpy_minimal_subscriber:/home/manab/ros2_ws/install/examples_rclpy_minimal_service:/home/manab/ros2_ws/install/examples_rclpy_minimal_publisher:/home/manab/ros2_ws/install/examples_rclpy_minimal_client:/home/manab/ros2_ws/install/examples_rclpy_minimal_action_server:/home/manab/ros2_ws/install/examples_rclpy_minimal_action_client:/home/manab/ros2_ws/install/examples_rclpy_guard_conditions:/home/manab/ros2_ws/install/examples_rclpy_executors:/opt/ros/humble /usr/bin/cmake --build /home/manab/colcon_ws/build/ur_description -- -j4 -l4
[0.402s] Invoked command in '/home/manab/colcon_ws/build/ur_description' returned '0': CMAKE_PREFIX_PATH=${CMAKE_PREFIX_PATH}:/home/manab/colcon_ws/install/ur5_control:/home/manab/ws_moveit/install/moveit_configs_utils:/home/manab/ros2_ws/install/launch_testing_examples:/home/manab/ros2_ws/install/examples_rclpy_pointcloud_publisher:/home/manab/ros2_ws/install/examples_rclpy_minimal_subscriber:/home/manab/ros2_ws/install/examples_rclpy_minimal_service:/home/manab/ros2_ws/install/examples_rclpy_minimal_publisher:/home/manab/ros2_ws/install/examples_rclpy_minimal_client:/home/manab/ros2_ws/install/examples_rclpy_minimal_action_server:/home/manab/ros2_ws/install/examples_rclpy_minimal_action_client:/home/manab/ros2_ws/install/examples_rclpy_guard_conditions:/home/manab/ros2_ws/install/examples_rclpy_executors:/opt/ros/humble /usr/bin/cmake --build /home/manab/colcon_ws/build/ur_description -- -j4 -l4
[0.599s] Invoking command in '/home/manab/colcon_ws/build/ur_description': CMAKE_PREFIX_PATH=${CMAKE_PREFIX_PATH}:/home/manab/colcon_ws/install/ur5_control:/home/manab/ws_moveit/install/moveit_configs_utils:/home/manab/ros2_ws/install/launch_testing_examples:/home/manab/ros2_ws/install/examples_rclpy_pointcloud_publisher:/home/manab/ros2_ws/install/examples_rclpy_minimal_subscriber:/home/manab/ros2_ws/install/examples_rclpy_minimal_service:/home/manab/ros2_ws/install/examples_rclpy_minimal_publisher:/home/manab/ros2_ws/install/examples_rclpy_minimal_client:/home/manab/ros2_ws/install/examples_rclpy_minimal_action_server:/home/manab/ros2_ws/install/examples_rclpy_minimal_action_client:/home/manab/ros2_ws/install/examples_rclpy_guard_conditions:/home/manab/ros2_ws/install/examples_rclpy_executors:/opt/ros/humble /usr/bin/cmake --install /home/manab/colcon_ws/build/ur_description
[0.846s] -- Install configuration: ""
[0.846s] -- Up-to-date: /home/manab/colcon_ws/install/ur_description/share/ur_description/config
[0.847s] -- Up-to-date: /home/manab/colcon_ws/install/ur_description/share/ur_description/config/ur16e
[0.847s] -- Up-to-date: /home/manab/colcon_ws/install/ur_description/share/ur_description/config/ur16e/default_kinematics.yaml
[0.859s] -- Up-to-date: /home/manab/colcon_ws/install/ur_description/share/ur_description/config/ur16e/physical_parameters.yaml
[0.859s] -- Up-to-date: /home/manab/colcon_ws/install/ur_description/share/ur_description/config/ur16e/joint_limits.yaml
[0.859s] -- Up-to-date: /home/manab/colcon_ws/install/ur_description/share/ur_description/config/ur16e/visual_parameters.yaml
[0.862s] -- Up-to-date: /home/manab/colcon_ws/install/ur_description/share/ur_description/config/initial_positions.yaml
[0.862s] -- Up-to-date: /home/manab/colcon_ws/install/ur_description/share/ur_description/config/ur20
[0.862s] -- Up-to-date: /home/manab/colcon_ws/install/ur_description/share/ur_description/config/ur20/default_kinematics.yaml
[0.871s] -- Up-to-date: /home/manab/colcon_ws/install/ur_description/share/ur_description/config/ur20/physical_parameters.yaml
[0.871s] -- Up-to-date: /home/manab/colcon_ws/install/ur_description/share/ur_description/config/ur20/joint_limits.yaml
[0.871s] -- Up-to-date: /home/manab/colcon_ws/install/ur_description/share/ur_description/config/ur20/visual_parameters.yaml
[0.873s] -- Up-to-date: /home/manab/colcon_ws/install/ur_description/share/ur_description/config/ur3e
[0.873s] -- Up-to-date: /home/manab/colcon_ws/install/ur_description/share/ur_description/config/ur3e/default_kinematics.yaml
[0.873s] -- Up-to-date: /home/manab/colcon_ws/install/ur_description/share/ur_description/config/ur3e/physical_parameters.yaml
[0.875s] -- Up-to-date: /home/manab/colcon_ws/install/ur_description/share/ur_description/config/ur3e/joint_limits.yaml
[0.884s] -- Up-to-date: /home/manab/colcon_ws/install/ur_description/share/ur_description/config/ur3e/visual_parameters.yaml
[0.884s] -- Up-to-date: /home/manab/colcon_ws/install/ur_description/share/ur_description/config/ur10e
[0.885s] -- Up-to-date: /home/manab/colcon_ws/install/ur_description/share/ur_description/config/ur10e/default_kinematics.yaml
[0.885s] -- Up-to-date: /home/manab/colcon_ws/install/ur_description/share/ur_description/config/ur10e/physical_parameters.yaml
[0.885s] -- Up-to-date: /home/manab/colcon_ws/install/ur_description/share/ur_description/config/ur10e/joint_limits.yaml
[0.885s] -- Up-to-date: /home/manab/colcon_ws/install/ur_description/share/ur_description/config/ur10e/visual_parameters.yaml
[0.885s] -- Up-to-date: /home/manab/colcon_ws/install/ur_description/share/ur_description/config/ur10
[0.887s] -- Up-to-date: /home/manab/colcon_ws/install/ur_description/share/ur_description/config/ur10/default_kinematics.yaml
[0.888s] -- Up-to-date: /home/manab/colcon_ws/install/ur_description/share/ur_description/config/ur10/physical_parameters.yaml
[0.891s] -- Up-to-date: /home/manab/colcon_ws/install/ur_description/share/ur_description/config/ur10/joint_limits.yaml
[0.894s] -- Up-to-date: /home/manab/colcon_ws/install/ur_description/share/ur_description/config/ur10/visual_parameters.yaml
[0.894s] -- Up-to-date: /home/manab/colcon_ws/install/ur_description/share/ur_description/config/ur5
[0.906s] -- Up-to-date: /home/manab/colcon_ws/install/ur_description/share/ur_description/config/ur5/default_kinematics.yaml
[0.908s] -- Up-to-date: /home/manab/colcon_ws/install/ur_description/share/ur_description/config/ur5/physical_parameters.yaml
[0.908s] -- Up-to-date: /home/manab/colcon_ws/install/ur_description/share/ur_description/config/ur5/joint_limits.yaml
[0.908s] -- Up-to-date: /home/manab/colcon_ws/install/ur_description/share/ur_description/config/ur5/visual_parameters.yaml
[0.908s] -- Up-to-date: /home/manab/colcon_ws/install/ur_description/share/ur_description/config/ur3
[0.908s] -- Up-to-date: /home/manab/colcon_ws/install/ur_description/share/ur_description/config/ur3/default_kinematics.yaml
[0.908s] -- Up-to-date: /home/manab/colcon_ws/install/ur_description/share/ur_description/config/ur3/physical_parameters.yaml
[0.908s] -- Up-to-date: /home/manab/colcon_ws/install/ur_description/share/ur_description/config/ur3/joint_limits.yaml
[0.908s] -- Up-to-date: /home/manab/colcon_ws/install/ur_description/share/ur_description/config/ur3/visual_parameters.yaml
[0.908s] -- Up-to-date: /home/manab/colcon_ws/install/ur_description/share/ur_description/config/ur5e
[0.909s] -- Up-to-date: /home/manab/colcon_ws/install/ur_description/share/ur_description/config/ur5e/default_kinematics.yaml
[0.909s] -- Up-to-date: /home/manab/colcon_ws/install/ur_description/share/ur_description/config/ur5e/physical_parameters.yaml
[0.909s] -- Up-to-date: /home/manab/colcon_ws/install/ur_description/share/ur_description/config/ur5e/joint_limits.yaml
[0.913s] -- Up-to-date: /home/manab/colcon_ws/install/ur_description/share/ur_description/config/ur5e/visual_parameters.yaml
[0.916s] -- Up-to-date: /home/manab/colcon_ws/install/ur_description/share/ur_description/config/ur30
[0.917s] -- Up-to-date: /home/manab/colcon_ws/install/ur_description/share/ur_description/config/ur30/default_kinematics.yaml
[1.016s] -- Up-to-date: /home/manab/colcon_ws/install/ur_description/share/ur_description/config/ur30/physical_parameters.yaml
[1.016s] -- Up-to-date: /home/manab/colcon_ws/install/ur_description/share/ur_description/config/ur30/joint_limits.yaml
[1.017s] -- Up-to-date: /home/manab/colcon_ws/install/ur_description/share/ur_description/config/ur30/visual_parameters.yaml
[1.017s] -- Up-to-date: /home/manab/colcon_ws/install/ur_description/share/ur_description/launch
[1.017s] -- Up-to-date: /home/manab/colcon_ws/install/ur_description/share/ur_description/launch/view_ur.launch.py
[1.017s] -- Up-to-date: /home/manab/colcon_ws/install/ur_description/share/ur_description/launch/ur5_gazebo_launch.py
[1.026s] -- Up-to-date: /home/manab/colcon_ws/install/ur_description/share/ur_description/launch/start_ur_world_launch.py
[1.027s] -- Up-to-date: /home/manab/colcon_ws/install/ur_description/share/ur_description/meshes
[1.027s] -- Up-to-date: /home/manab/colcon_ws/install/ur_description/share/ur_description/meshes/ur16e
[1.027s] -- Up-to-date: /home/manab/colcon_ws/install/ur_description/share/ur_description/meshes/ur16e/visual
[1.027s] -- Up-to-date: /home/manab/colcon_ws/install/ur_description/share/ur_description/meshes/ur16e/visual/upperarm.dae
[1.027s] -- Up-to-date: /home/manab/colcon_ws/install/ur_description/share/ur_description/meshes/ur16e/visual/forearm.dae
[1.027s] -- Up-to-date: /home/manab/colcon_ws/install/ur_description/share/ur_description/meshes/ur16e/collision
[1.027s] -- Up-to-date: /home/manab/colcon_ws/install/ur_description/share/ur_description/meshes/ur16e/collision/upperarm.stl
[1.028s] -- Up-to-date: /home/manab/colcon_ws/install/ur_description/share/ur_description/meshes/ur16e/collision/forearm.stl
[1.028s] -- Up-to-date: /home/manab/colcon_ws/install/ur_description/share/ur_description/meshes/ur20
[1.028s] -- Up-to-date: /home/manab/colcon_ws/install/ur_description/share/ur_description/meshes/ur20/visual
[1.028s] -- Up-to-date: /home/manab/colcon_ws/install/ur_description/share/ur_description/meshes/ur20/visual/shoulder.dae
[1.028s] -- Up-to-date: /home/manab/colcon_ws/install/ur_description/share/ur_description/meshes/ur20/visual/wrist1.dae
[1.028s] -- Up-to-date: /home/manab/colcon_ws/install/ur_description/share/ur_description/meshes/ur20/visual/base.dae
[1.028s] -- Up-to-date: /home/manab/colcon_ws/install/ur_description/share/ur_description/meshes/ur20/visual/upperarm.dae
[1.028s] -- Up-to-date: /home/manab/colcon_ws/install/ur_description/share/ur_description/meshes/ur20/visual/UR20_DIFF_8bit_2K.png
[1.028s] -- Up-to-date: /home/manab/colcon_ws/install/ur_description/share/ur_description/meshes/ur20/visual/forearm.dae
[1.028s] -- Up-to-date: /home/manab/colcon_ws/install/ur_description/share/ur_description/meshes/ur20/visual/wrist2.dae
[1.028s] -- Up-to-date: /home/manab/colcon_ws/install/ur_description/share/ur_description/meshes/ur20/visual/wrist3.dae
[1.028s] -- Up-to-date: /home/manab/colcon_ws/install/ur_description/share/ur_description/meshes/ur20/LICENSE.txt
[1.039s] -- Up-to-date: /home/manab/colcon_ws/install/ur_description/share/ur_description/meshes/ur20/collision
[1.039s] -- Up-to-date: /home/manab/colcon_ws/install/ur_description/share/ur_description/meshes/ur20/collision/wrist3.stl
[1.039s] -- Up-to-date: /home/manab/colcon_ws/install/ur_description/share/ur_description/meshes/ur20/collision/upperarm.stl
[1.039s] -- Up-to-date: /home/manab/colcon_ws/install/ur_description/share/ur_description/meshes/ur20/collision/forearm.stl
[1.040s] -- Up-to-date: /home/manab/colcon_ws/install/ur_description/share/ur_description/meshes/ur20/collision/shoulder.stl
[1.040s] -- Up-to-date: /home/manab/colcon_ws/install/ur_description/share/ur_description/meshes/ur20/collision/wrist1.stl
[1.040s] -- Up-to-date: /home/manab/colcon_ws/install/ur_description/share/ur_description/meshes/ur20/collision/base.stl
[1.040s] -- Up-to-date: /home/manab/colcon_ws/install/ur_description/share/ur_description/meshes/ur20/collision/wrist2.stl
[1.040s] -- Up-to-date: /home/manab/colcon_ws/install/ur_description/share/ur_description/meshes/ur3e
[1.040s] -- Up-to-date: /home/manab/colcon_ws/install/ur_description/share/ur_description/meshes/ur3e/visual
[1.040s] -- Up-to-date: /home/manab/colcon_ws/install/ur_description/share/ur_description/meshes/ur3e/visual/shoulder.dae
[1.040s] -- Up-to-date: /home/manab/colcon_ws/install/ur_description/share/ur_description/meshes/ur3e/visual/wrist1.dae
[1.040s] -- Up-to-date: /home/manab/colcon_ws/install/ur_description/share/ur_description/meshes/ur3e/visual/base.dae
[1.040s] -- Up-to-date: /home/manab/colcon_ws/install/ur_description/share/ur_description/meshes/ur3e/visual/upperarm.dae
[1.040s] -- Up-to-date: /home/manab/colcon_ws/install/ur_description/share/ur_description/meshes/ur3e/visual/forearm.dae
[1.040s] -- Up-to-date: /home/manab/colcon_ws/install/ur_description/share/ur_description/meshes/ur3e/visual/wrist2.dae
[1.041s] -- Up-to-date: /home/manab/colcon_ws/install/ur_description/share/ur_description/meshes/ur3e/visual/wrist3.dae
[1.041s] -- Up-to-date: /home/manab/colcon_ws/install/ur_description/share/ur_description/meshes/ur3e/collision
[1.041s] -- Up-to-date: /home/manab/colcon_ws/install/ur_description/share/ur_description/meshes/ur3e/collision/wrist3.stl
[1.041s] -- Up-to-date: /home/manab/colcon_ws/install/ur_description/share/ur_description/meshes/ur3e/collision/upperarm.stl
[1.041s] -- Up-to-date: /home/manab/colcon_ws/install/ur_description/share/ur_description/meshes/ur3e/collision/forearm.stl
[1.041s] -- Up-to-date: /home/manab/colcon_ws/install/ur_description/share/ur_description/meshes/ur3e/collision/shoulder.stl
[1.041s] -- Up-to-date: /home/manab/colcon_ws/install/ur_description/share/ur_description/meshes/ur3e/collision/wrist1.stl
[1.041s] -- Up-to-date: /home/manab/colcon_ws/install/ur_description/share/ur_description/meshes/ur3e/collision/base.stl
[1.044s] -- Up-to-date: /home/manab/colcon_ws/install/ur_description/share/ur_description/meshes/ur3e/collision/wrist2.stl
[1.044s] -- Up-to-date: /home/manab/colcon_ws/install/ur_description/share/ur_description/meshes/ur10e
[1.044s] -- Up-to-date: /home/manab/colcon_ws/install/ur_description/share/ur_description/meshes/ur10e/visual
[1.044s] -- Up-to-date: /home/manab/colcon_ws/install/ur_description/share/ur_description/meshes/ur10e/visual/shoulder.dae
[1.045s] -- Up-to-date: /home/manab/colcon_ws/install/ur_description/share/ur_description/meshes/ur10e/visual/wrist1.dae
[1.045s] -- Up-to-date: /home/manab/colcon_ws/install/ur_description/share/ur_description/meshes/ur10e/visual/base.dae
[1.045s] -- Up-to-date: /home/manab/colcon_ws/install/ur_description/share/ur_description/meshes/ur10e/visual/upperarm.dae
[1.045s] -- Up-to-date: /home/manab/colcon_ws/install/ur_description/share/ur_description/meshes/ur10e/visual/forearm.dae
[1.045s] -- Up-to-date: /home/manab/colcon_ws/install/ur_description/share/ur_description/meshes/ur10e/visual/wrist2.dae
[1.045s] -- Up-to-date: /home/manab/colcon_ws/install/ur_description/share/ur_description/meshes/ur10e/visual/wrist3.dae
[1.045s] -- Up-to-date: /home/manab/colcon_ws/install/ur_description/share/ur_description/meshes/ur10e/collision
[1.045s] -- Up-to-date: /home/manab/colcon_ws/install/ur_description/share/ur_description/meshes/ur10e/collision/wrist3.stl
[1.045s] -- Up-to-date: /home/manab/colcon_ws/install/ur_description/share/ur_description/meshes/ur10e/collision/upperarm.stl
[1.055s] -- Up-to-date: /home/manab/colcon_ws/install/ur_description/share/ur_description/meshes/ur10e/collision/forearm.stl
[1.055s] -- Up-to-date: /home/manab/colcon_ws/install/ur_description/share/ur_description/meshes/ur10e/collision/shoulder.stl
[1.055s] -- Up-to-date: /home/manab/colcon_ws/install/ur_description/share/ur_description/meshes/ur10e/collision/wrist1.stl
[1.055s] -- Up-to-date: /home/manab/colcon_ws/install/ur_description/share/ur_description/meshes/ur10e/collision/base.stl
[1.055s] -- Up-to-date: /home/manab/colcon_ws/install/ur_description/share/ur_description/meshes/ur10e/collision/wrist2.stl
[1.055s] -- Up-to-date: /home/manab/colcon_ws/install/ur_description/share/ur_description/meshes/NAVRS.STL
[1.055s] -- Up-to-date: /home/manab/colcon_ws/install/ur_description/share/ur_description/meshes/ur10
[1.056s] -- Up-to-date: /home/manab/colcon_ws/install/ur_description/share/ur_description/meshes/ur10/visual
[1.056s] -- Up-to-date: /home/manab/colcon_ws/install/ur_description/share/ur_description/meshes/ur10/visual/shoulder.dae
[1.056s] -- Up-to-date: /home/manab/colcon_ws/install/ur_description/share/ur_description/meshes/ur10/visual/wrist1.dae
[1.056s] -- Up-to-date: /home/manab/colcon_ws/install/ur_description/share/ur_description/meshes/ur10/visual/base.dae
[1.056s] -- Up-to-date: /home/manab/colcon_ws/install/ur_description/share/ur_description/meshes/ur10/visual/upperarm.dae
[1.056s] -- Up-to-date: /home/manab/colcon_ws/install/ur_description/share/ur_description/meshes/ur10/visual/forearm.dae
[1.056s] -- Up-to-date: /home/manab/colcon_ws/install/ur_description/share/ur_description/meshes/ur10/visual/wrist2.dae
[1.056s] -- Up-to-date: /home/manab/colcon_ws/install/ur_description/share/ur_description/meshes/ur10/visual/wrist3.dae
[1.056s] -- Up-to-date: /home/manab/colcon_ws/install/ur_description/share/ur_description/meshes/ur10/collision
[1.056s] -- Up-to-date: /home/manab/colcon_ws/install/ur_description/share/ur_description/meshes/ur10/collision/wrist3.stl
[1.056s] -- Up-to-date: /home/manab/colcon_ws/install/ur_description/share/ur_description/meshes/ur10/collision/upperarm.stl
[1.056s] -- Up-to-date: /home/manab/colcon_ws/install/ur_description/share/ur_description/meshes/ur10/collision/forearm.stl
[1.056s] -- Up-to-date: /home/manab/colcon_ws/install/ur_description/share/ur_description/meshes/ur10/collision/shoulder.stl
[1.057s] -- Up-to-date: /home/manab/colcon_ws/install/ur_description/share/ur_description/meshes/ur10/collision/wrist1.stl
[1.057s] -- Up-to-date: /home/manab/colcon_ws/install/ur_description/share/ur_description/meshes/ur10/collision/base.stl
[1.057s] -- Up-to-date: /home/manab/colcon_ws/install/ur_description/share/ur_description/meshes/ur10/collision/wrist2.stl
[1.057s] -- Up-to-date: /home/manab/colcon_ws/install/ur_description/share/ur_description/meshes/ur5
[1.057s] -- Up-to-date: /home/manab/colcon_ws/install/ur_description/share/ur_description/meshes/ur5/visual
[1.057s] -- Up-to-date: /home/manab/colcon_ws/install/ur_description/share/ur_description/meshes/ur5/visual/shoulder.dae
[1.057s] -- Up-to-date: /home/manab/colcon_ws/install/ur_description/share/ur_description/meshes/ur5/visual/wrist1.dae
[1.057s] -- Up-to-date: /home/manab/colcon_ws/install/ur_description/share/ur_description/meshes/ur5/visual/base.dae
[1.057s] -- Up-to-date: /home/manab/colcon_ws/install/ur_description/share/ur_description/meshes/ur5/visual/upperarm.dae
[1.057s] -- Up-to-date: /home/manab/colcon_ws/install/ur_description/share/ur_description/meshes/ur5/visual/forearm.dae
[1.057s] -- Up-to-date: /home/manab/colcon_ws/install/ur_description/share/ur_description/meshes/ur5/visual/wrist2.dae
[1.057s] -- Up-to-date: /home/manab/colcon_ws/install/ur_description/share/ur_description/meshes/ur5/visual/wrist3.dae
[1.057s] -- Up-to-date: /home/manab/colcon_ws/install/ur_description/share/ur_description/meshes/ur5/collision
[1.074s] -- Up-to-date: /home/manab/colcon_ws/install/ur_description/share/ur_description/meshes/ur5/collision/wrist3.stl
[1.074s] -- Up-to-date: /home/manab/colcon_ws/install/ur_description/share/ur_description/meshes/ur5/collision/upperarm.stl
[1.074s] -- Up-to-date: /home/manab/colcon_ws/install/ur_description/share/ur_description/meshes/ur5/collision/forearm.stl
[1.074s] -- Up-to-date: /home/manab/colcon_ws/install/ur_description/share/ur_description/meshes/ur5/collision/shoulder.stl
[1.074s] -- Up-to-date: /home/manab/colcon_ws/install/ur_description/share/ur_description/meshes/ur5/collision/wrist1.stl
[1.078s] -- Up-to-date: /home/manab/colcon_ws/install/ur_description/share/ur_description/meshes/ur5/collision/base.stl
[1.078s] -- Up-to-date: /home/manab/colcon_ws/install/ur_description/share/ur_description/meshes/ur5/collision/camera_mount.stl
[1.078s] -- Up-to-date: /home/manab/colcon_ws/install/ur_description/share/ur_description/meshes/ur5/collision/wrist2.stl
[1.078s] -- Up-to-date: /home/manab/colcon_ws/install/ur_description/share/ur_description/meshes/ur3
[1.102s] -- Up-to-date: /home/manab/colcon_ws/install/ur_description/share/ur_description/meshes/ur3/visual
[1.103s] -- Up-to-date: /home/manab/colcon_ws/install/ur_description/share/ur_description/meshes/ur3/visual/shoulder.dae
[1.103s] -- Up-to-date: /home/manab/colcon_ws/install/ur_description/share/ur_description/meshes/ur3/visual/wrist1.dae
[1.103s] -- Up-to-date: /home/manab/colcon_ws/install/ur_description/share/ur_description/meshes/ur3/visual/base.dae
[1.103s] -- Up-to-date: /home/manab/colcon_ws/install/ur_description/share/ur_description/meshes/ur3/visual/upperarm.dae
[1.103s] -- Up-to-date: /home/manab/colcon_ws/install/ur_description/share/ur_description/meshes/ur3/visual/forearm.dae
[1.103s] -- Up-to-date: /home/manab/colcon_ws/install/ur_description/share/ur_description/meshes/ur3/visual/wrist2.dae
[1.103s] -- Up-to-date: /home/manab/colcon_ws/install/ur_description/share/ur_description/meshes/ur3/visual/wrist3.dae
[1.103s] -- Up-to-date: /home/manab/colcon_ws/install/ur_description/share/ur_description/meshes/ur3/collision
[1.103s] -- Up-to-date: /home/manab/colcon_ws/install/ur_description/share/ur_description/meshes/ur3/collision/wrist3.stl
[1.103s] -- Up-to-date: /home/manab/colcon_ws/install/ur_description/share/ur_description/meshes/ur3/collision/upperarm.stl
[1.103s] -- Up-to-date: /home/manab/colcon_ws/install/ur_description/share/ur_description/meshes/ur3/collision/forearm.stl
[1.103s] -- Up-to-date: /home/manab/colcon_ws/install/ur_description/share/ur_description/meshes/ur3/collision/shoulder.stl
[1.104s] -- Up-to-date: /home/manab/colcon_ws/install/ur_description/share/ur_description/meshes/ur3/collision/wrist1.stl
[1.104s] -- Up-to-date: /home/manab/colcon_ws/install/ur_description/share/ur_description/meshes/ur3/collision/base.stl
[1.104s] -- Up-to-date: /home/manab/colcon_ws/install/ur_description/share/ur_description/meshes/ur3/collision/wrist2.stl
[1.104s] -- Up-to-date: /home/manab/colcon_ws/install/ur_description/share/ur_description/meshes/ur5e
[1.104s] -- Up-to-date: /home/manab/colcon_ws/install/ur_description/share/ur_description/meshes/ur5e/visual
[1.104s] -- Up-to-date: /home/manab/colcon_ws/install/ur_description/share/ur_description/meshes/ur5e/visual/shoulder.dae
[1.104s] -- Up-to-date: /home/manab/colcon_ws/install/ur_description/share/ur_description/meshes/ur5e/visual/wrist1.dae
[1.104s] -- Up-to-date: /home/manab/colcon_ws/install/ur_description/share/ur_description/meshes/ur5e/visual/base.dae
[1.104s] -- Up-to-date: /home/manab/colcon_ws/install/ur_description/share/ur_description/meshes/ur5e/visual/upperarm.dae
[1.104s] -- Up-to-date: /home/manab/colcon_ws/install/ur_description/share/ur_description/meshes/ur5e/visual/forearm.dae
[1.104s] -- Up-to-date: /home/manab/colcon_ws/install/ur_description/share/ur_description/meshes/ur5e/visual/wrist2.dae
[1.104s] -- Up-to-date: /home/manab/colcon_ws/install/ur_description/share/ur_description/meshes/ur5e/visual/wrist3.dae
[1.104s] -- Up-to-date: /home/manab/colcon_ws/install/ur_description/share/ur_description/meshes/ur5e/collision
[1.114s] -- Up-to-date: /home/manab/colcon_ws/install/ur_description/share/ur_description/meshes/ur5e/collision/wrist3.stl
[1.114s] -- Up-to-date: /home/manab/colcon_ws/install/ur_description/share/ur_description/meshes/ur5e/collision/upperarm.stl
[1.114s] -- Up-to-date: /home/manab/colcon_ws/install/ur_description/share/ur_description/meshes/ur5e/collision/forearm.stl
[1.114s] -- Up-to-date: /home/manab/colcon_ws/install/ur_description/share/ur_description/meshes/ur5e/collision/shoulder.stl
[1.114s] -- Up-to-date: /home/manab/colcon_ws/install/ur_description/share/ur_description/meshes/ur5e/collision/wrist1.stl
[1.114s] -- Up-to-date: /home/manab/colcon_ws/install/ur_description/share/ur_description/meshes/ur5e/collision/base.stl
[1.114s] -- Up-to-date: /home/manab/colcon_ws/install/ur_description/share/ur_description/meshes/ur5e/collision/wrist2.stl
[1.114s] -- Up-to-date: /home/manab/colcon_ws/install/ur_description/share/ur_description/meshes/ur30
[1.115s] -- Up-to-date: /home/manab/colcon_ws/install/ur_description/share/ur_description/meshes/ur30/visual
[1.115s] -- Up-to-date: /home/manab/colcon_ws/install/ur_description/share/ur_description/meshes/ur30/visual/UR30_DIFF_8bit_2K.png
[1.116s] -- Up-to-date: /home/manab/colcon_ws/install/ur_description/share/ur_description/meshes/ur30/visual/upperarm.dae
[1.116s] -- Up-to-date: /home/manab/colcon_ws/install/ur_description/share/ur_description/meshes/ur30/visual/forearm.dae
[1.116s] -- Up-to-date: /home/manab/colcon_ws/install/ur_description/share/ur_description/meshes/ur30/LICENSE.txt
[1.116s] -- Up-to-date: /home/manab/colcon_ws/install/ur_description/share/ur_description/meshes/ur30/collision
[1.116s] -- Up-to-date: /home/manab/colcon_ws/install/ur_description/share/ur_description/meshes/ur30/collision/upperarm.stl
[1.116s] -- Up-to-date: /home/manab/colcon_ws/install/ur_description/share/ur_description/meshes/ur30/collision/forearm.stl
[1.119s] -- Up-to-date: /home/manab/colcon_ws/install/ur_description/share/ur_description/rviz
[1.119s] -- Up-to-date: /home/manab/colcon_ws/install/ur_description/share/ur_description/rviz/view_robot.rviz
[1.120s] -- Up-to-date: /home/manab/colcon_ws/install/ur_description/share/ur_description/urdf
[1.120s] -- Up-to-date: /home/manab/colcon_ws/install/ur_description/share/ur_description/urdf/ur5_arm.urdf.xacro
[1.125s] -- Up-to-date: /home/manab/colcon_ws/install/ur_description/share/ur_description/urdf/ur.ros2_control.xacro
[1.126s] -- Up-to-date: /home/manab/colcon_ws/install/ur_description/share/ur_description/urdf/realsense2.urdf.xacro
[1.126s] -- Up-to-date: /home/manab/colcon_ws/install/ur_description/share/ur_description/urdf/inc
[1.126s] -- Up-to-date: /home/manab/colcon_ws/install/ur_description/share/ur_description/urdf/inc/ur_transmissions.xacro
[1.126s] -- Up-to-date: /home/manab/colcon_ws/install/ur_description/share/ur_description/urdf/inc/ur_common.xacro
[1.128s] -- Up-to-date: /home/manab/colcon_ws/install/ur_description/share/ur_description/urdf/ur_macro.xacro
[1.129s] -- Up-to-date: /home/manab/colcon_ws/install/ur_description/share/ur_description/urdf/ur.urdf.xacro
[1.129s] -- Up-to-date: /home/manab/colcon_ws/install/ur_description/share/ur_description/urdf/ur5.urdf.xacro
[1.129s] -- Up-to-date: /home/manab/colcon_ws/install/ur_description/share/ur_description/urdf/ur.gazebo.xacro
[1.129s] -- Up-to-date: /home/manab/colcon_ws/install/ur_description/share/ur_description/test
[1.129s] -- Up-to-date: /home/manab/colcon_ws/install/ur_description/share/ur_description/test/test_view_ur_launch.py
[1.133s] -- Up-to-date: /home/manab/colcon_ws/install/ur_description/share/ur_description/test/test_ur_urdf_xacro.py
[1.134s] -- Up-to-date: /home/manab/colcon_ws/install/ur_description/share/ur_description/scripts
[1.134s] -- Up-to-date: /home/manab/colcon_ws/install/ur_description/share/ur_description/scripts/armed_1
[1.134s] -- Up-to-date: /home/manab/colcon_ws/install/ur_description/share/ur_description/scripts/armed_1/pyarmor_runtime_000000
[1.134s] -- Up-to-date: /home/manab/colcon_ws/install/ur_description/share/ur_description/scripts/armed_1/pyarmor_runtime_000000/__init__.py
[1.134s] -- Up-to-date: /home/manab/colcon_ws/install/ur_description/share/ur_description/scripts/armed_1/pyarmor_runtime_000000/pyarmor_runtime.so
[1.134s] -- Up-to-date: /home/manab/colcon_ws/install/ur_description/share/ur_description/scripts/armed_1/spawner_box_1b.py
[1.134s] -- Up-to-date: /home/manab/colcon_ws/install/ur_description/share/ur_description/scripts/armed
[1.134s] -- Up-to-date: /home/manab/colcon_ws/install/ur_description/share/ur_description/scripts/armed/pyarmor_runtime_000000
[1.134s] -- Up-to-date: /home/manab/colcon_ws/install/ur_description/share/ur_description/scripts/armed/pyarmor_runtime_000000/__init__.py
[1.134s] -- Up-to-date: /home/manab/colcon_ws/install/ur_description/share/ur_description/scripts/armed/pyarmor_runtime_000000/pyarmor_runtime.so
[1.135s] -- Up-to-date: /home/manab/colcon_ws/install/ur_description/share/ur_description/scripts/armed/spawner_box_com.py
[1.135s] -- Up-to-date: /home/manab/colcon_ws/install/ur_description/lib/ur_description/spawner_box_1b.py
[1.135s] -- Up-to-date: /home/manab/colcon_ws/install/ur_description/lib/ur_description/pyarmor_runtime_000000
[1.135s] -- Up-to-date: /home/manab/colcon_ws/install/ur_description/lib/ur_description/pyarmor_runtime_000000/__init__.py
[1.135s] -- Up-to-date: /home/manab/colcon_ws/install/ur_description/lib/ur_description/pyarmor_runtime_000000/pyarmor_runtime.so
[1.135s] -- Up-to-date: /home/manab/colcon_ws/install/ur_description/share/ament_index/resource_index/package_run_dependencies/ur_description
[1.135s] -- Up-to-date: /home/manab/colcon_ws/install/ur_description/share/ament_index/resource_index/parent_prefix_path/ur_description
[1.135s] -- Up-to-date: /home/manab/colcon_ws/install/ur_description/share/ur_description/environment/ament_prefix_path.sh
[1.135s] -- Up-to-date: /home/manab/colcon_ws/install/ur_description/share/ur_description/environment/ament_prefix_path.dsv
[1.135s] -- Up-to-date: /home/manab/colcon_ws/install/ur_description/share/ur_description/environment/path.sh
[1.135s] -- Up-to-date: /home/manab/colcon_ws/install/ur_description/share/ur_description/environment/path.dsv
[1.136s] -- Up-to-date: /home/manab/colcon_ws/install/ur_description/share/ur_description/local_setup.bash
[1.136s] -- Up-to-date: /home/manab/colcon_ws/install/ur_description/share/ur_description/local_setup.sh
[1.136s] -- Up-to-date: /home/manab/colcon_ws/install/ur_description/share/ur_description/local_setup.zsh
[1.136s] -- Up-to-date: /home/manab/colcon_ws/install/ur_description/share/ur_description/local_setup.dsv
[1.136s] -- Installing: /home/manab/colcon_ws/install/ur_description/share/ur_description/package.dsv
[1.137s] -- Up-to-date: /home/manab/colcon_ws/install/ur_description/share/ament_index/resource_index/packages/ur_description
[1.137s] -- Up-to-date: /home/manab/colcon_ws/install/ur_description/share/ur_description/cmake/ur_descriptionConfig.cmake
[1.143s] -- Up-to-date: /home/manab/colcon_ws/install/ur_description/share/ur_description/cmake/ur_descriptionConfig-version.cmake
[1.143s] -- Up-to-date: /home/manab/colcon_ws/install/ur_description/share/ur_description/package.xml
[1.144s] Invoked command in '/home/manab/colcon_ws/build/ur_description' returned '0': CMAKE_PREFIX_PATH=${CMAKE_PREFIX_PATH}:/home/manab/colcon_ws/install/ur5_control:/home/manab/ws_moveit/install/moveit_configs_utils:/home/manab/ros2_ws/install/launch_testing_examples:/home/manab/ros2_ws/install/examples_rclpy_pointcloud_publisher:/home/manab/ros2_ws/install/examples_rclpy_minimal_subscriber:/home/manab/ros2_ws/install/examples_rclpy_minimal_service:/home/manab/ros2_ws/install/examples_rclpy_minimal_publisher:/home/manab/ros2_ws/install/examples_rclpy_minimal_client:/home/manab/ros2_ws/install/examples_rclpy_minimal_action_server:/home/manab/ros2_ws/install/examples_rclpy_minimal_action_client:/home/manab/ros2_ws/install/examples_rclpy_guard_conditions:/home/manab/ros2_ws/install/examples_rclpy_executors:/opt/ros/humble /usr/bin/cmake --install /home/manab/colcon_ws/build/ur_description
