[0.024s] Invoking command in '/home/manab/colcon_ws/src/ur5_control/build/linkattacher_msgs': CMAKE_PREFIX_PATH=${CMAKE_PREFIX_PATH}:/home/manab/colcon_ws/install/ur5_control:/home/manab/ws_moveit/install/moveit_configs_utils:/home/manab/ros2_ws/install/launch_testing_examples:/home/manab/ros2_ws/install/examples_rclpy_pointcloud_publisher:/home/manab/ros2_ws/install/examples_rclpy_minimal_subscriber:/home/manab/ros2_ws/install/examples_rclpy_minimal_service:/home/manab/ros2_ws/install/examples_rclpy_minimal_publisher:/home/manab/ros2_ws/install/examples_rclpy_minimal_client:/home/manab/ros2_ws/install/examples_rclpy_minimal_action_server:/home/manab/ros2_ws/install/examples_rclpy_minimal_action_client:/home/manab/ros2_ws/install/examples_rclpy_guard_conditions:/home/manab/ros2_ws/install/examples_rclpy_executors:/opt/ros/humble /usr/bin/cmake /home/manab/colcon_ws/src/linkattacher_msgs -DCMAKE_BUILD_TYPE=RelWithDebInfo -DAMENT_CMAKE_SYMLINK_INSTALL=1 -DCMAKE_INSTALL_PREFIX=/home/manab/colcon_ws/src/ur5_control/install/linkattacher_msgs
[0.110s] -- The C compiler identification is GNU 11.4.0
[0.213s] -- The CXX compiler identification is GNU 11.4.0
[0.229s] -- Detecting C compiler ABI info
[0.340s] -- Detecting C compiler ABI info - done
[0.358s] -- Check for working C compiler: /usr/bin/cc - skipped
[0.358s] -- Detecting C compile features
[0.359s] -- Detecting C compile features - done
[0.362s] -- Detecting CXX compiler ABI info
[0.488s] -- Detecting CXX compiler ABI info - done
[0.498s] -- Check for working CXX compiler: /usr/bin/c++ - skipped
[0.498s] -- Detecting CXX compile features
[0.499s] -- Detecting CXX compile features - done
[0.506s] -- Found ament_cmake: 1.3.10 (/opt/ros/humble/share/ament_cmake/cmake)
[1.117s] -- Found Python3: /usr/bin/python3 (found version "3.10.12") found components: Interpreter 
[1.244s] -- Override CMake install command with custom implementation using symlinks instead of copying resources
[1.354s] -- Found ament_lint_auto: 0.12.11 (/opt/ros/humble/share/ament_lint_auto/cmake)
[1.507s] -- Found rosidl_default_generators: 1.2.0 (/opt/ros/humble/share/rosidl_default_generators/cmake)
[1.525s] -- Using all available rosidl_typesupport_c: rosidl_typesupport_fastrtps_c;rosidl_typesupport_introspection_c
[1.546s] -- Found rosidl_adapter: 3.1.5 (/opt/ros/humble/share/rosidl_adapter/cmake)
[1.639s] -- Using all available rosidl_typesupport_cpp: rosidl_typesupport_fastrtps_cpp;rosidl_typesupport_introspection_cpp
[2.078s] -- Found ament_cmake_ros: 0.10.0 (/opt/ros/humble/share/ament_cmake_ros/cmake)
[2.427s] -- Using all available rosidl_typesupport_c: rosidl_typesupport_fastrtps_c;rosidl_typesupport_introspection_c
[2.878s] -- Using all available rosidl_typesupport_cpp: rosidl_typesupport_fastrtps_cpp;rosidl_typesupport_introspection_cpp
[2.930s] -- Found PythonInterp: /usr/bin/python3 (found suitable version "3.10.12", minimum required is "3.6") 
[2.944s] -- Found python_cmake_module: 0.10.0 (/opt/ros/humble/share/python_cmake_module/cmake)
[3.016s] -- Found PythonLibs: /usr/lib/x86_64-linux-gnu/libpython3.10.so (found suitable version "3.10.12", minimum required is "3.5") 
[3.016s] -- Using PYTHON_EXECUTABLE: /usr/bin/python3
[3.016s] -- Using PYTHON_INCLUDE_DIRS: /usr/include/python3.10
[3.016s] -- Using PYTHON_LIBRARIES: /usr/lib/x86_64-linux-gnu/libpython3.10.so
[3.065s] -- Found PythonExtra: .so  
[3.193s] -- Added test 'copyright' to check source files copyright and LICENSE
[3.198s] -- Added test 'lint_cmake' to check CMake code style
[3.200s] -- Added test 'xmllint' to check XML markup files
[3.222s] -- Configuring done
[3.325s] -- Generating done
[3.326s] -- Build files have been written to: /home/manab/colcon_ws/src/ur5_control/build/linkattacher_msgs
[3.340s] Invoked command in '/home/manab/colcon_ws/src/ur5_control/build/linkattacher_msgs' returned '0': CMAKE_PREFIX_PATH=${CMAKE_PREFIX_PATH}:/home/manab/colcon_ws/install/ur5_control:/home/manab/ws_moveit/install/moveit_configs_utils:/home/manab/ros2_ws/install/launch_testing_examples:/home/manab/ros2_ws/install/examples_rclpy_pointcloud_publisher:/home/manab/ros2_ws/install/examples_rclpy_minimal_subscriber:/home/manab/ros2_ws/install/examples_rclpy_minimal_service:/home/manab/ros2_ws/install/examples_rclpy_minimal_publisher:/home/manab/ros2_ws/install/examples_rclpy_minimal_client:/home/manab/ros2_ws/install/examples_rclpy_minimal_action_server:/home/manab/ros2_ws/install/examples_rclpy_minimal_action_client:/home/manab/ros2_ws/install/examples_rclpy_guard_conditions:/home/manab/ros2_ws/install/examples_rclpy_executors:/opt/ros/humble /usr/bin/cmake /home/manab/colcon_ws/src/linkattacher_msgs -DCMAKE_BUILD_TYPE=RelWithDebInfo -DAMENT_CMAKE_SYMLINK_INSTALL=1 -DCMAKE_INSTALL_PREFIX=/home/manab/colcon_ws/src/ur5_control/install/linkattacher_msgs
[3.341s] Invoking command in '/home/manab/colcon_ws/src/ur5_control/build/linkattacher_msgs': CMAKE_PREFIX_PATH=${CMAKE_PREFIX_PATH}:/home/manab/colcon_ws/install/ur5_control:/home/manab/ws_moveit/install/moveit_configs_utils:/home/manab/ros2_ws/install/launch_testing_examples:/home/manab/ros2_ws/install/examples_rclpy_pointcloud_publisher:/home/manab/ros2_ws/install/examples_rclpy_minimal_subscriber:/home/manab/ros2_ws/install/examples_rclpy_minimal_service:/home/manab/ros2_ws/install/examples_rclpy_minimal_publisher:/home/manab/ros2_ws/install/examples_rclpy_minimal_client:/home/manab/ros2_ws/install/examples_rclpy_minimal_action_server:/home/manab/ros2_ws/install/examples_rclpy_minimal_action_client:/home/manab/ros2_ws/install/examples_rclpy_guard_conditions:/home/manab/ros2_ws/install/examples_rclpy_executors:/opt/ros/humble /usr/bin/cmake --build /home/manab/colcon_ws/src/ur5_control/build/linkattacher_msgs -- -j4 -l4
[3.409s] [  2%] [34m[1mGenerating C code for ROS interfaces[0m
[3.450s] [  5%] [34m[1mGenerating C++ code for ROS interfaces[0m
[3.489s] [  5%] Built target ament_cmake_python_symlink_linkattacher_msgs
[4.220s] running egg_info
[4.220s] creating linkattacher_msgs.egg-info
[4.245s] writing linkattacher_msgs.egg-info/PKG-INFO
[4.246s] writing dependency_links to linkattacher_msgs.egg-info/dependency_links.txt
[4.246s] writing top-level names to linkattacher_msgs.egg-info/top_level.txt
[4.246s] writing manifest file 'linkattacher_msgs.egg-info/SOURCES.txt'
[5.298s] [  7%] [32mBuilding C object CMakeFiles/linkattacher_msgs__rosidl_generator_c.dir/rosidl_generator_c/linkattacher_msgs/srv/detail/detach_link__functions.c.o[0m
[5.328s] [ 10%] Built target linkattacher_msgs__cpp
[5.331s] [ 10%] [32mBuilding C object CMakeFiles/linkattacher_msgs__rosidl_generator_c.dir/rosidl_generator_c/linkattacher_msgs/srv/detail/attach_link__functions.c.o[0m
[5.379s] [ 12%] [34m[1mGenerating C++ type support dispatch for ROS interfaces[0m
[5.990s] [ 15%] [34m[1mGenerating C++ type support for eProsima Fast-RTPS[0m
[6.360s] reading manifest file 'linkattacher_msgs.egg-info/SOURCES.txt'
[6.360s] writing manifest file 'linkattacher_msgs.egg-info/SOURCES.txt'
[6.440s] [ 17%] [32m[1mLinking C shared library liblinkattacher_msgs__rosidl_generator_c.so[0m
[6.684s] [ 17%] Built target linkattacher_msgs__rosidl_generator_c
[6.763s] [ 20%] [34m[1mGenerating C++ introspection for ROS interfaces[0m
[6.806s] [ 20%] Built target ament_cmake_python_build_linkattacher_msgs_egg
[6.839s] [ 23%] [34m[1mGenerating C type support for eProsima Fast-RTPS[0m
[7.187s] [ 25%] [32mBuilding CXX object CMakeFiles/linkattacher_msgs__rosidl_typesupport_cpp.dir/rosidl_typesupport_cpp/linkattacher_msgs/srv/attach_link__type_support.cpp.o[0m
[8.504s] [ 28%] [32mBuilding CXX object CMakeFiles/linkattacher_msgs__rosidl_typesupport_fastrtps_cpp.dir/rosidl_typesupport_fastrtps_cpp/linkattacher_msgs/srv/detail/dds_fastrtps/attach_link__type_support.cpp.o[0m
[8.749s] [ 30%] [32mBuilding CXX object CMakeFiles/linkattacher_msgs__rosidl_typesupport_cpp.dir/rosidl_typesupport_cpp/linkattacher_msgs/srv/detach_link__type_support.cpp.o[0m
[8.885s] [ 33%] [32mBuilding CXX object CMakeFiles/linkattacher_msgs__rosidl_typesupport_introspection_cpp.dir/rosidl_typesupport_introspection_cpp/linkattacher_msgs/srv/detail/attach_link__type_support.cpp.o[0m
[9.035s] [ 35%] [32mBuilding CXX object CMakeFiles/linkattacher_msgs__rosidl_typesupport_fastrtps_c.dir/rosidl_typesupport_fastrtps_c/linkattacher_msgs/srv/detail/attach_link__type_support_c.cpp.o[0m
[9.212s] [ 38%] [32m[1mLinking CXX shared library liblinkattacher_msgs__rosidl_typesupport_cpp.so[0m
[9.431s] [ 38%] Built target linkattacher_msgs__rosidl_typesupport_cpp
[9.476s] [ 41%] [34m[1mGenerating C introspection for ROS interfaces[0m
[10.289s] [ 43%] [32mBuilding CXX object CMakeFiles/linkattacher_msgs__rosidl_typesupport_fastrtps_cpp.dir/rosidl_typesupport_fastrtps_cpp/linkattacher_msgs/srv/detail/dds_fastrtps/detach_link__type_support.cpp.o[0m
[10.686s] [ 46%] [32mBuilding CXX object CMakeFiles/linkattacher_msgs__rosidl_typesupport_fastrtps_c.dir/rosidl_typesupport_fastrtps_c/linkattacher_msgs/srv/detail/detach_link__type_support_c.cpp.o[0m
[11.191s] [ 48%] [32mBuilding CXX object CMakeFiles/linkattacher_msgs__rosidl_typesupport_introspection_cpp.dir/rosidl_typesupport_introspection_cpp/linkattacher_msgs/srv/detail/detach_link__type_support.cpp.o[0m
[11.478s] [ 51%] [32mBuilding C object CMakeFiles/linkattacher_msgs__rosidl_typesupport_introspection_c.dir/rosidl_typesupport_introspection_c/linkattacher_msgs/srv/detail/attach_link__type_support.c.o[0m
[11.771s] [ 53%] [32mBuilding C object CMakeFiles/linkattacher_msgs__rosidl_typesupport_introspection_c.dir/rosidl_typesupport_introspection_c/linkattacher_msgs/srv/detail/detach_link__type_support.c.o[0m
[11.898s] [ 56%] [32m[1mLinking CXX shared library liblinkattacher_msgs__rosidl_typesupport_introspection_cpp.so[0m
[12.006s] [ 58%] [32m[1mLinking C shared library liblinkattacher_msgs__rosidl_typesupport_introspection_c.so[0m
[12.167s] [ 58%] Built target linkattacher_msgs__rosidl_typesupport_introspection_c
[12.199s] [ 61%] [34m[1mGenerating C type support dispatch for ROS interfaces[0m
[12.286s] [ 61%] Built target linkattacher_msgs__rosidl_typesupport_introspection_cpp
[12.641s] [ 64%] [32m[1mLinking CXX shared library liblinkattacher_msgs__rosidl_typesupport_fastrtps_cpp.so[0m
[12.708s] [ 66%] [32m[1mLinking CXX shared library liblinkattacher_msgs__rosidl_typesupport_fastrtps_c.so[0m
[13.020s] [ 66%] Built target linkattacher_msgs__rosidl_typesupport_fastrtps_cpp
[13.173s] [ 66%] Built target linkattacher_msgs__rosidl_typesupport_fastrtps_c
[13.422s] [ 69%] [32mBuilding CXX object CMakeFiles/linkattacher_msgs__rosidl_typesupport_c.dir/rosidl_typesupport_c/linkattacher_msgs/srv/attach_link__type_support.cpp.o[0m
[13.422s] [ 71%] [32mBuilding CXX object CMakeFiles/linkattacher_msgs__rosidl_typesupport_c.dir/rosidl_typesupport_c/linkattacher_msgs/srv/detach_link__type_support.cpp.o[0m
[13.529s] [ 74%] [32m[1mLinking CXX shared library liblinkattacher_msgs__rosidl_typesupport_c.so[0m
[13.609s] [ 74%] Built target linkattacher_msgs__rosidl_typesupport_c
[13.672s] [ 74%] Built target linkattacher_msgs
[13.723s] [ 76%] [34m[1mGenerating Python code for ROS interfaces[0m
[15.048s] [ 76%] Built target linkattacher_msgs__py
[15.092s] [ 79%] [32mBuilding C object CMakeFiles/linkattacher_msgs__rosidl_generator_py.dir/rosidl_generator_py/linkattacher_msgs/srv/_detach_link_s.c.o[0m
[15.104s] [ 82%] [32mBuilding C object CMakeFiles/linkattacher_msgs__rosidl_generator_py.dir/rosidl_generator_py/linkattacher_msgs/srv/_attach_link_s.c.o[0m
[15.470s] [ 84%] [32m[1mLinking C shared library rosidl_generator_py/linkattacher_msgs/liblinkattacher_msgs__rosidl_generator_py.so[0m
[15.546s] [ 84%] Built target linkattacher_msgs__rosidl_generator_py
[15.584s] [ 87%] [32mBuilding C object CMakeFiles/linkattacher_msgs__rosidl_typesupport_introspection_c__pyext.dir/rosidl_generator_py/linkattacher_msgs/_linkattacher_msgs_s.ep.rosidl_typesupport_introspection_c.c.o[0m
[15.623s] [ 89%] [32mBuilding C object CMakeFiles/linkattacher_msgs__rosidl_typesupport_fastrtps_c__pyext.dir/rosidl_generator_py/linkattacher_msgs/_linkattacher_msgs_s.ep.rosidl_typesupport_fastrtps_c.c.o[0m
[15.956s] [ 92%] [32m[1mLinking C shared library rosidl_generator_py/linkattacher_msgs/linkattacher_msgs_s__rosidl_typesupport_introspection_c.cpython-310-x86_64-linux-gnu.so[0m
[16.032s] [ 92%] Built target linkattacher_msgs__rosidl_typesupport_introspection_c__pyext
[16.057s] [ 94%] [32m[1mLinking C shared library rosidl_generator_py/linkattacher_msgs/linkattacher_msgs_s__rosidl_typesupport_fastrtps_c.cpython-310-x86_64-linux-gnu.so[0m
[16.089s] [ 97%] [32mBuilding C object CMakeFiles/linkattacher_msgs__rosidl_typesupport_c__pyext.dir/rosidl_generator_py/linkattacher_msgs/_linkattacher_msgs_s.ep.rosidl_typesupport_c.c.o[0m
[16.142s] [ 97%] Built target linkattacher_msgs__rosidl_typesupport_fastrtps_c__pyext
[16.342s] [100%] [32m[1mLinking C shared library rosidl_generator_py/linkattacher_msgs/linkattacher_msgs_s__rosidl_typesupport_c.cpython-310-x86_64-linux-gnu.so[0m
[16.399s] [100%] Built target linkattacher_msgs__rosidl_typesupport_c__pyext
[16.427s] Invoked command in '/home/manab/colcon_ws/src/ur5_control/build/linkattacher_msgs' returned '0': CMAKE_PREFIX_PATH=${CMAKE_PREFIX_PATH}:/home/manab/colcon_ws/install/ur5_control:/home/manab/ws_moveit/install/moveit_configs_utils:/home/manab/ros2_ws/install/launch_testing_examples:/home/manab/ros2_ws/install/examples_rclpy_pointcloud_publisher:/home/manab/ros2_ws/install/examples_rclpy_minimal_subscriber:/home/manab/ros2_ws/install/examples_rclpy_minimal_service:/home/manab/ros2_ws/install/examples_rclpy_minimal_publisher:/home/manab/ros2_ws/install/examples_rclpy_minimal_client:/home/manab/ros2_ws/install/examples_rclpy_minimal_action_server:/home/manab/ros2_ws/install/examples_rclpy_minimal_action_client:/home/manab/ros2_ws/install/examples_rclpy_guard_conditions:/home/manab/ros2_ws/install/examples_rclpy_executors:/opt/ros/humble /usr/bin/cmake --build /home/manab/colcon_ws/src/ur5_control/build/linkattacher_msgs -- -j4 -l4
[16.640s] Invoking command in '/home/manab/colcon_ws/src/ur5_control/build/linkattacher_msgs': CMAKE_PREFIX_PATH=${CMAKE_PREFIX_PATH}:/home/manab/colcon_ws/install/ur5_control:/home/manab/ws_moveit/install/moveit_configs_utils:/home/manab/ros2_ws/install/launch_testing_examples:/home/manab/ros2_ws/install/examples_rclpy_pointcloud_publisher:/home/manab/ros2_ws/install/examples_rclpy_minimal_subscriber:/home/manab/ros2_ws/install/examples_rclpy_minimal_service:/home/manab/ros2_ws/install/examples_rclpy_minimal_publisher:/home/manab/ros2_ws/install/examples_rclpy_minimal_client:/home/manab/ros2_ws/install/examples_rclpy_minimal_action_server:/home/manab/ros2_ws/install/examples_rclpy_minimal_action_client:/home/manab/ros2_ws/install/examples_rclpy_guard_conditions:/home/manab/ros2_ws/install/examples_rclpy_executors:/opt/ros/humble /usr/bin/cmake --install /home/manab/colcon_ws/src/ur5_control/build/linkattacher_msgs
[16.654s] -- Install configuration: "RelWithDebInfo"
[16.655s] -- Execute custom install script
[16.655s] -- Symlinking: /home/manab/colcon_ws/src/ur5_control/install/linkattacher_msgs/share/linkattacher_msgs/srv/AttachLink.srv
[16.671s] -- Symlinking: /home/manab/colcon_ws/src/ur5_control/install/linkattacher_msgs/share/linkattacher_msgs/srv/DetachLink.srv
[16.685s] -- Symlinking: /home/manab/colcon_ws/src/ur5_control/install/linkattacher_msgs/share/ament_index/resource_index/rosidl_interfaces/linkattacher_msgs
[16.700s] -- Symlinking: /home/manab/colcon_ws/src/ur5_control/install/linkattacher_msgs/include/linkattacher_msgs/linkattacher_msgs/msg/rosidl_generator_c__visibility_control.h
[16.716s] -- Symlinking: /home/manab/colcon_ws/src/ur5_control/install/linkattacher_msgs/include/linkattacher_msgs/linkattacher_msgs/srv/attach_link.h
[16.737s] -- Symlinking: /home/manab/colcon_ws/src/ur5_control/install/linkattacher_msgs/include/linkattacher_msgs/linkattacher_msgs/srv/detach_link.h
[16.760s] -- Symlinking: /home/manab/colcon_ws/src/ur5_control/install/linkattacher_msgs/include/linkattacher_msgs/linkattacher_msgs/srv/detail/attach_link__functions.h
[16.777s] -- Symlinking: /home/manab/colcon_ws/src/ur5_control/install/linkattacher_msgs/include/linkattacher_msgs/linkattacher_msgs/srv/detail/attach_link__struct.h
[16.792s] -- Symlinking: /home/manab/colcon_ws/src/ur5_control/install/linkattacher_msgs/include/linkattacher_msgs/linkattacher_msgs/srv/detail/attach_link__type_support.h
[16.808s] -- Symlinking: /home/manab/colcon_ws/src/ur5_control/install/linkattacher_msgs/include/linkattacher_msgs/linkattacher_msgs/srv/detail/detach_link__functions.h
[16.828s] -- Symlinking: /home/manab/colcon_ws/src/ur5_control/install/linkattacher_msgs/include/linkattacher_msgs/linkattacher_msgs/srv/detail/detach_link__struct.h
[16.839s] -- Symlinking: /home/manab/colcon_ws/src/ur5_control/install/linkattacher_msgs/include/linkattacher_msgs/linkattacher_msgs/srv/detail/detach_link__type_support.h
[16.868s] -- Symlinking: /home/manab/colcon_ws/src/ur5_control/install/linkattacher_msgs/share/linkattacher_msgs/environment/library_path.sh
[16.888s] -- Symlinking: /home/manab/colcon_ws/src/ur5_control/install/linkattacher_msgs/share/linkattacher_msgs/environment/library_path.dsv
[16.918s] -- Symlinking: /home/manab/colcon_ws/src/ur5_control/install/linkattacher_msgs/include/linkattacher_msgs/linkattacher_msgs/msg/rosidl_typesupport_fastrtps_c__visibility_control.h
[16.933s] -- Symlinking: /home/manab/colcon_ws/src/ur5_control/install/linkattacher_msgs/include/linkattacher_msgs/linkattacher_msgs/srv/detail/attach_link__rosidl_typesupport_fastrtps_c.h
[16.958s] -- Symlinking: /home/manab/colcon_ws/src/ur5_control/install/linkattacher_msgs/include/linkattacher_msgs/linkattacher_msgs/srv/detail/detach_link__rosidl_typesupport_fastrtps_c.h
[16.973s] -- Symlinking: /home/manab/colcon_ws/src/ur5_control/install/linkattacher_msgs/include/linkattacher_msgs/linkattacher_msgs/msg/rosidl_typesupport_introspection_c__visibility_control.h
[17.007s] -- Symlinking: /home/manab/colcon_ws/src/ur5_control/install/linkattacher_msgs/include/linkattacher_msgs/linkattacher_msgs/srv/detail/attach_link__rosidl_typesupport_introspection_c.h
[17.036s] -- Symlinking: /home/manab/colcon_ws/src/ur5_control/install/linkattacher_msgs/include/linkattacher_msgs/linkattacher_msgs/srv/detail/detach_link__rosidl_typesupport_introspection_c.h
[17.064s] -- Symlinking: /home/manab/colcon_ws/src/ur5_control/install/linkattacher_msgs/include/linkattacher_msgs/linkattacher_msgs/srv/attach_link.hpp
[17.089s] -- Symlinking: /home/manab/colcon_ws/src/ur5_control/install/linkattacher_msgs/include/linkattacher_msgs/linkattacher_msgs/srv/detach_link.hpp
[17.136s] -- Symlinking: /home/manab/colcon_ws/src/ur5_control/install/linkattacher_msgs/include/linkattacher_msgs/linkattacher_msgs/srv/detail/attach_link__builder.hpp
[17.161s] -- Symlinking: /home/manab/colcon_ws/src/ur5_control/install/linkattacher_msgs/include/linkattacher_msgs/linkattacher_msgs/srv/detail/attach_link__struct.hpp
[17.192s] -- Symlinking: /home/manab/colcon_ws/src/ur5_control/install/linkattacher_msgs/include/linkattacher_msgs/linkattacher_msgs/srv/detail/attach_link__traits.hpp
[17.221s] -- Symlinking: /home/manab/colcon_ws/src/ur5_control/install/linkattacher_msgs/include/linkattacher_msgs/linkattacher_msgs/srv/detail/detach_link__builder.hpp
[17.237s] -- Symlinking: /home/manab/colcon_ws/src/ur5_control/install/linkattacher_msgs/include/linkattacher_msgs/linkattacher_msgs/srv/detail/detach_link__struct.hpp
[17.254s] -- Symlinking: /home/manab/colcon_ws/src/ur5_control/install/linkattacher_msgs/include/linkattacher_msgs/linkattacher_msgs/srv/detail/detach_link__traits.hpp
[17.277s] -- Symlinking: /home/manab/colcon_ws/src/ur5_control/install/linkattacher_msgs/include/linkattacher_msgs/linkattacher_msgs/msg/rosidl_typesupport_fastrtps_cpp__visibility_control.h
[17.294s] -- Symlinking: /home/manab/colcon_ws/src/ur5_control/install/linkattacher_msgs/include/linkattacher_msgs/linkattacher_msgs/srv/detail/attach_link__rosidl_typesupport_fastrtps_cpp.hpp
[17.312s] -- Symlinking: /home/manab/colcon_ws/src/ur5_control/install/linkattacher_msgs/include/linkattacher_msgs/linkattacher_msgs/srv/detail/detach_link__rosidl_typesupport_fastrtps_cpp.hpp
[17.334s] -- Symlinking: /home/manab/colcon_ws/src/ur5_control/install/linkattacher_msgs/include/linkattacher_msgs/linkattacher_msgs/srv/detail/attach_link__rosidl_typesupport_introspection_cpp.hpp
[17.354s] -- Symlinking: /home/manab/colcon_ws/src/ur5_control/install/linkattacher_msgs/include/linkattacher_msgs/linkattacher_msgs/srv/detail/detach_link__rosidl_typesupport_introspection_cpp.hpp
[17.375s] -- Symlinking: /home/manab/colcon_ws/src/ur5_control/install/linkattacher_msgs/share/linkattacher_msgs/environment/pythonpath.sh
[17.402s] -- Symlinking: /home/manab/colcon_ws/src/ur5_control/install/linkattacher_msgs/share/linkattacher_msgs/environment/pythonpath.dsv
[17.417s] -- Symlinking: /home/manab/colcon_ws/src/ur5_control/install/linkattacher_msgs/local/lib/python3.10/dist-packages/linkattacher_msgs-0.0.0-py3.10.egg-info/PKG-INFO
[17.447s] -- Symlinking: /home/manab/colcon_ws/src/ur5_control/install/linkattacher_msgs/local/lib/python3.10/dist-packages/linkattacher_msgs-0.0.0-py3.10.egg-info/SOURCES.txt
[17.468s] -- Symlinking: /home/manab/colcon_ws/src/ur5_control/install/linkattacher_msgs/local/lib/python3.10/dist-packages/linkattacher_msgs-0.0.0-py3.10.egg-info/dependency_links.txt
[17.487s] -- Symlinking: /home/manab/colcon_ws/src/ur5_control/install/linkattacher_msgs/local/lib/python3.10/dist-packages/linkattacher_msgs-0.0.0-py3.10.egg-info/top_level.txt
[17.519s] -- Symlinking: /home/manab/colcon_ws/src/ur5_control/install/linkattacher_msgs/local/lib/python3.10/dist-packages/linkattacher_msgs/__init__.py
[17.542s] -- Symlinking: /home/manab/colcon_ws/src/ur5_control/install/linkattacher_msgs/local/lib/python3.10/dist-packages/linkattacher_msgs/_linkattacher_msgs_s.ep.rosidl_typesupport_c.c
[17.556s] -- Symlinking: /home/manab/colcon_ws/src/ur5_control/install/linkattacher_msgs/local/lib/python3.10/dist-packages/linkattacher_msgs/_linkattacher_msgs_s.ep.rosidl_typesupport_fastrtps_c.c
[17.571s] -- Symlinking: /home/manab/colcon_ws/src/ur5_control/install/linkattacher_msgs/local/lib/python3.10/dist-packages/linkattacher_msgs/_linkattacher_msgs_s.ep.rosidl_typesupport_introspection_c.c
[17.585s] -- Symlinking: /home/manab/colcon_ws/src/ur5_control/install/linkattacher_msgs/local/lib/python3.10/dist-packages/linkattacher_msgs/liblinkattacher_msgs__rosidl_generator_py.so
[17.602s] -- Symlinking: /home/manab/colcon_ws/src/ur5_control/install/linkattacher_msgs/local/lib/python3.10/dist-packages/linkattacher_msgs/linkattacher_msgs_s__rosidl_typesupport_c.cpython-310-x86_64-linux-gnu.so
[17.624s] -- Symlinking: /home/manab/colcon_ws/src/ur5_control/install/linkattacher_msgs/local/lib/python3.10/dist-packages/linkattacher_msgs/linkattacher_msgs_s__rosidl_typesupport_fastrtps_c.cpython-310-x86_64-linux-gnu.so
[17.648s] -- Symlinking: /home/manab/colcon_ws/src/ur5_control/install/linkattacher_msgs/local/lib/python3.10/dist-packages/linkattacher_msgs/linkattacher_msgs_s__rosidl_typesupport_introspection_c.cpython-310-x86_64-linux-gnu.so
[17.670s] -- Symlinking: /home/manab/colcon_ws/src/ur5_control/install/linkattacher_msgs/local/lib/python3.10/dist-packages/linkattacher_msgs/srv/__init__.py
[17.691s] -- Symlinking: /home/manab/colcon_ws/src/ur5_control/install/linkattacher_msgs/local/lib/python3.10/dist-packages/linkattacher_msgs/srv/_attach_link.py
[17.716s] -- Symlinking: /home/manab/colcon_ws/src/ur5_control/install/linkattacher_msgs/local/lib/python3.10/dist-packages/linkattacher_msgs/srv/_attach_link_s.c
[17.738s] -- Symlinking: /home/manab/colcon_ws/src/ur5_control/install/linkattacher_msgs/local/lib/python3.10/dist-packages/linkattacher_msgs/srv/_detach_link.py
[17.763s] -- Symlinking: /home/manab/colcon_ws/src/ur5_control/install/linkattacher_msgs/local/lib/python3.10/dist-packages/linkattacher_msgs/srv/_detach_link_s.c
[17.778s] -- Up-to-date symlink: /home/manab/colcon_ws/src/ur5_control/install/linkattacher_msgs/local/lib/python3.10/dist-packages/linkattacher_msgs/linkattacher_msgs_s__rosidl_typesupport_fastrtps_c.cpython-310-x86_64-linux-gnu.so
[17.779s] -- Up-to-date symlink: /home/manab/colcon_ws/src/ur5_control/install/linkattacher_msgs/local/lib/python3.10/dist-packages/linkattacher_msgs/linkattacher_msgs_s__rosidl_typesupport_introspection_c.cpython-310-x86_64-linux-gnu.so
[17.779s] -- Up-to-date symlink: /home/manab/colcon_ws/src/ur5_control/install/linkattacher_msgs/local/lib/python3.10/dist-packages/linkattacher_msgs/linkattacher_msgs_s__rosidl_typesupport_c.cpython-310-x86_64-linux-gnu.so
[17.779s] -- Symlinking: /home/manab/colcon_ws/src/ur5_control/install/linkattacher_msgs/share/linkattacher_msgs/srv/AttachLink.idl
[17.797s] -- Symlinking: /home/manab/colcon_ws/src/ur5_control/install/linkattacher_msgs/share/linkattacher_msgs/srv/DetachLink.idl
[17.813s] -- Up-to-date symlink: /home/manab/colcon_ws/src/ur5_control/install/linkattacher_msgs/share/linkattacher_msgs/srv/AttachLink.srv
[17.813s] -- Symlinking: /home/manab/colcon_ws/src/ur5_control/install/linkattacher_msgs/share/linkattacher_msgs/srv/AttachLink_Request.msg
[17.828s] -- Symlinking: /home/manab/colcon_ws/src/ur5_control/install/linkattacher_msgs/share/linkattacher_msgs/srv/AttachLink_Response.msg
[17.846s] -- Up-to-date symlink: /home/manab/colcon_ws/src/ur5_control/install/linkattacher_msgs/share/linkattacher_msgs/srv/DetachLink.srv
[17.846s] -- Symlinking: /home/manab/colcon_ws/src/ur5_control/install/linkattacher_msgs/share/linkattacher_msgs/srv/DetachLink_Request.msg
[17.861s] -- Symlinking: /home/manab/colcon_ws/src/ur5_control/install/linkattacher_msgs/share/linkattacher_msgs/srv/DetachLink_Response.msg
[17.876s] -- Symlinking: /home/manab/colcon_ws/src/ur5_control/install/linkattacher_msgs/share/ament_index/resource_index/package_run_dependencies/linkattacher_msgs
[17.894s] -- Symlinking: /home/manab/colcon_ws/src/ur5_control/install/linkattacher_msgs/share/ament_index/resource_index/parent_prefix_path/linkattacher_msgs
[17.909s] -- Symlinking: /home/manab/colcon_ws/src/ur5_control/install/linkattacher_msgs/share/linkattacher_msgs/environment/ament_prefix_path.sh
[17.927s] -- Symlinking: /home/manab/colcon_ws/src/ur5_control/install/linkattacher_msgs/share/linkattacher_msgs/environment/ament_prefix_path.dsv
[17.946s] -- Symlinking: /home/manab/colcon_ws/src/ur5_control/install/linkattacher_msgs/share/linkattacher_msgs/environment/path.sh
[17.957s] -- Symlinking: /home/manab/colcon_ws/src/ur5_control/install/linkattacher_msgs/share/linkattacher_msgs/environment/path.dsv
[17.971s] -- Symlinking: /home/manab/colcon_ws/src/ur5_control/install/linkattacher_msgs/share/linkattacher_msgs/local_setup.bash
[17.985s] -- Symlinking: /home/manab/colcon_ws/src/ur5_control/install/linkattacher_msgs/share/linkattacher_msgs/local_setup.sh
[18.003s] -- Symlinking: /home/manab/colcon_ws/src/ur5_control/install/linkattacher_msgs/share/linkattacher_msgs/local_setup.zsh
[18.022s] -- Symlinking: /home/manab/colcon_ws/src/ur5_control/install/linkattacher_msgs/share/linkattacher_msgs/local_setup.dsv
[18.040s] -- Symlinking: /home/manab/colcon_ws/src/ur5_control/install/linkattacher_msgs/share/linkattacher_msgs/package.dsv
[18.063s] -- Symlinking: /home/manab/colcon_ws/src/ur5_control/install/linkattacher_msgs/share/ament_index/resource_index/packages/linkattacher_msgs
[18.081s] -- Symlinking: /home/manab/colcon_ws/src/ur5_control/install/linkattacher_msgs/share/linkattacher_msgs/cmake/rosidl_cmake-extras.cmake
[18.095s] -- Symlinking: /home/manab/colcon_ws/src/ur5_control/install/linkattacher_msgs/share/linkattacher_msgs/cmake/ament_cmake_export_include_directories-extras.cmake
[18.113s] -- Symlinking: /home/manab/colcon_ws/src/ur5_control/install/linkattacher_msgs/share/linkattacher_msgs/cmake/ament_cmake_export_libraries-extras.cmake
[18.146s] -- Symlinking: /home/manab/colcon_ws/src/ur5_control/install/linkattacher_msgs/share/linkattacher_msgs/cmake/ament_cmake_export_targets-extras.cmake
[18.172s] -- Symlinking: /home/manab/colcon_ws/src/ur5_control/install/linkattacher_msgs/share/linkattacher_msgs/cmake/rosidl_cmake_export_typesupport_targets-extras.cmake
[18.187s] -- Symlinking: /home/manab/colcon_ws/src/ur5_control/install/linkattacher_msgs/share/linkattacher_msgs/cmake/ament_cmake_export_dependencies-extras.cmake
[18.203s] -- Symlinking: /home/manab/colcon_ws/src/ur5_control/install/linkattacher_msgs/share/linkattacher_msgs/cmake/rosidl_cmake_export_typesupport_libraries-extras.cmake
[18.219s] -- Symlinking: /home/manab/colcon_ws/src/ur5_control/install/linkattacher_msgs/share/linkattacher_msgs/cmake/linkattacher_msgsConfig.cmake
[18.238s] -- Symlinking: /home/manab/colcon_ws/src/ur5_control/install/linkattacher_msgs/share/linkattacher_msgs/cmake/linkattacher_msgsConfig-version.cmake
[18.259s] -- Symlinking: /home/manab/colcon_ws/src/ur5_control/install/linkattacher_msgs/share/linkattacher_msgs/package.xml
[18.273s] -- Installing: /home/manab/colcon_ws/src/ur5_control/install/linkattacher_msgs/lib/liblinkattacher_msgs__rosidl_generator_c.so
[18.274s] -- Set runtime path of "/home/manab/colcon_ws/src/ur5_control/install/linkattacher_msgs/lib/liblinkattacher_msgs__rosidl_generator_c.so" to ""
[18.274s] -- Installing: /home/manab/colcon_ws/src/ur5_control/install/linkattacher_msgs/lib/liblinkattacher_msgs__rosidl_typesupport_fastrtps_c.so
[18.275s] -- Set runtime path of "/home/manab/colcon_ws/src/ur5_control/install/linkattacher_msgs/lib/liblinkattacher_msgs__rosidl_typesupport_fastrtps_c.so" to ""
[18.275s] -- Installing: /home/manab/colcon_ws/src/ur5_control/install/linkattacher_msgs/lib/liblinkattacher_msgs__rosidl_typesupport_introspection_c.so
[18.275s] -- Set runtime path of "/home/manab/colcon_ws/src/ur5_control/install/linkattacher_msgs/lib/liblinkattacher_msgs__rosidl_typesupport_introspection_c.so" to ""
[18.275s] -- Installing: /home/manab/colcon_ws/src/ur5_control/install/linkattacher_msgs/lib/liblinkattacher_msgs__rosidl_typesupport_c.so
[18.276s] -- Set runtime path of "/home/manab/colcon_ws/src/ur5_control/install/linkattacher_msgs/lib/liblinkattacher_msgs__rosidl_typesupport_c.so" to ""
[18.277s] -- Installing: /home/manab/colcon_ws/src/ur5_control/install/linkattacher_msgs/lib/liblinkattacher_msgs__rosidl_typesupport_fastrtps_cpp.so
[18.277s] -- Set runtime path of "/home/manab/colcon_ws/src/ur5_control/install/linkattacher_msgs/lib/liblinkattacher_msgs__rosidl_typesupport_fastrtps_cpp.so" to ""
[18.277s] -- Installing: /home/manab/colcon_ws/src/ur5_control/install/linkattacher_msgs/lib/liblinkattacher_msgs__rosidl_typesupport_introspection_cpp.so
[18.277s] -- Set runtime path of "/home/manab/colcon_ws/src/ur5_control/install/linkattacher_msgs/lib/liblinkattacher_msgs__rosidl_typesupport_introspection_cpp.so" to ""
[18.278s] -- Installing: /home/manab/colcon_ws/src/ur5_control/install/linkattacher_msgs/lib/liblinkattacher_msgs__rosidl_typesupport_cpp.so
[18.278s] -- Set runtime path of "/home/manab/colcon_ws/src/ur5_control/install/linkattacher_msgs/lib/liblinkattacher_msgs__rosidl_typesupport_cpp.so" to ""
[18.350s] Listing '/home/manab/colcon_ws/src/ur5_control/install/linkattacher_msgs/local/lib/python3.10/dist-packages/linkattacher_msgs'...
[18.350s] Compiling '/home/manab/colcon_ws/src/ur5_control/install/linkattacher_msgs/local/lib/python3.10/dist-packages/linkattacher_msgs/__init__.py'...
[18.350s] Listing '/home/manab/colcon_ws/src/ur5_control/install/linkattacher_msgs/local/lib/python3.10/dist-packages/linkattacher_msgs/srv'...
[18.350s] Compiling '/home/manab/colcon_ws/src/ur5_control/install/linkattacher_msgs/local/lib/python3.10/dist-packages/linkattacher_msgs/srv/__init__.py'...
[18.350s] Compiling '/home/manab/colcon_ws/src/ur5_control/install/linkattacher_msgs/local/lib/python3.10/dist-packages/linkattacher_msgs/srv/_attach_link.py'...
[18.350s] Compiling '/home/manab/colcon_ws/src/ur5_control/install/linkattacher_msgs/local/lib/python3.10/dist-packages/linkattacher_msgs/srv/_detach_link.py'...
[18.359s] -- Installing: /home/manab/colcon_ws/src/ur5_control/install/linkattacher_msgs/lib/liblinkattacher_msgs__rosidl_generator_py.so
[18.359s] -- Set runtime path of "/home/manab/colcon_ws/src/ur5_control/install/linkattacher_msgs/lib/liblinkattacher_msgs__rosidl_generator_py.so" to ""
[18.360s] -- Installing: /home/manab/colcon_ws/src/ur5_control/install/linkattacher_msgs/share/linkattacher_msgs/cmake/export_linkattacher_msgs__rosidl_generator_cExport.cmake
[18.360s] -- Installing: /home/manab/colcon_ws/src/ur5_control/install/linkattacher_msgs/share/linkattacher_msgs/cmake/export_linkattacher_msgs__rosidl_generator_cExport-relwithdebinfo.cmake
[18.360s] -- Installing: /home/manab/colcon_ws/src/ur5_control/install/linkattacher_msgs/share/linkattacher_msgs/cmake/export_linkattacher_msgs__rosidl_typesupport_fastrtps_cExport.cmake
[18.360s] -- Installing: /home/manab/colcon_ws/src/ur5_control/install/linkattacher_msgs/share/linkattacher_msgs/cmake/export_linkattacher_msgs__rosidl_typesupport_fastrtps_cExport-relwithdebinfo.cmake
[18.361s] -- Installing: /home/manab/colcon_ws/src/ur5_control/install/linkattacher_msgs/share/linkattacher_msgs/cmake/linkattacher_msgs__rosidl_typesupport_introspection_cExport.cmake
[18.361s] -- Installing: /home/manab/colcon_ws/src/ur5_control/install/linkattacher_msgs/share/linkattacher_msgs/cmake/linkattacher_msgs__rosidl_typesupport_introspection_cExport-relwithdebinfo.cmake
[18.362s] -- Installing: /home/manab/colcon_ws/src/ur5_control/install/linkattacher_msgs/share/linkattacher_msgs/cmake/linkattacher_msgs__rosidl_typesupport_cExport.cmake
[18.362s] -- Installing: /home/manab/colcon_ws/src/ur5_control/install/linkattacher_msgs/share/linkattacher_msgs/cmake/linkattacher_msgs__rosidl_typesupport_cExport-relwithdebinfo.cmake
[18.362s] -- Installing: /home/manab/colcon_ws/src/ur5_control/install/linkattacher_msgs/share/linkattacher_msgs/cmake/export_linkattacher_msgs__rosidl_generator_cppExport.cmake
[18.364s] -- Installing: /home/manab/colcon_ws/src/ur5_control/install/linkattacher_msgs/share/linkattacher_msgs/cmake/export_linkattacher_msgs__rosidl_typesupport_fastrtps_cppExport.cmake
[18.364s] -- Installing: /home/manab/colcon_ws/src/ur5_control/install/linkattacher_msgs/share/linkattacher_msgs/cmake/export_linkattacher_msgs__rosidl_typesupport_fastrtps_cppExport-relwithdebinfo.cmake
[18.364s] -- Installing: /home/manab/colcon_ws/src/ur5_control/install/linkattacher_msgs/share/linkattacher_msgs/cmake/linkattacher_msgs__rosidl_typesupport_introspection_cppExport.cmake
[18.365s] -- Installing: /home/manab/colcon_ws/src/ur5_control/install/linkattacher_msgs/share/linkattacher_msgs/cmake/linkattacher_msgs__rosidl_typesupport_introspection_cppExport-relwithdebinfo.cmake
[18.365s] -- Installing: /home/manab/colcon_ws/src/ur5_control/install/linkattacher_msgs/share/linkattacher_msgs/cmake/linkattacher_msgs__rosidl_typesupport_cppExport.cmake
[18.366s] -- Installing: /home/manab/colcon_ws/src/ur5_control/install/linkattacher_msgs/share/linkattacher_msgs/cmake/linkattacher_msgs__rosidl_typesupport_cppExport-relwithdebinfo.cmake
[18.366s] -- Installing: /home/manab/colcon_ws/src/ur5_control/install/linkattacher_msgs/share/linkattacher_msgs/cmake/export_linkattacher_msgs__rosidl_generator_pyExport.cmake
[18.366s] -- Installing: /home/manab/colcon_ws/src/ur5_control/install/linkattacher_msgs/share/linkattacher_msgs/cmake/export_linkattacher_msgs__rosidl_generator_pyExport-relwithdebinfo.cmake
[18.374s] Invoked command in '/home/manab/colcon_ws/src/ur5_control/build/linkattacher_msgs' returned '0': CMAKE_PREFIX_PATH=${CMAKE_PREFIX_PATH}:/home/manab/colcon_ws/install/ur5_control:/home/manab/ws_moveit/install/moveit_configs_utils:/home/manab/ros2_ws/install/launch_testing_examples:/home/manab/ros2_ws/install/examples_rclpy_pointcloud_publisher:/home/manab/ros2_ws/install/examples_rclpy_minimal_subscriber:/home/manab/ros2_ws/install/examples_rclpy_minimal_service:/home/manab/ros2_ws/install/examples_rclpy_minimal_publisher:/home/manab/ros2_ws/install/examples_rclpy_minimal_client:/home/manab/ros2_ws/install/examples_rclpy_minimal_action_server:/home/manab/ros2_ws/install/examples_rclpy_minimal_action_client:/home/manab/ros2_ws/install/examples_rclpy_guard_conditions:/home/manab/ros2_ws/install/examples_rclpy_executors:/opt/ros/humble /usr/bin/cmake --install /home/manab/colcon_ws/src/ur5_control/build/linkattacher_msgs
