-- The C compiler identification is GNU 11.4.0
-- The CXX compiler identification is GNU 11.4.0
-- Detecting C compiler ABI info
-- Detecting C compiler ABI info - done
-- Check for working C compiler: /usr/bin/cc - skipped
-- Detecting C compile features
-- Detecting C compile features - done
-- Detecting CXX compiler ABI info
-- Detecting CXX compiler ABI info - done
-- Check for working CXX compiler: /usr/bin/c++ - skipped
-- Detecting CXX compile features
-- Detecting CXX compile features - done
-- Found ament_cmake: 1.3.10 (/opt/ros/humble/share/ament_cmake/cmake)
-- Found Python3: /usr/bin/python3 (found version "3.10.12") found components: Interpreter 
-- Override CMake install command with custom implementation using symlinks instead of copying resources
-- Found ament_lint_auto: 0.12.11 (/opt/ros/humble/share/ament_lint_auto/cmake)
-- Added test 'copyright' to check source files copyright and LICENSE
-- Added test 'flake8' to check Python code syntax and style conventions
-- Added test 'lint_cmake' to check CMake code style
-- Added test 'pep257' to check Python code against some of the docstring style conventions in PEP 257
-- Added test 'xmllint' to check XML markup files
-- Configuring done
-- Generating done
-- Build files have been written to: /home/manab/colcon_ws/src/ur5_control/build/eyantra_warehouse
-- Install configuration: "RelWithDebInfo"
-- Execute custom install script
-- Symlinking: /home/manab/colcon_ws/src/ur5_control/install/eyantra_warehouse/share/eyantra_warehouse//launch/task0.launch.py
-- Symlinking: /home/manab/colcon_ws/src/ur5_control/install/eyantra_warehouse/share/eyantra_warehouse//launch/task1b.launch.py
-- Symlinking: /home/manab/colcon_ws/src/ur5_control/install/eyantra_warehouse/share/eyantra_warehouse//launch/task1c.launch.py
-- Symlinking: /home/manab/colcon_ws/src/ur5_control/install/eyantra_warehouse/share/eyantra_warehouse//worlds/eyantra_warehouse_task0.world
-- Symlinking: /home/manab/colcon_ws/src/ur5_control/install/eyantra_warehouse/share/eyantra_warehouse//worlds/eyantra_warehouse_task1b.world
-- Symlinking: /home/manab/colcon_ws/src/ur5_control/install/eyantra_warehouse/share/eyantra_warehouse//worlds/eyantra_warehouse_task1c.world
-- Symlinking: /home/manab/colcon_ws/src/ur5_control/install/eyantra_warehouse/share/eyantra_warehouse//models/LB_city/meshes/LAWN.jpg
-- Symlinking: /home/manab/colcon_ws/src/ur5_control/install/eyantra_warehouse/share/eyantra_warehouse//models/LB_city/meshes/LB_city.dae
-- Symlinking: /home/manab/colcon_ws/src/ur5_control/install/eyantra_warehouse/share/eyantra_warehouse//models/LB_city/meshes/SolarPanelsPolycrystallineTypeBFramedClean001_COL_3K.jpg.004.jp.jpg
-- Symlinking: /home/manab/colcon_ws/src/ur5_control/install/eyantra_warehouse/share/eyantra_warehouse//models/LB_city/meshes/dm1.jpg
-- Symlinking: /home/manab/colcon_ws/src/ur5_control/install/eyantra_warehouse/share/eyantra_warehouse//models/LB_city/meshes/f1q.jpg
-- Symlinking: /home/manab/colcon_ws/src/ur5_control/install/eyantra_warehouse/share/eyantra_warehouse//models/LB_city/meshes/f1q.jpg.001.jpg
-- Symlinking: /home/manab/colcon_ws/src/ur5_control/install/eyantra_warehouse/share/eyantra_warehouse//models/LB_city/meshes/grass.png
-- Symlinking: /home/manab/colcon_ws/src/ur5_control/install/eyantra_warehouse/share/eyantra_warehouse//models/LB_city/meshes/ocean_texture.jpeg
-- Symlinking: /home/manab/colcon_ws/src/ur5_control/install/eyantra_warehouse/share/eyantra_warehouse//models/LB_city/meshes/pb2.jpg
-- Symlinking: /home/manab/colcon_ws/src/ur5_control/install/eyantra_warehouse/share/eyantra_warehouse//models/LB_city/meshes/pv2c.jpg
-- Symlinking: /home/manab/colcon_ws/src/ur5_control/install/eyantra_warehouse/share/eyantra_warehouse//models/LB_city/model.config
-- Symlinking: /home/manab/colcon_ws/src/ur5_control/install/eyantra_warehouse/share/eyantra_warehouse//models/LB_city/model.sdf
-- Symlinking: /home/manab/colcon_ws/src/ur5_control/install/eyantra_warehouse/share/eyantra_warehouse//models/arm_base/meshes/arm_base.dae
-- Symlinking: /home/manab/colcon_ws/src/ur5_control/install/eyantra_warehouse/share/eyantra_warehouse//models/arm_base/model.config
-- Symlinking: /home/manab/colcon_ws/src/ur5_control/install/eyantra_warehouse/share/eyantra_warehouse//models/arm_base/model.sdf
-- Symlinking: /home/manab/colcon_ws/src/ur5_control/install/eyantra_warehouse/share/eyantra_warehouse//models/aws_robomaker_warehouse_ClutteringC_01/materials/textures/aws_robomaker_warehouse_ClutteringC_01.png
-- Symlinking: /home/manab/colcon_ws/src/ur5_control/install/eyantra_warehouse/share/eyantra_warehouse//models/aws_robomaker_warehouse_ClutteringC_01/materials/textures/aws_robomaker_warehouse_ClutteringC_02.png
-- Symlinking: /home/manab/colcon_ws/src/ur5_control/install/eyantra_warehouse/share/eyantra_warehouse//models/aws_robomaker_warehouse_ClutteringC_01/meshes/aws_robomaker_warehouse_ClutteringC_01_collision.DAE
-- Symlinking: /home/manab/colcon_ws/src/ur5_control/install/eyantra_warehouse/share/eyantra_warehouse//models/aws_robomaker_warehouse_ClutteringC_01/meshes/aws_robomaker_warehouse_ClutteringC_01_visual.DAE
-- Symlinking: /home/manab/colcon_ws/src/ur5_control/install/eyantra_warehouse/share/eyantra_warehouse//models/aws_robomaker_warehouse_ClutteringC_01/model.config
-- Symlinking: /home/manab/colcon_ws/src/ur5_control/install/eyantra_warehouse/share/eyantra_warehouse//models/aws_robomaker_warehouse_ClutteringC_01/model.sdf
-- Symlinking: /home/manab/colcon_ws/src/ur5_control/install/eyantra_warehouse/share/eyantra_warehouse//models/aws_robomaker_warehouse_ClutteringD_01/materials/textures/aws_robomaker_warehouse_ClutteringD_01.png
-- Symlinking: /home/manab/colcon_ws/src/ur5_control/install/eyantra_warehouse/share/eyantra_warehouse//models/aws_robomaker_warehouse_ClutteringD_01/materials/textures/aws_robomaker_warehouse_ClutteringD_02.png
-- Symlinking: /home/manab/colcon_ws/src/ur5_control/install/eyantra_warehouse/share/eyantra_warehouse//models/aws_robomaker_warehouse_ClutteringD_01/meshes/aws_robomaker_warehouse_ClutteringD_01_collision.DAE
-- Symlinking: /home/manab/colcon_ws/src/ur5_control/install/eyantra_warehouse/share/eyantra_warehouse//models/aws_robomaker_warehouse_ClutteringD_01/meshes/aws_robomaker_warehouse_ClutteringD_01_visual.DAE
-- Symlinking: /home/manab/colcon_ws/src/ur5_control/install/eyantra_warehouse/share/eyantra_warehouse//models/aws_robomaker_warehouse_ClutteringD_01/model.config
-- Symlinking: /home/manab/colcon_ws/src/ur5_control/install/eyantra_warehouse/share/eyantra_warehouse//models/aws_robomaker_warehouse_ClutteringD_01/model.sdf
-- Symlinking: /home/manab/colcon_ws/src/ur5_control/install/eyantra_warehouse/share/eyantra_warehouse//models/aws_robomaker_warehouse_DeskC_01/materials/.DS_Store
-- Symlinking: /home/manab/colcon_ws/src/ur5_control/install/eyantra_warehouse/share/eyantra_warehouse//models/aws_robomaker_warehouse_DeskC_01/materials/textures/aws_robomaker_warehouse_DeskC_01.png
-- Symlinking: /home/manab/colcon_ws/src/ur5_control/install/eyantra_warehouse/share/eyantra_warehouse//models/aws_robomaker_warehouse_DeskC_01/materials/textures/aws_robomaker_warehouse_DeskC_02.png
-- Symlinking: /home/manab/colcon_ws/src/ur5_control/install/eyantra_warehouse/share/eyantra_warehouse//models/aws_robomaker_warehouse_DeskC_01/materials/textures/aws_robomaker_warehouse_DeskC_03.png
-- Symlinking: /home/manab/colcon_ws/src/ur5_control/install/eyantra_warehouse/share/eyantra_warehouse//models/aws_robomaker_warehouse_DeskC_01/materials/textures/aws_robomaker_warehouse_DeskC_03.psd
-- Symlinking: /home/manab/colcon_ws/src/ur5_control/install/eyantra_warehouse/share/eyantra_warehouse//models/aws_robomaker_warehouse_DeskC_01/materials/textures/aws_robomaker_warehouse_DeskC_04.png
-- Symlinking: /home/manab/colcon_ws/src/ur5_control/install/eyantra_warehouse/share/eyantra_warehouse//models/aws_robomaker_warehouse_DeskC_01/meshes/aws_robomaker_warehouse_DeskC_01_collision.DAE
-- Symlinking: /home/manab/colcon_ws/src/ur5_control/install/eyantra_warehouse/share/eyantra_warehouse//models/aws_robomaker_warehouse_DeskC_01/meshes/aws_robomaker_warehouse_DeskC_01_visual.DAE
-- Symlinking: /home/manab/colcon_ws/src/ur5_control/install/eyantra_warehouse/share/eyantra_warehouse//models/aws_robomaker_warehouse_DeskC_01/model.config
-- Symlinking: /home/manab/colcon_ws/src/ur5_control/install/eyantra_warehouse/share/eyantra_warehouse//models/aws_robomaker_warehouse_DeskC_01/model.sdf
-- Symlinking: /home/manab/colcon_ws/src/ur5_control/install/eyantra_warehouse/share/eyantra_warehouse//models/aws_robomaker_warehouse_PalletJackB_01/.DS_Store
-- Symlinking: /home/manab/colcon_ws/src/ur5_control/install/eyantra_warehouse/share/eyantra_warehouse//models/aws_robomaker_warehouse_PalletJackB_01/materials/.DS_Store
-- Symlinking: /home/manab/colcon_ws/src/ur5_control/install/eyantra_warehouse/share/eyantra_warehouse//models/aws_robomaker_warehouse_PalletJackB_01/materials/textures/aws_robomaker_warehouse_PalletJackB_01.png
-- Symlinking: /home/manab/colcon_ws/src/ur5_control/install/eyantra_warehouse/share/eyantra_warehouse//models/aws_robomaker_warehouse_PalletJackB_01/materials/textures/aws_robomaker_warehouse_PalletJackB_02.png
-- Symlinking: /home/manab/colcon_ws/src/ur5_control/install/eyantra_warehouse/share/eyantra_warehouse//models/aws_robomaker_warehouse_PalletJackB_01/meshes/aws_robomaker_warehouse_PalletJackB_01_collision.DAE
-- Symlinking: /home/manab/colcon_ws/src/ur5_control/install/eyantra_warehouse/share/eyantra_warehouse//models/aws_robomaker_warehouse_PalletJackB_01/meshes/aws_robomaker_warehouse_PalletJackB_01_visual.DAE
-- Symlinking: /home/manab/colcon_ws/src/ur5_control/install/eyantra_warehouse/share/eyantra_warehouse//models/aws_robomaker_warehouse_PalletJackB_01/model.config
-- Symlinking: /home/manab/colcon_ws/src/ur5_control/install/eyantra_warehouse/share/eyantra_warehouse//models/aws_robomaker_warehouse_PalletJackB_01/model.sdf
-- Symlinking: /home/manab/colcon_ws/src/ur5_control/install/eyantra_warehouse/share/eyantra_warehouse//models/box/meshes/aruco_tag.jpg
-- Symlinking: /home/manab/colcon_ws/src/ur5_control/install/eyantra_warehouse/share/eyantra_warehouse//models/box/meshes/box.dae
-- Symlinking: /home/manab/colcon_ws/src/ur5_control/install/eyantra_warehouse/share/eyantra_warehouse//models/box/meshes/box__bg.png
-- Symlinking: /home/manab/colcon_ws/src/ur5_control/install/eyantra_warehouse/share/eyantra_warehouse//models/box/meshes/cardboard_bg.png
-- Symlinking: /home/manab/colcon_ws/src/ur5_control/install/eyantra_warehouse/share/eyantra_warehouse//models/box/meshes/centroid_old_box.zip
-- Symlinking: /home/manab/colcon_ws/src/ur5_control/install/eyantra_warehouse/share/eyantra_warehouse//models/box/model.config
-- Symlinking: /home/manab/colcon_ws/src/ur5_control/install/eyantra_warehouse/share/eyantra_warehouse//models/box/model.sdf
-- Symlinking: /home/manab/colcon_ws/src/ur5_control/install/eyantra_warehouse/share/eyantra_warehouse//models/boxes/box.stl
-- Symlinking: /home/manab/colcon_ws/src/ur5_control/install/eyantra_warehouse/share/eyantra_warehouse//models/boxes/box_1/meshes/aruco_tag.jpg
-- Symlinking: /home/manab/colcon_ws/src/ur5_control/install/eyantra_warehouse/share/eyantra_warehouse//models/boxes/box_1/meshes/box.dae
-- Symlinking: /home/manab/colcon_ws/src/ur5_control/install/eyantra_warehouse/share/eyantra_warehouse//models/boxes/box_1/meshes/box__bg.png
-- Symlinking: /home/manab/colcon_ws/src/ur5_control/install/eyantra_warehouse/share/eyantra_warehouse//models/boxes/box_1/meshes/cardboard_bg.png
-- Symlinking: /home/manab/colcon_ws/src/ur5_control/install/eyantra_warehouse/share/eyantra_warehouse//models/boxes/box_1/model.config
-- Symlinking: /home/manab/colcon_ws/src/ur5_control/install/eyantra_warehouse/share/eyantra_warehouse//models/boxes/box_1/model.sdf
-- Symlinking: /home/manab/colcon_ws/src/ur5_control/install/eyantra_warehouse/share/eyantra_warehouse//models/boxes/box_10/meshes/aruco_tag.jpg
-- Symlinking: /home/manab/colcon_ws/src/ur5_control/install/eyantra_warehouse/share/eyantra_warehouse//models/boxes/box_10/meshes/box.dae
-- Symlinking: /home/manab/colcon_ws/src/ur5_control/install/eyantra_warehouse/share/eyantra_warehouse//models/boxes/box_10/meshes/box__bg.png
-- Symlinking: /home/manab/colcon_ws/src/ur5_control/install/eyantra_warehouse/share/eyantra_warehouse//models/boxes/box_10/meshes/cardboard_bg.png
-- Symlinking: /home/manab/colcon_ws/src/ur5_control/install/eyantra_warehouse/share/eyantra_warehouse//models/boxes/box_10/model.config
-- Symlinking: /home/manab/colcon_ws/src/ur5_control/install/eyantra_warehouse/share/eyantra_warehouse//models/boxes/box_10/model.sdf
-- Symlinking: /home/manab/colcon_ws/src/ur5_control/install/eyantra_warehouse/share/eyantra_warehouse//models/boxes/box_11/meshes/aruco_tag.jpg
-- Symlinking: /home/manab/colcon_ws/src/ur5_control/install/eyantra_warehouse/share/eyantra_warehouse//models/boxes/box_11/meshes/box.dae
-- Symlinking: /home/manab/colcon_ws/src/ur5_control/install/eyantra_warehouse/share/eyantra_warehouse//models/boxes/box_11/meshes/box__bg.png
-- Symlinking: /home/manab/colcon_ws/src/ur5_control/install/eyantra_warehouse/share/eyantra_warehouse//models/boxes/box_11/meshes/cardboard_bg.png
-- Symlinking: /home/manab/colcon_ws/src/ur5_control/install/eyantra_warehouse/share/eyantra_warehouse//models/boxes/box_11/model.config
-- Symlinking: /home/manab/colcon_ws/src/ur5_control/install/eyantra_warehouse/share/eyantra_warehouse//models/boxes/box_11/model.sdf
-- Symlinking: /home/manab/colcon_ws/src/ur5_control/install/eyantra_warehouse/share/eyantra_warehouse//models/boxes/box_12/meshes/aruco_tag.jpg
-- Symlinking: /home/manab/colcon_ws/src/ur5_control/install/eyantra_warehouse/share/eyantra_warehouse//models/boxes/box_12/meshes/box.dae
-- Symlinking: /home/manab/colcon_ws/src/ur5_control/install/eyantra_warehouse/share/eyantra_warehouse//models/boxes/box_12/meshes/box__bg.png
-- Symlinking: /home/manab/colcon_ws/src/ur5_control/install/eyantra_warehouse/share/eyantra_warehouse//models/boxes/box_12/meshes/cardboard_bg.png
-- Symlinking: /home/manab/colcon_ws/src/ur5_control/install/eyantra_warehouse/share/eyantra_warehouse//models/boxes/box_12/model.config
-- Symlinking: /home/manab/colcon_ws/src/ur5_control/install/eyantra_warehouse/share/eyantra_warehouse//models/boxes/box_12/model.sdf
-- Symlinking: /home/manab/colcon_ws/src/ur5_control/install/eyantra_warehouse/share/eyantra_warehouse//models/boxes/box_13/meshes/aruco_tag.jpg
-- Symlinking: /home/manab/colcon_ws/src/ur5_control/install/eyantra_warehouse/share/eyantra_warehouse//models/boxes/box_13/meshes/box.dae
-- Symlinking: /home/manab/colcon_ws/src/ur5_control/install/eyantra_warehouse/share/eyantra_warehouse//models/boxes/box_13/meshes/box__bg.png
-- Symlinking: /home/manab/colcon_ws/src/ur5_control/install/eyantra_warehouse/share/eyantra_warehouse//models/boxes/box_13/meshes/cardboard_bg.png
-- Symlinking: /home/manab/colcon_ws/src/ur5_control/install/eyantra_warehouse/share/eyantra_warehouse//models/boxes/box_13/model.config
-- Symlinking: /home/manab/colcon_ws/src/ur5_control/install/eyantra_warehouse/share/eyantra_warehouse//models/boxes/box_13/model.sdf
-- Symlinking: /home/manab/colcon_ws/src/ur5_control/install/eyantra_warehouse/share/eyantra_warehouse//models/boxes/box_14/meshes/aruco_tag.jpg
-- Symlinking: /home/manab/colcon_ws/src/ur5_control/install/eyantra_warehouse/share/eyantra_warehouse//models/boxes/box_14/meshes/box.dae
-- Symlinking: /home/manab/colcon_ws/src/ur5_control/install/eyantra_warehouse/share/eyantra_warehouse//models/boxes/box_14/meshes/box__bg.png
-- Symlinking: /home/manab/colcon_ws/src/ur5_control/install/eyantra_warehouse/share/eyantra_warehouse//models/boxes/box_14/meshes/cardboard_bg.png
-- Symlinking: /home/manab/colcon_ws/src/ur5_control/install/eyantra_warehouse/share/eyantra_warehouse//models/boxes/box_14/model.config
-- Symlinking: /home/manab/colcon_ws/src/ur5_control/install/eyantra_warehouse/share/eyantra_warehouse//models/boxes/box_14/model.sdf
-- Symlinking: /home/manab/colcon_ws/src/ur5_control/install/eyantra_warehouse/share/eyantra_warehouse//models/boxes/box_15/meshes/aruco_tag.jpg
-- Symlinking: /home/manab/colcon_ws/src/ur5_control/install/eyantra_warehouse/share/eyantra_warehouse//models/boxes/box_15/meshes/box.dae
-- Symlinking: /home/manab/colcon_ws/src/ur5_control/install/eyantra_warehouse/share/eyantra_warehouse//models/boxes/box_15/meshes/box__bg.png
-- Symlinking: /home/manab/colcon_ws/src/ur5_control/install/eyantra_warehouse/share/eyantra_warehouse//models/boxes/box_15/meshes/cardboard_bg.png
-- Symlinking: /home/manab/colcon_ws/src/ur5_control/install/eyantra_warehouse/share/eyantra_warehouse//models/boxes/box_15/model.config
-- Symlinking: /home/manab/colcon_ws/src/ur5_control/install/eyantra_warehouse/share/eyantra_warehouse//models/boxes/box_15/model.sdf
-- Symlinking: /home/manab/colcon_ws/src/ur5_control/install/eyantra_warehouse/share/eyantra_warehouse//models/boxes/box_16/meshes/aruco_tag.jpg
-- Symlinking: /home/manab/colcon_ws/src/ur5_control/install/eyantra_warehouse/share/eyantra_warehouse//models/boxes/box_16/meshes/box.dae
-- Symlinking: /home/manab/colcon_ws/src/ur5_control/install/eyantra_warehouse/share/eyantra_warehouse//models/boxes/box_16/meshes/box__bg.png
-- Symlinking: /home/manab/colcon_ws/src/ur5_control/install/eyantra_warehouse/share/eyantra_warehouse//models/boxes/box_16/meshes/cardboard_bg.png
-- Symlinking: /home/manab/colcon_ws/src/ur5_control/install/eyantra_warehouse/share/eyantra_warehouse//models/boxes/box_16/model.config
-- Symlinking: /home/manab/colcon_ws/src/ur5_control/install/eyantra_warehouse/share/eyantra_warehouse//models/boxes/box_16/model.sdf
-- Symlinking: /home/manab/colcon_ws/src/ur5_control/install/eyantra_warehouse/share/eyantra_warehouse//models/boxes/box_17/meshes/aruco_tag.jpg
-- Symlinking: /home/manab/colcon_ws/src/ur5_control/install/eyantra_warehouse/share/eyantra_warehouse//models/boxes/box_17/meshes/box.dae
-- Symlinking: /home/manab/colcon_ws/src/ur5_control/install/eyantra_warehouse/share/eyantra_warehouse//models/boxes/box_17/meshes/box__bg.png
-- Symlinking: /home/manab/colcon_ws/src/ur5_control/install/eyantra_warehouse/share/eyantra_warehouse//models/boxes/box_17/meshes/cardboard_bg.png
-- Symlinking: /home/manab/colcon_ws/src/ur5_control/install/eyantra_warehouse/share/eyantra_warehouse//models/boxes/box_17/model.config
-- Symlinking: /home/manab/colcon_ws/src/ur5_control/install/eyantra_warehouse/share/eyantra_warehouse//models/boxes/box_17/model.sdf
-- Symlinking: /home/manab/colcon_ws/src/ur5_control/install/eyantra_warehouse/share/eyantra_warehouse//models/boxes/box_18/meshes/aruco_tag.jpg
-- Symlinking: /home/manab/colcon_ws/src/ur5_control/install/eyantra_warehouse/share/eyantra_warehouse//models/boxes/box_18/meshes/box.dae
-- Symlinking: /home/manab/colcon_ws/src/ur5_control/install/eyantra_warehouse/share/eyantra_warehouse//models/boxes/box_18/meshes/box__bg.png
-- Symlinking: /home/manab/colcon_ws/src/ur5_control/install/eyantra_warehouse/share/eyantra_warehouse//models/boxes/box_18/meshes/cardboard_bg.png
-- Symlinking: /home/manab/colcon_ws/src/ur5_control/install/eyantra_warehouse/share/eyantra_warehouse//models/boxes/box_18/model.config
-- Symlinking: /home/manab/colcon_ws/src/ur5_control/install/eyantra_warehouse/share/eyantra_warehouse//models/boxes/box_18/model.sdf
-- Symlinking: /home/manab/colcon_ws/src/ur5_control/install/eyantra_warehouse/share/eyantra_warehouse//models/boxes/box_19/meshes/aruco_tag.jpg
-- Symlinking: /home/manab/colcon_ws/src/ur5_control/install/eyantra_warehouse/share/eyantra_warehouse//models/boxes/box_19/meshes/box.dae
-- Symlinking: /home/manab/colcon_ws/src/ur5_control/install/eyantra_warehouse/share/eyantra_warehouse//models/boxes/box_19/meshes/box__bg.png
-- Symlinking: /home/manab/colcon_ws/src/ur5_control/install/eyantra_warehouse/share/eyantra_warehouse//models/boxes/box_19/meshes/cardboard_bg.png
-- Symlinking: /home/manab/colcon_ws/src/ur5_control/install/eyantra_warehouse/share/eyantra_warehouse//models/boxes/box_19/model.config
-- Symlinking: /home/manab/colcon_ws/src/ur5_control/install/eyantra_warehouse/share/eyantra_warehouse//models/boxes/box_19/model.sdf
-- Symlinking: /home/manab/colcon_ws/src/ur5_control/install/eyantra_warehouse/share/eyantra_warehouse//models/boxes/box_2/meshes/aruco_tag.jpg
-- Symlinking: /home/manab/colcon_ws/src/ur5_control/install/eyantra_warehouse/share/eyantra_warehouse//models/boxes/box_2/meshes/box.dae
-- Symlinking: /home/manab/colcon_ws/src/ur5_control/install/eyantra_warehouse/share/eyantra_warehouse//models/boxes/box_2/meshes/box__bg.png
-- Symlinking: /home/manab/colcon_ws/src/ur5_control/install/eyantra_warehouse/share/eyantra_warehouse//models/boxes/box_2/meshes/cardboard_bg.png
-- Symlinking: /home/manab/colcon_ws/src/ur5_control/install/eyantra_warehouse/share/eyantra_warehouse//models/boxes/box_2/model.config
-- Symlinking: /home/manab/colcon_ws/src/ur5_control/install/eyantra_warehouse/share/eyantra_warehouse//models/boxes/box_2/model.sdf
-- Symlinking: /home/manab/colcon_ws/src/ur5_control/install/eyantra_warehouse/share/eyantra_warehouse//models/boxes/box_20/meshes/aruco_tag.jpg
-- Symlinking: /home/manab/colcon_ws/src/ur5_control/install/eyantra_warehouse/share/eyantra_warehouse//models/boxes/box_20/meshes/box.dae
-- Symlinking: /home/manab/colcon_ws/src/ur5_control/install/eyantra_warehouse/share/eyantra_warehouse//models/boxes/box_20/meshes/box__bg.png
-- Symlinking: /home/manab/colcon_ws/src/ur5_control/install/eyantra_warehouse/share/eyantra_warehouse//models/boxes/box_20/meshes/cardboard_bg.png
-- Symlinking: /home/manab/colcon_ws/src/ur5_control/install/eyantra_warehouse/share/eyantra_warehouse//models/boxes/box_20/model.config
-- Symlinking: /home/manab/colcon_ws/src/ur5_control/install/eyantra_warehouse/share/eyantra_warehouse//models/boxes/box_20/model.sdf
-- Symlinking: /home/manab/colcon_ws/src/ur5_control/install/eyantra_warehouse/share/eyantra_warehouse//models/boxes/box_21/meshes/aruco_tag.jpg
-- Symlinking: /home/manab/colcon_ws/src/ur5_control/install/eyantra_warehouse/share/eyantra_warehouse//models/boxes/box_21/meshes/box.dae
-- Symlinking: /home/manab/colcon_ws/src/ur5_control/install/eyantra_warehouse/share/eyantra_warehouse//models/boxes/box_21/meshes/box__bg.png
-- Symlinking: /home/manab/colcon_ws/src/ur5_control/install/eyantra_warehouse/share/eyantra_warehouse//models/boxes/box_21/meshes/cardboard_bg.png
-- Symlinking: /home/manab/colcon_ws/src/ur5_control/install/eyantra_warehouse/share/eyantra_warehouse//models/boxes/box_21/model.config
-- Symlinking: /home/manab/colcon_ws/src/ur5_control/install/eyantra_warehouse/share/eyantra_warehouse//models/boxes/box_21/model.sdf
-- Symlinking: /home/manab/colcon_ws/src/ur5_control/install/eyantra_warehouse/share/eyantra_warehouse//models/boxes/box_22/meshes/aruco_tag.jpg
-- Symlinking: /home/manab/colcon_ws/src/ur5_control/install/eyantra_warehouse/share/eyantra_warehouse//models/boxes/box_22/meshes/box.dae
-- Symlinking: /home/manab/colcon_ws/src/ur5_control/install/eyantra_warehouse/share/eyantra_warehouse//models/boxes/box_22/meshes/box__bg.png
-- Symlinking: /home/manab/colcon_ws/src/ur5_control/install/eyantra_warehouse/share/eyantra_warehouse//models/boxes/box_22/meshes/cardboard_bg.png
-- Symlinking: /home/manab/colcon_ws/src/ur5_control/install/eyantra_warehouse/share/eyantra_warehouse//models/boxes/box_22/model.config
-- Symlinking: /home/manab/colcon_ws/src/ur5_control/install/eyantra_warehouse/share/eyantra_warehouse//models/boxes/box_22/model.sdf
-- Symlinking: /home/manab/colcon_ws/src/ur5_control/install/eyantra_warehouse/share/eyantra_warehouse//models/boxes/box_23/meshes/aruco_tag.jpg
-- Symlinking: /home/manab/colcon_ws/src/ur5_control/install/eyantra_warehouse/share/eyantra_warehouse//models/boxes/box_23/meshes/box.dae
-- Symlinking: /home/manab/colcon_ws/src/ur5_control/install/eyantra_warehouse/share/eyantra_warehouse//models/boxes/box_23/meshes/box__bg.png
-- Symlinking: /home/manab/colcon_ws/src/ur5_control/install/eyantra_warehouse/share/eyantra_warehouse//models/boxes/box_23/meshes/cardboard_bg.png
-- Symlinking: /home/manab/colcon_ws/src/ur5_control/install/eyantra_warehouse/share/eyantra_warehouse//models/boxes/box_23/model.config
-- Symlinking: /home/manab/colcon_ws/src/ur5_control/install/eyantra_warehouse/share/eyantra_warehouse//models/boxes/box_23/model.sdf
-- Symlinking: /home/manab/colcon_ws/src/ur5_control/install/eyantra_warehouse/share/eyantra_warehouse//models/boxes/box_24/meshes/aruco_tag.jpg
-- Symlinking: /home/manab/colcon_ws/src/ur5_control/install/eyantra_warehouse/share/eyantra_warehouse//models/boxes/box_24/meshes/box.dae
-- Symlinking: /home/manab/colcon_ws/src/ur5_control/install/eyantra_warehouse/share/eyantra_warehouse//models/boxes/box_24/meshes/box__bg.png
-- Symlinking: /home/manab/colcon_ws/src/ur5_control/install/eyantra_warehouse/share/eyantra_warehouse//models/boxes/box_24/meshes/cardboard_bg.png
-- Symlinking: /home/manab/colcon_ws/src/ur5_control/install/eyantra_warehouse/share/eyantra_warehouse//models/boxes/box_24/model.config
-- Symlinking: /home/manab/colcon_ws/src/ur5_control/install/eyantra_warehouse/share/eyantra_warehouse//models/boxes/box_24/model.sdf
-- Symlinking: /home/manab/colcon_ws/src/ur5_control/install/eyantra_warehouse/share/eyantra_warehouse//models/boxes/box_25/meshes/aruco_tag.jpg
-- Symlinking: /home/manab/colcon_ws/src/ur5_control/install/eyantra_warehouse/share/eyantra_warehouse//models/boxes/box_25/meshes/box.dae
-- Symlinking: /home/manab/colcon_ws/src/ur5_control/install/eyantra_warehouse/share/eyantra_warehouse//models/boxes/box_25/meshes/box__bg.png
-- Symlinking: /home/manab/colcon_ws/src/ur5_control/install/eyantra_warehouse/share/eyantra_warehouse//models/boxes/box_25/meshes/cardboard_bg.png
-- Symlinking: /home/manab/colcon_ws/src/ur5_control/install/eyantra_warehouse/share/eyantra_warehouse//models/boxes/box_25/model.config
-- Symlinking: /home/manab/colcon_ws/src/ur5_control/install/eyantra_warehouse/share/eyantra_warehouse//models/boxes/box_25/model.sdf
-- Symlinking: /home/manab/colcon_ws/src/ur5_control/install/eyantra_warehouse/share/eyantra_warehouse//models/boxes/box_26/meshes/aruco_tag.jpg
-- Symlinking: /home/manab/colcon_ws/src/ur5_control/install/eyantra_warehouse/share/eyantra_warehouse//models/boxes/box_26/meshes/box.dae
-- Symlinking: /home/manab/colcon_ws/src/ur5_control/install/eyantra_warehouse/share/eyantra_warehouse//models/boxes/box_26/meshes/box__bg.png
-- Symlinking: /home/manab/colcon_ws/src/ur5_control/install/eyantra_warehouse/share/eyantra_warehouse//models/boxes/box_26/meshes/cardboard_bg.png
-- Symlinking: /home/manab/colcon_ws/src/ur5_control/install/eyantra_warehouse/share/eyantra_warehouse//models/boxes/box_26/model.config
-- Symlinking: /home/manab/colcon_ws/src/ur5_control/install/eyantra_warehouse/share/eyantra_warehouse//models/boxes/box_26/model.sdf
-- Symlinking: /home/manab/colcon_ws/src/ur5_control/install/eyantra_warehouse/share/eyantra_warehouse//models/boxes/box_27/meshes/aruco_tag.jpg
-- Symlinking: /home/manab/colcon_ws/src/ur5_control/install/eyantra_warehouse/share/eyantra_warehouse//models/boxes/box_27/meshes/box.dae
-- Symlinking: /home/manab/colcon_ws/src/ur5_control/install/eyantra_warehouse/share/eyantra_warehouse//models/boxes/box_27/meshes/box__bg.png
-- Symlinking: /home/manab/colcon_ws/src/ur5_control/install/eyantra_warehouse/share/eyantra_warehouse//models/boxes/box_27/meshes/cardboard_bg.png
-- Symlinking: /home/manab/colcon_ws/src/ur5_control/install/eyantra_warehouse/share/eyantra_warehouse//models/boxes/box_27/model.config
-- Symlinking: /home/manab/colcon_ws/src/ur5_control/install/eyantra_warehouse/share/eyantra_warehouse//models/boxes/box_27/model.sdf
-- Symlinking: /home/manab/colcon_ws/src/ur5_control/install/eyantra_warehouse/share/eyantra_warehouse//models/boxes/box_28/meshes/aruco_tag.jpg
-- Symlinking: /home/manab/colcon_ws/src/ur5_control/install/eyantra_warehouse/share/eyantra_warehouse//models/boxes/box_28/meshes/box.dae
-- Symlinking: /home/manab/colcon_ws/src/ur5_control/install/eyantra_warehouse/share/eyantra_warehouse//models/boxes/box_28/meshes/box__bg.png
-- Symlinking: /home/manab/colcon_ws/src/ur5_control/install/eyantra_warehouse/share/eyantra_warehouse//models/boxes/box_28/meshes/cardboard_bg.png
-- Symlinking: /home/manab/colcon_ws/src/ur5_control/install/eyantra_warehouse/share/eyantra_warehouse//models/boxes/box_28/model.config
-- Symlinking: /home/manab/colcon_ws/src/ur5_control/install/eyantra_warehouse/share/eyantra_warehouse//models/boxes/box_28/model.sdf
-- Symlinking: /home/manab/colcon_ws/src/ur5_control/install/eyantra_warehouse/share/eyantra_warehouse//models/boxes/box_29/meshes/aruco_tag.jpg
-- Symlinking: /home/manab/colcon_ws/src/ur5_control/install/eyantra_warehouse/share/eyantra_warehouse//models/boxes/box_29/meshes/box.dae
-- Symlinking: /home/manab/colcon_ws/src/ur5_control/install/eyantra_warehouse/share/eyantra_warehouse//models/boxes/box_29/meshes/box__bg.png
-- Symlinking: /home/manab/colcon_ws/src/ur5_control/install/eyantra_warehouse/share/eyantra_warehouse//models/boxes/box_29/meshes/cardboard_bg.png
-- Symlinking: /home/manab/colcon_ws/src/ur5_control/install/eyantra_warehouse/share/eyantra_warehouse//models/boxes/box_29/model.config
-- Symlinking: /home/manab/colcon_ws/src/ur5_control/install/eyantra_warehouse/share/eyantra_warehouse//models/boxes/box_29/model.sdf
-- Symlinking: /home/manab/colcon_ws/src/ur5_control/install/eyantra_warehouse/share/eyantra_warehouse//models/boxes/box_3/meshes/aruco_tag.jpg
-- Symlinking: /home/manab/colcon_ws/src/ur5_control/install/eyantra_warehouse/share/eyantra_warehouse//models/boxes/box_3/meshes/box.dae
-- Symlinking: /home/manab/colcon_ws/src/ur5_control/install/eyantra_warehouse/share/eyantra_warehouse//models/boxes/box_3/meshes/box__bg.png
-- Symlinking: /home/manab/colcon_ws/src/ur5_control/install/eyantra_warehouse/share/eyantra_warehouse//models/boxes/box_3/meshes/cardboard_bg.png
-- Symlinking: /home/manab/colcon_ws/src/ur5_control/install/eyantra_warehouse/share/eyantra_warehouse//models/boxes/box_3/model.config
-- Symlinking: /home/manab/colcon_ws/src/ur5_control/install/eyantra_warehouse/share/eyantra_warehouse//models/boxes/box_3/model.sdf
-- Symlinking: /home/manab/colcon_ws/src/ur5_control/install/eyantra_warehouse/share/eyantra_warehouse//models/boxes/box_30/meshes/aruco_tag.jpg
-- Symlinking: /home/manab/colcon_ws/src/ur5_control/install/eyantra_warehouse/share/eyantra_warehouse//models/boxes/box_30/meshes/box.dae
-- Symlinking: /home/manab/colcon_ws/src/ur5_control/install/eyantra_warehouse/share/eyantra_warehouse//models/boxes/box_30/meshes/box__bg.png
-- Symlinking: /home/manab/colcon_ws/src/ur5_control/install/eyantra_warehouse/share/eyantra_warehouse//models/boxes/box_30/meshes/cardboard_bg.png
-- Symlinking: /home/manab/colcon_ws/src/ur5_control/install/eyantra_warehouse/share/eyantra_warehouse//models/boxes/box_30/model.config
-- Symlinking: /home/manab/colcon_ws/src/ur5_control/install/eyantra_warehouse/share/eyantra_warehouse//models/boxes/box_30/model.sdf
-- Symlinking: /home/manab/colcon_ws/src/ur5_control/install/eyantra_warehouse/share/eyantra_warehouse//models/boxes/box_31/meshes/aruco_tag.jpg
-- Symlinking: /home/manab/colcon_ws/src/ur5_control/install/eyantra_warehouse/share/eyantra_warehouse//models/boxes/box_31/meshes/box.dae
-- Symlinking: /home/manab/colcon_ws/src/ur5_control/install/eyantra_warehouse/share/eyantra_warehouse//models/boxes/box_31/meshes/box__bg.png
-- Symlinking: /home/manab/colcon_ws/src/ur5_control/install/eyantra_warehouse/share/eyantra_warehouse//models/boxes/box_31/meshes/cardboard_bg.png
-- Symlinking: /home/manab/colcon_ws/src/ur5_control/install/eyantra_warehouse/share/eyantra_warehouse//models/boxes/box_31/model.config
-- Symlinking: /home/manab/colcon_ws/src/ur5_control/install/eyantra_warehouse/share/eyantra_warehouse//models/boxes/box_31/model.sdf
-- Symlinking: /home/manab/colcon_ws/src/ur5_control/install/eyantra_warehouse/share/eyantra_warehouse//models/boxes/box_32/meshes/aruco_tag.jpg
-- Symlinking: /home/manab/colcon_ws/src/ur5_control/install/eyantra_warehouse/share/eyantra_warehouse//models/boxes/box_32/meshes/box.dae
-- Symlinking: /home/manab/colcon_ws/src/ur5_control/install/eyantra_warehouse/share/eyantra_warehouse//models/boxes/box_32/meshes/box__bg.png
-- Symlinking: /home/manab/colcon_ws/src/ur5_control/install/eyantra_warehouse/share/eyantra_warehouse//models/boxes/box_32/meshes/cardboard_bg.png
-- Symlinking: /home/manab/colcon_ws/src/ur5_control/install/eyantra_warehouse/share/eyantra_warehouse//models/boxes/box_32/model.config
-- Symlinking: /home/manab/colcon_ws/src/ur5_control/install/eyantra_warehouse/share/eyantra_warehouse//models/boxes/box_32/model.sdf
-- Symlinking: /home/manab/colcon_ws/src/ur5_control/install/eyantra_warehouse/share/eyantra_warehouse//models/boxes/box_33/meshes/aruco_tag.jpg
-- Symlinking: /home/manab/colcon_ws/src/ur5_control/install/eyantra_warehouse/share/eyantra_warehouse//models/boxes/box_33/meshes/box.dae
-- Symlinking: /home/manab/colcon_ws/src/ur5_control/install/eyantra_warehouse/share/eyantra_warehouse//models/boxes/box_33/meshes/box__bg.png
-- Symlinking: /home/manab/colcon_ws/src/ur5_control/install/eyantra_warehouse/share/eyantra_warehouse//models/boxes/box_33/meshes/cardboard_bg.png
-- Symlinking: /home/manab/colcon_ws/src/ur5_control/install/eyantra_warehouse/share/eyantra_warehouse//models/boxes/box_33/model.config
-- Symlinking: /home/manab/colcon_ws/src/ur5_control/install/eyantra_warehouse/share/eyantra_warehouse//models/boxes/box_33/model.sdf
-- Symlinking: /home/manab/colcon_ws/src/ur5_control/install/eyantra_warehouse/share/eyantra_warehouse//models/boxes/box_34/meshes/aruco_tag.jpg
-- Symlinking: /home/manab/colcon_ws/src/ur5_control/install/eyantra_warehouse/share/eyantra_warehouse//models/boxes/box_34/meshes/box.dae
-- Symlinking: /home/manab/colcon_ws/src/ur5_control/install/eyantra_warehouse/share/eyantra_warehouse//models/boxes/box_34/meshes/box__bg.png
-- Symlinking: /home/manab/colcon_ws/src/ur5_control/install/eyantra_warehouse/share/eyantra_warehouse//models/boxes/box_34/meshes/cardboard_bg.png
-- Symlinking: /home/manab/colcon_ws/src/ur5_control/install/eyantra_warehouse/share/eyantra_warehouse//models/boxes/box_34/model.config
-- Symlinking: /home/manab/colcon_ws/src/ur5_control/install/eyantra_warehouse/share/eyantra_warehouse//models/boxes/box_34/model.sdf
-- Symlinking: /home/manab/colcon_ws/src/ur5_control/install/eyantra_warehouse/share/eyantra_warehouse//models/boxes/box_35/meshes/aruco_tag.jpg
-- Symlinking: /home/manab/colcon_ws/src/ur5_control/install/eyantra_warehouse/share/eyantra_warehouse//models/boxes/box_35/meshes/box.dae
-- Symlinking: /home/manab/colcon_ws/src/ur5_control/install/eyantra_warehouse/share/eyantra_warehouse//models/boxes/box_35/meshes/box__bg.png
-- Symlinking: /home/manab/colcon_ws/src/ur5_control/install/eyantra_warehouse/share/eyantra_warehouse//models/boxes/box_35/meshes/cardboard_bg.png
-- Symlinking: /home/manab/colcon_ws/src/ur5_control/install/eyantra_warehouse/share/eyantra_warehouse//models/boxes/box_35/model.config
-- Symlinking: /home/manab/colcon_ws/src/ur5_control/install/eyantra_warehouse/share/eyantra_warehouse//models/boxes/box_35/model.sdf
-- Symlinking: /home/manab/colcon_ws/src/ur5_control/install/eyantra_warehouse/share/eyantra_warehouse//models/boxes/box_36/meshes/aruco_tag.jpg
-- Symlinking: /home/manab/colcon_ws/src/ur5_control/install/eyantra_warehouse/share/eyantra_warehouse//models/boxes/box_36/meshes/box.dae
-- Symlinking: /home/manab/colcon_ws/src/ur5_control/install/eyantra_warehouse/share/eyantra_warehouse//models/boxes/box_36/meshes/box__bg.png
-- Symlinking: /home/manab/colcon_ws/src/ur5_control/install/eyantra_warehouse/share/eyantra_warehouse//models/boxes/box_36/meshes/cardboard_bg.png
-- Symlinking: /home/manab/colcon_ws/src/ur5_control/install/eyantra_warehouse/share/eyantra_warehouse//models/boxes/box_36/model.config
-- Symlinking: /home/manab/colcon_ws/src/ur5_control/install/eyantra_warehouse/share/eyantra_warehouse//models/boxes/box_36/model.sdf
-- Symlinking: /home/manab/colcon_ws/src/ur5_control/install/eyantra_warehouse/share/eyantra_warehouse//models/boxes/box_37/meshes/aruco_tag.jpg
-- Symlinking: /home/manab/colcon_ws/src/ur5_control/install/eyantra_warehouse/share/eyantra_warehouse//models/boxes/box_37/meshes/box.dae
-- Symlinking: /home/manab/colcon_ws/src/ur5_control/install/eyantra_warehouse/share/eyantra_warehouse//models/boxes/box_37/meshes/box__bg.png
-- Symlinking: /home/manab/colcon_ws/src/ur5_control/install/eyantra_warehouse/share/eyantra_warehouse//models/boxes/box_37/meshes/cardboard_bg.png
-- Symlinking: /home/manab/colcon_ws/src/ur5_control/install/eyantra_warehouse/share/eyantra_warehouse//models/boxes/box_37/model.config
-- Symlinking: /home/manab/colcon_ws/src/ur5_control/install/eyantra_warehouse/share/eyantra_warehouse//models/boxes/box_37/model.sdf
-- Symlinking: /home/manab/colcon_ws/src/ur5_control/install/eyantra_warehouse/share/eyantra_warehouse//models/boxes/box_38/meshes/aruco_tag.jpg
-- Symlinking: /home/manab/colcon_ws/src/ur5_control/install/eyantra_warehouse/share/eyantra_warehouse//models/boxes/box_38/meshes/box.dae
-- Symlinking: /home/manab/colcon_ws/src/ur5_control/install/eyantra_warehouse/share/eyantra_warehouse//models/boxes/box_38/meshes/box__bg.png
-- Symlinking: /home/manab/colcon_ws/src/ur5_control/install/eyantra_warehouse/share/eyantra_warehouse//models/boxes/box_38/meshes/cardboard_bg.png
-- Symlinking: /home/manab/colcon_ws/src/ur5_control/install/eyantra_warehouse/share/eyantra_warehouse//models/boxes/box_38/model.config
-- Symlinking: /home/manab/colcon_ws/src/ur5_control/install/eyantra_warehouse/share/eyantra_warehouse//models/boxes/box_38/model.sdf
-- Symlinking: /home/manab/colcon_ws/src/ur5_control/install/eyantra_warehouse/share/eyantra_warehouse//models/boxes/box_39/meshes/aruco_tag.jpg
-- Symlinking: /home/manab/colcon_ws/src/ur5_control/install/eyantra_warehouse/share/eyantra_warehouse//models/boxes/box_39/meshes/box.dae
-- Symlinking: /home/manab/colcon_ws/src/ur5_control/install/eyantra_warehouse/share/eyantra_warehouse//models/boxes/box_39/meshes/box__bg.png
-- Symlinking: /home/manab/colcon_ws/src/ur5_control/install/eyantra_warehouse/share/eyantra_warehouse//models/boxes/box_39/meshes/cardboard_bg.png
-- Symlinking: /home/manab/colcon_ws/src/ur5_control/install/eyantra_warehouse/share/eyantra_warehouse//models/boxes/box_39/model.config
-- Symlinking: /home/manab/colcon_ws/src/ur5_control/install/eyantra_warehouse/share/eyantra_warehouse//models/boxes/box_39/model.sdf
-- Symlinking: /home/manab/colcon_ws/src/ur5_control/install/eyantra_warehouse/share/eyantra_warehouse//models/boxes/box_4/meshes/aruco_tag.jpg
-- Symlinking: /home/manab/colcon_ws/src/ur5_control/install/eyantra_warehouse/share/eyantra_warehouse//models/boxes/box_4/meshes/box.dae
-- Symlinking: /home/manab/colcon_ws/src/ur5_control/install/eyantra_warehouse/share/eyantra_warehouse//models/boxes/box_4/meshes/box__bg.png
-- Symlinking: /home/manab/colcon_ws/src/ur5_control/install/eyantra_warehouse/share/eyantra_warehouse//models/boxes/box_4/meshes/cardboard_bg.png
-- Symlinking: /home/manab/colcon_ws/src/ur5_control/install/eyantra_warehouse/share/eyantra_warehouse//models/boxes/box_4/model.config
-- Symlinking: /home/manab/colcon_ws/src/ur5_control/install/eyantra_warehouse/share/eyantra_warehouse//models/boxes/box_4/model.sdf
-- Symlinking: /home/manab/colcon_ws/src/ur5_control/install/eyantra_warehouse/share/eyantra_warehouse//models/boxes/box_40/meshes/aruco_tag.jpg
-- Symlinking: /home/manab/colcon_ws/src/ur5_control/install/eyantra_warehouse/share/eyantra_warehouse//models/boxes/box_40/meshes/box.dae
-- Symlinking: /home/manab/colcon_ws/src/ur5_control/install/eyantra_warehouse/share/eyantra_warehouse//models/boxes/box_40/meshes/box__bg.png
-- Symlinking: /home/manab/colcon_ws/src/ur5_control/install/eyantra_warehouse/share/eyantra_warehouse//models/boxes/box_40/meshes/cardboard_bg.png
-- Symlinking: /home/manab/colcon_ws/src/ur5_control/install/eyantra_warehouse/share/eyantra_warehouse//models/boxes/box_40/model.config
-- Symlinking: /home/manab/colcon_ws/src/ur5_control/install/eyantra_warehouse/share/eyantra_warehouse//models/boxes/box_40/model.sdf
-- Symlinking: /home/manab/colcon_ws/src/ur5_control/install/eyantra_warehouse/share/eyantra_warehouse//models/boxes/box_41/meshes/aruco_tag.jpg
-- Symlinking: /home/manab/colcon_ws/src/ur5_control/install/eyantra_warehouse/share/eyantra_warehouse//models/boxes/box_41/meshes/box.dae
-- Symlinking: /home/manab/colcon_ws/src/ur5_control/install/eyantra_warehouse/share/eyantra_warehouse//models/boxes/box_41/meshes/box__bg.png
-- Symlinking: /home/manab/colcon_ws/src/ur5_control/install/eyantra_warehouse/share/eyantra_warehouse//models/boxes/box_41/meshes/cardboard_bg.png
-- Symlinking: /home/manab/colcon_ws/src/ur5_control/install/eyantra_warehouse/share/eyantra_warehouse//models/boxes/box_41/model.config
-- Symlinking: /home/manab/colcon_ws/src/ur5_control/install/eyantra_warehouse/share/eyantra_warehouse//models/boxes/box_41/model.sdf
-- Symlinking: /home/manab/colcon_ws/src/ur5_control/install/eyantra_warehouse/share/eyantra_warehouse//models/boxes/box_42/meshes/aruco_tag.jpg
-- Symlinking: /home/manab/colcon_ws/src/ur5_control/install/eyantra_warehouse/share/eyantra_warehouse//models/boxes/box_42/meshes/box.dae
-- Symlinking: /home/manab/colcon_ws/src/ur5_control/install/eyantra_warehouse/share/eyantra_warehouse//models/boxes/box_42/meshes/box__bg.png
-- Symlinking: /home/manab/colcon_ws/src/ur5_control/install/eyantra_warehouse/share/eyantra_warehouse//models/boxes/box_42/meshes/cardboard_bg.png
-- Symlinking: /home/manab/colcon_ws/src/ur5_control/install/eyantra_warehouse/share/eyantra_warehouse//models/boxes/box_42/model.config
-- Symlinking: /home/manab/colcon_ws/src/ur5_control/install/eyantra_warehouse/share/eyantra_warehouse//models/boxes/box_42/model.sdf
-- Symlinking: /home/manab/colcon_ws/src/ur5_control/install/eyantra_warehouse/share/eyantra_warehouse//models/boxes/box_43/meshes/aruco_tag.jpg
-- Symlinking: /home/manab/colcon_ws/src/ur5_control/install/eyantra_warehouse/share/eyantra_warehouse//models/boxes/box_43/meshes/box.dae
-- Symlinking: /home/manab/colcon_ws/src/ur5_control/install/eyantra_warehouse/share/eyantra_warehouse//models/boxes/box_43/meshes/box__bg.png
-- Symlinking: /home/manab/colcon_ws/src/ur5_control/install/eyantra_warehouse/share/eyantra_warehouse//models/boxes/box_43/meshes/cardboard_bg.png
-- Symlinking: /home/manab/colcon_ws/src/ur5_control/install/eyantra_warehouse/share/eyantra_warehouse//models/boxes/box_43/model.config
-- Symlinking: /home/manab/colcon_ws/src/ur5_control/install/eyantra_warehouse/share/eyantra_warehouse//models/boxes/box_43/model.sdf
-- Symlinking: /home/manab/colcon_ws/src/ur5_control/install/eyantra_warehouse/share/eyantra_warehouse//models/boxes/box_44/meshes/aruco_tag.jpg
-- Symlinking: /home/manab/colcon_ws/src/ur5_control/install/eyantra_warehouse/share/eyantra_warehouse//models/boxes/box_44/meshes/box.dae
-- Symlinking: /home/manab/colcon_ws/src/ur5_control/install/eyantra_warehouse/share/eyantra_warehouse//models/boxes/box_44/meshes/box__bg.png
-- Symlinking: /home/manab/colcon_ws/src/ur5_control/install/eyantra_warehouse/share/eyantra_warehouse//models/boxes/box_44/meshes/cardboard_bg.png
-- Symlinking: /home/manab/colcon_ws/src/ur5_control/install/eyantra_warehouse/share/eyantra_warehouse//models/boxes/box_44/model.config
-- Symlinking: /home/manab/colcon_ws/src/ur5_control/install/eyantra_warehouse/share/eyantra_warehouse//models/boxes/box_44/model.sdf
-- Symlinking: /home/manab/colcon_ws/src/ur5_control/install/eyantra_warehouse/share/eyantra_warehouse//models/boxes/box_45/meshes/aruco_tag.jpg
-- Symlinking: /home/manab/colcon_ws/src/ur5_control/install/eyantra_warehouse/share/eyantra_warehouse//models/boxes/box_45/meshes/box.dae
-- Symlinking: /home/manab/colcon_ws/src/ur5_control/install/eyantra_warehouse/share/eyantra_warehouse//models/boxes/box_45/meshes/box__bg.png
-- Symlinking: /home/manab/colcon_ws/src/ur5_control/install/eyantra_warehouse/share/eyantra_warehouse//models/boxes/box_45/meshes/cardboard_bg.png
-- Symlinking: /home/manab/colcon_ws/src/ur5_control/install/eyantra_warehouse/share/eyantra_warehouse//models/boxes/box_45/model.config
-- Symlinking: /home/manab/colcon_ws/src/ur5_control/install/eyantra_warehouse/share/eyantra_warehouse//models/boxes/box_45/model.sdf
-- Symlinking: /home/manab/colcon_ws/src/ur5_control/install/eyantra_warehouse/share/eyantra_warehouse//models/boxes/box_46/meshes/aruco_tag.jpg
-- Symlinking: /home/manab/colcon_ws/src/ur5_control/install/eyantra_warehouse/share/eyantra_warehouse//models/boxes/box_46/meshes/box.dae
-- Symlinking: /home/manab/colcon_ws/src/ur5_control/install/eyantra_warehouse/share/eyantra_warehouse//models/boxes/box_46/meshes/box__bg.png
-- Symlinking: /home/manab/colcon_ws/src/ur5_control/install/eyantra_warehouse/share/eyantra_warehouse//models/boxes/box_46/meshes/cardboard_bg.png
-- Symlinking: /home/manab/colcon_ws/src/ur5_control/install/eyantra_warehouse/share/eyantra_warehouse//models/boxes/box_46/model.config
-- Symlinking: /home/manab/colcon_ws/src/ur5_control/install/eyantra_warehouse/share/eyantra_warehouse//models/boxes/box_46/model.sdf
-- Symlinking: /home/manab/colcon_ws/src/ur5_control/install/eyantra_warehouse/share/eyantra_warehouse//models/boxes/box_47/meshes/aruco_tag.jpg
-- Symlinking: /home/manab/colcon_ws/src/ur5_control/install/eyantra_warehouse/share/eyantra_warehouse//models/boxes/box_47/meshes/box.dae
-- Symlinking: /home/manab/colcon_ws/src/ur5_control/install/eyantra_warehouse/share/eyantra_warehouse//models/boxes/box_47/meshes/box__bg.png
-- Symlinking: /home/manab/colcon_ws/src/ur5_control/install/eyantra_warehouse/share/eyantra_warehouse//models/boxes/box_47/meshes/cardboard_bg.png
-- Symlinking: /home/manab/colcon_ws/src/ur5_control/install/eyantra_warehouse/share/eyantra_warehouse//models/boxes/box_47/model.config
-- Symlinking: /home/manab/colcon_ws/src/ur5_control/install/eyantra_warehouse/share/eyantra_warehouse//models/boxes/box_47/model.sdf
-- Symlinking: /home/manab/colcon_ws/src/ur5_control/install/eyantra_warehouse/share/eyantra_warehouse//models/boxes/box_48/meshes/aruco_tag.jpg
-- Symlinking: /home/manab/colcon_ws/src/ur5_control/install/eyantra_warehouse/share/eyantra_warehouse//models/boxes/box_48/meshes/box.dae
-- Symlinking: /home/manab/colcon_ws/src/ur5_control/install/eyantra_warehouse/share/eyantra_warehouse//models/boxes/box_48/meshes/box__bg.png
-- Symlinking: /home/manab/colcon_ws/src/ur5_control/install/eyantra_warehouse/share/eyantra_warehouse//models/boxes/box_48/meshes/cardboard_bg.png
-- Symlinking: /home/manab/colcon_ws/src/ur5_control/install/eyantra_warehouse/share/eyantra_warehouse//models/boxes/box_48/model.config
-- Symlinking: /home/manab/colcon_ws/src/ur5_control/install/eyantra_warehouse/share/eyantra_warehouse//models/boxes/box_48/model.sdf
-- Symlinking: /home/manab/colcon_ws/src/ur5_control/install/eyantra_warehouse/share/eyantra_warehouse//models/boxes/box_49/meshes/aruco_tag.jpg
-- Symlinking: /home/manab/colcon_ws/src/ur5_control/install/eyantra_warehouse/share/eyantra_warehouse//models/boxes/box_49/meshes/box.dae
-- Symlinking: /home/manab/colcon_ws/src/ur5_control/install/eyantra_warehouse/share/eyantra_warehouse//models/boxes/box_49/meshes/box__bg.png
-- Symlinking: /home/manab/colcon_ws/src/ur5_control/install/eyantra_warehouse/share/eyantra_warehouse//models/boxes/box_49/meshes/cardboard_bg.png
-- Symlinking: /home/manab/colcon_ws/src/ur5_control/install/eyantra_warehouse/share/eyantra_warehouse//models/boxes/box_49/model.config
-- Symlinking: /home/manab/colcon_ws/src/ur5_control/install/eyantra_warehouse/share/eyantra_warehouse//models/boxes/box_49/model.sdf
-- Symlinking: /home/manab/colcon_ws/src/ur5_control/install/eyantra_warehouse/share/eyantra_warehouse//models/boxes/box_5/meshes/aruco_tag.jpg
-- Symlinking: /home/manab/colcon_ws/src/ur5_control/install/eyantra_warehouse/share/eyantra_warehouse//models/boxes/box_5/meshes/box.dae
-- Symlinking: /home/manab/colcon_ws/src/ur5_control/install/eyantra_warehouse/share/eyantra_warehouse//models/boxes/box_5/meshes/box__bg.png
-- Symlinking: /home/manab/colcon_ws/src/ur5_control/install/eyantra_warehouse/share/eyantra_warehouse//models/boxes/box_5/meshes/cardboard_bg.png
-- Symlinking: /home/manab/colcon_ws/src/ur5_control/install/eyantra_warehouse/share/eyantra_warehouse//models/boxes/box_5/model.config
-- Symlinking: /home/manab/colcon_ws/src/ur5_control/install/eyantra_warehouse/share/eyantra_warehouse//models/boxes/box_5/model.sdf
-- Symlinking: /home/manab/colcon_ws/src/ur5_control/install/eyantra_warehouse/share/eyantra_warehouse//models/boxes/box_50/meshes/aruco_tag.jpg
-- Symlinking: /home/manab/colcon_ws/src/ur5_control/install/eyantra_warehouse/share/eyantra_warehouse//models/boxes/box_50/meshes/box.dae
-- Symlinking: /home/manab/colcon_ws/src/ur5_control/install/eyantra_warehouse/share/eyantra_warehouse//models/boxes/box_50/meshes/box__bg.png
-- Symlinking: /home/manab/colcon_ws/src/ur5_control/install/eyantra_warehouse/share/eyantra_warehouse//models/boxes/box_50/meshes/cardboard_bg.png
-- Symlinking: /home/manab/colcon_ws/src/ur5_control/install/eyantra_warehouse/share/eyantra_warehouse//models/boxes/box_50/model.config
-- Symlinking: /home/manab/colcon_ws/src/ur5_control/install/eyantra_warehouse/share/eyantra_warehouse//models/boxes/box_50/model.sdf
-- Symlinking: /home/manab/colcon_ws/src/ur5_control/install/eyantra_warehouse/share/eyantra_warehouse//models/boxes/box_6/meshes/aruco_tag.jpg
-- Symlinking: /home/manab/colcon_ws/src/ur5_control/install/eyantra_warehouse/share/eyantra_warehouse//models/boxes/box_6/meshes/box.dae
-- Symlinking: /home/manab/colcon_ws/src/ur5_control/install/eyantra_warehouse/share/eyantra_warehouse//models/boxes/box_6/meshes/box__bg.png
-- Symlinking: /home/manab/colcon_ws/src/ur5_control/install/eyantra_warehouse/share/eyantra_warehouse//models/boxes/box_6/meshes/cardboard_bg.png
-- Symlinking: /home/manab/colcon_ws/src/ur5_control/install/eyantra_warehouse/share/eyantra_warehouse//models/boxes/box_6/model.config
-- Symlinking: /home/manab/colcon_ws/src/ur5_control/install/eyantra_warehouse/share/eyantra_warehouse//models/boxes/box_6/model.sdf
-- Symlinking: /home/manab/colcon_ws/src/ur5_control/install/eyantra_warehouse/share/eyantra_warehouse//models/boxes/box_7/meshes/aruco_tag.jpg
-- Symlinking: /home/manab/colcon_ws/src/ur5_control/install/eyantra_warehouse/share/eyantra_warehouse//models/boxes/box_7/meshes/box.dae
-- Symlinking: /home/manab/colcon_ws/src/ur5_control/install/eyantra_warehouse/share/eyantra_warehouse//models/boxes/box_7/meshes/box__bg.png
-- Symlinking: /home/manab/colcon_ws/src/ur5_control/install/eyantra_warehouse/share/eyantra_warehouse//models/boxes/box_7/meshes/cardboard_bg.png
-- Symlinking: /home/manab/colcon_ws/src/ur5_control/install/eyantra_warehouse/share/eyantra_warehouse//models/boxes/box_7/model.config
-- Symlinking: /home/manab/colcon_ws/src/ur5_control/install/eyantra_warehouse/share/eyantra_warehouse//models/boxes/box_7/model.sdf
-- Symlinking: /home/manab/colcon_ws/src/ur5_control/install/eyantra_warehouse/share/eyantra_warehouse//models/boxes/box_8/meshes/aruco_tag.jpg
-- Symlinking: /home/manab/colcon_ws/src/ur5_control/install/eyantra_warehouse/share/eyantra_warehouse//models/boxes/box_8/meshes/box.dae
-- Symlinking: /home/manab/colcon_ws/src/ur5_control/install/eyantra_warehouse/share/eyantra_warehouse//models/boxes/box_8/meshes/box__bg.png
-- Symlinking: /home/manab/colcon_ws/src/ur5_control/install/eyantra_warehouse/share/eyantra_warehouse//models/boxes/box_8/meshes/cardboard_bg.png
-- Symlinking: /home/manab/colcon_ws/src/ur5_control/install/eyantra_warehouse/share/eyantra_warehouse//models/boxes/box_8/model.config
-- Symlinking: /home/manab/colcon_ws/src/ur5_control/install/eyantra_warehouse/share/eyantra_warehouse//models/boxes/box_8/model.sdf
-- Symlinking: /home/manab/colcon_ws/src/ur5_control/install/eyantra_warehouse/share/eyantra_warehouse//models/boxes/box_9/meshes/aruco_tag.jpg
-- Symlinking: /home/manab/colcon_ws/src/ur5_control/install/eyantra_warehouse/share/eyantra_warehouse//models/boxes/box_9/meshes/box.dae
-- Symlinking: /home/manab/colcon_ws/src/ur5_control/install/eyantra_warehouse/share/eyantra_warehouse//models/boxes/box_9/meshes/box__bg.png
-- Symlinking: /home/manab/colcon_ws/src/ur5_control/install/eyantra_warehouse/share/eyantra_warehouse//models/boxes/box_9/meshes/cardboard_bg.png
-- Symlinking: /home/manab/colcon_ws/src/ur5_control/install/eyantra_warehouse/share/eyantra_warehouse//models/boxes/box_9/model.config
-- Symlinking: /home/manab/colcon_ws/src/ur5_control/install/eyantra_warehouse/share/eyantra_warehouse//models/boxes/box_9/model.sdf
-- Symlinking: /home/manab/colcon_ws/src/ur5_control/install/eyantra_warehouse/share/eyantra_warehouse//models/conveyor_belt/meshes/conveyor_belt.dae
-- Symlinking: /home/manab/colcon_ws/src/ur5_control/install/eyantra_warehouse/share/eyantra_warehouse//models/conveyor_belt/meshes/conveyor_belt.stl
-- Symlinking: /home/manab/colcon_ws/src/ur5_control/install/eyantra_warehouse/share/eyantra_warehouse//models/conveyor_belt/model.config
-- Symlinking: /home/manab/colcon_ws/src/ur5_control/install/eyantra_warehouse/share/eyantra_warehouse//models/conveyor_belt/model.sdf
-- Symlinking: /home/manab/colcon_ws/src/ur5_control/install/eyantra_warehouse/share/eyantra_warehouse//models/drop_table/meshes/eyantra_logo~red_280x55.png
-- Symlinking: /home/manab/colcon_ws/src/ur5_control/install/eyantra_warehouse/share/eyantra_warehouse//models/drop_table/meshes/eyantra_logo~red_280x55.png.001.png
-- Symlinking: /home/manab/colcon_ws/src/ur5_control/install/eyantra_warehouse/share/eyantra_warehouse//models/drop_table/meshes/table.dae
-- Symlinking: /home/manab/colcon_ws/src/ur5_control/install/eyantra_warehouse/share/eyantra_warehouse//models/drop_table/model.config
-- Symlinking: /home/manab/colcon_ws/src/ur5_control/install/eyantra_warehouse/share/eyantra_warehouse//models/drop_table/model.sdf
-- Symlinking: /home/manab/colcon_ws/src/ur5_control/install/eyantra_warehouse/share/eyantra_warehouse//models/ground_plane/model.config
-- Symlinking: /home/manab/colcon_ws/src/ur5_control/install/eyantra_warehouse/share/eyantra_warehouse//models/ground_plane/model.sdf
-- Symlinking: /home/manab/colcon_ws/src/ur5_control/install/eyantra_warehouse/share/eyantra_warehouse//models/package_box/meshes/4x4_1000-0.png
-- Symlinking: /home/manab/colcon_ws/src/ur5_control/install/eyantra_warehouse/share/eyantra_warehouse//models/package_box/meshes/aws_robomaker_warehouse_ClutteringC_02.png
-- Symlinking: /home/manab/colcon_ws/src/ur5_control/install/eyantra_warehouse/share/eyantra_warehouse//models/package_box/meshes/package_box.dae
-- Symlinking: /home/manab/colcon_ws/src/ur5_control/install/eyantra_warehouse/share/eyantra_warehouse//models/package_box/model.config
-- Symlinking: /home/manab/colcon_ws/src/ur5_control/install/eyantra_warehouse/share/eyantra_warehouse//models/package_box/model.sdf
-- Symlinking: /home/manab/colcon_ws/src/ur5_control/install/eyantra_warehouse/share/eyantra_warehouse//models/rack/meshes/brushedsteel4.jpg
-- Symlinking: /home/manab/colcon_ws/src/ur5_control/install/eyantra_warehouse/share/eyantra_warehouse//models/rack/meshes/brushedsteel_bg.jpg
-- Symlinking: /home/manab/colcon_ws/src/ur5_control/install/eyantra_warehouse/share/eyantra_warehouse//models/rack/meshes/rack.dae
-- Symlinking: /home/manab/colcon_ws/src/ur5_control/install/eyantra_warehouse/share/eyantra_warehouse//models/rack/meshes/rack.stl
-- Symlinking: /home/manab/colcon_ws/src/ur5_control/install/eyantra_warehouse/share/eyantra_warehouse//models/rack/model.config
-- Symlinking: /home/manab/colcon_ws/src/ur5_control/install/eyantra_warehouse/share/eyantra_warehouse//models/rack/model.sdf
-- Symlinking: /home/manab/colcon_ws/src/ur5_control/install/eyantra_warehouse/share/eyantra_warehouse//models/warehouse_boundary/meshes/warehouse_boundary.dae
-- Symlinking: /home/manab/colcon_ws/src/ur5_control/install/eyantra_warehouse/share/eyantra_warehouse//models/warehouse_boundary/meshes/warehouse_boundary_glass_cover.dae
-- Symlinking: /home/manab/colcon_ws/src/ur5_control/install/eyantra_warehouse/share/eyantra_warehouse//models/warehouse_boundary/meshes/warehouse_floor.jpg
-- Symlinking: /home/manab/colcon_ws/src/ur5_control/install/eyantra_warehouse/share/eyantra_warehouse//models/warehouse_boundary/model.config
-- Symlinking: /home/manab/colcon_ws/src/ur5_control/install/eyantra_warehouse/share/eyantra_warehouse//models/warehouse_boundary/model.sdf
-- Symlinking: /home/manab/colcon_ws/src/ur5_control/install/eyantra_warehouse/share/eyantra_warehouse//models/window/model.config
-- Symlinking: /home/manab/colcon_ws/src/ur5_control/install/eyantra_warehouse/share/eyantra_warehouse//models/window/model.sdf
-- Symlinking: /home/manab/colcon_ws/src/ur5_control/install/eyantra_warehouse/share/eyantra_warehouse//config/SkyX_Moon.fragment
-- Symlinking: /home/manab/colcon_ws/src/ur5_control/install/eyantra_warehouse/share/eyantra_warehouse//config/SkyX_Moon.png
-- Symlinking: /home/manab/colcon_ws/src/ur5_control/install/eyantra_warehouse/share/eyantra_warehouse//config/package_link.json
-- Symlinking: /home/manab/colcon_ws/src/ur5_control/install/eyantra_warehouse/share/ament_index/resource_index/package_run_dependencies/eyantra_warehouse
-- Symlinking: /home/manab/colcon_ws/src/ur5_control/install/eyantra_warehouse/share/ament_index/resource_index/parent_prefix_path/eyantra_warehouse
-- Symlinking: /home/manab/colcon_ws/src/ur5_control/install/eyantra_warehouse/share/eyantra_warehouse/environment/ament_prefix_path.sh
-- Symlinking: /home/manab/colcon_ws/src/ur5_control/install/eyantra_warehouse/share/eyantra_warehouse/environment/ament_prefix_path.dsv
-- Symlinking: /home/manab/colcon_ws/src/ur5_control/install/eyantra_warehouse/share/eyantra_warehouse/environment/path.sh
-- Symlinking: /home/manab/colcon_ws/src/ur5_control/install/eyantra_warehouse/share/eyantra_warehouse/environment/path.dsv
-- Symlinking: /home/manab/colcon_ws/src/ur5_control/install/eyantra_warehouse/share/eyantra_warehouse/local_setup.bash
-- Symlinking: /home/manab/colcon_ws/src/ur5_control/install/eyantra_warehouse/share/eyantra_warehouse/local_setup.sh
-- Symlinking: /home/manab/colcon_ws/src/ur5_control/install/eyantra_warehouse/share/eyantra_warehouse/local_setup.zsh
-- Symlinking: /home/manab/colcon_ws/src/ur5_control/install/eyantra_warehouse/share/eyantra_warehouse/local_setup.dsv
-- Symlinking: /home/manab/colcon_ws/src/ur5_control/install/eyantra_warehouse/share/eyantra_warehouse/package.dsv
-- Symlinking: /home/manab/colcon_ws/src/ur5_control/install/eyantra_warehouse/share/ament_index/resource_index/packages/eyantra_warehouse
-- Symlinking: /home/manab/colcon_ws/src/ur5_control/install/eyantra_warehouse/share/eyantra_warehouse/cmake/eyantra_warehouseConfig.cmake
-- Symlinking: /home/manab/colcon_ws/src/ur5_control/install/eyantra_warehouse/share/eyantra_warehouse/cmake/eyantra_warehouseConfig-version.cmake
-- Symlinking: /home/manab/colcon_ws/src/ur5_control/install/eyantra_warehouse/share/eyantra_warehouse/package.xml
