[0.028s] Invoking command in '/home/manab/colcon_ws/src/ur5_control/build/eyantra_warehouse': CMAKE_PREFIX_PATH=${CMAKE_PREFIX_PATH}:/home/manab/colcon_ws/install/ur5_control:/home/manab/ws_moveit/install/moveit_configs_utils:/home/manab/ros2_ws/install/launch_testing_examples:/home/manab/ros2_ws/install/examples_rclpy_pointcloud_publisher:/home/manab/ros2_ws/install/examples_rclpy_minimal_subscriber:/home/manab/ros2_ws/install/examples_rclpy_minimal_service:/home/manab/ros2_ws/install/examples_rclpy_minimal_publisher:/home/manab/ros2_ws/install/examples_rclpy_minimal_client:/home/manab/ros2_ws/install/examples_rclpy_minimal_action_server:/home/manab/ros2_ws/install/examples_rclpy_minimal_action_client:/home/manab/ros2_ws/install/examples_rclpy_guard_conditions:/home/manab/ros2_ws/install/examples_rclpy_executors:/opt/ros/humble /usr/bin/cmake /home/manab/colcon_ws/src/eyantra_warehouse -DCMAKE_BUILD_TYPE=RelWithDebInfo -DAMENT_CMAKE_SYMLINK_INSTALL=1 -DCMAKE_INSTALL_PREFIX=/home/manab/colcon_ws/src/ur5_control/install/eyantra_warehouse
[0.180s] -- The C compiler identification is GNU 11.4.0
[0.300s] -- The CXX compiler identification is GNU 11.4.0
[0.315s] -- Detecting C compiler ABI info
[0.436s] -- Detecting C compiler ABI info - done
[0.450s] -- Check for working C compiler: /usr/bin/cc - skipped
[0.450s] -- Detecting C compile features
[0.454s] -- Detecting C compile features - done
[0.461s] -- Detecting CXX compiler ABI info
[0.637s] -- Detecting CXX compiler ABI info - done
[0.645s] -- Check for working CXX compiler: /usr/bin/c++ - skipped
[0.650s] -- Detecting CXX compile features
[0.650s] -- Detecting CXX compile features - done
[0.660s] -- Found ament_cmake: 1.3.10 (/opt/ros/humble/share/ament_cmake/cmake)
[1.329s] -- Found Python3: /usr/bin/python3 (found version "3.10.12") found components: Interpreter 
[1.458s] -- Override CMake install command with custom implementation using symlinks instead of copying resources
[1.685s] -- Found ament_lint_auto: 0.12.11 (/opt/ros/humble/share/ament_lint_auto/cmake)
[1.873s] -- Added test 'copyright' to check source files copyright and LICENSE
[2.014s] -- Added test 'flake8' to check Python code syntax and style conventions
[2.030s] -- Added test 'lint_cmake' to check CMake code style
[2.038s] -- Added test 'pep257' to check Python code against some of the docstring style conventions in PEP 257
[2.087s] -- Added test 'xmllint' to check XML markup files
[2.093s] -- Configuring done
[2.110s] -- Generating done
[2.110s] -- Build files have been written to: /home/manab/colcon_ws/src/ur5_control/build/eyantra_warehouse
[2.133s] Invoked command in '/home/manab/colcon_ws/src/ur5_control/build/eyantra_warehouse' returned '0': CMAKE_PREFIX_PATH=${CMAKE_PREFIX_PATH}:/home/manab/colcon_ws/install/ur5_control:/home/manab/ws_moveit/install/moveit_configs_utils:/home/manab/ros2_ws/install/launch_testing_examples:/home/manab/ros2_ws/install/examples_rclpy_pointcloud_publisher:/home/manab/ros2_ws/install/examples_rclpy_minimal_subscriber:/home/manab/ros2_ws/install/examples_rclpy_minimal_service:/home/manab/ros2_ws/install/examples_rclpy_minimal_publisher:/home/manab/ros2_ws/install/examples_rclpy_minimal_client:/home/manab/ros2_ws/install/examples_rclpy_minimal_action_server:/home/manab/ros2_ws/install/examples_rclpy_minimal_action_client:/home/manab/ros2_ws/install/examples_rclpy_guard_conditions:/home/manab/ros2_ws/install/examples_rclpy_executors:/opt/ros/humble /usr/bin/cmake /home/manab/colcon_ws/src/eyantra_warehouse -DCMAKE_BUILD_TYPE=RelWithDebInfo -DAMENT_CMAKE_SYMLINK_INSTALL=1 -DCMAKE_INSTALL_PREFIX=/home/manab/colcon_ws/src/ur5_control/install/eyantra_warehouse
[2.137s] Invoking command in '/home/manab/colcon_ws/src/ur5_control/build/eyantra_warehouse': CMAKE_PREFIX_PATH=${CMAKE_PREFIX_PATH}:/home/manab/colcon_ws/install/ur5_control:/home/manab/ws_moveit/install/moveit_configs_utils:/home/manab/ros2_ws/install/launch_testing_examples:/home/manab/ros2_ws/install/examples_rclpy_pointcloud_publisher:/home/manab/ros2_ws/install/examples_rclpy_minimal_subscriber:/home/manab/ros2_ws/install/examples_rclpy_minimal_service:/home/manab/ros2_ws/install/examples_rclpy_minimal_publisher:/home/manab/ros2_ws/install/examples_rclpy_minimal_client:/home/manab/ros2_ws/install/examples_rclpy_minimal_action_server:/home/manab/ros2_ws/install/examples_rclpy_minimal_action_client:/home/manab/ros2_ws/install/examples_rclpy_guard_conditions:/home/manab/ros2_ws/install/examples_rclpy_executors:/opt/ros/humble /usr/bin/cmake --build /home/manab/colcon_ws/src/ur5_control/build/eyantra_warehouse -- -j4 -l4
[2.209s] Invoked command in '/home/manab/colcon_ws/src/ur5_control/build/eyantra_warehouse' returned '0': CMAKE_PREFIX_PATH=${CMAKE_PREFIX_PATH}:/home/manab/colcon_ws/install/ur5_control:/home/manab/ws_moveit/install/moveit_configs_utils:/home/manab/ros2_ws/install/launch_testing_examples:/home/manab/ros2_ws/install/examples_rclpy_pointcloud_publisher:/home/manab/ros2_ws/install/examples_rclpy_minimal_subscriber:/home/manab/ros2_ws/install/examples_rclpy_minimal_service:/home/manab/ros2_ws/install/examples_rclpy_minimal_publisher:/home/manab/ros2_ws/install/examples_rclpy_minimal_client:/home/manab/ros2_ws/install/examples_rclpy_minimal_action_server:/home/manab/ros2_ws/install/examples_rclpy_minimal_action_client:/home/manab/ros2_ws/install/examples_rclpy_guard_conditions:/home/manab/ros2_ws/install/examples_rclpy_executors:/opt/ros/humble /usr/bin/cmake --build /home/manab/colcon_ws/src/ur5_control/build/eyantra_warehouse -- -j4 -l4
[2.256s] Invoking command in '/home/manab/colcon_ws/src/ur5_control/build/eyantra_warehouse': CMAKE_PREFIX_PATH=${CMAKE_PREFIX_PATH}:/home/manab/colcon_ws/install/ur5_control:/home/manab/ws_moveit/install/moveit_configs_utils:/home/manab/ros2_ws/install/launch_testing_examples:/home/manab/ros2_ws/install/examples_rclpy_pointcloud_publisher:/home/manab/ros2_ws/install/examples_rclpy_minimal_subscriber:/home/manab/ros2_ws/install/examples_rclpy_minimal_service:/home/manab/ros2_ws/install/examples_rclpy_minimal_publisher:/home/manab/ros2_ws/install/examples_rclpy_minimal_client:/home/manab/ros2_ws/install/examples_rclpy_minimal_action_server:/home/manab/ros2_ws/install/examples_rclpy_minimal_action_client:/home/manab/ros2_ws/install/examples_rclpy_guard_conditions:/home/manab/ros2_ws/install/examples_rclpy_executors:/opt/ros/humble /usr/bin/cmake --install /home/manab/colcon_ws/src/ur5_control/build/eyantra_warehouse
[2.272s] -- Install configuration: "RelWithDebInfo"
[2.272s] -- Execute custom install script
[2.272s] -- Symlinking: /home/manab/colcon_ws/src/ur5_control/install/eyantra_warehouse/share/eyantra_warehouse//launch/task0.launch.py
[2.282s] -- Symlinking: /home/manab/colcon_ws/src/ur5_control/install/eyantra_warehouse/share/eyantra_warehouse//launch/task1b.launch.py
[2.295s] -- Symlinking: /home/manab/colcon_ws/src/ur5_control/install/eyantra_warehouse/share/eyantra_warehouse//launch/task1c.launch.py
[2.310s] -- Symlinking: /home/manab/colcon_ws/src/ur5_control/install/eyantra_warehouse/share/eyantra_warehouse//worlds/eyantra_warehouse_task0.world
[2.327s] -- Symlinking: /home/manab/colcon_ws/src/ur5_control/install/eyantra_warehouse/share/eyantra_warehouse//worlds/eyantra_warehouse_task1b.world
[2.342s] -- Symlinking: /home/manab/colcon_ws/src/ur5_control/install/eyantra_warehouse/share/eyantra_warehouse//worlds/eyantra_warehouse_task1c.world
[2.361s] -- Symlinking: /home/manab/colcon_ws/src/ur5_control/install/eyantra_warehouse/share/eyantra_warehouse//models/LB_city/meshes/LAWN.jpg
[2.375s] -- Symlinking: /home/manab/colcon_ws/src/ur5_control/install/eyantra_warehouse/share/eyantra_warehouse//models/LB_city/meshes/LB_city.dae
[2.391s] -- Symlinking: /home/manab/colcon_ws/src/ur5_control/install/eyantra_warehouse/share/eyantra_warehouse//models/LB_city/meshes/SolarPanelsPolycrystallineTypeBFramedClean001_COL_3K.jpg.004.jp.jpg
[2.402s] -- Symlinking: /home/manab/colcon_ws/src/ur5_control/install/eyantra_warehouse/share/eyantra_warehouse//models/LB_city/meshes/dm1.jpg
[2.413s] -- Symlinking: /home/manab/colcon_ws/src/ur5_control/install/eyantra_warehouse/share/eyantra_warehouse//models/LB_city/meshes/f1q.jpg
[2.430s] -- Symlinking: /home/manab/colcon_ws/src/ur5_control/install/eyantra_warehouse/share/eyantra_warehouse//models/LB_city/meshes/f1q.jpg.001.jpg
[2.444s] -- Symlinking: /home/manab/colcon_ws/src/ur5_control/install/eyantra_warehouse/share/eyantra_warehouse//models/LB_city/meshes/grass.png
[2.457s] -- Symlinking: /home/manab/colcon_ws/src/ur5_control/install/eyantra_warehouse/share/eyantra_warehouse//models/LB_city/meshes/ocean_texture.jpeg
[2.467s] -- Symlinking: /home/manab/colcon_ws/src/ur5_control/install/eyantra_warehouse/share/eyantra_warehouse//models/LB_city/meshes/pb2.jpg
[2.479s] -- Symlinking: /home/manab/colcon_ws/src/ur5_control/install/eyantra_warehouse/share/eyantra_warehouse//models/LB_city/meshes/pv2c.jpg
[2.494s] -- Symlinking: /home/manab/colcon_ws/src/ur5_control/install/eyantra_warehouse/share/eyantra_warehouse//models/LB_city/model.config
[2.513s] -- Symlinking: /home/manab/colcon_ws/src/ur5_control/install/eyantra_warehouse/share/eyantra_warehouse//models/LB_city/model.sdf
[2.548s] -- Symlinking: /home/manab/colcon_ws/src/ur5_control/install/eyantra_warehouse/share/eyantra_warehouse//models/arm_base/meshes/arm_base.dae
[2.566s] -- Symlinking: /home/manab/colcon_ws/src/ur5_control/install/eyantra_warehouse/share/eyantra_warehouse//models/arm_base/model.config
[2.591s] -- Symlinking: /home/manab/colcon_ws/src/ur5_control/install/eyantra_warehouse/share/eyantra_warehouse//models/arm_base/model.sdf
[2.607s] -- Symlinking: /home/manab/colcon_ws/src/ur5_control/install/eyantra_warehouse/share/eyantra_warehouse//models/aws_robomaker_warehouse_ClutteringC_01/materials/textures/aws_robomaker_warehouse_ClutteringC_01.png
[2.622s] -- Symlinking: /home/manab/colcon_ws/src/ur5_control/install/eyantra_warehouse/share/eyantra_warehouse//models/aws_robomaker_warehouse_ClutteringC_01/materials/textures/aws_robomaker_warehouse_ClutteringC_02.png
[2.631s] -- Symlinking: /home/manab/colcon_ws/src/ur5_control/install/eyantra_warehouse/share/eyantra_warehouse//models/aws_robomaker_warehouse_ClutteringC_01/meshes/aws_robomaker_warehouse_ClutteringC_01_collision.DAE
[2.645s] -- Symlinking: /home/manab/colcon_ws/src/ur5_control/install/eyantra_warehouse/share/eyantra_warehouse//models/aws_robomaker_warehouse_ClutteringC_01/meshes/aws_robomaker_warehouse_ClutteringC_01_visual.DAE
[2.660s] -- Symlinking: /home/manab/colcon_ws/src/ur5_control/install/eyantra_warehouse/share/eyantra_warehouse//models/aws_robomaker_warehouse_ClutteringC_01/model.config
[2.670s] -- Symlinking: /home/manab/colcon_ws/src/ur5_control/install/eyantra_warehouse/share/eyantra_warehouse//models/aws_robomaker_warehouse_ClutteringC_01/model.sdf
[2.679s] -- Symlinking: /home/manab/colcon_ws/src/ur5_control/install/eyantra_warehouse/share/eyantra_warehouse//models/aws_robomaker_warehouse_ClutteringD_01/materials/textures/aws_robomaker_warehouse_ClutteringD_01.png
[2.691s] -- Symlinking: /home/manab/colcon_ws/src/ur5_control/install/eyantra_warehouse/share/eyantra_warehouse//models/aws_robomaker_warehouse_ClutteringD_01/materials/textures/aws_robomaker_warehouse_ClutteringD_02.png
[2.708s] -- Symlinking: /home/manab/colcon_ws/src/ur5_control/install/eyantra_warehouse/share/eyantra_warehouse//models/aws_robomaker_warehouse_ClutteringD_01/meshes/aws_robomaker_warehouse_ClutteringD_01_collision.DAE
[2.739s] -- Symlinking: /home/manab/colcon_ws/src/ur5_control/install/eyantra_warehouse/share/eyantra_warehouse//models/aws_robomaker_warehouse_ClutteringD_01/meshes/aws_robomaker_warehouse_ClutteringD_01_visual.DAE
[2.757s] -- Symlinking: /home/manab/colcon_ws/src/ur5_control/install/eyantra_warehouse/share/eyantra_warehouse//models/aws_robomaker_warehouse_ClutteringD_01/model.config
[2.772s] -- Symlinking: /home/manab/colcon_ws/src/ur5_control/install/eyantra_warehouse/share/eyantra_warehouse//models/aws_robomaker_warehouse_ClutteringD_01/model.sdf
[2.795s] -- Symlinking: /home/manab/colcon_ws/src/ur5_control/install/eyantra_warehouse/share/eyantra_warehouse//models/aws_robomaker_warehouse_DeskC_01/materials/.DS_Store
[2.810s] -- Symlinking: /home/manab/colcon_ws/src/ur5_control/install/eyantra_warehouse/share/eyantra_warehouse//models/aws_robomaker_warehouse_DeskC_01/materials/textures/aws_robomaker_warehouse_DeskC_01.png
[2.836s] -- Symlinking: /home/manab/colcon_ws/src/ur5_control/install/eyantra_warehouse/share/eyantra_warehouse//models/aws_robomaker_warehouse_DeskC_01/materials/textures/aws_robomaker_warehouse_DeskC_02.png
[2.889s] -- Symlinking: /home/manab/colcon_ws/src/ur5_control/install/eyantra_warehouse/share/eyantra_warehouse//models/aws_robomaker_warehouse_DeskC_01/materials/textures/aws_robomaker_warehouse_DeskC_03.png
[2.915s] -- Symlinking: /home/manab/colcon_ws/src/ur5_control/install/eyantra_warehouse/share/eyantra_warehouse//models/aws_robomaker_warehouse_DeskC_01/materials/textures/aws_robomaker_warehouse_DeskC_03.psd
[2.945s] -- Symlinking: /home/manab/colcon_ws/src/ur5_control/install/eyantra_warehouse/share/eyantra_warehouse//models/aws_robomaker_warehouse_DeskC_01/materials/textures/aws_robomaker_warehouse_DeskC_04.png
[2.969s] -- Symlinking: /home/manab/colcon_ws/src/ur5_control/install/eyantra_warehouse/share/eyantra_warehouse//models/aws_robomaker_warehouse_DeskC_01/meshes/aws_robomaker_warehouse_DeskC_01_collision.DAE
[2.983s] -- Symlinking: /home/manab/colcon_ws/src/ur5_control/install/eyantra_warehouse/share/eyantra_warehouse//models/aws_robomaker_warehouse_DeskC_01/meshes/aws_robomaker_warehouse_DeskC_01_visual.DAE
[2.995s] -- Symlinking: /home/manab/colcon_ws/src/ur5_control/install/eyantra_warehouse/share/eyantra_warehouse//models/aws_robomaker_warehouse_DeskC_01/model.config
[3.006s] -- Symlinking: /home/manab/colcon_ws/src/ur5_control/install/eyantra_warehouse/share/eyantra_warehouse//models/aws_robomaker_warehouse_DeskC_01/model.sdf
[3.020s] -- Symlinking: /home/manab/colcon_ws/src/ur5_control/install/eyantra_warehouse/share/eyantra_warehouse//models/aws_robomaker_warehouse_PalletJackB_01/.DS_Store
[3.035s] -- Symlinking: /home/manab/colcon_ws/src/ur5_control/install/eyantra_warehouse/share/eyantra_warehouse//models/aws_robomaker_warehouse_PalletJackB_01/materials/.DS_Store
[3.048s] -- Symlinking: /home/manab/colcon_ws/src/ur5_control/install/eyantra_warehouse/share/eyantra_warehouse//models/aws_robomaker_warehouse_PalletJackB_01/materials/textures/aws_robomaker_warehouse_PalletJackB_01.png
[3.065s] -- Symlinking: /home/manab/colcon_ws/src/ur5_control/install/eyantra_warehouse/share/eyantra_warehouse//models/aws_robomaker_warehouse_PalletJackB_01/materials/textures/aws_robomaker_warehouse_PalletJackB_02.png
[3.083s] -- Symlinking: /home/manab/colcon_ws/src/ur5_control/install/eyantra_warehouse/share/eyantra_warehouse//models/aws_robomaker_warehouse_PalletJackB_01/meshes/aws_robomaker_warehouse_PalletJackB_01_collision.DAE
[3.099s] -- Symlinking: /home/manab/colcon_ws/src/ur5_control/install/eyantra_warehouse/share/eyantra_warehouse//models/aws_robomaker_warehouse_PalletJackB_01/meshes/aws_robomaker_warehouse_PalletJackB_01_visual.DAE
[3.110s] -- Symlinking: /home/manab/colcon_ws/src/ur5_control/install/eyantra_warehouse/share/eyantra_warehouse//models/aws_robomaker_warehouse_PalletJackB_01/model.config
[3.122s] -- Symlinking: /home/manab/colcon_ws/src/ur5_control/install/eyantra_warehouse/share/eyantra_warehouse//models/aws_robomaker_warehouse_PalletJackB_01/model.sdf
[3.135s] -- Symlinking: /home/manab/colcon_ws/src/ur5_control/install/eyantra_warehouse/share/eyantra_warehouse//models/box/meshes/aruco_tag.jpg
[3.149s] -- Symlinking: /home/manab/colcon_ws/src/ur5_control/install/eyantra_warehouse/share/eyantra_warehouse//models/box/meshes/box.dae
[3.166s] -- Symlinking: /home/manab/colcon_ws/src/ur5_control/install/eyantra_warehouse/share/eyantra_warehouse//models/box/meshes/box__bg.png
[3.189s] -- Symlinking: /home/manab/colcon_ws/src/ur5_control/install/eyantra_warehouse/share/eyantra_warehouse//models/box/meshes/cardboard_bg.png
[3.213s] -- Symlinking: /home/manab/colcon_ws/src/ur5_control/install/eyantra_warehouse/share/eyantra_warehouse//models/box/meshes/centroid_old_box.zip
[3.235s] -- Symlinking: /home/manab/colcon_ws/src/ur5_control/install/eyantra_warehouse/share/eyantra_warehouse//models/box/model.config
[3.253s] -- Symlinking: /home/manab/colcon_ws/src/ur5_control/install/eyantra_warehouse/share/eyantra_warehouse//models/box/model.sdf
[3.272s] -- Symlinking: /home/manab/colcon_ws/src/ur5_control/install/eyantra_warehouse/share/eyantra_warehouse//models/boxes/box.stl
[3.286s] -- Symlinking: /home/manab/colcon_ws/src/ur5_control/install/eyantra_warehouse/share/eyantra_warehouse//models/boxes/box_1/meshes/aruco_tag.jpg
[3.307s] -- Symlinking: /home/manab/colcon_ws/src/ur5_control/install/eyantra_warehouse/share/eyantra_warehouse//models/boxes/box_1/meshes/box.dae
[3.330s] -- Symlinking: /home/manab/colcon_ws/src/ur5_control/install/eyantra_warehouse/share/eyantra_warehouse//models/boxes/box_1/meshes/box__bg.png
[3.349s] -- Symlinking: /home/manab/colcon_ws/src/ur5_control/install/eyantra_warehouse/share/eyantra_warehouse//models/boxes/box_1/meshes/cardboard_bg.png
[3.365s] -- Symlinking: /home/manab/colcon_ws/src/ur5_control/install/eyantra_warehouse/share/eyantra_warehouse//models/boxes/box_1/model.config
[3.380s] -- Symlinking: /home/manab/colcon_ws/src/ur5_control/install/eyantra_warehouse/share/eyantra_warehouse//models/boxes/box_1/model.sdf
[3.394s] -- Symlinking: /home/manab/colcon_ws/src/ur5_control/install/eyantra_warehouse/share/eyantra_warehouse//models/boxes/box_10/meshes/aruco_tag.jpg
[3.407s] -- Symlinking: /home/manab/colcon_ws/src/ur5_control/install/eyantra_warehouse/share/eyantra_warehouse//models/boxes/box_10/meshes/box.dae
[3.422s] -- Symlinking: /home/manab/colcon_ws/src/ur5_control/install/eyantra_warehouse/share/eyantra_warehouse//models/boxes/box_10/meshes/box__bg.png
[3.441s] -- Symlinking: /home/manab/colcon_ws/src/ur5_control/install/eyantra_warehouse/share/eyantra_warehouse//models/boxes/box_10/meshes/cardboard_bg.png
[3.460s] -- Symlinking: /home/manab/colcon_ws/src/ur5_control/install/eyantra_warehouse/share/eyantra_warehouse//models/boxes/box_10/model.config
[3.483s] -- Symlinking: /home/manab/colcon_ws/src/ur5_control/install/eyantra_warehouse/share/eyantra_warehouse//models/boxes/box_10/model.sdf
[3.492s] -- Symlinking: /home/manab/colcon_ws/src/ur5_control/install/eyantra_warehouse/share/eyantra_warehouse//models/boxes/box_11/meshes/aruco_tag.jpg
[3.508s] -- Symlinking: /home/manab/colcon_ws/src/ur5_control/install/eyantra_warehouse/share/eyantra_warehouse//models/boxes/box_11/meshes/box.dae
[3.535s] -- Symlinking: /home/manab/colcon_ws/src/ur5_control/install/eyantra_warehouse/share/eyantra_warehouse//models/boxes/box_11/meshes/box__bg.png
[3.555s] -- Symlinking: /home/manab/colcon_ws/src/ur5_control/install/eyantra_warehouse/share/eyantra_warehouse//models/boxes/box_11/meshes/cardboard_bg.png
[3.571s] -- Symlinking: /home/manab/colcon_ws/src/ur5_control/install/eyantra_warehouse/share/eyantra_warehouse//models/boxes/box_11/model.config
[3.589s] -- Symlinking: /home/manab/colcon_ws/src/ur5_control/install/eyantra_warehouse/share/eyantra_warehouse//models/boxes/box_11/model.sdf
[3.605s] -- Symlinking: /home/manab/colcon_ws/src/ur5_control/install/eyantra_warehouse/share/eyantra_warehouse//models/boxes/box_12/meshes/aruco_tag.jpg
[3.619s] -- Symlinking: /home/manab/colcon_ws/src/ur5_control/install/eyantra_warehouse/share/eyantra_warehouse//models/boxes/box_12/meshes/box.dae
[3.633s] -- Symlinking: /home/manab/colcon_ws/src/ur5_control/install/eyantra_warehouse/share/eyantra_warehouse//models/boxes/box_12/meshes/box__bg.png
[3.643s] -- Symlinking: /home/manab/colcon_ws/src/ur5_control/install/eyantra_warehouse/share/eyantra_warehouse//models/boxes/box_12/meshes/cardboard_bg.png
[3.657s] -- Symlinking: /home/manab/colcon_ws/src/ur5_control/install/eyantra_warehouse/share/eyantra_warehouse//models/boxes/box_12/model.config
[3.669s] -- Symlinking: /home/manab/colcon_ws/src/ur5_control/install/eyantra_warehouse/share/eyantra_warehouse//models/boxes/box_12/model.sdf
[3.686s] -- Symlinking: /home/manab/colcon_ws/src/ur5_control/install/eyantra_warehouse/share/eyantra_warehouse//models/boxes/box_13/meshes/aruco_tag.jpg
[3.701s] -- Symlinking: /home/manab/colcon_ws/src/ur5_control/install/eyantra_warehouse/share/eyantra_warehouse//models/boxes/box_13/meshes/box.dae
[3.724s] -- Symlinking: /home/manab/colcon_ws/src/ur5_control/install/eyantra_warehouse/share/eyantra_warehouse//models/boxes/box_13/meshes/box__bg.png
[3.740s] -- Symlinking: /home/manab/colcon_ws/src/ur5_control/install/eyantra_warehouse/share/eyantra_warehouse//models/boxes/box_13/meshes/cardboard_bg.png
[3.756s] -- Symlinking: /home/manab/colcon_ws/src/ur5_control/install/eyantra_warehouse/share/eyantra_warehouse//models/boxes/box_13/model.config
[3.772s] -- Symlinking: /home/manab/colcon_ws/src/ur5_control/install/eyantra_warehouse/share/eyantra_warehouse//models/boxes/box_13/model.sdf
[3.795s] -- Symlinking: /home/manab/colcon_ws/src/ur5_control/install/eyantra_warehouse/share/eyantra_warehouse//models/boxes/box_14/meshes/aruco_tag.jpg
[3.821s] -- Symlinking: /home/manab/colcon_ws/src/ur5_control/install/eyantra_warehouse/share/eyantra_warehouse//models/boxes/box_14/meshes/box.dae
[3.843s] -- Symlinking: /home/manab/colcon_ws/src/ur5_control/install/eyantra_warehouse/share/eyantra_warehouse//models/boxes/box_14/meshes/box__bg.png
[3.871s] -- Symlinking: /home/manab/colcon_ws/src/ur5_control/install/eyantra_warehouse/share/eyantra_warehouse//models/boxes/box_14/meshes/cardboard_bg.png
[3.890s] -- Symlinking: /home/manab/colcon_ws/src/ur5_control/install/eyantra_warehouse/share/eyantra_warehouse//models/boxes/box_14/model.config
[3.903s] -- Symlinking: /home/manab/colcon_ws/src/ur5_control/install/eyantra_warehouse/share/eyantra_warehouse//models/boxes/box_14/model.sdf
[3.917s] -- Symlinking: /home/manab/colcon_ws/src/ur5_control/install/eyantra_warehouse/share/eyantra_warehouse//models/boxes/box_15/meshes/aruco_tag.jpg
[3.931s] -- Symlinking: /home/manab/colcon_ws/src/ur5_control/install/eyantra_warehouse/share/eyantra_warehouse//models/boxes/box_15/meshes/box.dae
[3.945s] -- Symlinking: /home/manab/colcon_ws/src/ur5_control/install/eyantra_warehouse/share/eyantra_warehouse//models/boxes/box_15/meshes/box__bg.png
[3.957s] -- Symlinking: /home/manab/colcon_ws/src/ur5_control/install/eyantra_warehouse/share/eyantra_warehouse//models/boxes/box_15/meshes/cardboard_bg.png
[3.970s] -- Symlinking: /home/manab/colcon_ws/src/ur5_control/install/eyantra_warehouse/share/eyantra_warehouse//models/boxes/box_15/model.config
[3.985s] -- Symlinking: /home/manab/colcon_ws/src/ur5_control/install/eyantra_warehouse/share/eyantra_warehouse//models/boxes/box_15/model.sdf
[3.994s] -- Symlinking: /home/manab/colcon_ws/src/ur5_control/install/eyantra_warehouse/share/eyantra_warehouse//models/boxes/box_16/meshes/aruco_tag.jpg
[4.011s] -- Symlinking: /home/manab/colcon_ws/src/ur5_control/install/eyantra_warehouse/share/eyantra_warehouse//models/boxes/box_16/meshes/box.dae
[4.025s] -- Symlinking: /home/manab/colcon_ws/src/ur5_control/install/eyantra_warehouse/share/eyantra_warehouse//models/boxes/box_16/meshes/box__bg.png
[4.038s] -- Symlinking: /home/manab/colcon_ws/src/ur5_control/install/eyantra_warehouse/share/eyantra_warehouse//models/boxes/box_16/meshes/cardboard_bg.png
[4.051s] -- Symlinking: /home/manab/colcon_ws/src/ur5_control/install/eyantra_warehouse/share/eyantra_warehouse//models/boxes/box_16/model.config
[4.064s] -- Symlinking: /home/manab/colcon_ws/src/ur5_control/install/eyantra_warehouse/share/eyantra_warehouse//models/boxes/box_16/model.sdf
[4.087s] -- Symlinking: /home/manab/colcon_ws/src/ur5_control/install/eyantra_warehouse/share/eyantra_warehouse//models/boxes/box_17/meshes/aruco_tag.jpg
[4.102s] -- Symlinking: /home/manab/colcon_ws/src/ur5_control/install/eyantra_warehouse/share/eyantra_warehouse//models/boxes/box_17/meshes/box.dae
[4.121s] -- Symlinking: /home/manab/colcon_ws/src/ur5_control/install/eyantra_warehouse/share/eyantra_warehouse//models/boxes/box_17/meshes/box__bg.png
[4.145s] -- Symlinking: /home/manab/colcon_ws/src/ur5_control/install/eyantra_warehouse/share/eyantra_warehouse//models/boxes/box_17/meshes/cardboard_bg.png
[4.160s] -- Symlinking: /home/manab/colcon_ws/src/ur5_control/install/eyantra_warehouse/share/eyantra_warehouse//models/boxes/box_17/model.config
[4.178s] -- Symlinking: /home/manab/colcon_ws/src/ur5_control/install/eyantra_warehouse/share/eyantra_warehouse//models/boxes/box_17/model.sdf
[4.189s] -- Symlinking: /home/manab/colcon_ws/src/ur5_control/install/eyantra_warehouse/share/eyantra_warehouse//models/boxes/box_18/meshes/aruco_tag.jpg
[4.207s] -- Symlinking: /home/manab/colcon_ws/src/ur5_control/install/eyantra_warehouse/share/eyantra_warehouse//models/boxes/box_18/meshes/box.dae
[4.220s] -- Symlinking: /home/manab/colcon_ws/src/ur5_control/install/eyantra_warehouse/share/eyantra_warehouse//models/boxes/box_18/meshes/box__bg.png
[4.235s] -- Symlinking: /home/manab/colcon_ws/src/ur5_control/install/eyantra_warehouse/share/eyantra_warehouse//models/boxes/box_18/meshes/cardboard_bg.png
[4.251s] -- Symlinking: /home/manab/colcon_ws/src/ur5_control/install/eyantra_warehouse/share/eyantra_warehouse//models/boxes/box_18/model.config
[4.269s] -- Symlinking: /home/manab/colcon_ws/src/ur5_control/install/eyantra_warehouse/share/eyantra_warehouse//models/boxes/box_18/model.sdf
[4.290s] -- Symlinking: /home/manab/colcon_ws/src/ur5_control/install/eyantra_warehouse/share/eyantra_warehouse//models/boxes/box_19/meshes/aruco_tag.jpg
[4.307s] -- Symlinking: /home/manab/colcon_ws/src/ur5_control/install/eyantra_warehouse/share/eyantra_warehouse//models/boxes/box_19/meshes/box.dae
[4.319s] -- Symlinking: /home/manab/colcon_ws/src/ur5_control/install/eyantra_warehouse/share/eyantra_warehouse//models/boxes/box_19/meshes/box__bg.png
[4.331s] -- Symlinking: /home/manab/colcon_ws/src/ur5_control/install/eyantra_warehouse/share/eyantra_warehouse//models/boxes/box_19/meshes/cardboard_bg.png
[4.344s] -- Symlinking: /home/manab/colcon_ws/src/ur5_control/install/eyantra_warehouse/share/eyantra_warehouse//models/boxes/box_19/model.config
[4.357s] -- Symlinking: /home/manab/colcon_ws/src/ur5_control/install/eyantra_warehouse/share/eyantra_warehouse//models/boxes/box_19/model.sdf
[4.370s] -- Symlinking: /home/manab/colcon_ws/src/ur5_control/install/eyantra_warehouse/share/eyantra_warehouse//models/boxes/box_2/meshes/aruco_tag.jpg
[4.384s] -- Symlinking: /home/manab/colcon_ws/src/ur5_control/install/eyantra_warehouse/share/eyantra_warehouse//models/boxes/box_2/meshes/box.dae
[4.396s] -- Symlinking: /home/manab/colcon_ws/src/ur5_control/install/eyantra_warehouse/share/eyantra_warehouse//models/boxes/box_2/meshes/box__bg.png
[4.408s] -- Symlinking: /home/manab/colcon_ws/src/ur5_control/install/eyantra_warehouse/share/eyantra_warehouse//models/boxes/box_2/meshes/cardboard_bg.png
[4.423s] -- Symlinking: /home/manab/colcon_ws/src/ur5_control/install/eyantra_warehouse/share/eyantra_warehouse//models/boxes/box_2/model.config
[4.437s] -- Symlinking: /home/manab/colcon_ws/src/ur5_control/install/eyantra_warehouse/share/eyantra_warehouse//models/boxes/box_2/model.sdf
[4.454s] -- Symlinking: /home/manab/colcon_ws/src/ur5_control/install/eyantra_warehouse/share/eyantra_warehouse//models/boxes/box_20/meshes/aruco_tag.jpg
[4.468s] -- Symlinking: /home/manab/colcon_ws/src/ur5_control/install/eyantra_warehouse/share/eyantra_warehouse//models/boxes/box_20/meshes/box.dae
[4.486s] -- Symlinking: /home/manab/colcon_ws/src/ur5_control/install/eyantra_warehouse/share/eyantra_warehouse//models/boxes/box_20/meshes/box__bg.png
[4.502s] -- Symlinking: /home/manab/colcon_ws/src/ur5_control/install/eyantra_warehouse/share/eyantra_warehouse//models/boxes/box_20/meshes/cardboard_bg.png
[4.521s] -- Symlinking: /home/manab/colcon_ws/src/ur5_control/install/eyantra_warehouse/share/eyantra_warehouse//models/boxes/box_20/model.config
[4.541s] -- Symlinking: /home/manab/colcon_ws/src/ur5_control/install/eyantra_warehouse/share/eyantra_warehouse//models/boxes/box_20/model.sdf
[4.553s] -- Symlinking: /home/manab/colcon_ws/src/ur5_control/install/eyantra_warehouse/share/eyantra_warehouse//models/boxes/box_21/meshes/aruco_tag.jpg
[4.568s] -- Symlinking: /home/manab/colcon_ws/src/ur5_control/install/eyantra_warehouse/share/eyantra_warehouse//models/boxes/box_21/meshes/box.dae
[4.580s] -- Symlinking: /home/manab/colcon_ws/src/ur5_control/install/eyantra_warehouse/share/eyantra_warehouse//models/boxes/box_21/meshes/box__bg.png
[4.594s] -- Symlinking: /home/manab/colcon_ws/src/ur5_control/install/eyantra_warehouse/share/eyantra_warehouse//models/boxes/box_21/meshes/cardboard_bg.png
[4.613s] -- Symlinking: /home/manab/colcon_ws/src/ur5_control/install/eyantra_warehouse/share/eyantra_warehouse//models/boxes/box_21/model.config
[4.628s] -- Symlinking: /home/manab/colcon_ws/src/ur5_control/install/eyantra_warehouse/share/eyantra_warehouse//models/boxes/box_21/model.sdf
[4.637s] -- Symlinking: /home/manab/colcon_ws/src/ur5_control/install/eyantra_warehouse/share/eyantra_warehouse//models/boxes/box_22/meshes/aruco_tag.jpg
[4.651s] -- Symlinking: /home/manab/colcon_ws/src/ur5_control/install/eyantra_warehouse/share/eyantra_warehouse//models/boxes/box_22/meshes/box.dae
[4.660s] -- Symlinking: /home/manab/colcon_ws/src/ur5_control/install/eyantra_warehouse/share/eyantra_warehouse//models/boxes/box_22/meshes/box__bg.png
[4.672s] -- Symlinking: /home/manab/colcon_ws/src/ur5_control/install/eyantra_warehouse/share/eyantra_warehouse//models/boxes/box_22/meshes/cardboard_bg.png
[4.688s] -- Symlinking: /home/manab/colcon_ws/src/ur5_control/install/eyantra_warehouse/share/eyantra_warehouse//models/boxes/box_22/model.config
[4.700s] -- Symlinking: /home/manab/colcon_ws/src/ur5_control/install/eyantra_warehouse/share/eyantra_warehouse//models/boxes/box_22/model.sdf
[4.710s] -- Symlinking: /home/manab/colcon_ws/src/ur5_control/install/eyantra_warehouse/share/eyantra_warehouse//models/boxes/box_23/meshes/aruco_tag.jpg
[4.722s] -- Symlinking: /home/manab/colcon_ws/src/ur5_control/install/eyantra_warehouse/share/eyantra_warehouse//models/boxes/box_23/meshes/box.dae
[4.741s] -- Symlinking: /home/manab/colcon_ws/src/ur5_control/install/eyantra_warehouse/share/eyantra_warehouse//models/boxes/box_23/meshes/box__bg.png
[4.756s] -- Symlinking: /home/manab/colcon_ws/src/ur5_control/install/eyantra_warehouse/share/eyantra_warehouse//models/boxes/box_23/meshes/cardboard_bg.png
[4.766s] -- Symlinking: /home/manab/colcon_ws/src/ur5_control/install/eyantra_warehouse/share/eyantra_warehouse//models/boxes/box_23/model.config
[4.783s] -- Symlinking: /home/manab/colcon_ws/src/ur5_control/install/eyantra_warehouse/share/eyantra_warehouse//models/boxes/box_23/model.sdf
[4.799s] -- Symlinking: /home/manab/colcon_ws/src/ur5_control/install/eyantra_warehouse/share/eyantra_warehouse//models/boxes/box_24/meshes/aruco_tag.jpg
[4.822s] -- Symlinking: /home/manab/colcon_ws/src/ur5_control/install/eyantra_warehouse/share/eyantra_warehouse//models/boxes/box_24/meshes/box.dae
[4.852s] -- Symlinking: /home/manab/colcon_ws/src/ur5_control/install/eyantra_warehouse/share/eyantra_warehouse//models/boxes/box_24/meshes/box__bg.png
[4.865s] -- Symlinking: /home/manab/colcon_ws/src/ur5_control/install/eyantra_warehouse/share/eyantra_warehouse//models/boxes/box_24/meshes/cardboard_bg.png
[4.877s] -- Symlinking: /home/manab/colcon_ws/src/ur5_control/install/eyantra_warehouse/share/eyantra_warehouse//models/boxes/box_24/model.config
[4.892s] -- Symlinking: /home/manab/colcon_ws/src/ur5_control/install/eyantra_warehouse/share/eyantra_warehouse//models/boxes/box_24/model.sdf
[4.909s] -- Symlinking: /home/manab/colcon_ws/src/ur5_control/install/eyantra_warehouse/share/eyantra_warehouse//models/boxes/box_25/meshes/aruco_tag.jpg
[4.926s] -- Symlinking: /home/manab/colcon_ws/src/ur5_control/install/eyantra_warehouse/share/eyantra_warehouse//models/boxes/box_25/meshes/box.dae
[4.949s] -- Symlinking: /home/manab/colcon_ws/src/ur5_control/install/eyantra_warehouse/share/eyantra_warehouse//models/boxes/box_25/meshes/box__bg.png
[4.961s] -- Symlinking: /home/manab/colcon_ws/src/ur5_control/install/eyantra_warehouse/share/eyantra_warehouse//models/boxes/box_25/meshes/cardboard_bg.png
[4.976s] -- Symlinking: /home/manab/colcon_ws/src/ur5_control/install/eyantra_warehouse/share/eyantra_warehouse//models/boxes/box_25/model.config
[4.989s] -- Symlinking: /home/manab/colcon_ws/src/ur5_control/install/eyantra_warehouse/share/eyantra_warehouse//models/boxes/box_25/model.sdf
[5.003s] -- Symlinking: /home/manab/colcon_ws/src/ur5_control/install/eyantra_warehouse/share/eyantra_warehouse//models/boxes/box_26/meshes/aruco_tag.jpg
[5.019s] -- Symlinking: /home/manab/colcon_ws/src/ur5_control/install/eyantra_warehouse/share/eyantra_warehouse//models/boxes/box_26/meshes/box.dae
[5.043s] -- Symlinking: /home/manab/colcon_ws/src/ur5_control/install/eyantra_warehouse/share/eyantra_warehouse//models/boxes/box_26/meshes/box__bg.png
[5.061s] -- Symlinking: /home/manab/colcon_ws/src/ur5_control/install/eyantra_warehouse/share/eyantra_warehouse//models/boxes/box_26/meshes/cardboard_bg.png
[5.074s] -- Symlinking: /home/manab/colcon_ws/src/ur5_control/install/eyantra_warehouse/share/eyantra_warehouse//models/boxes/box_26/model.config
[5.088s] -- Symlinking: /home/manab/colcon_ws/src/ur5_control/install/eyantra_warehouse/share/eyantra_warehouse//models/boxes/box_26/model.sdf
[5.104s] -- Symlinking: /home/manab/colcon_ws/src/ur5_control/install/eyantra_warehouse/share/eyantra_warehouse//models/boxes/box_27/meshes/aruco_tag.jpg
[5.120s] -- Symlinking: /home/manab/colcon_ws/src/ur5_control/install/eyantra_warehouse/share/eyantra_warehouse//models/boxes/box_27/meshes/box.dae
[5.137s] -- Symlinking: /home/manab/colcon_ws/src/ur5_control/install/eyantra_warehouse/share/eyantra_warehouse//models/boxes/box_27/meshes/box__bg.png
[5.156s] -- Symlinking: /home/manab/colcon_ws/src/ur5_control/install/eyantra_warehouse/share/eyantra_warehouse//models/boxes/box_27/meshes/cardboard_bg.png
[5.176s] -- Symlinking: /home/manab/colcon_ws/src/ur5_control/install/eyantra_warehouse/share/eyantra_warehouse//models/boxes/box_27/model.config
[5.197s] -- Symlinking: /home/manab/colcon_ws/src/ur5_control/install/eyantra_warehouse/share/eyantra_warehouse//models/boxes/box_27/model.sdf
[5.209s] -- Symlinking: /home/manab/colcon_ws/src/ur5_control/install/eyantra_warehouse/share/eyantra_warehouse//models/boxes/box_28/meshes/aruco_tag.jpg
[5.224s] -- Symlinking: /home/manab/colcon_ws/src/ur5_control/install/eyantra_warehouse/share/eyantra_warehouse//models/boxes/box_28/meshes/box.dae
[5.245s] -- Symlinking: /home/manab/colcon_ws/src/ur5_control/install/eyantra_warehouse/share/eyantra_warehouse//models/boxes/box_28/meshes/box__bg.png
[5.261s] -- Symlinking: /home/manab/colcon_ws/src/ur5_control/install/eyantra_warehouse/share/eyantra_warehouse//models/boxes/box_28/meshes/cardboard_bg.png
[5.277s] -- Symlinking: /home/manab/colcon_ws/src/ur5_control/install/eyantra_warehouse/share/eyantra_warehouse//models/boxes/box_28/model.config
[5.292s] -- Symlinking: /home/manab/colcon_ws/src/ur5_control/install/eyantra_warehouse/share/eyantra_warehouse//models/boxes/box_28/model.sdf
[5.313s] -- Symlinking: /home/manab/colcon_ws/src/ur5_control/install/eyantra_warehouse/share/eyantra_warehouse//models/boxes/box_29/meshes/aruco_tag.jpg
[5.333s] -- Symlinking: /home/manab/colcon_ws/src/ur5_control/install/eyantra_warehouse/share/eyantra_warehouse//models/boxes/box_29/meshes/box.dae
[5.349s] -- Symlinking: /home/manab/colcon_ws/src/ur5_control/install/eyantra_warehouse/share/eyantra_warehouse//models/boxes/box_29/meshes/box__bg.png
[5.369s] -- Symlinking: /home/manab/colcon_ws/src/ur5_control/install/eyantra_warehouse/share/eyantra_warehouse//models/boxes/box_29/meshes/cardboard_bg.png
[5.377s] -- Symlinking: /home/manab/colcon_ws/src/ur5_control/install/eyantra_warehouse/share/eyantra_warehouse//models/boxes/box_29/model.config
[5.389s] -- Symlinking: /home/manab/colcon_ws/src/ur5_control/install/eyantra_warehouse/share/eyantra_warehouse//models/boxes/box_29/model.sdf
[5.404s] -- Symlinking: /home/manab/colcon_ws/src/ur5_control/install/eyantra_warehouse/share/eyantra_warehouse//models/boxes/box_3/meshes/aruco_tag.jpg
[5.419s] -- Symlinking: /home/manab/colcon_ws/src/ur5_control/install/eyantra_warehouse/share/eyantra_warehouse//models/boxes/box_3/meshes/box.dae
[5.432s] -- Symlinking: /home/manab/colcon_ws/src/ur5_control/install/eyantra_warehouse/share/eyantra_warehouse//models/boxes/box_3/meshes/box__bg.png
[5.444s] -- Symlinking: /home/manab/colcon_ws/src/ur5_control/install/eyantra_warehouse/share/eyantra_warehouse//models/boxes/box_3/meshes/cardboard_bg.png
[5.459s] -- Symlinking: /home/manab/colcon_ws/src/ur5_control/install/eyantra_warehouse/share/eyantra_warehouse//models/boxes/box_3/model.config
[5.474s] -- Symlinking: /home/manab/colcon_ws/src/ur5_control/install/eyantra_warehouse/share/eyantra_warehouse//models/boxes/box_3/model.sdf
[5.491s] -- Symlinking: /home/manab/colcon_ws/src/ur5_control/install/eyantra_warehouse/share/eyantra_warehouse//models/boxes/box_30/meshes/aruco_tag.jpg
[5.508s] -- Symlinking: /home/manab/colcon_ws/src/ur5_control/install/eyantra_warehouse/share/eyantra_warehouse//models/boxes/box_30/meshes/box.dae
[5.524s] -- Symlinking: /home/manab/colcon_ws/src/ur5_control/install/eyantra_warehouse/share/eyantra_warehouse//models/boxes/box_30/meshes/box__bg.png
[5.541s] -- Symlinking: /home/manab/colcon_ws/src/ur5_control/install/eyantra_warehouse/share/eyantra_warehouse//models/boxes/box_30/meshes/cardboard_bg.png
[5.559s] -- Symlinking: /home/manab/colcon_ws/src/ur5_control/install/eyantra_warehouse/share/eyantra_warehouse//models/boxes/box_30/model.config
[5.576s] -- Symlinking: /home/manab/colcon_ws/src/ur5_control/install/eyantra_warehouse/share/eyantra_warehouse//models/boxes/box_30/model.sdf
[5.589s] -- Symlinking: /home/manab/colcon_ws/src/ur5_control/install/eyantra_warehouse/share/eyantra_warehouse//models/boxes/box_31/meshes/aruco_tag.jpg
[5.609s] -- Symlinking: /home/manab/colcon_ws/src/ur5_control/install/eyantra_warehouse/share/eyantra_warehouse//models/boxes/box_31/meshes/box.dae
[5.624s] -- Symlinking: /home/manab/colcon_ws/src/ur5_control/install/eyantra_warehouse/share/eyantra_warehouse//models/boxes/box_31/meshes/box__bg.png
[5.654s] -- Symlinking: /home/manab/colcon_ws/src/ur5_control/install/eyantra_warehouse/share/eyantra_warehouse//models/boxes/box_31/meshes/cardboard_bg.png
[5.658s] -- Symlinking: /home/manab/colcon_ws/src/ur5_control/install/eyantra_warehouse/share/eyantra_warehouse//models/boxes/box_31/model.config
[5.675s] -- Symlinking: /home/manab/colcon_ws/src/ur5_control/install/eyantra_warehouse/share/eyantra_warehouse//models/boxes/box_31/model.sdf
[5.695s] -- Symlinking: /home/manab/colcon_ws/src/ur5_control/install/eyantra_warehouse/share/eyantra_warehouse//models/boxes/box_32/meshes/aruco_tag.jpg
[5.707s] -- Symlinking: /home/manab/colcon_ws/src/ur5_control/install/eyantra_warehouse/share/eyantra_warehouse//models/boxes/box_32/meshes/box.dae
[5.722s] -- Symlinking: /home/manab/colcon_ws/src/ur5_control/install/eyantra_warehouse/share/eyantra_warehouse//models/boxes/box_32/meshes/box__bg.png
[5.733s] -- Symlinking: /home/manab/colcon_ws/src/ur5_control/install/eyantra_warehouse/share/eyantra_warehouse//models/boxes/box_32/meshes/cardboard_bg.png
[5.746s] -- Symlinking: /home/manab/colcon_ws/src/ur5_control/install/eyantra_warehouse/share/eyantra_warehouse//models/boxes/box_32/model.config
[5.765s] -- Symlinking: /home/manab/colcon_ws/src/ur5_control/install/eyantra_warehouse/share/eyantra_warehouse//models/boxes/box_32/model.sdf
[5.779s] -- Symlinking: /home/manab/colcon_ws/src/ur5_control/install/eyantra_warehouse/share/eyantra_warehouse//models/boxes/box_33/meshes/aruco_tag.jpg
[5.791s] -- Symlinking: /home/manab/colcon_ws/src/ur5_control/install/eyantra_warehouse/share/eyantra_warehouse//models/boxes/box_33/meshes/box.dae
[5.806s] -- Symlinking: /home/manab/colcon_ws/src/ur5_control/install/eyantra_warehouse/share/eyantra_warehouse//models/boxes/box_33/meshes/box__bg.png
[5.820s] -- Symlinking: /home/manab/colcon_ws/src/ur5_control/install/eyantra_warehouse/share/eyantra_warehouse//models/boxes/box_33/meshes/cardboard_bg.png
[5.836s] -- Symlinking: /home/manab/colcon_ws/src/ur5_control/install/eyantra_warehouse/share/eyantra_warehouse//models/boxes/box_33/model.config
[5.857s] -- Symlinking: /home/manab/colcon_ws/src/ur5_control/install/eyantra_warehouse/share/eyantra_warehouse//models/boxes/box_33/model.sdf
[5.873s] -- Symlinking: /home/manab/colcon_ws/src/ur5_control/install/eyantra_warehouse/share/eyantra_warehouse//models/boxes/box_34/meshes/aruco_tag.jpg
[5.887s] -- Symlinking: /home/manab/colcon_ws/src/ur5_control/install/eyantra_warehouse/share/eyantra_warehouse//models/boxes/box_34/meshes/box.dae
[5.901s] -- Symlinking: /home/manab/colcon_ws/src/ur5_control/install/eyantra_warehouse/share/eyantra_warehouse//models/boxes/box_34/meshes/box__bg.png
[5.912s] -- Symlinking: /home/manab/colcon_ws/src/ur5_control/install/eyantra_warehouse/share/eyantra_warehouse//models/boxes/box_34/meshes/cardboard_bg.png
[5.927s] -- Symlinking: /home/manab/colcon_ws/src/ur5_control/install/eyantra_warehouse/share/eyantra_warehouse//models/boxes/box_34/model.config
[5.942s] -- Symlinking: /home/manab/colcon_ws/src/ur5_control/install/eyantra_warehouse/share/eyantra_warehouse//models/boxes/box_34/model.sdf
[5.956s] -- Symlinking: /home/manab/colcon_ws/src/ur5_control/install/eyantra_warehouse/share/eyantra_warehouse//models/boxes/box_35/meshes/aruco_tag.jpg
[5.970s] -- Symlinking: /home/manab/colcon_ws/src/ur5_control/install/eyantra_warehouse/share/eyantra_warehouse//models/boxes/box_35/meshes/box.dae
[5.993s] -- Symlinking: /home/manab/colcon_ws/src/ur5_control/install/eyantra_warehouse/share/eyantra_warehouse//models/boxes/box_35/meshes/box__bg.png
[6.008s] -- Symlinking: /home/manab/colcon_ws/src/ur5_control/install/eyantra_warehouse/share/eyantra_warehouse//models/boxes/box_35/meshes/cardboard_bg.png
[6.025s] -- Symlinking: /home/manab/colcon_ws/src/ur5_control/install/eyantra_warehouse/share/eyantra_warehouse//models/boxes/box_35/model.config
[6.038s] -- Symlinking: /home/manab/colcon_ws/src/ur5_control/install/eyantra_warehouse/share/eyantra_warehouse//models/boxes/box_35/model.sdf
[6.050s] -- Symlinking: /home/manab/colcon_ws/src/ur5_control/install/eyantra_warehouse/share/eyantra_warehouse//models/boxes/box_36/meshes/aruco_tag.jpg
[6.070s] -- Symlinking: /home/manab/colcon_ws/src/ur5_control/install/eyantra_warehouse/share/eyantra_warehouse//models/boxes/box_36/meshes/box.dae
[6.085s] -- Symlinking: /home/manab/colcon_ws/src/ur5_control/install/eyantra_warehouse/share/eyantra_warehouse//models/boxes/box_36/meshes/box__bg.png
[6.101s] -- Symlinking: /home/manab/colcon_ws/src/ur5_control/install/eyantra_warehouse/share/eyantra_warehouse//models/boxes/box_36/meshes/cardboard_bg.png
[6.113s] -- Symlinking: /home/manab/colcon_ws/src/ur5_control/install/eyantra_warehouse/share/eyantra_warehouse//models/boxes/box_36/model.config
[6.123s] -- Symlinking: /home/manab/colcon_ws/src/ur5_control/install/eyantra_warehouse/share/eyantra_warehouse//models/boxes/box_36/model.sdf
[6.140s] -- Symlinking: /home/manab/colcon_ws/src/ur5_control/install/eyantra_warehouse/share/eyantra_warehouse//models/boxes/box_37/meshes/aruco_tag.jpg
[6.153s] -- Symlinking: /home/manab/colcon_ws/src/ur5_control/install/eyantra_warehouse/share/eyantra_warehouse//models/boxes/box_37/meshes/box.dae
[6.171s] -- Symlinking: /home/manab/colcon_ws/src/ur5_control/install/eyantra_warehouse/share/eyantra_warehouse//models/boxes/box_37/meshes/box__bg.png
[6.190s] -- Symlinking: /home/manab/colcon_ws/src/ur5_control/install/eyantra_warehouse/share/eyantra_warehouse//models/boxes/box_37/meshes/cardboard_bg.png
[6.203s] -- Symlinking: /home/manab/colcon_ws/src/ur5_control/install/eyantra_warehouse/share/eyantra_warehouse//models/boxes/box_37/model.config
[6.219s] -- Symlinking: /home/manab/colcon_ws/src/ur5_control/install/eyantra_warehouse/share/eyantra_warehouse//models/boxes/box_37/model.sdf
[6.234s] -- Symlinking: /home/manab/colcon_ws/src/ur5_control/install/eyantra_warehouse/share/eyantra_warehouse//models/boxes/box_38/meshes/aruco_tag.jpg
[6.250s] -- Symlinking: /home/manab/colcon_ws/src/ur5_control/install/eyantra_warehouse/share/eyantra_warehouse//models/boxes/box_38/meshes/box.dae
[6.269s] -- Symlinking: /home/manab/colcon_ws/src/ur5_control/install/eyantra_warehouse/share/eyantra_warehouse//models/boxes/box_38/meshes/box__bg.png
[6.283s] -- Symlinking: /home/manab/colcon_ws/src/ur5_control/install/eyantra_warehouse/share/eyantra_warehouse//models/boxes/box_38/meshes/cardboard_bg.png
[6.295s] -- Symlinking: /home/manab/colcon_ws/src/ur5_control/install/eyantra_warehouse/share/eyantra_warehouse//models/boxes/box_38/model.config
[6.316s] -- Symlinking: /home/manab/colcon_ws/src/ur5_control/install/eyantra_warehouse/share/eyantra_warehouse//models/boxes/box_38/model.sdf
[6.333s] -- Symlinking: /home/manab/colcon_ws/src/ur5_control/install/eyantra_warehouse/share/eyantra_warehouse//models/boxes/box_39/meshes/aruco_tag.jpg
[6.351s] -- Symlinking: /home/manab/colcon_ws/src/ur5_control/install/eyantra_warehouse/share/eyantra_warehouse//models/boxes/box_39/meshes/box.dae
[6.371s] -- Symlinking: /home/manab/colcon_ws/src/ur5_control/install/eyantra_warehouse/share/eyantra_warehouse//models/boxes/box_39/meshes/box__bg.png
[6.389s] -- Symlinking: /home/manab/colcon_ws/src/ur5_control/install/eyantra_warehouse/share/eyantra_warehouse//models/boxes/box_39/meshes/cardboard_bg.png
[6.407s] -- Symlinking: /home/manab/colcon_ws/src/ur5_control/install/eyantra_warehouse/share/eyantra_warehouse//models/boxes/box_39/model.config
[6.423s] -- Symlinking: /home/manab/colcon_ws/src/ur5_control/install/eyantra_warehouse/share/eyantra_warehouse//models/boxes/box_39/model.sdf
[6.454s] -- Symlinking: /home/manab/colcon_ws/src/ur5_control/install/eyantra_warehouse/share/eyantra_warehouse//models/boxes/box_4/meshes/aruco_tag.jpg
[6.474s] -- Symlinking: /home/manab/colcon_ws/src/ur5_control/install/eyantra_warehouse/share/eyantra_warehouse//models/boxes/box_4/meshes/box.dae
[6.486s] -- Symlinking: /home/manab/colcon_ws/src/ur5_control/install/eyantra_warehouse/share/eyantra_warehouse//models/boxes/box_4/meshes/box__bg.png
[6.502s] -- Symlinking: /home/manab/colcon_ws/src/ur5_control/install/eyantra_warehouse/share/eyantra_warehouse//models/boxes/box_4/meshes/cardboard_bg.png
[6.510s] -- Symlinking: /home/manab/colcon_ws/src/ur5_control/install/eyantra_warehouse/share/eyantra_warehouse//models/boxes/box_4/model.config
[6.522s] -- Symlinking: /home/manab/colcon_ws/src/ur5_control/install/eyantra_warehouse/share/eyantra_warehouse//models/boxes/box_4/model.sdf
[6.539s] -- Symlinking: /home/manab/colcon_ws/src/ur5_control/install/eyantra_warehouse/share/eyantra_warehouse//models/boxes/box_40/meshes/aruco_tag.jpg
[6.557s] -- Symlinking: /home/manab/colcon_ws/src/ur5_control/install/eyantra_warehouse/share/eyantra_warehouse//models/boxes/box_40/meshes/box.dae
[6.580s] -- Symlinking: /home/manab/colcon_ws/src/ur5_control/install/eyantra_warehouse/share/eyantra_warehouse//models/boxes/box_40/meshes/box__bg.png
[6.591s] -- Symlinking: /home/manab/colcon_ws/src/ur5_control/install/eyantra_warehouse/share/eyantra_warehouse//models/boxes/box_40/meshes/cardboard_bg.png
[6.606s] -- Symlinking: /home/manab/colcon_ws/src/ur5_control/install/eyantra_warehouse/share/eyantra_warehouse//models/boxes/box_40/model.config
[6.623s] -- Symlinking: /home/manab/colcon_ws/src/ur5_control/install/eyantra_warehouse/share/eyantra_warehouse//models/boxes/box_40/model.sdf
[6.639s] -- Symlinking: /home/manab/colcon_ws/src/ur5_control/install/eyantra_warehouse/share/eyantra_warehouse//models/boxes/box_41/meshes/aruco_tag.jpg
[6.669s] -- Symlinking: /home/manab/colcon_ws/src/ur5_control/install/eyantra_warehouse/share/eyantra_warehouse//models/boxes/box_41/meshes/box.dae
[6.674s] -- Symlinking: /home/manab/colcon_ws/src/ur5_control/install/eyantra_warehouse/share/eyantra_warehouse//models/boxes/box_41/meshes/box__bg.png
[6.690s] -- Symlinking: /home/manab/colcon_ws/src/ur5_control/install/eyantra_warehouse/share/eyantra_warehouse//models/boxes/box_41/meshes/cardboard_bg.png
[6.704s] -- Symlinking: /home/manab/colcon_ws/src/ur5_control/install/eyantra_warehouse/share/eyantra_warehouse//models/boxes/box_41/model.config
[6.719s] -- Symlinking: /home/manab/colcon_ws/src/ur5_control/install/eyantra_warehouse/share/eyantra_warehouse//models/boxes/box_41/model.sdf
[6.728s] -- Symlinking: /home/manab/colcon_ws/src/ur5_control/install/eyantra_warehouse/share/eyantra_warehouse//models/boxes/box_42/meshes/aruco_tag.jpg
[6.743s] -- Symlinking: /home/manab/colcon_ws/src/ur5_control/install/eyantra_warehouse/share/eyantra_warehouse//models/boxes/box_42/meshes/box.dae
[6.757s] -- Symlinking: /home/manab/colcon_ws/src/ur5_control/install/eyantra_warehouse/share/eyantra_warehouse//models/boxes/box_42/meshes/box__bg.png
[6.771s] -- Symlinking: /home/manab/colcon_ws/src/ur5_control/install/eyantra_warehouse/share/eyantra_warehouse//models/boxes/box_42/meshes/cardboard_bg.png
[6.784s] -- Symlinking: /home/manab/colcon_ws/src/ur5_control/install/eyantra_warehouse/share/eyantra_warehouse//models/boxes/box_42/model.config
[6.796s] -- Symlinking: /home/manab/colcon_ws/src/ur5_control/install/eyantra_warehouse/share/eyantra_warehouse//models/boxes/box_42/model.sdf
[6.812s] -- Symlinking: /home/manab/colcon_ws/src/ur5_control/install/eyantra_warehouse/share/eyantra_warehouse//models/boxes/box_43/meshes/aruco_tag.jpg
[6.849s] -- Symlinking: /home/manab/colcon_ws/src/ur5_control/install/eyantra_warehouse/share/eyantra_warehouse//models/boxes/box_43/meshes/box.dae
[6.871s] -- Symlinking: /home/manab/colcon_ws/src/ur5_control/install/eyantra_warehouse/share/eyantra_warehouse//models/boxes/box_43/meshes/box__bg.png
[6.885s] -- Symlinking: /home/manab/colcon_ws/src/ur5_control/install/eyantra_warehouse/share/eyantra_warehouse//models/boxes/box_43/meshes/cardboard_bg.png
[6.900s] -- Symlinking: /home/manab/colcon_ws/src/ur5_control/install/eyantra_warehouse/share/eyantra_warehouse//models/boxes/box_43/model.config
[6.915s] -- Symlinking: /home/manab/colcon_ws/src/ur5_control/install/eyantra_warehouse/share/eyantra_warehouse//models/boxes/box_43/model.sdf
[6.930s] -- Symlinking: /home/manab/colcon_ws/src/ur5_control/install/eyantra_warehouse/share/eyantra_warehouse//models/boxes/box_44/meshes/aruco_tag.jpg
[6.952s] -- Symlinking: /home/manab/colcon_ws/src/ur5_control/install/eyantra_warehouse/share/eyantra_warehouse//models/boxes/box_44/meshes/box.dae
[6.964s] -- Symlinking: /home/manab/colcon_ws/src/ur5_control/install/eyantra_warehouse/share/eyantra_warehouse//models/boxes/box_44/meshes/box__bg.png
[6.984s] -- Symlinking: /home/manab/colcon_ws/src/ur5_control/install/eyantra_warehouse/share/eyantra_warehouse//models/boxes/box_44/meshes/cardboard_bg.png
[6.999s] -- Symlinking: /home/manab/colcon_ws/src/ur5_control/install/eyantra_warehouse/share/eyantra_warehouse//models/boxes/box_44/model.config
[7.015s] -- Symlinking: /home/manab/colcon_ws/src/ur5_control/install/eyantra_warehouse/share/eyantra_warehouse//models/boxes/box_44/model.sdf
[7.040s] -- Symlinking: /home/manab/colcon_ws/src/ur5_control/install/eyantra_warehouse/share/eyantra_warehouse//models/boxes/box_45/meshes/aruco_tag.jpg
[7.054s] -- Symlinking: /home/manab/colcon_ws/src/ur5_control/install/eyantra_warehouse/share/eyantra_warehouse//models/boxes/box_45/meshes/box.dae
[7.073s] -- Symlinking: /home/manab/colcon_ws/src/ur5_control/install/eyantra_warehouse/share/eyantra_warehouse//models/boxes/box_45/meshes/box__bg.png
[7.098s] -- Symlinking: /home/manab/colcon_ws/src/ur5_control/install/eyantra_warehouse/share/eyantra_warehouse//models/boxes/box_45/meshes/cardboard_bg.png
[7.110s] -- Symlinking: /home/manab/colcon_ws/src/ur5_control/install/eyantra_warehouse/share/eyantra_warehouse//models/boxes/box_45/model.config
[7.126s] -- Symlinking: /home/manab/colcon_ws/src/ur5_control/install/eyantra_warehouse/share/eyantra_warehouse//models/boxes/box_45/model.sdf
[7.142s] -- Symlinking: /home/manab/colcon_ws/src/ur5_control/install/eyantra_warehouse/share/eyantra_warehouse//models/boxes/box_46/meshes/aruco_tag.jpg
[7.157s] -- Symlinking: /home/manab/colcon_ws/src/ur5_control/install/eyantra_warehouse/share/eyantra_warehouse//models/boxes/box_46/meshes/box.dae
[7.175s] -- Symlinking: /home/manab/colcon_ws/src/ur5_control/install/eyantra_warehouse/share/eyantra_warehouse//models/boxes/box_46/meshes/box__bg.png
[7.191s] -- Symlinking: /home/manab/colcon_ws/src/ur5_control/install/eyantra_warehouse/share/eyantra_warehouse//models/boxes/box_46/meshes/cardboard_bg.png
[7.205s] -- Symlinking: /home/manab/colcon_ws/src/ur5_control/install/eyantra_warehouse/share/eyantra_warehouse//models/boxes/box_46/model.config
[7.218s] -- Symlinking: /home/manab/colcon_ws/src/ur5_control/install/eyantra_warehouse/share/eyantra_warehouse//models/boxes/box_46/model.sdf
[7.233s] -- Symlinking: /home/manab/colcon_ws/src/ur5_control/install/eyantra_warehouse/share/eyantra_warehouse//models/boxes/box_47/meshes/aruco_tag.jpg
[7.243s] -- Symlinking: /home/manab/colcon_ws/src/ur5_control/install/eyantra_warehouse/share/eyantra_warehouse//models/boxes/box_47/meshes/box.dae
[7.257s] -- Symlinking: /home/manab/colcon_ws/src/ur5_control/install/eyantra_warehouse/share/eyantra_warehouse//models/boxes/box_47/meshes/box__bg.png
[7.281s] -- Symlinking: /home/manab/colcon_ws/src/ur5_control/install/eyantra_warehouse/share/eyantra_warehouse//models/boxes/box_47/meshes/cardboard_bg.png
[7.305s] -- Symlinking: /home/manab/colcon_ws/src/ur5_control/install/eyantra_warehouse/share/eyantra_warehouse//models/boxes/box_47/model.config
[7.320s] -- Symlinking: /home/manab/colcon_ws/src/ur5_control/install/eyantra_warehouse/share/eyantra_warehouse//models/boxes/box_47/model.sdf
[7.340s] -- Symlinking: /home/manab/colcon_ws/src/ur5_control/install/eyantra_warehouse/share/eyantra_warehouse//models/boxes/box_48/meshes/aruco_tag.jpg
[7.363s] -- Symlinking: /home/manab/colcon_ws/src/ur5_control/install/eyantra_warehouse/share/eyantra_warehouse//models/boxes/box_48/meshes/box.dae
[7.377s] -- Symlinking: /home/manab/colcon_ws/src/ur5_control/install/eyantra_warehouse/share/eyantra_warehouse//models/boxes/box_48/meshes/box__bg.png
[7.395s] -- Symlinking: /home/manab/colcon_ws/src/ur5_control/install/eyantra_warehouse/share/eyantra_warehouse//models/boxes/box_48/meshes/cardboard_bg.png
[7.414s] -- Symlinking: /home/manab/colcon_ws/src/ur5_control/install/eyantra_warehouse/share/eyantra_warehouse//models/boxes/box_48/model.config
[7.427s] -- Symlinking: /home/manab/colcon_ws/src/ur5_control/install/eyantra_warehouse/share/eyantra_warehouse//models/boxes/box_48/model.sdf
[7.441s] -- Symlinking: /home/manab/colcon_ws/src/ur5_control/install/eyantra_warehouse/share/eyantra_warehouse//models/boxes/box_49/meshes/aruco_tag.jpg
[7.457s] -- Symlinking: /home/manab/colcon_ws/src/ur5_control/install/eyantra_warehouse/share/eyantra_warehouse//models/boxes/box_49/meshes/box.dae
[7.472s] -- Symlinking: /home/manab/colcon_ws/src/ur5_control/install/eyantra_warehouse/share/eyantra_warehouse//models/boxes/box_49/meshes/box__bg.png
[7.486s] -- Symlinking: /home/manab/colcon_ws/src/ur5_control/install/eyantra_warehouse/share/eyantra_warehouse//models/boxes/box_49/meshes/cardboard_bg.png
[7.506s] -- Symlinking: /home/manab/colcon_ws/src/ur5_control/install/eyantra_warehouse/share/eyantra_warehouse//models/boxes/box_49/model.config
[7.517s] -- Symlinking: /home/manab/colcon_ws/src/ur5_control/install/eyantra_warehouse/share/eyantra_warehouse//models/boxes/box_49/model.sdf
[7.530s] -- Symlinking: /home/manab/colcon_ws/src/ur5_control/install/eyantra_warehouse/share/eyantra_warehouse//models/boxes/box_5/meshes/aruco_tag.jpg
[7.543s] -- Symlinking: /home/manab/colcon_ws/src/ur5_control/install/eyantra_warehouse/share/eyantra_warehouse//models/boxes/box_5/meshes/box.dae
[7.561s] -- Symlinking: /home/manab/colcon_ws/src/ur5_control/install/eyantra_warehouse/share/eyantra_warehouse//models/boxes/box_5/meshes/box__bg.png
[7.586s] -- Symlinking: /home/manab/colcon_ws/src/ur5_control/install/eyantra_warehouse/share/eyantra_warehouse//models/boxes/box_5/meshes/cardboard_bg.png
[7.602s] -- Symlinking: /home/manab/colcon_ws/src/ur5_control/install/eyantra_warehouse/share/eyantra_warehouse//models/boxes/box_5/model.config
[7.621s] -- Symlinking: /home/manab/colcon_ws/src/ur5_control/install/eyantra_warehouse/share/eyantra_warehouse//models/boxes/box_5/model.sdf
[7.634s] -- Symlinking: /home/manab/colcon_ws/src/ur5_control/install/eyantra_warehouse/share/eyantra_warehouse//models/boxes/box_50/meshes/aruco_tag.jpg
[7.652s] -- Symlinking: /home/manab/colcon_ws/src/ur5_control/install/eyantra_warehouse/share/eyantra_warehouse//models/boxes/box_50/meshes/box.dae
[7.665s] -- Symlinking: /home/manab/colcon_ws/src/ur5_control/install/eyantra_warehouse/share/eyantra_warehouse//models/boxes/box_50/meshes/box__bg.png
[7.687s] -- Symlinking: /home/manab/colcon_ws/src/ur5_control/install/eyantra_warehouse/share/eyantra_warehouse//models/boxes/box_50/meshes/cardboard_bg.png
[7.705s] -- Symlinking: /home/manab/colcon_ws/src/ur5_control/install/eyantra_warehouse/share/eyantra_warehouse//models/boxes/box_50/model.config
[7.720s] -- Symlinking: /home/manab/colcon_ws/src/ur5_control/install/eyantra_warehouse/share/eyantra_warehouse//models/boxes/box_50/model.sdf
[7.736s] -- Symlinking: /home/manab/colcon_ws/src/ur5_control/install/eyantra_warehouse/share/eyantra_warehouse//models/boxes/box_6/meshes/aruco_tag.jpg
[7.755s] -- Symlinking: /home/manab/colcon_ws/src/ur5_control/install/eyantra_warehouse/share/eyantra_warehouse//models/boxes/box_6/meshes/box.dae
[7.770s] -- Symlinking: /home/manab/colcon_ws/src/ur5_control/install/eyantra_warehouse/share/eyantra_warehouse//models/boxes/box_6/meshes/box__bg.png
[7.783s] -- Symlinking: /home/manab/colcon_ws/src/ur5_control/install/eyantra_warehouse/share/eyantra_warehouse//models/boxes/box_6/meshes/cardboard_bg.png
[7.796s] -- Symlinking: /home/manab/colcon_ws/src/ur5_control/install/eyantra_warehouse/share/eyantra_warehouse//models/boxes/box_6/model.config
[7.808s] -- Symlinking: /home/manab/colcon_ws/src/ur5_control/install/eyantra_warehouse/share/eyantra_warehouse//models/boxes/box_6/model.sdf
[7.821s] -- Symlinking: /home/manab/colcon_ws/src/ur5_control/install/eyantra_warehouse/share/eyantra_warehouse//models/boxes/box_7/meshes/aruco_tag.jpg
[7.844s] -- Symlinking: /home/manab/colcon_ws/src/ur5_control/install/eyantra_warehouse/share/eyantra_warehouse//models/boxes/box_7/meshes/box.dae
[7.866s] -- Symlinking: /home/manab/colcon_ws/src/ur5_control/install/eyantra_warehouse/share/eyantra_warehouse//models/boxes/box_7/meshes/box__bg.png
[7.898s] -- Symlinking: /home/manab/colcon_ws/src/ur5_control/install/eyantra_warehouse/share/eyantra_warehouse//models/boxes/box_7/meshes/cardboard_bg.png
[7.928s] -- Symlinking: /home/manab/colcon_ws/src/ur5_control/install/eyantra_warehouse/share/eyantra_warehouse//models/boxes/box_7/model.config
[7.952s] -- Symlinking: /home/manab/colcon_ws/src/ur5_control/install/eyantra_warehouse/share/eyantra_warehouse//models/boxes/box_7/model.sdf
[7.994s] -- Symlinking: /home/manab/colcon_ws/src/ur5_control/install/eyantra_warehouse/share/eyantra_warehouse//models/boxes/box_8/meshes/aruco_tag.jpg
[8.024s] -- Symlinking: /home/manab/colcon_ws/src/ur5_control/install/eyantra_warehouse/share/eyantra_warehouse//models/boxes/box_8/meshes/box.dae
[8.056s] -- Symlinking: /home/manab/colcon_ws/src/ur5_control/install/eyantra_warehouse/share/eyantra_warehouse//models/boxes/box_8/meshes/box__bg.png
[8.073s] -- Symlinking: /home/manab/colcon_ws/src/ur5_control/install/eyantra_warehouse/share/eyantra_warehouse//models/boxes/box_8/meshes/cardboard_bg.png
[8.090s] -- Symlinking: /home/manab/colcon_ws/src/ur5_control/install/eyantra_warehouse/share/eyantra_warehouse//models/boxes/box_8/model.config
[8.120s] -- Symlinking: /home/manab/colcon_ws/src/ur5_control/install/eyantra_warehouse/share/eyantra_warehouse//models/boxes/box_8/model.sdf
[8.143s] -- Symlinking: /home/manab/colcon_ws/src/ur5_control/install/eyantra_warehouse/share/eyantra_warehouse//models/boxes/box_9/meshes/aruco_tag.jpg
[8.164s] -- Symlinking: /home/manab/colcon_ws/src/ur5_control/install/eyantra_warehouse/share/eyantra_warehouse//models/boxes/box_9/meshes/box.dae
[8.228s] -- Symlinking: /home/manab/colcon_ws/src/ur5_control/install/eyantra_warehouse/share/eyantra_warehouse//models/boxes/box_9/meshes/box__bg.png
[8.267s] -- Symlinking: /home/manab/colcon_ws/src/ur5_control/install/eyantra_warehouse/share/eyantra_warehouse//models/boxes/box_9/meshes/cardboard_bg.png
[8.301s] -- Symlinking: /home/manab/colcon_ws/src/ur5_control/install/eyantra_warehouse/share/eyantra_warehouse//models/boxes/box_9/model.config
[8.338s] -- Symlinking: /home/manab/colcon_ws/src/ur5_control/install/eyantra_warehouse/share/eyantra_warehouse//models/boxes/box_9/model.sdf
[8.386s] -- Symlinking: /home/manab/colcon_ws/src/ur5_control/install/eyantra_warehouse/share/eyantra_warehouse//models/conveyor_belt/meshes/conveyor_belt.dae
[8.414s] -- Symlinking: /home/manab/colcon_ws/src/ur5_control/install/eyantra_warehouse/share/eyantra_warehouse//models/conveyor_belt/meshes/conveyor_belt.stl
[8.444s] -- Symlinking: /home/manab/colcon_ws/src/ur5_control/install/eyantra_warehouse/share/eyantra_warehouse//models/conveyor_belt/model.config
[8.479s] -- Symlinking: /home/manab/colcon_ws/src/ur5_control/install/eyantra_warehouse/share/eyantra_warehouse//models/conveyor_belt/model.sdf
[8.490s] -- Symlinking: /home/manab/colcon_ws/src/ur5_control/install/eyantra_warehouse/share/eyantra_warehouse//models/drop_table/meshes/eyantra_logo~red_280x55.png
[8.522s] -- Symlinking: /home/manab/colcon_ws/src/ur5_control/install/eyantra_warehouse/share/eyantra_warehouse//models/drop_table/meshes/eyantra_logo~red_280x55.png.001.png
[8.562s] -- Symlinking: /home/manab/colcon_ws/src/ur5_control/install/eyantra_warehouse/share/eyantra_warehouse//models/drop_table/meshes/table.dae
[8.586s] -- Symlinking: /home/manab/colcon_ws/src/ur5_control/install/eyantra_warehouse/share/eyantra_warehouse//models/drop_table/model.config
[8.606s] -- Symlinking: /home/manab/colcon_ws/src/ur5_control/install/eyantra_warehouse/share/eyantra_warehouse//models/drop_table/model.sdf
[8.622s] -- Symlinking: /home/manab/colcon_ws/src/ur5_control/install/eyantra_warehouse/share/eyantra_warehouse//models/ground_plane/model.config
[8.643s] -- Symlinking: /home/manab/colcon_ws/src/ur5_control/install/eyantra_warehouse/share/eyantra_warehouse//models/ground_plane/model.sdf
[8.655s] -- Symlinking: /home/manab/colcon_ws/src/ur5_control/install/eyantra_warehouse/share/eyantra_warehouse//models/package_box/meshes/4x4_1000-0.png
[8.696s] -- Symlinking: /home/manab/colcon_ws/src/ur5_control/install/eyantra_warehouse/share/eyantra_warehouse//models/package_box/meshes/aws_robomaker_warehouse_ClutteringC_02.png
[8.740s] -- Symlinking: /home/manab/colcon_ws/src/ur5_control/install/eyantra_warehouse/share/eyantra_warehouse//models/package_box/meshes/package_box.dae
[8.819s] -- Symlinking: /home/manab/colcon_ws/src/ur5_control/install/eyantra_warehouse/share/eyantra_warehouse//models/package_box/model.config
[8.870s] -- Symlinking: /home/manab/colcon_ws/src/ur5_control/install/eyantra_warehouse/share/eyantra_warehouse//models/package_box/model.sdf
[8.911s] -- Symlinking: /home/manab/colcon_ws/src/ur5_control/install/eyantra_warehouse/share/eyantra_warehouse//models/rack/meshes/brushedsteel4.jpg
[8.955s] -- Symlinking: /home/manab/colcon_ws/src/ur5_control/install/eyantra_warehouse/share/eyantra_warehouse//models/rack/meshes/brushedsteel_bg.jpg
[8.987s] -- Symlinking: /home/manab/colcon_ws/src/ur5_control/install/eyantra_warehouse/share/eyantra_warehouse//models/rack/meshes/rack.dae
[9.031s] -- Symlinking: /home/manab/colcon_ws/src/ur5_control/install/eyantra_warehouse/share/eyantra_warehouse//models/rack/meshes/rack.stl
[9.070s] -- Symlinking: /home/manab/colcon_ws/src/ur5_control/install/eyantra_warehouse/share/eyantra_warehouse//models/rack/model.config
[9.121s] -- Symlinking: /home/manab/colcon_ws/src/ur5_control/install/eyantra_warehouse/share/eyantra_warehouse//models/rack/model.sdf
[9.165s] -- Symlinking: /home/manab/colcon_ws/src/ur5_control/install/eyantra_warehouse/share/eyantra_warehouse//models/warehouse_boundary/meshes/warehouse_boundary.dae
[9.192s] -- Symlinking: /home/manab/colcon_ws/src/ur5_control/install/eyantra_warehouse/share/eyantra_warehouse//models/warehouse_boundary/meshes/warehouse_boundary_glass_cover.dae
[9.228s] -- Symlinking: /home/manab/colcon_ws/src/ur5_control/install/eyantra_warehouse/share/eyantra_warehouse//models/warehouse_boundary/meshes/warehouse_floor.jpg
[9.274s] -- Symlinking: /home/manab/colcon_ws/src/ur5_control/install/eyantra_warehouse/share/eyantra_warehouse//models/warehouse_boundary/model.config
[9.314s] -- Symlinking: /home/manab/colcon_ws/src/ur5_control/install/eyantra_warehouse/share/eyantra_warehouse//models/warehouse_boundary/model.sdf
[9.347s] -- Symlinking: /home/manab/colcon_ws/src/ur5_control/install/eyantra_warehouse/share/eyantra_warehouse//models/window/model.config
[9.389s] -- Symlinking: /home/manab/colcon_ws/src/ur5_control/install/eyantra_warehouse/share/eyantra_warehouse//models/window/model.sdf
[9.422s] -- Symlinking: /home/manab/colcon_ws/src/ur5_control/install/eyantra_warehouse/share/eyantra_warehouse//config/SkyX_Moon.fragment
[9.453s] -- Symlinking: /home/manab/colcon_ws/src/ur5_control/install/eyantra_warehouse/share/eyantra_warehouse//config/SkyX_Moon.png
[9.512s] -- Symlinking: /home/manab/colcon_ws/src/ur5_control/install/eyantra_warehouse/share/eyantra_warehouse//config/package_link.json
[9.537s] -- Symlinking: /home/manab/colcon_ws/src/ur5_control/install/eyantra_warehouse/share/ament_index/resource_index/package_run_dependencies/eyantra_warehouse
[9.555s] -- Symlinking: /home/manab/colcon_ws/src/ur5_control/install/eyantra_warehouse/share/ament_index/resource_index/parent_prefix_path/eyantra_warehouse
[9.573s] -- Symlinking: /home/manab/colcon_ws/src/ur5_control/install/eyantra_warehouse/share/eyantra_warehouse/environment/ament_prefix_path.sh
[9.652s] -- Symlinking: /home/manab/colcon_ws/src/ur5_control/install/eyantra_warehouse/share/eyantra_warehouse/environment/ament_prefix_path.dsv
[9.686s] -- Symlinking: /home/manab/colcon_ws/src/ur5_control/install/eyantra_warehouse/share/eyantra_warehouse/environment/path.sh
[9.743s] -- Symlinking: /home/manab/colcon_ws/src/ur5_control/install/eyantra_warehouse/share/eyantra_warehouse/environment/path.dsv
[9.813s] -- Symlinking: /home/manab/colcon_ws/src/ur5_control/install/eyantra_warehouse/share/eyantra_warehouse/local_setup.bash
[9.871s] -- Symlinking: /home/manab/colcon_ws/src/ur5_control/install/eyantra_warehouse/share/eyantra_warehouse/local_setup.sh
[9.942s] -- Symlinking: /home/manab/colcon_ws/src/ur5_control/install/eyantra_warehouse/share/eyantra_warehouse/local_setup.zsh
[10.009s] -- Symlinking: /home/manab/colcon_ws/src/ur5_control/install/eyantra_warehouse/share/eyantra_warehouse/local_setup.dsv
[10.072s] -- Symlinking: /home/manab/colcon_ws/src/ur5_control/install/eyantra_warehouse/share/eyantra_warehouse/package.dsv
[10.145s] -- Symlinking: /home/manab/colcon_ws/src/ur5_control/install/eyantra_warehouse/share/ament_index/resource_index/packages/eyantra_warehouse
[10.216s] -- Symlinking: /home/manab/colcon_ws/src/ur5_control/install/eyantra_warehouse/share/eyantra_warehouse/cmake/eyantra_warehouseConfig.cmake
[10.271s] -- Symlinking: /home/manab/colcon_ws/src/ur5_control/install/eyantra_warehouse/share/eyantra_warehouse/cmake/eyantra_warehouseConfig-version.cmake
[10.333s] -- Symlinking: /home/manab/colcon_ws/src/ur5_control/install/eyantra_warehouse/share/eyantra_warehouse/package.xml
[10.389s] Invoked command in '/home/manab/colcon_ws/src/ur5_control/build/eyantra_warehouse' returned '0': CMAKE_PREFIX_PATH=${CMAKE_PREFIX_PATH}:/home/manab/colcon_ws/install/ur5_control:/home/manab/ws_moveit/install/moveit_configs_utils:/home/manab/ros2_ws/install/launch_testing_examples:/home/manab/ros2_ws/install/examples_rclpy_pointcloud_publisher:/home/manab/ros2_ws/install/examples_rclpy_minimal_subscriber:/home/manab/ros2_ws/install/examples_rclpy_minimal_service:/home/manab/ros2_ws/install/examples_rclpy_minimal_publisher:/home/manab/ros2_ws/install/examples_rclpy_minimal_client:/home/manab/ros2_ws/install/examples_rclpy_minimal_action_server:/home/manab/ros2_ws/install/examples_rclpy_minimal_action_client:/home/manab/ros2_ws/install/examples_rclpy_guard_conditions:/home/manab/ros2_ws/install/examples_rclpy_executors:/opt/ros/humble /usr/bin/cmake --install /home/manab/colcon_ws/src/ur5_control/build/eyantra_warehouse
