[0.022s] Invoking command in '/home/manab/colcon_ws/build/realsense_gazebo_plugin': CMAKE_PREFIX_PATH=${CMAKE_PREFIX_PATH}:/home/manab/colcon_ws/install/ur5_control:/home/manab/colcon_ws/install/linkattacher_msgs:/home/manab/ws_moveit/install/moveit_configs_utils:/home/manab/ros2_ws/install/launch_testing_examples:/home/manab/ros2_ws/install/examples_rclpy_pointcloud_publisher:/home/manab/ros2_ws/install/examples_rclpy_minimal_subscriber:/home/manab/ros2_ws/install/examples_rclpy_minimal_service:/home/manab/ros2_ws/install/examples_rclpy_minimal_publisher:/home/manab/ros2_ws/install/examples_rclpy_minimal_client:/home/manab/ros2_ws/install/examples_rclpy_minimal_action_server:/home/manab/ros2_ws/install/examples_rclpy_minimal_action_client:/home/manab/ros2_ws/install/examples_rclpy_guard_conditions:/home/manab/ros2_ws/install/examples_rclpy_executors:/opt/ros/humble /usr/bin/cmake --build /home/manab/colcon_ws/build/realsense_gazebo_plugin -- -j4 -l4
[0.109s] -- Found ament_cmake: 1.3.10 (/opt/ros/humble/share/ament_cmake/cmake)
[0.306s] -- Found rclcpp: 16.0.10 (/opt/ros/humble/share/rclcpp/cmake)
[0.339s] -- Found rosidl_generator_c: 3.1.5 (/opt/ros/humble/share/rosidl_generator_c/cmake)
[0.344s] -- Found rosidl_adapter: 3.1.5 (/opt/ros/humble/share/rosidl_adapter/cmake)
[0.352s] -- Found rosidl_generator_cpp: 3.1.5 (/opt/ros/humble/share/rosidl_generator_cpp/cmake)
[0.367s] -- Using all available rosidl_typesupport_c: rosidl_typesupport_fastrtps_c;rosidl_typesupport_introspection_c
[0.383s] -- Using all available rosidl_typesupport_cpp: rosidl_typesupport_fastrtps_cpp;rosidl_typesupport_introspection_cpp
[0.424s] -- Found rmw_implementation_cmake: 6.1.2 (/opt/ros/humble/share/rmw_implementation_cmake/cmake)
[0.429s] -- Found rmw_fastrtps_cpp: 6.2.7 (/opt/ros/humble/share/rmw_fastrtps_cpp/cmake)
[0.571s] -- Using RMW implementation 'rmw_fastrtps_cpp' as default
[0.628s] -- Found gazebo_ros: 3.7.0 (/opt/ros/humble/share/gazebo_ros/cmake)
[0.668s] -- Found DART: /usr/include (Required is at least version "6.6") found components: dart 
[0.698s] -- Found Protobuf: /usr/lib/x86_64-linux-gnu/libprotobuf.so (found version "3.12.4") 
[0.701s] -- Looking for ignition-math6 -- found version 6.15.1
[0.706s] -- Searching for dependencies of ignition-math6
[0.709s] -- Looking for OGRE...
[0.721s] -- Found Ogre Ghadamon (1.9.0)
[0.721s] -- Found OGRE: optimized;/usr/lib/x86_64-linux-gnu/libOgreMain.so;debug;/usr/lib/x86_64-linux-gnu/libOgreMain.so
[0.727s] -- Looking for OGRE_Paging...
[0.727s] -- Found OGRE_Paging: optimized;/usr/lib/x86_64-linux-gnu/libOgrePaging.so;debug;/usr/lib/x86_64-linux-gnu/libOgrePaging.so
[0.727s] -- Looking for OGRE_Terrain...
[0.728s] -- Found OGRE_Terrain: optimized;/usr/lib/x86_64-linux-gnu/libOgreTerrain.so;debug;/usr/lib/x86_64-linux-gnu/libOgreTerrain.so
[0.728s] -- Looking for OGRE_Property...
[0.728s] -- Found OGRE_Property: optimized;/usr/lib/x86_64-linux-gnu/libOgreProperty.so;debug;/usr/lib/x86_64-linux-gnu/libOgreProperty.so
[0.728s] -- Looking for OGRE_RTShaderSystem...
[0.728s] -- Found OGRE_RTShaderSystem: optimized;/usr/lib/x86_64-linux-gnu/libOgreRTShaderSystem.so;debug;/usr/lib/x86_64-linux-gnu/libOgreRTShaderSystem.so
[0.728s] -- Looking for OGRE_Volume...
[0.728s] -- Found OGRE_Volume: optimized;/usr/lib/x86_64-linux-gnu/libOgreVolume.so;debug;/usr/lib/x86_64-linux-gnu/libOgreVolume.so
[0.728s] -- Looking for OGRE_Overlay...
[0.728s] -- Found OGRE_Overlay: optimized;/usr/lib/x86_64-linux-gnu/libOgreOverlay.so;debug;/usr/lib/x86_64-linux-gnu/libOgreOverlay.so
[1.047s] -- Looking for ignition-math6 -- found version 6.15.1
[1.048s] -- Looking for ignition-transport8 -- found version 8.2.1
[1.048s] -- Searching for dependencies of ignition-transport8
[1.066s] -- Found Protobuf: /usr/lib/x86_64-linux-gnu/libprotobuf.so (found suitable version "3.12.4", minimum required is "3") 
[1.076s] -- Config-file not installed for ZeroMQ -- checking for pkg-config
[1.080s] -- Checking for module 'libzmq >= 4'
[1.093s] --   Found libzmq , version 4.3.4
[1.120s] -- Checking for module 'uuid'
[1.131s] --   Found uuid, version 2.37.2
[1.159s] -- Looking for ignition-msgs5 -- found version 5.8.1
[1.160s] -- Searching for dependencies of ignition-msgs5
[1.176s] -- Looking for ignition-math6 -- found version 6.15.1
[1.180s] -- Checking for module 'tinyxml2'
[1.191s] --   Found tinyxml2, version 9.0.0
[1.216s] -- Looking for ignition-msgs5 -- found version 5.8.1
[1.216s] -- Looking for ignition-common3 -- found version 3.14.0
[1.217s] -- Searching for dependencies of ignition-common3
[1.217s] -- Looking for dlfcn.h - found
[1.217s] -- Looking for libdl - found
[1.227s] -- Searching for <ignition-common3> component [graphics]
[1.227s] -- Looking for ignition-common3-graphics -- found version 3.14.0
[1.228s] -- Searching for dependencies of ignition-common3-graphics
[1.228s] -- Looking for ignition-math6 -- found version 6.15.1
[1.229s] -- Looking for ignition-fuel_tools4 -- found version 4.4.0
[1.229s] -- Searching for dependencies of ignition-fuel_tools4
[1.266s] -- Checking for module 'jsoncpp'
[1.278s] --   Found jsoncpp, version 1.9.5
[1.311s] -- Checking for module 'libzip'
[1.325s] --   Found libzip, version 1.7.3
[1.354s] -- Looking for ignition-common3 -- found version 3.14.0
[1.355s] -- Looking for ignition-math6 -- found version 6.15.1
[1.355s] -- Looking for ignition-msgs5 -- found version 5.8.1
[1.357s] -- Gazebo version: 11.10
[1.358s] -- Found image_transport: 3.1.9 (/opt/ros/humble/share/image_transport/cmake)
[1.408s] -- Found camera_info_manager: 3.1.9 (/opt/ros/humble/share/camera_info_manager/cmake)
[1.428s] -- Found ament_lint_auto: 0.12.11 (/opt/ros/humble/share/ament_lint_auto/cmake)
[1.487s] -- Configuring done
[1.505s] -- Generating done
[1.506s] -- Build files have been written to: /home/manab/colcon_ws/build/realsense_gazebo_plugin
[1.534s] [35m[1mConsolidate compiler generated dependencies of target realsense_gazebo_plugin[0m
[1.614s] [100%] Built target realsense_gazebo_plugin
[1.623s] Invoked command in '/home/manab/colcon_ws/build/realsense_gazebo_plugin' returned '0': CMAKE_PREFIX_PATH=${CMAKE_PREFIX_PATH}:/home/manab/colcon_ws/install/ur5_control:/home/manab/colcon_ws/install/linkattacher_msgs:/home/manab/ws_moveit/install/moveit_configs_utils:/home/manab/ros2_ws/install/launch_testing_examples:/home/manab/ros2_ws/install/examples_rclpy_pointcloud_publisher:/home/manab/ros2_ws/install/examples_rclpy_minimal_subscriber:/home/manab/ros2_ws/install/examples_rclpy_minimal_service:/home/manab/ros2_ws/install/examples_rclpy_minimal_publisher:/home/manab/ros2_ws/install/examples_rclpy_minimal_client:/home/manab/ros2_ws/install/examples_rclpy_minimal_action_server:/home/manab/ros2_ws/install/examples_rclpy_minimal_action_client:/home/manab/ros2_ws/install/examples_rclpy_guard_conditions:/home/manab/ros2_ws/install/examples_rclpy_executors:/opt/ros/humble /usr/bin/cmake --build /home/manab/colcon_ws/build/realsense_gazebo_plugin -- -j4 -l4
[1.647s] Invoking command in '/home/manab/colcon_ws/build/realsense_gazebo_plugin': CMAKE_PREFIX_PATH=${CMAKE_PREFIX_PATH}:/home/manab/colcon_ws/install/ur5_control:/home/manab/colcon_ws/install/linkattacher_msgs:/home/manab/ws_moveit/install/moveit_configs_utils:/home/manab/ros2_ws/install/launch_testing_examples:/home/manab/ros2_ws/install/examples_rclpy_pointcloud_publisher:/home/manab/ros2_ws/install/examples_rclpy_minimal_subscriber:/home/manab/ros2_ws/install/examples_rclpy_minimal_service:/home/manab/ros2_ws/install/examples_rclpy_minimal_publisher:/home/manab/ros2_ws/install/examples_rclpy_minimal_client:/home/manab/ros2_ws/install/examples_rclpy_minimal_action_server:/home/manab/ros2_ws/install/examples_rclpy_minimal_action_client:/home/manab/ros2_ws/install/examples_rclpy_guard_conditions:/home/manab/ros2_ws/install/examples_rclpy_executors:/opt/ros/humble /usr/bin/cmake --install /home/manab/colcon_ws/build/realsense_gazebo_plugin
[1.653s] -- Install configuration: ""
[1.654s] -- Up-to-date: /home/manab/colcon_ws/install/realsense_gazebo_plugin/lib/librealsense_gazebo_plugin.so
[1.654s] -- Up-to-date: /home/manab/colcon_ws/install/realsense_gazebo_plugin/include/
[1.654s] -- Up-to-date: /home/manab/colcon_ws/install/realsense_gazebo_plugin/include//realsense_gazebo_plugin
[1.654s] -- Up-to-date: /home/manab/colcon_ws/install/realsense_gazebo_plugin/include//realsense_gazebo_plugin/gazebo_ros_realsense.h
[1.654s] -- Up-to-date: /home/manab/colcon_ws/install/realsense_gazebo_plugin/include//realsense_gazebo_plugin/RealSensePlugin.h
[1.654s] -- Up-to-date: /home/manab/colcon_ws/install/realsense_gazebo_plugin/share/realsense_gazebo_plugin/environment/library_path.sh
[1.654s] -- Installing: /home/manab/colcon_ws/install/realsense_gazebo_plugin/share/realsense_gazebo_plugin/environment/library_path.dsv
[1.654s] -- Up-to-date: /home/manab/colcon_ws/install/realsense_gazebo_plugin/share/ament_index/resource_index/package_run_dependencies/realsense_gazebo_plugin
[1.654s] -- Installing: /home/manab/colcon_ws/install/realsense_gazebo_plugin/share/ament_index/resource_index/parent_prefix_path/realsense_gazebo_plugin
[1.654s] -- Up-to-date: /home/manab/colcon_ws/install/realsense_gazebo_plugin/share/realsense_gazebo_plugin/environment/ament_prefix_path.sh
[1.654s] -- Installing: /home/manab/colcon_ws/install/realsense_gazebo_plugin/share/realsense_gazebo_plugin/environment/ament_prefix_path.dsv
[1.655s] -- Up-to-date: /home/manab/colcon_ws/install/realsense_gazebo_plugin/share/realsense_gazebo_plugin/environment/path.sh
[1.655s] -- Installing: /home/manab/colcon_ws/install/realsense_gazebo_plugin/share/realsense_gazebo_plugin/environment/path.dsv
[1.655s] -- Up-to-date: /home/manab/colcon_ws/install/realsense_gazebo_plugin/share/realsense_gazebo_plugin/local_setup.bash
[1.655s] -- Up-to-date: /home/manab/colcon_ws/install/realsense_gazebo_plugin/share/realsense_gazebo_plugin/local_setup.sh
[1.655s] -- Up-to-date: /home/manab/colcon_ws/install/realsense_gazebo_plugin/share/realsense_gazebo_plugin/local_setup.zsh
[1.655s] -- Installing: /home/manab/colcon_ws/install/realsense_gazebo_plugin/share/realsense_gazebo_plugin/local_setup.dsv
[1.655s] -- Installing: /home/manab/colcon_ws/install/realsense_gazebo_plugin/share/realsense_gazebo_plugin/package.dsv
[1.655s] -- Up-to-date: /home/manab/colcon_ws/install/realsense_gazebo_plugin/share/ament_index/resource_index/packages/realsense_gazebo_plugin
[1.655s] -- Up-to-date: /home/manab/colcon_ws/install/realsense_gazebo_plugin/share/realsense_gazebo_plugin/cmake/ament_cmake_export_include_directories-extras.cmake
[1.655s] -- Up-to-date: /home/manab/colcon_ws/install/realsense_gazebo_plugin/share/realsense_gazebo_plugin/cmake/ament_cmake_export_libraries-extras.cmake
[1.655s] -- Up-to-date: /home/manab/colcon_ws/install/realsense_gazebo_plugin/share/realsense_gazebo_plugin/cmake/realsense_gazebo_pluginConfig.cmake
[1.655s] -- Up-to-date: /home/manab/colcon_ws/install/realsense_gazebo_plugin/share/realsense_gazebo_plugin/cmake/realsense_gazebo_pluginConfig-version.cmake
[1.655s] -- Up-to-date: /home/manab/colcon_ws/install/realsense_gazebo_plugin/share/realsense_gazebo_plugin/package.xml
[1.657s] Invoked command in '/home/manab/colcon_ws/build/realsense_gazebo_plugin' returned '0': CMAKE_PREFIX_PATH=${CMAKE_PREFIX_PATH}:/home/manab/colcon_ws/install/ur5_control:/home/manab/colcon_ws/install/linkattacher_msgs:/home/manab/ws_moveit/install/moveit_configs_utils:/home/manab/ros2_ws/install/launch_testing_examples:/home/manab/ros2_ws/install/examples_rclpy_pointcloud_publisher:/home/manab/ros2_ws/install/examples_rclpy_minimal_subscriber:/home/manab/ros2_ws/install/examples_rclpy_minimal_service:/home/manab/ros2_ws/install/examples_rclpy_minimal_publisher:/home/manab/ros2_ws/install/examples_rclpy_minimal_client:/home/manab/ros2_ws/install/examples_rclpy_minimal_action_server:/home/manab/ros2_ws/install/examples_rclpy_minimal_action_client:/home/manab/ros2_ws/install/examples_rclpy_guard_conditions:/home/manab/ros2_ws/install/examples_rclpy_executors:/opt/ros/humble /usr/bin/cmake --install /home/manab/colcon_ws/build/realsense_gazebo_plugin
