[0.100s] Invoking command in '/home/manab/colcon_ws/build/ebot_nav2': CMAKE_PREFIX_PATH=${CMAKE_PREFIX_PATH}:/home/manab/colcon_ws/install/ur5_control:/home/manab/ws_moveit/install/moveit_configs_utils:/home/manab/ros2_ws/install/launch_testing_examples:/home/manab/ros2_ws/install/examples_rclpy_pointcloud_publisher:/home/manab/ros2_ws/install/examples_rclpy_minimal_subscriber:/home/manab/ros2_ws/install/examples_rclpy_minimal_service:/home/manab/ros2_ws/install/examples_rclpy_minimal_publisher:/home/manab/ros2_ws/install/examples_rclpy_minimal_client:/home/manab/ros2_ws/install/examples_rclpy_minimal_action_server:/home/manab/ros2_ws/install/examples_rclpy_minimal_action_client:/home/manab/ros2_ws/install/examples_rclpy_guard_conditions:/home/manab/ros2_ws/install/examples_rclpy_executors:/opt/ros/humble /usr/bin/cmake --build /home/manab/colcon_ws/build/ebot_nav2 -- -j4 -l4
[0.343s] Built target ament_cmake_python_copy_ebot_nav2
[1.999s] running egg_info
[2.134s] writing ebot_nav2.egg-info/PKG-INFO
[2.141s] writing dependency_links to ebot_nav2.egg-info/dependency_links.txt
[2.147s] writing top-level names to ebot_nav2.egg-info/top_level.txt
[2.520s] reading manifest file 'ebot_nav2.egg-info/SOURCES.txt'
[2.542s] writing manifest file 'ebot_nav2.egg-info/SOURCES.txt'
[2.786s] Built target ament_cmake_python_build_ebot_nav2_egg
[2.903s] Invoked command in '/home/manab/colcon_ws/build/ebot_nav2' returned '0': CMAKE_PREFIX_PATH=${CMAKE_PREFIX_PATH}:/home/manab/colcon_ws/install/ur5_control:/home/manab/ws_moveit/install/moveit_configs_utils:/home/manab/ros2_ws/install/launch_testing_examples:/home/manab/ros2_ws/install/examples_rclpy_pointcloud_publisher:/home/manab/ros2_ws/install/examples_rclpy_minimal_subscriber:/home/manab/ros2_ws/install/examples_rclpy_minimal_service:/home/manab/ros2_ws/install/examples_rclpy_minimal_publisher:/home/manab/ros2_ws/install/examples_rclpy_minimal_client:/home/manab/ros2_ws/install/examples_rclpy_minimal_action_server:/home/manab/ros2_ws/install/examples_rclpy_minimal_action_client:/home/manab/ros2_ws/install/examples_rclpy_guard_conditions:/home/manab/ros2_ws/install/examples_rclpy_executors:/opt/ros/humble /usr/bin/cmake --build /home/manab/colcon_ws/build/ebot_nav2 -- -j4 -l4
[3.108s] Invoking command in '/home/manab/colcon_ws/build/ebot_nav2': CMAKE_PREFIX_PATH=${CMAKE_PREFIX_PATH}:/home/manab/colcon_ws/install/ur5_control:/home/manab/ws_moveit/install/moveit_configs_utils:/home/manab/ros2_ws/install/launch_testing_examples:/home/manab/ros2_ws/install/examples_rclpy_pointcloud_publisher:/home/manab/ros2_ws/install/examples_rclpy_minimal_subscriber:/home/manab/ros2_ws/install/examples_rclpy_minimal_service:/home/manab/ros2_ws/install/examples_rclpy_minimal_publisher:/home/manab/ros2_ws/install/examples_rclpy_minimal_client:/home/manab/ros2_ws/install/examples_rclpy_minimal_action_server:/home/manab/ros2_ws/install/examples_rclpy_minimal_action_client:/home/manab/ros2_ws/install/examples_rclpy_guard_conditions:/home/manab/ros2_ws/install/examples_rclpy_executors:/opt/ros/humble /usr/bin/cmake --install /home/manab/colcon_ws/build/ebot_nav2
[3.168s] -- Install configuration: ""
[3.178s] -- Up-to-date: /home/manab/colcon_ws/install/ebot_nav2/share/ebot_nav2//launch
[3.181s] -- Up-to-date: /home/manab/colcon_ws/install/ebot_nav2/share/ebot_nav2//launch/ebot_bringup_launch.py
[3.181s] -- Up-to-date: /home/manab/colcon_ws/install/ebot_nav2/share/ebot_nav2//config
[3.181s] -- Up-to-date: /home/manab/colcon_ws/install/ebot_nav2/share/ebot_nav2//config/ekf.yaml
[3.181s] -- Up-to-date: /home/manab/colcon_ws/install/ebot_nav2/share/ebot_nav2//config/mapper_params_online_async.yaml
[3.181s] -- Up-to-date: /home/manab/colcon_ws/install/ebot_nav2/share/ebot_nav2//maps
[3.181s] -- Up-to-date: /home/manab/colcon_ws/install/ebot_nav2/share/ebot_nav2//maps/my_map.yaml
[3.181s] -- Up-to-date: /home/manab/colcon_ws/install/ebot_nav2/share/ebot_nav2//maps/map_file_here.text
[3.184s] -- Up-to-date: /home/manab/colcon_ws/install/ebot_nav2/share/ebot_nav2//maps/my_map.posegraph
[3.184s] -- Up-to-date: /home/manab/colcon_ws/install/ebot_nav2/share/ebot_nav2//maps/my_map.data
[3.184s] -- Up-to-date: /home/manab/colcon_ws/install/ebot_nav2/share/ebot_nav2//maps/my_map.pgm
[3.184s] -- Up-to-date: /home/manab/colcon_ws/install/ebot_nav2/share/ebot_nav2//params
[3.184s] -- Installing: /home/manab/colcon_ws/install/ebot_nav2/share/ebot_nav2//params/nav2_params.yaml
[3.188s] -- Up-to-date: /home/manab/colcon_ws/install/ebot_nav2/share/ebot_nav2//rviz
[3.188s] -- Up-to-date: /home/manab/colcon_ws/install/ebot_nav2/share/ebot_nav2//rviz/nav2_default_view.rviz
[3.188s] -- Up-to-date: /home/manab/colcon_ws/install/ebot_nav2/share/ebot_nav2/environment/pythonpath.sh
[3.188s] -- Up-to-date: /home/manab/colcon_ws/install/ebot_nav2/share/ebot_nav2/environment/pythonpath.dsv
[3.188s] -- Up-to-date: /home/manab/colcon_ws/install/ebot_nav2/local/lib/python3.10/dist-packages/ebot_nav2-0.0.0-py3.10.egg-info
[3.188s] -- Installing: /home/manab/colcon_ws/install/ebot_nav2/local/lib/python3.10/dist-packages/ebot_nav2-0.0.0-py3.10.egg-info/SOURCES.txt
[3.192s] -- Installing: /home/manab/colcon_ws/install/ebot_nav2/local/lib/python3.10/dist-packages/ebot_nav2-0.0.0-py3.10.egg-info/PKG-INFO
[3.192s] -- Installing: /home/manab/colcon_ws/install/ebot_nav2/local/lib/python3.10/dist-packages/ebot_nav2-0.0.0-py3.10.egg-info/top_level.txt
[3.192s] -- Installing: /home/manab/colcon_ws/install/ebot_nav2/local/lib/python3.10/dist-packages/ebot_nav2-0.0.0-py3.10.egg-info/dependency_links.txt
[3.192s] -- Up-to-date: /home/manab/colcon_ws/install/ebot_nav2/local/lib/python3.10/dist-packages/ebot_nav2
[3.196s] -- Up-to-date: /home/manab/colcon_ws/install/ebot_nav2/local/lib/python3.10/dist-packages/ebot_nav2/__init__.py
[3.455s] Listing '/home/manab/colcon_ws/install/ebot_nav2/local/lib/python3.10/dist-packages/ebot_nav2'...
[3.465s] -- Up-to-date: /home/manab/colcon_ws/install/ebot_nav2/lib/ebot_nav2/ebot_nav_cmd.py
[3.466s] -- Up-to-date: /home/manab/colcon_ws/install/ebot_nav2/share/ament_index/resource_index/package_run_dependencies/ebot_nav2
[3.466s] -- Up-to-date: /home/manab/colcon_ws/install/ebot_nav2/share/ament_index/resource_index/parent_prefix_path/ebot_nav2
[3.466s] -- Up-to-date: /home/manab/colcon_ws/install/ebot_nav2/share/ebot_nav2/environment/ament_prefix_path.sh
[3.467s] -- Up-to-date: /home/manab/colcon_ws/install/ebot_nav2/share/ebot_nav2/environment/ament_prefix_path.dsv
[3.467s] -- Up-to-date: /home/manab/colcon_ws/install/ebot_nav2/share/ebot_nav2/environment/path.sh
[3.467s] -- Up-to-date: /home/manab/colcon_ws/install/ebot_nav2/share/ebot_nav2/environment/path.dsv
[3.467s] -- Up-to-date: /home/manab/colcon_ws/install/ebot_nav2/share/ebot_nav2/local_setup.bash
[3.467s] -- Up-to-date: /home/manab/colcon_ws/install/ebot_nav2/share/ebot_nav2/local_setup.sh
[3.467s] -- Up-to-date: /home/manab/colcon_ws/install/ebot_nav2/share/ebot_nav2/local_setup.zsh
[3.472s] -- Up-to-date: /home/manab/colcon_ws/install/ebot_nav2/share/ebot_nav2/local_setup.dsv
[3.473s] -- Installing: /home/manab/colcon_ws/install/ebot_nav2/share/ebot_nav2/package.dsv
[3.473s] -- Up-to-date: /home/manab/colcon_ws/install/ebot_nav2/share/ament_index/resource_index/packages/ebot_nav2
[3.473s] -- Up-to-date: /home/manab/colcon_ws/install/ebot_nav2/share/ebot_nav2/cmake/ebot_nav2Config.cmake
[3.473s] -- Up-to-date: /home/manab/colcon_ws/install/ebot_nav2/share/ebot_nav2/cmake/ebot_nav2Config-version.cmake
[3.473s] -- Up-to-date: /home/manab/colcon_ws/install/ebot_nav2/share/ebot_nav2/package.xml
[4.539s] Invoked command in '/home/manab/colcon_ws/build/ebot_nav2' returned '0': CMAKE_PREFIX_PATH=${CMAKE_PREFIX_PATH}:/home/manab/colcon_ws/install/ur5_control:/home/manab/ws_moveit/install/moveit_configs_utils:/home/manab/ros2_ws/install/launch_testing_examples:/home/manab/ros2_ws/install/examples_rclpy_pointcloud_publisher:/home/manab/ros2_ws/install/examples_rclpy_minimal_subscriber:/home/manab/ros2_ws/install/examples_rclpy_minimal_service:/home/manab/ros2_ws/install/examples_rclpy_minimal_publisher:/home/manab/ros2_ws/install/examples_rclpy_minimal_client:/home/manab/ros2_ws/install/examples_rclpy_minimal_action_server:/home/manab/ros2_ws/install/examples_rclpy_minimal_action_client:/home/manab/ros2_ws/install/examples_rclpy_guard_conditions:/home/manab/ros2_ws/install/examples_rclpy_executors:/opt/ros/humble /usr/bin/cmake --install /home/manab/colcon_ws/build/ebot_nav2
