[0.090s] Invoking command in '/home/manab/colcon_ws/build/ur_description': CMAKE_PREFIX_PATH=${CMAKE_PREFIX_PATH}:/home/manab/colcon_ws/install/ur5_control:/home/manab/ros2_ws/install/launch_testing_examples:/home/manab/ros2_ws/install/examples_rclpy_pointcloud_publisher:/home/manab/ros2_ws/install/examples_rclpy_minimal_subscriber:/home/manab/ros2_ws/install/examples_rclpy_minimal_service:/home/manab/ros2_ws/install/examples_rclpy_minimal_publisher:/home/manab/ros2_ws/install/examples_rclpy_minimal_client:/home/manab/ros2_ws/install/examples_rclpy_minimal_action_server:/home/manab/ros2_ws/install/examples_rclpy_minimal_action_client:/home/manab/ros2_ws/install/examples_rclpy_guard_conditions:/home/manab/ros2_ws/install/examples_rclpy_executors:/opt/ros/humble /usr/bin/cmake --build /home/manab/colcon_ws/build/ur_description -- -j4 -l4
[0.314s] Invoked command in '/home/manab/colcon_ws/build/ur_description' returned '0': CMAKE_PREFIX_PATH=${CMAKE_PREFIX_PATH}:/home/manab/colcon_ws/install/ur5_control:/home/manab/ros2_ws/install/launch_testing_examples:/home/manab/ros2_ws/install/examples_rclpy_pointcloud_publisher:/home/manab/ros2_ws/install/examples_rclpy_minimal_subscriber:/home/manab/ros2_ws/install/examples_rclpy_minimal_service:/home/manab/ros2_ws/install/examples_rclpy_minimal_publisher:/home/manab/ros2_ws/install/examples_rclpy_minimal_client:/home/manab/ros2_ws/install/examples_rclpy_minimal_action_server:/home/manab/ros2_ws/install/examples_rclpy_minimal_action_client:/home/manab/ros2_ws/install/examples_rclpy_guard_conditions:/home/manab/ros2_ws/install/examples_rclpy_executors:/opt/ros/humble /usr/bin/cmake --build /home/manab/colcon_ws/build/ur_description -- -j4 -l4
[0.514s] Invoking command in '/home/manab/colcon_ws/build/ur_description': CMAKE_PREFIX_PATH=${CMAKE_PREFIX_PATH}:/home/manab/colcon_ws/install/ur5_control:/home/manab/ros2_ws/install/launch_testing_examples:/home/manab/ros2_ws/install/examples_rclpy_pointcloud_publisher:/home/manab/ros2_ws/install/examples_rclpy_minimal_subscriber:/home/manab/ros2_ws/install/examples_rclpy_minimal_service:/home/manab/ros2_ws/install/examples_rclpy_minimal_publisher:/home/manab/ros2_ws/install/examples_rclpy_minimal_client:/home/manab/ros2_ws/install/examples_rclpy_minimal_action_server:/home/manab/ros2_ws/install/examples_rclpy_minimal_action_client:/home/manab/ros2_ws/install/examples_rclpy_guard_conditions:/home/manab/ros2_ws/install/examples_rclpy_executors:/opt/ros/humble /usr/bin/cmake --install /home/manab/colcon_ws/build/ur_description
[0.659s] -- Install configuration: ""
[0.659s] -- Up-to-date: /home/manab/colcon_ws/install/ur_description/share/ur_description/config
[0.664s] -- Up-to-date: /home/manab/colcon_ws/install/ur_description/share/ur_description/config/ur16e
[0.675s] -- Up-to-date: /home/manab/colcon_ws/install/ur_description/share/ur_description/config/ur16e/default_kinematics.yaml
[0.675s] -- Up-to-date: /home/manab/colcon_ws/install/ur_description/share/ur_description/config/ur16e/physical_parameters.yaml
[0.675s] -- Up-to-date: /home/manab/colcon_ws/install/ur_description/share/ur_description/config/ur16e/joint_limits.yaml
[0.675s] -- Up-to-date: /home/manab/colcon_ws/install/ur_description/share/ur_description/config/ur16e/visual_parameters.yaml
[0.675s] -- Up-to-date: /home/manab/colcon_ws/install/ur_description/share/ur_description/config/initial_positions.yaml
[0.675s] -- Up-to-date: /home/manab/colcon_ws/install/ur_description/share/ur_description/config/ur20
[0.675s] -- Up-to-date: /home/manab/colcon_ws/install/ur_description/share/ur_description/config/ur20/default_kinematics.yaml
[0.676s] -- Up-to-date: /home/manab/colcon_ws/install/ur_description/share/ur_description/config/ur20/physical_parameters.yaml
[0.676s] -- Up-to-date: /home/manab/colcon_ws/install/ur_description/share/ur_description/config/ur20/joint_limits.yaml
[0.676s] -- Up-to-date: /home/manab/colcon_ws/install/ur_description/share/ur_description/config/ur20/visual_parameters.yaml
[0.676s] -- Up-to-date: /home/manab/colcon_ws/install/ur_description/share/ur_description/config/ur3e
[0.676s] -- Up-to-date: /home/manab/colcon_ws/install/ur_description/share/ur_description/config/ur3e/default_kinematics.yaml
[0.676s] -- Up-to-date: /home/manab/colcon_ws/install/ur_description/share/ur_description/config/ur3e/physical_parameters.yaml
[0.676s] -- Up-to-date: /home/manab/colcon_ws/install/ur_description/share/ur_description/config/ur3e/joint_limits.yaml
[0.676s] -- Up-to-date: /home/manab/colcon_ws/install/ur_description/share/ur_description/config/ur3e/visual_parameters.yaml
[0.676s] -- Up-to-date: /home/manab/colcon_ws/install/ur_description/share/ur_description/config/ur10e
[0.676s] -- Up-to-date: /home/manab/colcon_ws/install/ur_description/share/ur_description/config/ur10e/default_kinematics.yaml
[0.676s] -- Up-to-date: /home/manab/colcon_ws/install/ur_description/share/ur_description/config/ur10e/physical_parameters.yaml
[0.676s] -- Up-to-date: /home/manab/colcon_ws/install/ur_description/share/ur_description/config/ur10e/joint_limits.yaml
[0.676s] -- Up-to-date: /home/manab/colcon_ws/install/ur_description/share/ur_description/config/ur10e/visual_parameters.yaml
[0.677s] -- Up-to-date: /home/manab/colcon_ws/install/ur_description/share/ur_description/config/ur10
[0.677s] -- Up-to-date: /home/manab/colcon_ws/install/ur_description/share/ur_description/config/ur10/default_kinematics.yaml
[0.677s] -- Up-to-date: /home/manab/colcon_ws/install/ur_description/share/ur_description/config/ur10/physical_parameters.yaml
[0.677s] -- Up-to-date: /home/manab/colcon_ws/install/ur_description/share/ur_description/config/ur10/joint_limits.yaml
[0.677s] -- Up-to-date: /home/manab/colcon_ws/install/ur_description/share/ur_description/config/ur10/visual_parameters.yaml
[0.677s] -- Up-to-date: /home/manab/colcon_ws/install/ur_description/share/ur_description/config/ur5
[0.677s] -- Up-to-date: /home/manab/colcon_ws/install/ur_description/share/ur_description/config/ur5/default_kinematics.yaml
[0.677s] -- Up-to-date: /home/manab/colcon_ws/install/ur_description/share/ur_description/config/ur5/physical_parameters.yaml
[0.677s] -- Up-to-date: /home/manab/colcon_ws/install/ur_description/share/ur_description/config/ur5/joint_limits.yaml
[0.677s] -- Up-to-date: /home/manab/colcon_ws/install/ur_description/share/ur_description/config/ur5/visual_parameters.yaml
[0.677s] -- Up-to-date: /home/manab/colcon_ws/install/ur_description/share/ur_description/config/ur3
[0.677s] -- Up-to-date: /home/manab/colcon_ws/install/ur_description/share/ur_description/config/ur3/default_kinematics.yaml
[0.685s] -- Up-to-date: /home/manab/colcon_ws/install/ur_description/share/ur_description/config/ur3/physical_parameters.yaml
[0.685s] -- Up-to-date: /home/manab/colcon_ws/install/ur_description/share/ur_description/config/ur3/joint_limits.yaml
[0.685s] -- Up-to-date: /home/manab/colcon_ws/install/ur_description/share/ur_description/config/ur3/visual_parameters.yaml
[0.685s] -- Up-to-date: /home/manab/colcon_ws/install/ur_description/share/ur_description/config/ur5e
[0.685s] -- Up-to-date: /home/manab/colcon_ws/install/ur_description/share/ur_description/config/ur5e/default_kinematics.yaml
[0.685s] -- Up-to-date: /home/manab/colcon_ws/install/ur_description/share/ur_description/config/ur5e/physical_parameters.yaml
[0.685s] -- Up-to-date: /home/manab/colcon_ws/install/ur_description/share/ur_description/config/ur5e/joint_limits.yaml
[0.685s] -- Up-to-date: /home/manab/colcon_ws/install/ur_description/share/ur_description/config/ur5e/visual_parameters.yaml
[0.685s] -- Up-to-date: /home/manab/colcon_ws/install/ur_description/share/ur_description/config/ur30
[0.685s] -- Up-to-date: /home/manab/colcon_ws/install/ur_description/share/ur_description/config/ur30/default_kinematics.yaml
[0.685s] -- Up-to-date: /home/manab/colcon_ws/install/ur_description/share/ur_description/config/ur30/physical_parameters.yaml
[0.686s] -- Up-to-date: /home/manab/colcon_ws/install/ur_description/share/ur_description/config/ur30/joint_limits.yaml
[0.686s] -- Up-to-date: /home/manab/colcon_ws/install/ur_description/share/ur_description/config/ur30/visual_parameters.yaml
[0.686s] -- Up-to-date: /home/manab/colcon_ws/install/ur_description/share/ur_description/launch
[0.686s] -- Up-to-date: /home/manab/colcon_ws/install/ur_description/share/ur_description/launch/view_ur.launch.py
[0.686s] -- Up-to-date: /home/manab/colcon_ws/install/ur_description/share/ur_description/launch/ur5_gazebo_launch.py
[0.686s] -- Up-to-date: /home/manab/colcon_ws/install/ur_description/share/ur_description/launch/start_ur_world_launch.py
[0.686s] -- Up-to-date: /home/manab/colcon_ws/install/ur_description/share/ur_description/meshes
[0.686s] -- Up-to-date: /home/manab/colcon_ws/install/ur_description/share/ur_description/meshes/ur16e
[0.686s] -- Up-to-date: /home/manab/colcon_ws/install/ur_description/share/ur_description/meshes/ur16e/visual
[0.686s] -- Up-to-date: /home/manab/colcon_ws/install/ur_description/share/ur_description/meshes/ur16e/visual/upperarm.dae
[0.686s] -- Up-to-date: /home/manab/colcon_ws/install/ur_description/share/ur_description/meshes/ur16e/visual/forearm.dae
[0.686s] -- Up-to-date: /home/manab/colcon_ws/install/ur_description/share/ur_description/meshes/ur16e/collision
[0.695s] -- Up-to-date: /home/manab/colcon_ws/install/ur_description/share/ur_description/meshes/ur16e/collision/upperarm.stl
[0.695s] -- Up-to-date: /home/manab/colcon_ws/install/ur_description/share/ur_description/meshes/ur16e/collision/forearm.stl
[0.695s] -- Up-to-date: /home/manab/colcon_ws/install/ur_description/share/ur_description/meshes/ur20
[0.695s] -- Up-to-date: /home/manab/colcon_ws/install/ur_description/share/ur_description/meshes/ur20/visual
[0.695s] -- Up-to-date: /home/manab/colcon_ws/install/ur_description/share/ur_description/meshes/ur20/visual/shoulder.dae
[0.695s] -- Up-to-date: /home/manab/colcon_ws/install/ur_description/share/ur_description/meshes/ur20/visual/wrist1.dae
[0.695s] -- Up-to-date: /home/manab/colcon_ws/install/ur_description/share/ur_description/meshes/ur20/visual/base.dae
[0.695s] -- Up-to-date: /home/manab/colcon_ws/install/ur_description/share/ur_description/meshes/ur20/visual/upperarm.dae
[0.695s] -- Up-to-date: /home/manab/colcon_ws/install/ur_description/share/ur_description/meshes/ur20/visual/UR20_DIFF_8bit_2K.png
[0.696s] -- Up-to-date: /home/manab/colcon_ws/install/ur_description/share/ur_description/meshes/ur20/visual/forearm.dae
[0.696s] -- Up-to-date: /home/manab/colcon_ws/install/ur_description/share/ur_description/meshes/ur20/visual/wrist2.dae
[0.696s] -- Up-to-date: /home/manab/colcon_ws/install/ur_description/share/ur_description/meshes/ur20/visual/wrist3.dae
[0.696s] -- Up-to-date: /home/manab/colcon_ws/install/ur_description/share/ur_description/meshes/ur20/LICENSE.txt
[0.696s] -- Up-to-date: /home/manab/colcon_ws/install/ur_description/share/ur_description/meshes/ur20/collision
[0.696s] -- Up-to-date: /home/manab/colcon_ws/install/ur_description/share/ur_description/meshes/ur20/collision/wrist3.stl
[0.696s] -- Up-to-date: /home/manab/colcon_ws/install/ur_description/share/ur_description/meshes/ur20/collision/upperarm.stl
[0.696s] -- Up-to-date: /home/manab/colcon_ws/install/ur_description/share/ur_description/meshes/ur20/collision/forearm.stl
[0.696s] -- Up-to-date: /home/manab/colcon_ws/install/ur_description/share/ur_description/meshes/ur20/collision/shoulder.stl
[0.696s] -- Up-to-date: /home/manab/colcon_ws/install/ur_description/share/ur_description/meshes/ur20/collision/wrist1.stl
[0.696s] -- Up-to-date: /home/manab/colcon_ws/install/ur_description/share/ur_description/meshes/ur20/collision/base.stl
[0.696s] -- Up-to-date: /home/manab/colcon_ws/install/ur_description/share/ur_description/meshes/ur20/collision/wrist2.stl
[0.702s] -- Up-to-date: /home/manab/colcon_ws/install/ur_description/share/ur_description/meshes/ur3e
[0.702s] -- Up-to-date: /home/manab/colcon_ws/install/ur_description/share/ur_description/meshes/ur3e/visual
[0.703s] -- Up-to-date: /home/manab/colcon_ws/install/ur_description/share/ur_description/meshes/ur3e/visual/shoulder.dae
[0.703s] -- Up-to-date: /home/manab/colcon_ws/install/ur_description/share/ur_description/meshes/ur3e/visual/wrist1.dae
[0.703s] -- Up-to-date: /home/manab/colcon_ws/install/ur_description/share/ur_description/meshes/ur3e/visual/base.dae
[0.703s] -- Up-to-date: /home/manab/colcon_ws/install/ur_description/share/ur_description/meshes/ur3e/visual/upperarm.dae
[0.703s] -- Up-to-date: /home/manab/colcon_ws/install/ur_description/share/ur_description/meshes/ur3e/visual/forearm.dae
[0.703s] -- Up-to-date: /home/manab/colcon_ws/install/ur_description/share/ur_description/meshes/ur3e/visual/wrist2.dae
[0.703s] -- Up-to-date: /home/manab/colcon_ws/install/ur_description/share/ur_description/meshes/ur3e/visual/wrist3.dae
[0.703s] -- Up-to-date: /home/manab/colcon_ws/install/ur_description/share/ur_description/meshes/ur3e/collision
[0.703s] -- Up-to-date: /home/manab/colcon_ws/install/ur_description/share/ur_description/meshes/ur3e/collision/wrist3.stl
[0.703s] -- Up-to-date: /home/manab/colcon_ws/install/ur_description/share/ur_description/meshes/ur3e/collision/upperarm.stl
[0.703s] -- Up-to-date: /home/manab/colcon_ws/install/ur_description/share/ur_description/meshes/ur3e/collision/forearm.stl
[0.703s] -- Up-to-date: /home/manab/colcon_ws/install/ur_description/share/ur_description/meshes/ur3e/collision/shoulder.stl
[0.703s] -- Up-to-date: /home/manab/colcon_ws/install/ur_description/share/ur_description/meshes/ur3e/collision/wrist1.stl
[0.704s] -- Up-to-date: /home/manab/colcon_ws/install/ur_description/share/ur_description/meshes/ur3e/collision/base.stl
[0.704s] -- Up-to-date: /home/manab/colcon_ws/install/ur_description/share/ur_description/meshes/ur3e/collision/wrist2.stl
[0.714s] -- Up-to-date: /home/manab/colcon_ws/install/ur_description/share/ur_description/meshes/ur10e
[0.714s] -- Up-to-date: /home/manab/colcon_ws/install/ur_description/share/ur_description/meshes/ur10e/visual
[0.714s] -- Up-to-date: /home/manab/colcon_ws/install/ur_description/share/ur_description/meshes/ur10e/visual/shoulder.dae
[0.714s] -- Up-to-date: /home/manab/colcon_ws/install/ur_description/share/ur_description/meshes/ur10e/visual/wrist1.dae
[0.714s] -- Up-to-date: /home/manab/colcon_ws/install/ur_description/share/ur_description/meshes/ur10e/visual/base.dae
[0.714s] -- Up-to-date: /home/manab/colcon_ws/install/ur_description/share/ur_description/meshes/ur10e/visual/upperarm.dae
[0.714s] -- Up-to-date: /home/manab/colcon_ws/install/ur_description/share/ur_description/meshes/ur10e/visual/forearm.dae
[0.714s] -- Up-to-date: /home/manab/colcon_ws/install/ur_description/share/ur_description/meshes/ur10e/visual/wrist2.dae
[0.714s] -- Up-to-date: /home/manab/colcon_ws/install/ur_description/share/ur_description/meshes/ur10e/visual/wrist3.dae
[0.714s] -- Up-to-date: /home/manab/colcon_ws/install/ur_description/share/ur_description/meshes/ur10e/collision
[0.714s] -- Up-to-date: /home/manab/colcon_ws/install/ur_description/share/ur_description/meshes/ur10e/collision/wrist3.stl
[0.716s] -- Up-to-date: /home/manab/colcon_ws/install/ur_description/share/ur_description/meshes/ur10e/collision/upperarm.stl
[0.716s] -- Up-to-date: /home/manab/colcon_ws/install/ur_description/share/ur_description/meshes/ur10e/collision/forearm.stl
[0.716s] -- Up-to-date: /home/manab/colcon_ws/install/ur_description/share/ur_description/meshes/ur10e/collision/shoulder.stl
[0.716s] -- Up-to-date: /home/manab/colcon_ws/install/ur_description/share/ur_description/meshes/ur10e/collision/wrist1.stl
[0.716s] -- Up-to-date: /home/manab/colcon_ws/install/ur_description/share/ur_description/meshes/ur10e/collision/base.stl
[0.716s] -- Up-to-date: /home/manab/colcon_ws/install/ur_description/share/ur_description/meshes/ur10e/collision/wrist2.stl
[0.716s] -- Up-to-date: /home/manab/colcon_ws/install/ur_description/share/ur_description/meshes/NAVRS.STL
[0.717s] -- Up-to-date: /home/manab/colcon_ws/install/ur_description/share/ur_description/meshes/ur10
[0.718s] -- Up-to-date: /home/manab/colcon_ws/install/ur_description/share/ur_description/meshes/ur10/visual
[0.720s] -- Up-to-date: /home/manab/colcon_ws/install/ur_description/share/ur_description/meshes/ur10/visual/shoulder.dae
[0.720s] -- Up-to-date: /home/manab/colcon_ws/install/ur_description/share/ur_description/meshes/ur10/visual/wrist1.dae
[0.721s] -- Up-to-date: /home/manab/colcon_ws/install/ur_description/share/ur_description/meshes/ur10/visual/base.dae
[0.721s] -- Up-to-date: /home/manab/colcon_ws/install/ur_description/share/ur_description/meshes/ur10/visual/upperarm.dae
[0.721s] -- Up-to-date: /home/manab/colcon_ws/install/ur_description/share/ur_description/meshes/ur10/visual/forearm.dae
[0.721s] -- Up-to-date: /home/manab/colcon_ws/install/ur_description/share/ur_description/meshes/ur10/visual/wrist2.dae
[0.721s] -- Up-to-date: /home/manab/colcon_ws/install/ur_description/share/ur_description/meshes/ur10/visual/wrist3.dae
[0.721s] -- Up-to-date: /home/manab/colcon_ws/install/ur_description/share/ur_description/meshes/ur10/collision
[0.721s] -- Up-to-date: /home/manab/colcon_ws/install/ur_description/share/ur_description/meshes/ur10/collision/wrist3.stl
[0.721s] -- Up-to-date: /home/manab/colcon_ws/install/ur_description/share/ur_description/meshes/ur10/collision/upperarm.stl
[0.721s] -- Up-to-date: /home/manab/colcon_ws/install/ur_description/share/ur_description/meshes/ur10/collision/forearm.stl
[0.721s] -- Up-to-date: /home/manab/colcon_ws/install/ur_description/share/ur_description/meshes/ur10/collision/shoulder.stl
[0.721s] -- Up-to-date: /home/manab/colcon_ws/install/ur_description/share/ur_description/meshes/ur10/collision/wrist1.stl
[0.722s] -- Up-to-date: /home/manab/colcon_ws/install/ur_description/share/ur_description/meshes/ur10/collision/base.stl
[0.722s] -- Up-to-date: /home/manab/colcon_ws/install/ur_description/share/ur_description/meshes/ur10/collision/wrist2.stl
[0.722s] -- Up-to-date: /home/manab/colcon_ws/install/ur_description/share/ur_description/meshes/ur5
[0.722s] -- Up-to-date: /home/manab/colcon_ws/install/ur_description/share/ur_description/meshes/ur5/visual
[0.725s] -- Up-to-date: /home/manab/colcon_ws/install/ur_description/share/ur_description/meshes/ur5/visual/shoulder.dae
[0.728s] -- Up-to-date: /home/manab/colcon_ws/install/ur_description/share/ur_description/meshes/ur5/visual/wrist1.dae
[0.728s] -- Up-to-date: /home/manab/colcon_ws/install/ur_description/share/ur_description/meshes/ur5/visual/base.dae
[0.729s] -- Up-to-date: /home/manab/colcon_ws/install/ur_description/share/ur_description/meshes/ur5/visual/upperarm.dae
[0.729s] -- Up-to-date: /home/manab/colcon_ws/install/ur_description/share/ur_description/meshes/ur5/visual/forearm.dae
[0.729s] -- Up-to-date: /home/manab/colcon_ws/install/ur_description/share/ur_description/meshes/ur5/visual/wrist2.dae
[0.729s] -- Up-to-date: /home/manab/colcon_ws/install/ur_description/share/ur_description/meshes/ur5/visual/wrist3.dae
[0.729s] -- Up-to-date: /home/manab/colcon_ws/install/ur_description/share/ur_description/meshes/ur5/collision
[0.729s] -- Up-to-date: /home/manab/colcon_ws/install/ur_description/share/ur_description/meshes/ur5/collision/wrist3.stl
[0.729s] -- Up-to-date: /home/manab/colcon_ws/install/ur_description/share/ur_description/meshes/ur5/collision/upperarm.stl
[0.729s] -- Up-to-date: /home/manab/colcon_ws/install/ur_description/share/ur_description/meshes/ur5/collision/forearm.stl
[0.729s] -- Up-to-date: /home/manab/colcon_ws/install/ur_description/share/ur_description/meshes/ur5/collision/shoulder.stl
[0.729s] -- Up-to-date: /home/manab/colcon_ws/install/ur_description/share/ur_description/meshes/ur5/collision/wrist1.stl
[0.729s] -- Up-to-date: /home/manab/colcon_ws/install/ur_description/share/ur_description/meshes/ur5/collision/base.stl
[0.729s] -- Up-to-date: /home/manab/colcon_ws/install/ur_description/share/ur_description/meshes/ur5/collision/camera_mount.stl
[0.729s] -- Up-to-date: /home/manab/colcon_ws/install/ur_description/share/ur_description/meshes/ur5/collision/wrist2.stl
[0.730s] -- Up-to-date: /home/manab/colcon_ws/install/ur_description/share/ur_description/meshes/ur3
[0.730s] -- Up-to-date: /home/manab/colcon_ws/install/ur_description/share/ur_description/meshes/ur3/visual
[0.730s] -- Up-to-date: /home/manab/colcon_ws/install/ur_description/share/ur_description/meshes/ur3/visual/shoulder.dae
[0.730s] -- Up-to-date: /home/manab/colcon_ws/install/ur_description/share/ur_description/meshes/ur3/visual/wrist1.dae
[0.730s] -- Up-to-date: /home/manab/colcon_ws/install/ur_description/share/ur_description/meshes/ur3/visual/base.dae
[0.730s] -- Up-to-date: /home/manab/colcon_ws/install/ur_description/share/ur_description/meshes/ur3/visual/upperarm.dae
[0.730s] -- Up-to-date: /home/manab/colcon_ws/install/ur_description/share/ur_description/meshes/ur3/visual/forearm.dae
[0.730s] -- Up-to-date: /home/manab/colcon_ws/install/ur_description/share/ur_description/meshes/ur3/visual/wrist2.dae
[0.731s] -- Up-to-date: /home/manab/colcon_ws/install/ur_description/share/ur_description/meshes/ur3/visual/wrist3.dae
[0.731s] -- Up-to-date: /home/manab/colcon_ws/install/ur_description/share/ur_description/meshes/ur3/collision
[0.731s] -- Up-to-date: /home/manab/colcon_ws/install/ur_description/share/ur_description/meshes/ur3/collision/wrist3.stl
[0.732s] -- Up-to-date: /home/manab/colcon_ws/install/ur_description/share/ur_description/meshes/ur3/collision/upperarm.stl
[0.732s] -- Up-to-date: /home/manab/colcon_ws/install/ur_description/share/ur_description/meshes/ur3/collision/forearm.stl
[0.732s] -- Up-to-date: /home/manab/colcon_ws/install/ur_description/share/ur_description/meshes/ur3/collision/shoulder.stl
[0.732s] -- Up-to-date: /home/manab/colcon_ws/install/ur_description/share/ur_description/meshes/ur3/collision/wrist1.stl
[0.732s] -- Up-to-date: /home/manab/colcon_ws/install/ur_description/share/ur_description/meshes/ur3/collision/base.stl
[0.732s] -- Up-to-date: /home/manab/colcon_ws/install/ur_description/share/ur_description/meshes/ur3/collision/wrist2.stl
[0.732s] -- Up-to-date: /home/manab/colcon_ws/install/ur_description/share/ur_description/meshes/ur5e
[0.733s] -- Up-to-date: /home/manab/colcon_ws/install/ur_description/share/ur_description/meshes/ur5e/visual
[0.733s] -- Up-to-date: /home/manab/colcon_ws/install/ur_description/share/ur_description/meshes/ur5e/visual/shoulder.dae
[0.733s] -- Up-to-date: /home/manab/colcon_ws/install/ur_description/share/ur_description/meshes/ur5e/visual/wrist1.dae
[0.733s] -- Up-to-date: /home/manab/colcon_ws/install/ur_description/share/ur_description/meshes/ur5e/visual/base.dae
[0.733s] -- Up-to-date: /home/manab/colcon_ws/install/ur_description/share/ur_description/meshes/ur5e/visual/upperarm.dae
[0.733s] -- Up-to-date: /home/manab/colcon_ws/install/ur_description/share/ur_description/meshes/ur5e/visual/forearm.dae
[0.733s] -- Up-to-date: /home/manab/colcon_ws/install/ur_description/share/ur_description/meshes/ur5e/visual/wrist2.dae
[0.733s] -- Up-to-date: /home/manab/colcon_ws/install/ur_description/share/ur_description/meshes/ur5e/visual/wrist3.dae
[0.733s] -- Up-to-date: /home/manab/colcon_ws/install/ur_description/share/ur_description/meshes/ur5e/collision
[0.733s] -- Up-to-date: /home/manab/colcon_ws/install/ur_description/share/ur_description/meshes/ur5e/collision/wrist3.stl
[0.734s] -- Up-to-date: /home/manab/colcon_ws/install/ur_description/share/ur_description/meshes/ur5e/collision/upperarm.stl
[0.736s] -- Up-to-date: /home/manab/colcon_ws/install/ur_description/share/ur_description/meshes/ur5e/collision/forearm.stl
[0.736s] -- Up-to-date: /home/manab/colcon_ws/install/ur_description/share/ur_description/meshes/ur5e/collision/shoulder.stl
[0.736s] -- Up-to-date: /home/manab/colcon_ws/install/ur_description/share/ur_description/meshes/ur5e/collision/wrist1.stl
[0.736s] -- Up-to-date: /home/manab/colcon_ws/install/ur_description/share/ur_description/meshes/ur5e/collision/base.stl
[0.736s] -- Up-to-date: /home/manab/colcon_ws/install/ur_description/share/ur_description/meshes/ur5e/collision/wrist2.stl
[0.738s] -- Up-to-date: /home/manab/colcon_ws/install/ur_description/share/ur_description/meshes/ur30
[0.738s] -- Up-to-date: /home/manab/colcon_ws/install/ur_description/share/ur_description/meshes/ur30/visual
[0.738s] -- Up-to-date: /home/manab/colcon_ws/install/ur_description/share/ur_description/meshes/ur30/visual/UR30_DIFF_8bit_2K.png
[0.738s] -- Up-to-date: /home/manab/colcon_ws/install/ur_description/share/ur_description/meshes/ur30/visual/upperarm.dae
[0.738s] -- Up-to-date: /home/manab/colcon_ws/install/ur_description/share/ur_description/meshes/ur30/visual/forearm.dae
[0.738s] -- Up-to-date: /home/manab/colcon_ws/install/ur_description/share/ur_description/meshes/ur30/LICENSE.txt
[0.738s] -- Up-to-date: /home/manab/colcon_ws/install/ur_description/share/ur_description/meshes/ur30/collision
[0.739s] -- Up-to-date: /home/manab/colcon_ws/install/ur_description/share/ur_description/meshes/ur30/collision/upperarm.stl
[0.739s] -- Up-to-date: /home/manab/colcon_ws/install/ur_description/share/ur_description/meshes/ur30/collision/forearm.stl
[0.739s] -- Up-to-date: /home/manab/colcon_ws/install/ur_description/share/ur_description/rviz
[0.739s] -- Up-to-date: /home/manab/colcon_ws/install/ur_description/share/ur_description/rviz/view_robot.rviz
[0.739s] -- Up-to-date: /home/manab/colcon_ws/install/ur_description/share/ur_description/urdf
[0.739s] -- Up-to-date: /home/manab/colcon_ws/install/ur_description/share/ur_description/urdf/ur5_arm.urdf.xacro
[0.739s] -- Up-to-date: /home/manab/colcon_ws/install/ur_description/share/ur_description/urdf/ur.ros2_control.xacro
[0.739s] -- Up-to-date: /home/manab/colcon_ws/install/ur_description/share/ur_description/urdf/realsense2.urdf.xacro
[0.740s] -- Up-to-date: /home/manab/colcon_ws/install/ur_description/share/ur_description/urdf/inc
[0.740s] -- Up-to-date: /home/manab/colcon_ws/install/ur_description/share/ur_description/urdf/inc/ur_transmissions.xacro
[0.740s] -- Up-to-date: /home/manab/colcon_ws/install/ur_description/share/ur_description/urdf/inc/ur_common.xacro
[0.740s] -- Up-to-date: /home/manab/colcon_ws/install/ur_description/share/ur_description/urdf/ur_macro.xacro
[0.740s] -- Up-to-date: /home/manab/colcon_ws/install/ur_description/share/ur_description/urdf/ur.urdf.xacro
[0.740s] -- Up-to-date: /home/manab/colcon_ws/install/ur_description/share/ur_description/urdf/ur5.urdf.xacro
[0.740s] -- Up-to-date: /home/manab/colcon_ws/install/ur_description/share/ur_description/urdf/ur.gazebo.xacro
[0.740s] -- Up-to-date: /home/manab/colcon_ws/install/ur_description/share/ur_description/test
[0.740s] -- Up-to-date: /home/manab/colcon_ws/install/ur_description/share/ur_description/test/test_view_ur_launch.py
[0.741s] -- Up-to-date: /home/manab/colcon_ws/install/ur_description/share/ur_description/test/test_ur_urdf_xacro.py
[0.741s] -- Up-to-date: /home/manab/colcon_ws/install/ur_description/share/ur_description/scripts
[0.741s] -- Up-to-date: /home/manab/colcon_ws/install/ur_description/share/ur_description/scripts/armed_1
[0.741s] -- Up-to-date: /home/manab/colcon_ws/install/ur_description/share/ur_description/scripts/armed_1/pyarmor_runtime_000000
[0.741s] -- Up-to-date: /home/manab/colcon_ws/install/ur_description/share/ur_description/scripts/armed_1/pyarmor_runtime_000000/__init__.py
[0.756s] -- Up-to-date: /home/manab/colcon_ws/install/ur_description/share/ur_description/scripts/armed_1/pyarmor_runtime_000000/pyarmor_runtime.so
[0.756s] -- Up-to-date: /home/manab/colcon_ws/install/ur_description/share/ur_description/scripts/armed_1/spawner_box_1b.py
[0.756s] -- Up-to-date: /home/manab/colcon_ws/install/ur_description/share/ur_description/scripts/armed
[0.756s] -- Up-to-date: /home/manab/colcon_ws/install/ur_description/share/ur_description/scripts/armed/pyarmor_runtime_000000
[0.756s] -- Up-to-date: /home/manab/colcon_ws/install/ur_description/share/ur_description/scripts/armed/pyarmor_runtime_000000/__init__.py
[0.757s] -- Up-to-date: /home/manab/colcon_ws/install/ur_description/share/ur_description/scripts/armed/pyarmor_runtime_000000/pyarmor_runtime.so
[0.757s] -- Up-to-date: /home/manab/colcon_ws/install/ur_description/share/ur_description/scripts/armed/spawner_box_com.py
[0.757s] -- Up-to-date: /home/manab/colcon_ws/install/ur_description/lib/ur_description/spawner_box_1b.py
[0.757s] -- Up-to-date: /home/manab/colcon_ws/install/ur_description/lib/ur_description/pyarmor_runtime_000000
[0.757s] -- Up-to-date: /home/manab/colcon_ws/install/ur_description/lib/ur_description/pyarmor_runtime_000000/__init__.py
[0.757s] -- Up-to-date: /home/manab/colcon_ws/install/ur_description/lib/ur_description/pyarmor_runtime_000000/pyarmor_runtime.so
[0.757s] -- Up-to-date: /home/manab/colcon_ws/install/ur_description/share/ament_index/resource_index/package_run_dependencies/ur_description
[0.757s] -- Up-to-date: /home/manab/colcon_ws/install/ur_description/share/ament_index/resource_index/parent_prefix_path/ur_description
[0.757s] -- Up-to-date: /home/manab/colcon_ws/install/ur_description/share/ur_description/environment/ament_prefix_path.sh
[0.757s] -- Up-to-date: /home/manab/colcon_ws/install/ur_description/share/ur_description/environment/ament_prefix_path.dsv
[0.757s] -- Up-to-date: /home/manab/colcon_ws/install/ur_description/share/ur_description/environment/path.sh
[0.757s] -- Up-to-date: /home/manab/colcon_ws/install/ur_description/share/ur_description/environment/path.dsv
[0.757s] -- Up-to-date: /home/manab/colcon_ws/install/ur_description/share/ur_description/local_setup.bash
[0.758s] -- Up-to-date: /home/manab/colcon_ws/install/ur_description/share/ur_description/local_setup.sh
[0.758s] -- Up-to-date: /home/manab/colcon_ws/install/ur_description/share/ur_description/local_setup.zsh
[0.758s] -- Up-to-date: /home/manab/colcon_ws/install/ur_description/share/ur_description/local_setup.dsv
[0.758s] -- Installing: /home/manab/colcon_ws/install/ur_description/share/ur_description/package.dsv
[0.758s] -- Up-to-date: /home/manab/colcon_ws/install/ur_description/share/ament_index/resource_index/packages/ur_description
[0.758s] -- Up-to-date: /home/manab/colcon_ws/install/ur_description/share/ur_description/cmake/ur_descriptionConfig.cmake
[0.758s] -- Up-to-date: /home/manab/colcon_ws/install/ur_description/share/ur_description/cmake/ur_descriptionConfig-version.cmake
[0.758s] -- Up-to-date: /home/manab/colcon_ws/install/ur_description/share/ur_description/package.xml
[0.992s] Invoked command in '/home/manab/colcon_ws/build/ur_description' returned '0': CMAKE_PREFIX_PATH=${CMAKE_PREFIX_PATH}:/home/manab/colcon_ws/install/ur5_control:/home/manab/ros2_ws/install/launch_testing_examples:/home/manab/ros2_ws/install/examples_rclpy_pointcloud_publisher:/home/manab/ros2_ws/install/examples_rclpy_minimal_subscriber:/home/manab/ros2_ws/install/examples_rclpy_minimal_service:/home/manab/ros2_ws/install/examples_rclpy_minimal_publisher:/home/manab/ros2_ws/install/examples_rclpy_minimal_client:/home/manab/ros2_ws/install/examples_rclpy_minimal_action_server:/home/manab/ros2_ws/install/examples_rclpy_minimal_action_client:/home/manab/ros2_ws/install/examples_rclpy_guard_conditions:/home/manab/ros2_ws/install/examples_rclpy_executors:/opt/ros/humble /usr/bin/cmake --install /home/manab/colcon_ws/build/ur_description
