[0.019s] Invoking command in '/home/manab/colcon_ws/build/eyantra_warehouse': CMAKE_PREFIX_PATH=${CMAKE_PREFIX_PATH}:/home/manab/colcon_ws/install/ur5_control:/home/manab/ros2_ws/install/launch_testing_examples:/home/manab/ros2_ws/install/examples_rclpy_pointcloud_publisher:/home/manab/ros2_ws/install/examples_rclpy_minimal_subscriber:/home/manab/ros2_ws/install/examples_rclpy_minimal_service:/home/manab/ros2_ws/install/examples_rclpy_minimal_publisher:/home/manab/ros2_ws/install/examples_rclpy_minimal_client:/home/manab/ros2_ws/install/examples_rclpy_minimal_action_server:/home/manab/ros2_ws/install/examples_rclpy_minimal_action_client:/home/manab/ros2_ws/install/examples_rclpy_guard_conditions:/home/manab/ros2_ws/install/examples_rclpy_executors:/opt/ros/humble /usr/bin/cmake /home/manab/colcon_ws/src/eyantra_warehouse -DCMAKE_INSTALL_PREFIX=/home/manab/colcon_ws/install/eyantra_warehouse
[0.133s] -- The C compiler identification is GNU 11.4.0
[0.228s] -- The CXX compiler identification is GNU 11.4.0
[0.240s] -- Detecting C compiler ABI info
[0.325s] -- Detecting C compiler ABI info - done
[0.334s] -- Check for working C compiler: /usr/bin/cc - skipped
[0.335s] -- Detecting C compile features
[0.335s] -- Detecting C compile features - done
[0.339s] -- Detecting CXX compiler ABI info
[0.447s] -- Detecting CXX compiler ABI info - done
[0.468s] -- Check for working CXX compiler: /usr/bin/c++ - skipped
[0.468s] -- Detecting CXX compile features
[0.470s] -- Detecting CXX compile features - done
[0.479s] -- Found ament_cmake: 1.3.10 (/opt/ros/humble/share/ament_cmake/cmake)
[1.084s] -- Found Python3: /usr/bin/python3 (found version "3.10.12") found components: Interpreter 
[1.235s] -- Found ament_lint_auto: 0.12.11 (/opt/ros/humble/share/ament_lint_auto/cmake)
[1.354s] -- Added test 'copyright' to check source files copyright and LICENSE
[1.393s] -- Added test 'flake8' to check Python code syntax and style conventions
[1.400s] -- Added test 'lint_cmake' to check CMake code style
[1.403s] -- Added test 'pep257' to check Python code against some of the docstring style conventions in PEP 257
[1.430s] -- Added test 'xmllint' to check XML markup files
[1.437s] -- Configuring done
[1.437s] -- Generating done
[1.438s] -- Build files have been written to: /home/manab/colcon_ws/build/eyantra_warehouse
[1.444s] Invoked command in '/home/manab/colcon_ws/build/eyantra_warehouse' returned '0': CMAKE_PREFIX_PATH=${CMAKE_PREFIX_PATH}:/home/manab/colcon_ws/install/ur5_control:/home/manab/ros2_ws/install/launch_testing_examples:/home/manab/ros2_ws/install/examples_rclpy_pointcloud_publisher:/home/manab/ros2_ws/install/examples_rclpy_minimal_subscriber:/home/manab/ros2_ws/install/examples_rclpy_minimal_service:/home/manab/ros2_ws/install/examples_rclpy_minimal_publisher:/home/manab/ros2_ws/install/examples_rclpy_minimal_client:/home/manab/ros2_ws/install/examples_rclpy_minimal_action_server:/home/manab/ros2_ws/install/examples_rclpy_minimal_action_client:/home/manab/ros2_ws/install/examples_rclpy_guard_conditions:/home/manab/ros2_ws/install/examples_rclpy_executors:/opt/ros/humble /usr/bin/cmake /home/manab/colcon_ws/src/eyantra_warehouse -DCMAKE_INSTALL_PREFIX=/home/manab/colcon_ws/install/eyantra_warehouse
[1.446s] Invoking command in '/home/manab/colcon_ws/build/eyantra_warehouse': CMAKE_PREFIX_PATH=${CMAKE_PREFIX_PATH}:/home/manab/colcon_ws/install/ur5_control:/home/manab/ros2_ws/install/launch_testing_examples:/home/manab/ros2_ws/install/examples_rclpy_pointcloud_publisher:/home/manab/ros2_ws/install/examples_rclpy_minimal_subscriber:/home/manab/ros2_ws/install/examples_rclpy_minimal_service:/home/manab/ros2_ws/install/examples_rclpy_minimal_publisher:/home/manab/ros2_ws/install/examples_rclpy_minimal_client:/home/manab/ros2_ws/install/examples_rclpy_minimal_action_server:/home/manab/ros2_ws/install/examples_rclpy_minimal_action_client:/home/manab/ros2_ws/install/examples_rclpy_guard_conditions:/home/manab/ros2_ws/install/examples_rclpy_executors:/opt/ros/humble /usr/bin/cmake --build /home/manab/colcon_ws/build/eyantra_warehouse -- -j4 -l4
[1.490s] Invoked command in '/home/manab/colcon_ws/build/eyantra_warehouse' returned '0': CMAKE_PREFIX_PATH=${CMAKE_PREFIX_PATH}:/home/manab/colcon_ws/install/ur5_control:/home/manab/ros2_ws/install/launch_testing_examples:/home/manab/ros2_ws/install/examples_rclpy_pointcloud_publisher:/home/manab/ros2_ws/install/examples_rclpy_minimal_subscriber:/home/manab/ros2_ws/install/examples_rclpy_minimal_service:/home/manab/ros2_ws/install/examples_rclpy_minimal_publisher:/home/manab/ros2_ws/install/examples_rclpy_minimal_client:/home/manab/ros2_ws/install/examples_rclpy_minimal_action_server:/home/manab/ros2_ws/install/examples_rclpy_minimal_action_client:/home/manab/ros2_ws/install/examples_rclpy_guard_conditions:/home/manab/ros2_ws/install/examples_rclpy_executors:/opt/ros/humble /usr/bin/cmake --build /home/manab/colcon_ws/build/eyantra_warehouse -- -j4 -l4
[1.529s] Invoking command in '/home/manab/colcon_ws/build/eyantra_warehouse': CMAKE_PREFIX_PATH=${CMAKE_PREFIX_PATH}:/home/manab/colcon_ws/install/ur5_control:/home/manab/ros2_ws/install/launch_testing_examples:/home/manab/ros2_ws/install/examples_rclpy_pointcloud_publisher:/home/manab/ros2_ws/install/examples_rclpy_minimal_subscriber:/home/manab/ros2_ws/install/examples_rclpy_minimal_service:/home/manab/ros2_ws/install/examples_rclpy_minimal_publisher:/home/manab/ros2_ws/install/examples_rclpy_minimal_client:/home/manab/ros2_ws/install/examples_rclpy_minimal_action_server:/home/manab/ros2_ws/install/examples_rclpy_minimal_action_client:/home/manab/ros2_ws/install/examples_rclpy_guard_conditions:/home/manab/ros2_ws/install/examples_rclpy_executors:/opt/ros/humble /usr/bin/cmake --install /home/manab/colcon_ws/build/eyantra_warehouse
[1.541s] -- Install configuration: ""
[1.541s] -- Installing: /home/manab/colcon_ws/install/eyantra_warehouse/share/eyantra_warehouse//launch
[1.541s] -- Installing: /home/manab/colcon_ws/install/eyantra_warehouse/share/eyantra_warehouse//launch/task0.launch.py
[1.542s] -- Installing: /home/manab/colcon_ws/install/eyantra_warehouse/share/eyantra_warehouse//launch/task1c.launch.py
[1.542s] -- Installing: /home/manab/colcon_ws/install/eyantra_warehouse/share/eyantra_warehouse//launch/task1b.launch.py
[1.542s] -- Installing: /home/manab/colcon_ws/install/eyantra_warehouse/share/eyantra_warehouse//worlds
[1.542s] -- Installing: /home/manab/colcon_ws/install/eyantra_warehouse/share/eyantra_warehouse//worlds/eyantra_warehouse_task1c.world
[1.543s] -- Installing: /home/manab/colcon_ws/install/eyantra_warehouse/share/eyantra_warehouse//worlds/eyantra_warehouse_task0.world
[1.543s] -- Installing: /home/manab/colcon_ws/install/eyantra_warehouse/share/eyantra_warehouse//worlds/eyantra_warehouse_task1b.world
[1.543s] -- Installing: /home/manab/colcon_ws/install/eyantra_warehouse/share/eyantra_warehouse//models
[1.543s] -- Installing: /home/manab/colcon_ws/install/eyantra_warehouse/share/eyantra_warehouse//models/aws_robomaker_warehouse_DeskC_01
[1.543s] -- Installing: /home/manab/colcon_ws/install/eyantra_warehouse/share/eyantra_warehouse//models/aws_robomaker_warehouse_DeskC_01/model.config
[1.543s] -- Installing: /home/manab/colcon_ws/install/eyantra_warehouse/share/eyantra_warehouse//models/aws_robomaker_warehouse_DeskC_01/model.sdf
[1.544s] -- Installing: /home/manab/colcon_ws/install/eyantra_warehouse/share/eyantra_warehouse//models/aws_robomaker_warehouse_DeskC_01/materials
[1.544s] -- Installing: /home/manab/colcon_ws/install/eyantra_warehouse/share/eyantra_warehouse//models/aws_robomaker_warehouse_DeskC_01/materials/textures
[1.544s] -- Installing: /home/manab/colcon_ws/install/eyantra_warehouse/share/eyantra_warehouse//models/aws_robomaker_warehouse_DeskC_01/materials/textures/aws_robomaker_warehouse_DeskC_03.psd
[1.545s] -- Installing: /home/manab/colcon_ws/install/eyantra_warehouse/share/eyantra_warehouse//models/aws_robomaker_warehouse_DeskC_01/materials/textures/aws_robomaker_warehouse_DeskC_02.png
[1.545s] -- Installing: /home/manab/colcon_ws/install/eyantra_warehouse/share/eyantra_warehouse//models/aws_robomaker_warehouse_DeskC_01/materials/textures/aws_robomaker_warehouse_DeskC_04.png
[1.545s] -- Installing: /home/manab/colcon_ws/install/eyantra_warehouse/share/eyantra_warehouse//models/aws_robomaker_warehouse_DeskC_01/materials/textures/aws_robomaker_warehouse_DeskC_01.png
[1.548s] -- Installing: /home/manab/colcon_ws/install/eyantra_warehouse/share/eyantra_warehouse//models/aws_robomaker_warehouse_DeskC_01/materials/textures/aws_robomaker_warehouse_DeskC_03.png
[1.548s] -- Installing: /home/manab/colcon_ws/install/eyantra_warehouse/share/eyantra_warehouse//models/aws_robomaker_warehouse_DeskC_01/materials/.DS_Store
[1.548s] -- Installing: /home/manab/colcon_ws/install/eyantra_warehouse/share/eyantra_warehouse//models/aws_robomaker_warehouse_DeskC_01/meshes
[1.548s] -- Installing: /home/manab/colcon_ws/install/eyantra_warehouse/share/eyantra_warehouse//models/aws_robomaker_warehouse_DeskC_01/meshes/aws_robomaker_warehouse_DeskC_01_collision.DAE
[1.548s] -- Installing: /home/manab/colcon_ws/install/eyantra_warehouse/share/eyantra_warehouse//models/aws_robomaker_warehouse_DeskC_01/meshes/aws_robomaker_warehouse_DeskC_01_visual.DAE
[1.549s] -- Installing: /home/manab/colcon_ws/install/eyantra_warehouse/share/eyantra_warehouse//models/aws_robomaker_warehouse_ClutteringD_01
[1.549s] -- Installing: /home/manab/colcon_ws/install/eyantra_warehouse/share/eyantra_warehouse//models/aws_robomaker_warehouse_ClutteringD_01/model.config
[1.549s] -- Installing: /home/manab/colcon_ws/install/eyantra_warehouse/share/eyantra_warehouse//models/aws_robomaker_warehouse_ClutteringD_01/model.sdf
[1.549s] -- Installing: /home/manab/colcon_ws/install/eyantra_warehouse/share/eyantra_warehouse//models/aws_robomaker_warehouse_ClutteringD_01/materials
[1.549s] -- Installing: /home/manab/colcon_ws/install/eyantra_warehouse/share/eyantra_warehouse//models/aws_robomaker_warehouse_ClutteringD_01/materials/textures
[1.549s] -- Installing: /home/manab/colcon_ws/install/eyantra_warehouse/share/eyantra_warehouse//models/aws_robomaker_warehouse_ClutteringD_01/materials/textures/aws_robomaker_warehouse_ClutteringD_02.png
[1.549s] -- Installing: /home/manab/colcon_ws/install/eyantra_warehouse/share/eyantra_warehouse//models/aws_robomaker_warehouse_ClutteringD_01/materials/textures/aws_robomaker_warehouse_ClutteringD_01.png
[1.549s] -- Installing: /home/manab/colcon_ws/install/eyantra_warehouse/share/eyantra_warehouse//models/aws_robomaker_warehouse_ClutteringD_01/meshes
[1.549s] -- Installing: /home/manab/colcon_ws/install/eyantra_warehouse/share/eyantra_warehouse//models/aws_robomaker_warehouse_ClutteringD_01/meshes/aws_robomaker_warehouse_ClutteringD_01_visual.DAE
[1.550s] -- Installing: /home/manab/colcon_ws/install/eyantra_warehouse/share/eyantra_warehouse//models/aws_robomaker_warehouse_ClutteringD_01/meshes/aws_robomaker_warehouse_ClutteringD_01_collision.DAE
[1.550s] -- Installing: /home/manab/colcon_ws/install/eyantra_warehouse/share/eyantra_warehouse//models/rack
[1.550s] -- Installing: /home/manab/colcon_ws/install/eyantra_warehouse/share/eyantra_warehouse//models/rack/model.config
[1.550s] -- Installing: /home/manab/colcon_ws/install/eyantra_warehouse/share/eyantra_warehouse//models/rack/model.sdf
[1.550s] -- Installing: /home/manab/colcon_ws/install/eyantra_warehouse/share/eyantra_warehouse//models/rack/meshes
[1.551s] -- Installing: /home/manab/colcon_ws/install/eyantra_warehouse/share/eyantra_warehouse//models/rack/meshes/rack.dae
[1.552s] -- Installing: /home/manab/colcon_ws/install/eyantra_warehouse/share/eyantra_warehouse//models/rack/meshes/rack.stl
[1.554s] -- Installing: /home/manab/colcon_ws/install/eyantra_warehouse/share/eyantra_warehouse//models/rack/meshes/brushedsteel4.jpg
[1.555s] -- Installing: /home/manab/colcon_ws/install/eyantra_warehouse/share/eyantra_warehouse//models/rack/meshes/brushedsteel_bg.jpg
[1.556s] -- Installing: /home/manab/colcon_ws/install/eyantra_warehouse/share/eyantra_warehouse//models/window
[1.557s] -- Installing: /home/manab/colcon_ws/install/eyantra_warehouse/share/eyantra_warehouse//models/window/model.config
[1.557s] -- Installing: /home/manab/colcon_ws/install/eyantra_warehouse/share/eyantra_warehouse//models/window/model.sdf
[1.557s] -- Installing: /home/manab/colcon_ws/install/eyantra_warehouse/share/eyantra_warehouse//models/conveyor_belt
[1.557s] -- Installing: /home/manab/colcon_ws/install/eyantra_warehouse/share/eyantra_warehouse//models/conveyor_belt/model.config
[1.557s] -- Installing: /home/manab/colcon_ws/install/eyantra_warehouse/share/eyantra_warehouse//models/conveyor_belt/model.sdf
[1.558s] -- Installing: /home/manab/colcon_ws/install/eyantra_warehouse/share/eyantra_warehouse//models/conveyor_belt/meshes
[1.558s] -- Installing: /home/manab/colcon_ws/install/eyantra_warehouse/share/eyantra_warehouse//models/conveyor_belt/meshes/conveyor_belt.dae
[1.558s] -- Installing: /home/manab/colcon_ws/install/eyantra_warehouse/share/eyantra_warehouse//models/conveyor_belt/meshes/conveyor_belt.stl
[1.558s] -- Installing: /home/manab/colcon_ws/install/eyantra_warehouse/share/eyantra_warehouse//models/box
[1.560s] -- Installing: /home/manab/colcon_ws/install/eyantra_warehouse/share/eyantra_warehouse//models/box/model.config
[1.561s] -- Installing: /home/manab/colcon_ws/install/eyantra_warehouse/share/eyantra_warehouse//models/box/model.sdf
[1.561s] -- Installing: /home/manab/colcon_ws/install/eyantra_warehouse/share/eyantra_warehouse//models/box/meshes
[1.561s] -- Installing: /home/manab/colcon_ws/install/eyantra_warehouse/share/eyantra_warehouse//models/box/meshes/centroid_old_box.zip
[1.561s] -- Installing: /home/manab/colcon_ws/install/eyantra_warehouse/share/eyantra_warehouse//models/box/meshes/cardboard_bg.png
[1.561s] -- Installing: /home/manab/colcon_ws/install/eyantra_warehouse/share/eyantra_warehouse//models/box/meshes/box.dae
[1.561s] -- Installing: /home/manab/colcon_ws/install/eyantra_warehouse/share/eyantra_warehouse//models/box/meshes/box__bg.png
[1.561s] -- Installing: /home/manab/colcon_ws/install/eyantra_warehouse/share/eyantra_warehouse//models/box/meshes/aruco_tag.jpg
[1.561s] -- Installing: /home/manab/colcon_ws/install/eyantra_warehouse/share/eyantra_warehouse//models/aws_robomaker_warehouse_PalletJackB_01
[1.561s] -- Installing: /home/manab/colcon_ws/install/eyantra_warehouse/share/eyantra_warehouse//models/aws_robomaker_warehouse_PalletJackB_01/model.config
[1.561s] -- Installing: /home/manab/colcon_ws/install/eyantra_warehouse/share/eyantra_warehouse//models/aws_robomaker_warehouse_PalletJackB_01/model.sdf
[1.561s] -- Installing: /home/manab/colcon_ws/install/eyantra_warehouse/share/eyantra_warehouse//models/aws_robomaker_warehouse_PalletJackB_01/materials
[1.561s] -- Installing: /home/manab/colcon_ws/install/eyantra_warehouse/share/eyantra_warehouse//models/aws_robomaker_warehouse_PalletJackB_01/materials/textures
[1.561s] -- Installing: /home/manab/colcon_ws/install/eyantra_warehouse/share/eyantra_warehouse//models/aws_robomaker_warehouse_PalletJackB_01/materials/textures/aws_robomaker_warehouse_PalletJackB_01.png
[1.561s] -- Installing: /home/manab/colcon_ws/install/eyantra_warehouse/share/eyantra_warehouse//models/aws_robomaker_warehouse_PalletJackB_01/materials/textures/aws_robomaker_warehouse_PalletJackB_02.png
[1.561s] -- Installing: /home/manab/colcon_ws/install/eyantra_warehouse/share/eyantra_warehouse//models/aws_robomaker_warehouse_PalletJackB_01/materials/.DS_Store
[1.561s] -- Installing: /home/manab/colcon_ws/install/eyantra_warehouse/share/eyantra_warehouse//models/aws_robomaker_warehouse_PalletJackB_01/meshes
[1.563s] -- Installing: /home/manab/colcon_ws/install/eyantra_warehouse/share/eyantra_warehouse//models/aws_robomaker_warehouse_PalletJackB_01/meshes/aws_robomaker_warehouse_PalletJackB_01_visual.DAE
[1.563s] -- Installing: /home/manab/colcon_ws/install/eyantra_warehouse/share/eyantra_warehouse//models/aws_robomaker_warehouse_PalletJackB_01/meshes/aws_robomaker_warehouse_PalletJackB_01_collision.DAE
[1.564s] -- Installing: /home/manab/colcon_ws/install/eyantra_warehouse/share/eyantra_warehouse//models/aws_robomaker_warehouse_PalletJackB_01/.DS_Store
[1.564s] -- Installing: /home/manab/colcon_ws/install/eyantra_warehouse/share/eyantra_warehouse//models/aws_robomaker_warehouse_ClutteringC_01
[1.564s] -- Installing: /home/manab/colcon_ws/install/eyantra_warehouse/share/eyantra_warehouse//models/aws_robomaker_warehouse_ClutteringC_01/model.config
[1.564s] -- Installing: /home/manab/colcon_ws/install/eyantra_warehouse/share/eyantra_warehouse//models/aws_robomaker_warehouse_ClutteringC_01/model.sdf
[1.564s] -- Installing: /home/manab/colcon_ws/install/eyantra_warehouse/share/eyantra_warehouse//models/aws_robomaker_warehouse_ClutteringC_01/materials
[1.564s] -- Installing: /home/manab/colcon_ws/install/eyantra_warehouse/share/eyantra_warehouse//models/aws_robomaker_warehouse_ClutteringC_01/materials/textures
[1.564s] -- Installing: /home/manab/colcon_ws/install/eyantra_warehouse/share/eyantra_warehouse//models/aws_robomaker_warehouse_ClutteringC_01/materials/textures/aws_robomaker_warehouse_ClutteringC_02.png
[1.564s] -- Installing: /home/manab/colcon_ws/install/eyantra_warehouse/share/eyantra_warehouse//models/aws_robomaker_warehouse_ClutteringC_01/materials/textures/aws_robomaker_warehouse_ClutteringC_01.png
[1.564s] -- Installing: /home/manab/colcon_ws/install/eyantra_warehouse/share/eyantra_warehouse//models/aws_robomaker_warehouse_ClutteringC_01/meshes
[1.564s] -- Installing: /home/manab/colcon_ws/install/eyantra_warehouse/share/eyantra_warehouse//models/aws_robomaker_warehouse_ClutteringC_01/meshes/aws_robomaker_warehouse_ClutteringC_01_visual.DAE
[1.564s] -- Installing: /home/manab/colcon_ws/install/eyantra_warehouse/share/eyantra_warehouse//models/aws_robomaker_warehouse_ClutteringC_01/meshes/aws_robomaker_warehouse_ClutteringC_01_collision.DAE
[1.566s] -- Installing: /home/manab/colcon_ws/install/eyantra_warehouse/share/eyantra_warehouse//models/arm_base
[1.566s] -- Installing: /home/manab/colcon_ws/install/eyantra_warehouse/share/eyantra_warehouse//models/arm_base/model.config
[1.566s] -- Installing: /home/manab/colcon_ws/install/eyantra_warehouse/share/eyantra_warehouse//models/arm_base/model.sdf
[1.566s] -- Installing: /home/manab/colcon_ws/install/eyantra_warehouse/share/eyantra_warehouse//models/arm_base/meshes
[1.566s] -- Installing: /home/manab/colcon_ws/install/eyantra_warehouse/share/eyantra_warehouse//models/arm_base/meshes/arm_base.dae
[1.566s] -- Installing: /home/manab/colcon_ws/install/eyantra_warehouse/share/eyantra_warehouse//models/boxes
[1.567s] -- Installing: /home/manab/colcon_ws/install/eyantra_warehouse/share/eyantra_warehouse//models/boxes/box_35
[1.567s] -- Installing: /home/manab/colcon_ws/install/eyantra_warehouse/share/eyantra_warehouse//models/boxes/box_35/model.config
[1.567s] -- Installing: /home/manab/colcon_ws/install/eyantra_warehouse/share/eyantra_warehouse//models/boxes/box_35/model.sdf
[1.567s] -- Installing: /home/manab/colcon_ws/install/eyantra_warehouse/share/eyantra_warehouse//models/boxes/box_35/meshes
[1.568s] -- Installing: /home/manab/colcon_ws/install/eyantra_warehouse/share/eyantra_warehouse//models/boxes/box_35/meshes/cardboard_bg.png
[1.570s] -- Installing: /home/manab/colcon_ws/install/eyantra_warehouse/share/eyantra_warehouse//models/boxes/box_35/meshes/box.dae
[1.570s] -- Installing: /home/manab/colcon_ws/install/eyantra_warehouse/share/eyantra_warehouse//models/boxes/box_35/meshes/box__bg.png
[1.570s] -- Installing: /home/manab/colcon_ws/install/eyantra_warehouse/share/eyantra_warehouse//models/boxes/box_35/meshes/aruco_tag.jpg
[1.570s] -- Installing: /home/manab/colcon_ws/install/eyantra_warehouse/share/eyantra_warehouse//models/boxes/box.stl
[1.570s] -- Installing: /home/manab/colcon_ws/install/eyantra_warehouse/share/eyantra_warehouse//models/boxes/box_34
[1.570s] -- Installing: /home/manab/colcon_ws/install/eyantra_warehouse/share/eyantra_warehouse//models/boxes/box_34/model.config
[1.570s] -- Installing: /home/manab/colcon_ws/install/eyantra_warehouse/share/eyantra_warehouse//models/boxes/box_34/model.sdf
[1.570s] -- Installing: /home/manab/colcon_ws/install/eyantra_warehouse/share/eyantra_warehouse//models/boxes/box_34/meshes
[1.571s] -- Installing: /home/manab/colcon_ws/install/eyantra_warehouse/share/eyantra_warehouse//models/boxes/box_34/meshes/cardboard_bg.png
[1.571s] -- Installing: /home/manab/colcon_ws/install/eyantra_warehouse/share/eyantra_warehouse//models/boxes/box_34/meshes/box.dae
[1.571s] -- Installing: /home/manab/colcon_ws/install/eyantra_warehouse/share/eyantra_warehouse//models/boxes/box_34/meshes/box__bg.png
[1.571s] -- Installing: /home/manab/colcon_ws/install/eyantra_warehouse/share/eyantra_warehouse//models/boxes/box_34/meshes/aruco_tag.jpg
[1.571s] -- Installing: /home/manab/colcon_ws/install/eyantra_warehouse/share/eyantra_warehouse//models/boxes/box_6
[1.571s] -- Installing: /home/manab/colcon_ws/install/eyantra_warehouse/share/eyantra_warehouse//models/boxes/box_6/model.config
[1.571s] -- Installing: /home/manab/colcon_ws/install/eyantra_warehouse/share/eyantra_warehouse//models/boxes/box_6/model.sdf
[1.571s] -- Installing: /home/manab/colcon_ws/install/eyantra_warehouse/share/eyantra_warehouse//models/boxes/box_6/meshes
[1.571s] -- Installing: /home/manab/colcon_ws/install/eyantra_warehouse/share/eyantra_warehouse//models/boxes/box_6/meshes/cardboard_bg.png
[1.571s] -- Installing: /home/manab/colcon_ws/install/eyantra_warehouse/share/eyantra_warehouse//models/boxes/box_6/meshes/box.dae
[1.573s] -- Installing: /home/manab/colcon_ws/install/eyantra_warehouse/share/eyantra_warehouse//models/boxes/box_6/meshes/box__bg.png
[1.573s] -- Installing: /home/manab/colcon_ws/install/eyantra_warehouse/share/eyantra_warehouse//models/boxes/box_6/meshes/aruco_tag.jpg
[1.573s] -- Installing: /home/manab/colcon_ws/install/eyantra_warehouse/share/eyantra_warehouse//models/boxes/box_13
[1.573s] -- Installing: /home/manab/colcon_ws/install/eyantra_warehouse/share/eyantra_warehouse//models/boxes/box_13/model.config
[1.573s] -- Installing: /home/manab/colcon_ws/install/eyantra_warehouse/share/eyantra_warehouse//models/boxes/box_13/model.sdf
[1.573s] -- Installing: /home/manab/colcon_ws/install/eyantra_warehouse/share/eyantra_warehouse//models/boxes/box_13/meshes
[1.573s] -- Installing: /home/manab/colcon_ws/install/eyantra_warehouse/share/eyantra_warehouse//models/boxes/box_13/meshes/cardboard_bg.png
[1.574s] -- Installing: /home/manab/colcon_ws/install/eyantra_warehouse/share/eyantra_warehouse//models/boxes/box_13/meshes/box.dae
[1.574s] -- Installing: /home/manab/colcon_ws/install/eyantra_warehouse/share/eyantra_warehouse//models/boxes/box_13/meshes/box__bg.png
[1.574s] -- Installing: /home/manab/colcon_ws/install/eyantra_warehouse/share/eyantra_warehouse//models/boxes/box_13/meshes/aruco_tag.jpg
[1.574s] -- Installing: /home/manab/colcon_ws/install/eyantra_warehouse/share/eyantra_warehouse//models/boxes/box_29
[1.574s] -- Installing: /home/manab/colcon_ws/install/eyantra_warehouse/share/eyantra_warehouse//models/boxes/box_29/model.config
[1.575s] -- Installing: /home/manab/colcon_ws/install/eyantra_warehouse/share/eyantra_warehouse//models/boxes/box_29/model.sdf
[1.575s] -- Installing: /home/manab/colcon_ws/install/eyantra_warehouse/share/eyantra_warehouse//models/boxes/box_29/meshes
[1.575s] -- Installing: /home/manab/colcon_ws/install/eyantra_warehouse/share/eyantra_warehouse//models/boxes/box_29/meshes/cardboard_bg.png
[1.575s] -- Installing: /home/manab/colcon_ws/install/eyantra_warehouse/share/eyantra_warehouse//models/boxes/box_29/meshes/box.dae
[1.575s] -- Installing: /home/manab/colcon_ws/install/eyantra_warehouse/share/eyantra_warehouse//models/boxes/box_29/meshes/box__bg.png
[1.576s] -- Installing: /home/manab/colcon_ws/install/eyantra_warehouse/share/eyantra_warehouse//models/boxes/box_29/meshes/aruco_tag.jpg
[1.576s] -- Installing: /home/manab/colcon_ws/install/eyantra_warehouse/share/eyantra_warehouse//models/boxes/box_19
[1.576s] -- Installing: /home/manab/colcon_ws/install/eyantra_warehouse/share/eyantra_warehouse//models/boxes/box_19/model.config
[1.576s] -- Installing: /home/manab/colcon_ws/install/eyantra_warehouse/share/eyantra_warehouse//models/boxes/box_19/model.sdf
[1.576s] -- Installing: /home/manab/colcon_ws/install/eyantra_warehouse/share/eyantra_warehouse//models/boxes/box_19/meshes
[1.577s] -- Installing: /home/manab/colcon_ws/install/eyantra_warehouse/share/eyantra_warehouse//models/boxes/box_19/meshes/cardboard_bg.png
[1.577s] -- Installing: /home/manab/colcon_ws/install/eyantra_warehouse/share/eyantra_warehouse//models/boxes/box_19/meshes/box.dae
[1.577s] -- Installing: /home/manab/colcon_ws/install/eyantra_warehouse/share/eyantra_warehouse//models/boxes/box_19/meshes/box__bg.png
[1.577s] -- Installing: /home/manab/colcon_ws/install/eyantra_warehouse/share/eyantra_warehouse//models/boxes/box_19/meshes/aruco_tag.jpg
[1.578s] -- Installing: /home/manab/colcon_ws/install/eyantra_warehouse/share/eyantra_warehouse//models/boxes/box_44
[1.578s] -- Installing: /home/manab/colcon_ws/install/eyantra_warehouse/share/eyantra_warehouse//models/boxes/box_44/model.config
[1.578s] -- Installing: /home/manab/colcon_ws/install/eyantra_warehouse/share/eyantra_warehouse//models/boxes/box_44/model.sdf
[1.578s] -- Installing: /home/manab/colcon_ws/install/eyantra_warehouse/share/eyantra_warehouse//models/boxes/box_44/meshes
[1.578s] -- Installing: /home/manab/colcon_ws/install/eyantra_warehouse/share/eyantra_warehouse//models/boxes/box_44/meshes/cardboard_bg.png
[1.579s] -- Installing: /home/manab/colcon_ws/install/eyantra_warehouse/share/eyantra_warehouse//models/boxes/box_44/meshes/box.dae
[1.579s] -- Installing: /home/manab/colcon_ws/install/eyantra_warehouse/share/eyantra_warehouse//models/boxes/box_44/meshes/box__bg.png
[1.579s] -- Installing: /home/manab/colcon_ws/install/eyantra_warehouse/share/eyantra_warehouse//models/boxes/box_44/meshes/aruco_tag.jpg
[1.579s] -- Installing: /home/manab/colcon_ws/install/eyantra_warehouse/share/eyantra_warehouse//models/boxes/box_30
[1.579s] -- Installing: /home/manab/colcon_ws/install/eyantra_warehouse/share/eyantra_warehouse//models/boxes/box_30/model.config
[1.579s] -- Installing: /home/manab/colcon_ws/install/eyantra_warehouse/share/eyantra_warehouse//models/boxes/box_30/model.sdf
[1.579s] -- Installing: /home/manab/colcon_ws/install/eyantra_warehouse/share/eyantra_warehouse//models/boxes/box_30/meshes
[1.579s] -- Installing: /home/manab/colcon_ws/install/eyantra_warehouse/share/eyantra_warehouse//models/boxes/box_30/meshes/cardboard_bg.png
[1.579s] -- Installing: /home/manab/colcon_ws/install/eyantra_warehouse/share/eyantra_warehouse//models/boxes/box_30/meshes/box.dae
[1.579s] -- Installing: /home/manab/colcon_ws/install/eyantra_warehouse/share/eyantra_warehouse//models/boxes/box_30/meshes/box__bg.png
[1.580s] -- Installing: /home/manab/colcon_ws/install/eyantra_warehouse/share/eyantra_warehouse//models/boxes/box_30/meshes/aruco_tag.jpg
[1.580s] -- Installing: /home/manab/colcon_ws/install/eyantra_warehouse/share/eyantra_warehouse//models/boxes/box_24
[1.580s] -- Installing: /home/manab/colcon_ws/install/eyantra_warehouse/share/eyantra_warehouse//models/boxes/box_24/model.config
[1.580s] -- Installing: /home/manab/colcon_ws/install/eyantra_warehouse/share/eyantra_warehouse//models/boxes/box_24/model.sdf
[1.580s] -- Installing: /home/manab/colcon_ws/install/eyantra_warehouse/share/eyantra_warehouse//models/boxes/box_24/meshes
[1.580s] -- Installing: /home/manab/colcon_ws/install/eyantra_warehouse/share/eyantra_warehouse//models/boxes/box_24/meshes/cardboard_bg.png
[1.581s] -- Installing: /home/manab/colcon_ws/install/eyantra_warehouse/share/eyantra_warehouse//models/boxes/box_24/meshes/box.dae
[1.581s] -- Installing: /home/manab/colcon_ws/install/eyantra_warehouse/share/eyantra_warehouse//models/boxes/box_24/meshes/box__bg.png
[1.582s] -- Installing: /home/manab/colcon_ws/install/eyantra_warehouse/share/eyantra_warehouse//models/boxes/box_24/meshes/aruco_tag.jpg
[1.582s] -- Installing: /home/manab/colcon_ws/install/eyantra_warehouse/share/eyantra_warehouse//models/boxes/box_4
[1.582s] -- Installing: /home/manab/colcon_ws/install/eyantra_warehouse/share/eyantra_warehouse//models/boxes/box_4/model.config
[1.582s] -- Installing: /home/manab/colcon_ws/install/eyantra_warehouse/share/eyantra_warehouse//models/boxes/box_4/model.sdf
[1.582s] -- Installing: /home/manab/colcon_ws/install/eyantra_warehouse/share/eyantra_warehouse//models/boxes/box_4/meshes
[1.582s] -- Installing: /home/manab/colcon_ws/install/eyantra_warehouse/share/eyantra_warehouse//models/boxes/box_4/meshes/cardboard_bg.png
[1.582s] -- Installing: /home/manab/colcon_ws/install/eyantra_warehouse/share/eyantra_warehouse//models/boxes/box_4/meshes/box.dae
[1.582s] -- Installing: /home/manab/colcon_ws/install/eyantra_warehouse/share/eyantra_warehouse//models/boxes/box_4/meshes/box__bg.png
[1.582s] -- Installing: /home/manab/colcon_ws/install/eyantra_warehouse/share/eyantra_warehouse//models/boxes/box_4/meshes/aruco_tag.jpg
[1.582s] -- Installing: /home/manab/colcon_ws/install/eyantra_warehouse/share/eyantra_warehouse//models/boxes/box_38
[1.582s] -- Installing: /home/manab/colcon_ws/install/eyantra_warehouse/share/eyantra_warehouse//models/boxes/box_38/model.config
[1.582s] -- Installing: /home/manab/colcon_ws/install/eyantra_warehouse/share/eyantra_warehouse//models/boxes/box_38/model.sdf
[1.585s] -- Installing: /home/manab/colcon_ws/install/eyantra_warehouse/share/eyantra_warehouse//models/boxes/box_38/meshes
[1.585s] -- Installing: /home/manab/colcon_ws/install/eyantra_warehouse/share/eyantra_warehouse//models/boxes/box_38/meshes/cardboard_bg.png
[1.585s] -- Installing: /home/manab/colcon_ws/install/eyantra_warehouse/share/eyantra_warehouse//models/boxes/box_38/meshes/box.dae
[1.586s] -- Installing: /home/manab/colcon_ws/install/eyantra_warehouse/share/eyantra_warehouse//models/boxes/box_38/meshes/box__bg.png
[1.586s] -- Installing: /home/manab/colcon_ws/install/eyantra_warehouse/share/eyantra_warehouse//models/boxes/box_38/meshes/aruco_tag.jpg
[1.586s] -- Installing: /home/manab/colcon_ws/install/eyantra_warehouse/share/eyantra_warehouse//models/boxes/box_36
[1.586s] -- Installing: /home/manab/colcon_ws/install/eyantra_warehouse/share/eyantra_warehouse//models/boxes/box_36/model.config
[1.586s] -- Installing: /home/manab/colcon_ws/install/eyantra_warehouse/share/eyantra_warehouse//models/boxes/box_36/model.sdf
[1.586s] -- Installing: /home/manab/colcon_ws/install/eyantra_warehouse/share/eyantra_warehouse//models/boxes/box_36/meshes
[1.586s] -- Installing: /home/manab/colcon_ws/install/eyantra_warehouse/share/eyantra_warehouse//models/boxes/box_36/meshes/cardboard_bg.png
[1.586s] -- Installing: /home/manab/colcon_ws/install/eyantra_warehouse/share/eyantra_warehouse//models/boxes/box_36/meshes/box.dae
[1.586s] -- Installing: /home/manab/colcon_ws/install/eyantra_warehouse/share/eyantra_warehouse//models/boxes/box_36/meshes/box__bg.png
[1.586s] -- Installing: /home/manab/colcon_ws/install/eyantra_warehouse/share/eyantra_warehouse//models/boxes/box_36/meshes/aruco_tag.jpg
[1.586s] -- Installing: /home/manab/colcon_ws/install/eyantra_warehouse/share/eyantra_warehouse//models/boxes/box_23
[1.586s] -- Installing: /home/manab/colcon_ws/install/eyantra_warehouse/share/eyantra_warehouse//models/boxes/box_23/model.config
[1.586s] -- Installing: /home/manab/colcon_ws/install/eyantra_warehouse/share/eyantra_warehouse//models/boxes/box_23/model.sdf
[1.586s] -- Installing: /home/manab/colcon_ws/install/eyantra_warehouse/share/eyantra_warehouse//models/boxes/box_23/meshes
[1.586s] -- Installing: /home/manab/colcon_ws/install/eyantra_warehouse/share/eyantra_warehouse//models/boxes/box_23/meshes/cardboard_bg.png
[1.587s] -- Installing: /home/manab/colcon_ws/install/eyantra_warehouse/share/eyantra_warehouse//models/boxes/box_23/meshes/box.dae
[1.587s] -- Installing: /home/manab/colcon_ws/install/eyantra_warehouse/share/eyantra_warehouse//models/boxes/box_23/meshes/box__bg.png
[1.587s] -- Installing: /home/manab/colcon_ws/install/eyantra_warehouse/share/eyantra_warehouse//models/boxes/box_23/meshes/aruco_tag.jpg
[1.587s] -- Installing: /home/manab/colcon_ws/install/eyantra_warehouse/share/eyantra_warehouse//models/boxes/box_37
[1.587s] -- Installing: /home/manab/colcon_ws/install/eyantra_warehouse/share/eyantra_warehouse//models/boxes/box_37/model.config
[1.587s] -- Installing: /home/manab/colcon_ws/install/eyantra_warehouse/share/eyantra_warehouse//models/boxes/box_37/model.sdf
[1.587s] -- Installing: /home/manab/colcon_ws/install/eyantra_warehouse/share/eyantra_warehouse//models/boxes/box_37/meshes
[1.587s] -- Installing: /home/manab/colcon_ws/install/eyantra_warehouse/share/eyantra_warehouse//models/boxes/box_37/meshes/cardboard_bg.png
[1.587s] -- Installing: /home/manab/colcon_ws/install/eyantra_warehouse/share/eyantra_warehouse//models/boxes/box_37/meshes/box.dae
[1.587s] -- Installing: /home/manab/colcon_ws/install/eyantra_warehouse/share/eyantra_warehouse//models/boxes/box_37/meshes/box__bg.png
[1.587s] -- Installing: /home/manab/colcon_ws/install/eyantra_warehouse/share/eyantra_warehouse//models/boxes/box_37/meshes/aruco_tag.jpg
[1.587s] -- Installing: /home/manab/colcon_ws/install/eyantra_warehouse/share/eyantra_warehouse//models/boxes/box_47
[1.587s] -- Installing: /home/manab/colcon_ws/install/eyantra_warehouse/share/eyantra_warehouse//models/boxes/box_47/model.config
[1.587s] -- Installing: /home/manab/colcon_ws/install/eyantra_warehouse/share/eyantra_warehouse//models/boxes/box_47/model.sdf
[1.587s] -- Installing: /home/manab/colcon_ws/install/eyantra_warehouse/share/eyantra_warehouse//models/boxes/box_47/meshes
[1.587s] -- Installing: /home/manab/colcon_ws/install/eyantra_warehouse/share/eyantra_warehouse//models/boxes/box_47/meshes/cardboard_bg.png
[1.588s] -- Installing: /home/manab/colcon_ws/install/eyantra_warehouse/share/eyantra_warehouse//models/boxes/box_47/meshes/box.dae
[1.588s] -- Installing: /home/manab/colcon_ws/install/eyantra_warehouse/share/eyantra_warehouse//models/boxes/box_47/meshes/box__bg.png
[1.588s] -- Installing: /home/manab/colcon_ws/install/eyantra_warehouse/share/eyantra_warehouse//models/boxes/box_47/meshes/aruco_tag.jpg
[1.588s] -- Installing: /home/manab/colcon_ws/install/eyantra_warehouse/share/eyantra_warehouse//models/boxes/box_14
[1.588s] -- Installing: /home/manab/colcon_ws/install/eyantra_warehouse/share/eyantra_warehouse//models/boxes/box_14/model.config
[1.588s] -- Installing: /home/manab/colcon_ws/install/eyantra_warehouse/share/eyantra_warehouse//models/boxes/box_14/model.sdf
[1.588s] -- Installing: /home/manab/colcon_ws/install/eyantra_warehouse/share/eyantra_warehouse//models/boxes/box_14/meshes
[1.588s] -- Installing: /home/manab/colcon_ws/install/eyantra_warehouse/share/eyantra_warehouse//models/boxes/box_14/meshes/cardboard_bg.png
[1.588s] -- Installing: /home/manab/colcon_ws/install/eyantra_warehouse/share/eyantra_warehouse//models/boxes/box_14/meshes/box.dae
[1.590s] -- Installing: /home/manab/colcon_ws/install/eyantra_warehouse/share/eyantra_warehouse//models/boxes/box_14/meshes/box__bg.png
[1.590s] -- Installing: /home/manab/colcon_ws/install/eyantra_warehouse/share/eyantra_warehouse//models/boxes/box_14/meshes/aruco_tag.jpg
[1.591s] -- Installing: /home/manab/colcon_ws/install/eyantra_warehouse/share/eyantra_warehouse//models/boxes/box_33
[1.591s] -- Installing: /home/manab/colcon_ws/install/eyantra_warehouse/share/eyantra_warehouse//models/boxes/box_33/model.config
[1.591s] -- Installing: /home/manab/colcon_ws/install/eyantra_warehouse/share/eyantra_warehouse//models/boxes/box_33/model.sdf
[1.591s] -- Installing: /home/manab/colcon_ws/install/eyantra_warehouse/share/eyantra_warehouse//models/boxes/box_33/meshes
[1.591s] -- Installing: /home/manab/colcon_ws/install/eyantra_warehouse/share/eyantra_warehouse//models/boxes/box_33/meshes/cardboard_bg.png
[1.591s] -- Installing: /home/manab/colcon_ws/install/eyantra_warehouse/share/eyantra_warehouse//models/boxes/box_33/meshes/box.dae
[1.591s] -- Installing: /home/manab/colcon_ws/install/eyantra_warehouse/share/eyantra_warehouse//models/boxes/box_33/meshes/box__bg.png
[1.591s] -- Installing: /home/manab/colcon_ws/install/eyantra_warehouse/share/eyantra_warehouse//models/boxes/box_33/meshes/aruco_tag.jpg
[1.591s] -- Installing: /home/manab/colcon_ws/install/eyantra_warehouse/share/eyantra_warehouse//models/boxes/box_9
[1.591s] -- Installing: /home/manab/colcon_ws/install/eyantra_warehouse/share/eyantra_warehouse//models/boxes/box_9/model.config
[1.591s] -- Installing: /home/manab/colcon_ws/install/eyantra_warehouse/share/eyantra_warehouse//models/boxes/box_9/model.sdf
[1.591s] -- Installing: /home/manab/colcon_ws/install/eyantra_warehouse/share/eyantra_warehouse//models/boxes/box_9/meshes
[1.591s] -- Installing: /home/manab/colcon_ws/install/eyantra_warehouse/share/eyantra_warehouse//models/boxes/box_9/meshes/cardboard_bg.png
[1.592s] -- Installing: /home/manab/colcon_ws/install/eyantra_warehouse/share/eyantra_warehouse//models/boxes/box_9/meshes/box.dae
[1.592s] -- Installing: /home/manab/colcon_ws/install/eyantra_warehouse/share/eyantra_warehouse//models/boxes/box_9/meshes/box__bg.png
[1.592s] -- Installing: /home/manab/colcon_ws/install/eyantra_warehouse/share/eyantra_warehouse//models/boxes/box_9/meshes/aruco_tag.jpg
[1.592s] -- Installing: /home/manab/colcon_ws/install/eyantra_warehouse/share/eyantra_warehouse//models/boxes/box_40
[1.592s] -- Installing: /home/manab/colcon_ws/install/eyantra_warehouse/share/eyantra_warehouse//models/boxes/box_40/model.config
[1.592s] -- Installing: /home/manab/colcon_ws/install/eyantra_warehouse/share/eyantra_warehouse//models/boxes/box_40/model.sdf
[1.592s] -- Installing: /home/manab/colcon_ws/install/eyantra_warehouse/share/eyantra_warehouse//models/boxes/box_40/meshes
[1.592s] -- Installing: /home/manab/colcon_ws/install/eyantra_warehouse/share/eyantra_warehouse//models/boxes/box_40/meshes/cardboard_bg.png
[1.592s] -- Installing: /home/manab/colcon_ws/install/eyantra_warehouse/share/eyantra_warehouse//models/boxes/box_40/meshes/box.dae
[1.592s] -- Installing: /home/manab/colcon_ws/install/eyantra_warehouse/share/eyantra_warehouse//models/boxes/box_40/meshes/box__bg.png
[1.592s] -- Installing: /home/manab/colcon_ws/install/eyantra_warehouse/share/eyantra_warehouse//models/boxes/box_40/meshes/aruco_tag.jpg
[1.592s] -- Installing: /home/manab/colcon_ws/install/eyantra_warehouse/share/eyantra_warehouse//models/boxes/box_32
[1.592s] -- Installing: /home/manab/colcon_ws/install/eyantra_warehouse/share/eyantra_warehouse//models/boxes/box_32/model.config
[1.592s] -- Installing: /home/manab/colcon_ws/install/eyantra_warehouse/share/eyantra_warehouse//models/boxes/box_32/model.sdf
[1.592s] -- Installing: /home/manab/colcon_ws/install/eyantra_warehouse/share/eyantra_warehouse//models/boxes/box_32/meshes
[1.592s] -- Installing: /home/manab/colcon_ws/install/eyantra_warehouse/share/eyantra_warehouse//models/boxes/box_32/meshes/cardboard_bg.png
[1.592s] -- Installing: /home/manab/colcon_ws/install/eyantra_warehouse/share/eyantra_warehouse//models/boxes/box_32/meshes/box.dae
[1.593s] -- Installing: /home/manab/colcon_ws/install/eyantra_warehouse/share/eyantra_warehouse//models/boxes/box_32/meshes/box__bg.png
[1.593s] -- Installing: /home/manab/colcon_ws/install/eyantra_warehouse/share/eyantra_warehouse//models/boxes/box_32/meshes/aruco_tag.jpg
[1.593s] -- Installing: /home/manab/colcon_ws/install/eyantra_warehouse/share/eyantra_warehouse//models/boxes/box_45
[1.593s] -- Installing: /home/manab/colcon_ws/install/eyantra_warehouse/share/eyantra_warehouse//models/boxes/box_45/model.config
[1.593s] -- Installing: /home/manab/colcon_ws/install/eyantra_warehouse/share/eyantra_warehouse//models/boxes/box_45/model.sdf
[1.593s] -- Installing: /home/manab/colcon_ws/install/eyantra_warehouse/share/eyantra_warehouse//models/boxes/box_45/meshes
[1.593s] -- Installing: /home/manab/colcon_ws/install/eyantra_warehouse/share/eyantra_warehouse//models/boxes/box_45/meshes/cardboard_bg.png
[1.593s] -- Installing: /home/manab/colcon_ws/install/eyantra_warehouse/share/eyantra_warehouse//models/boxes/box_45/meshes/box.dae
[1.593s] -- Installing: /home/manab/colcon_ws/install/eyantra_warehouse/share/eyantra_warehouse//models/boxes/box_45/meshes/box__bg.png
[1.593s] -- Installing: /home/manab/colcon_ws/install/eyantra_warehouse/share/eyantra_warehouse//models/boxes/box_45/meshes/aruco_tag.jpg
[1.593s] -- Installing: /home/manab/colcon_ws/install/eyantra_warehouse/share/eyantra_warehouse//models/boxes/box_2
[1.593s] -- Installing: /home/manab/colcon_ws/install/eyantra_warehouse/share/eyantra_warehouse//models/boxes/box_2/model.config
[1.594s] -- Installing: /home/manab/colcon_ws/install/eyantra_warehouse/share/eyantra_warehouse//models/boxes/box_2/model.sdf
[1.594s] -- Installing: /home/manab/colcon_ws/install/eyantra_warehouse/share/eyantra_warehouse//models/boxes/box_2/meshes
[1.594s] -- Installing: /home/manab/colcon_ws/install/eyantra_warehouse/share/eyantra_warehouse//models/boxes/box_2/meshes/cardboard_bg.png
[1.594s] -- Installing: /home/manab/colcon_ws/install/eyantra_warehouse/share/eyantra_warehouse//models/boxes/box_2/meshes/box.dae
[1.594s] -- Installing: /home/manab/colcon_ws/install/eyantra_warehouse/share/eyantra_warehouse//models/boxes/box_2/meshes/box__bg.png
[1.594s] -- Installing: /home/manab/colcon_ws/install/eyantra_warehouse/share/eyantra_warehouse//models/boxes/box_2/meshes/aruco_tag.jpg
[1.594s] -- Installing: /home/manab/colcon_ws/install/eyantra_warehouse/share/eyantra_warehouse//models/boxes/box_3
[1.594s] -- Installing: /home/manab/colcon_ws/install/eyantra_warehouse/share/eyantra_warehouse//models/boxes/box_3/model.config
[1.594s] -- Installing: /home/manab/colcon_ws/install/eyantra_warehouse/share/eyantra_warehouse//models/boxes/box_3/model.sdf
[1.594s] -- Installing: /home/manab/colcon_ws/install/eyantra_warehouse/share/eyantra_warehouse//models/boxes/box_3/meshes
[1.594s] -- Installing: /home/manab/colcon_ws/install/eyantra_warehouse/share/eyantra_warehouse//models/boxes/box_3/meshes/cardboard_bg.png
[1.594s] -- Installing: /home/manab/colcon_ws/install/eyantra_warehouse/share/eyantra_warehouse//models/boxes/box_3/meshes/box.dae
[1.595s] -- Installing: /home/manab/colcon_ws/install/eyantra_warehouse/share/eyantra_warehouse//models/boxes/box_3/meshes/box__bg.png
[1.595s] -- Installing: /home/manab/colcon_ws/install/eyantra_warehouse/share/eyantra_warehouse//models/boxes/box_3/meshes/aruco_tag.jpg
[1.595s] -- Installing: /home/manab/colcon_ws/install/eyantra_warehouse/share/eyantra_warehouse//models/boxes/box_12
[1.595s] -- Installing: /home/manab/colcon_ws/install/eyantra_warehouse/share/eyantra_warehouse//models/boxes/box_12/model.config
[1.595s] -- Installing: /home/manab/colcon_ws/install/eyantra_warehouse/share/eyantra_warehouse//models/boxes/box_12/model.sdf
[1.595s] -- Installing: /home/manab/colcon_ws/install/eyantra_warehouse/share/eyantra_warehouse//models/boxes/box_12/meshes
[1.596s] -- Installing: /home/manab/colcon_ws/install/eyantra_warehouse/share/eyantra_warehouse//models/boxes/box_12/meshes/cardboard_bg.png
[1.596s] -- Installing: /home/manab/colcon_ws/install/eyantra_warehouse/share/eyantra_warehouse//models/boxes/box_12/meshes/box.dae
[1.596s] -- Installing: /home/manab/colcon_ws/install/eyantra_warehouse/share/eyantra_warehouse//models/boxes/box_12/meshes/box__bg.png
[1.596s] -- Installing: /home/manab/colcon_ws/install/eyantra_warehouse/share/eyantra_warehouse//models/boxes/box_12/meshes/aruco_tag.jpg
[1.596s] -- Installing: /home/manab/colcon_ws/install/eyantra_warehouse/share/eyantra_warehouse//models/boxes/box_18
[1.597s] -- Installing: /home/manab/colcon_ws/install/eyantra_warehouse/share/eyantra_warehouse//models/boxes/box_18/model.config
[1.597s] -- Installing: /home/manab/colcon_ws/install/eyantra_warehouse/share/eyantra_warehouse//models/boxes/box_18/model.sdf
[1.597s] -- Installing: /home/manab/colcon_ws/install/eyantra_warehouse/share/eyantra_warehouse//models/boxes/box_18/meshes
[1.597s] -- Installing: /home/manab/colcon_ws/install/eyantra_warehouse/share/eyantra_warehouse//models/boxes/box_18/meshes/cardboard_bg.png
[1.597s] -- Installing: /home/manab/colcon_ws/install/eyantra_warehouse/share/eyantra_warehouse//models/boxes/box_18/meshes/box.dae
[1.597s] -- Installing: /home/manab/colcon_ws/install/eyantra_warehouse/share/eyantra_warehouse//models/boxes/box_18/meshes/box__bg.png
[1.597s] -- Installing: /home/manab/colcon_ws/install/eyantra_warehouse/share/eyantra_warehouse//models/boxes/box_18/meshes/aruco_tag.jpg
[1.597s] -- Installing: /home/manab/colcon_ws/install/eyantra_warehouse/share/eyantra_warehouse//models/boxes/box_10
[1.597s] -- Installing: /home/manab/colcon_ws/install/eyantra_warehouse/share/eyantra_warehouse//models/boxes/box_10/model.config
[1.597s] -- Installing: /home/manab/colcon_ws/install/eyantra_warehouse/share/eyantra_warehouse//models/boxes/box_10/model.sdf
[1.598s] -- Installing: /home/manab/colcon_ws/install/eyantra_warehouse/share/eyantra_warehouse//models/boxes/box_10/meshes
[1.598s] -- Installing: /home/manab/colcon_ws/install/eyantra_warehouse/share/eyantra_warehouse//models/boxes/box_10/meshes/cardboard_bg.png
[1.598s] -- Installing: /home/manab/colcon_ws/install/eyantra_warehouse/share/eyantra_warehouse//models/boxes/box_10/meshes/box.dae
[1.599s] -- Installing: /home/manab/colcon_ws/install/eyantra_warehouse/share/eyantra_warehouse//models/boxes/box_10/meshes/box__bg.png
[1.599s] -- Installing: /home/manab/colcon_ws/install/eyantra_warehouse/share/eyantra_warehouse//models/boxes/box_10/meshes/aruco_tag.jpg
[1.599s] -- Installing: /home/manab/colcon_ws/install/eyantra_warehouse/share/eyantra_warehouse//models/boxes/box_43
[1.599s] -- Installing: /home/manab/colcon_ws/install/eyantra_warehouse/share/eyantra_warehouse//models/boxes/box_43/model.config
[1.600s] -- Installing: /home/manab/colcon_ws/install/eyantra_warehouse/share/eyantra_warehouse//models/boxes/box_43/model.sdf
[1.600s] -- Installing: /home/manab/colcon_ws/install/eyantra_warehouse/share/eyantra_warehouse//models/boxes/box_43/meshes
[1.600s] -- Installing: /home/manab/colcon_ws/install/eyantra_warehouse/share/eyantra_warehouse//models/boxes/box_43/meshes/cardboard_bg.png
[1.600s] -- Installing: /home/manab/colcon_ws/install/eyantra_warehouse/share/eyantra_warehouse//models/boxes/box_43/meshes/box.dae
[1.600s] -- Installing: /home/manab/colcon_ws/install/eyantra_warehouse/share/eyantra_warehouse//models/boxes/box_43/meshes/box__bg.png
[1.600s] -- Installing: /home/manab/colcon_ws/install/eyantra_warehouse/share/eyantra_warehouse//models/boxes/box_43/meshes/aruco_tag.jpg
[1.601s] -- Installing: /home/manab/colcon_ws/install/eyantra_warehouse/share/eyantra_warehouse//models/boxes/box_39
[1.601s] -- Installing: /home/manab/colcon_ws/install/eyantra_warehouse/share/eyantra_warehouse//models/boxes/box_39/model.config
[1.601s] -- Installing: /home/manab/colcon_ws/install/eyantra_warehouse/share/eyantra_warehouse//models/boxes/box_39/model.sdf
[1.601s] -- Installing: /home/manab/colcon_ws/install/eyantra_warehouse/share/eyantra_warehouse//models/boxes/box_39/meshes
[1.601s] -- Installing: /home/manab/colcon_ws/install/eyantra_warehouse/share/eyantra_warehouse//models/boxes/box_39/meshes/cardboard_bg.png
[1.601s] -- Installing: /home/manab/colcon_ws/install/eyantra_warehouse/share/eyantra_warehouse//models/boxes/box_39/meshes/box.dae
[1.601s] -- Installing: /home/manab/colcon_ws/install/eyantra_warehouse/share/eyantra_warehouse//models/boxes/box_39/meshes/box__bg.png
[1.602s] -- Installing: /home/manab/colcon_ws/install/eyantra_warehouse/share/eyantra_warehouse//models/boxes/box_39/meshes/aruco_tag.jpg
[1.602s] -- Installing: /home/manab/colcon_ws/install/eyantra_warehouse/share/eyantra_warehouse//models/boxes/box_27
[1.602s] -- Installing: /home/manab/colcon_ws/install/eyantra_warehouse/share/eyantra_warehouse//models/boxes/box_27/model.config
[1.602s] -- Installing: /home/manab/colcon_ws/install/eyantra_warehouse/share/eyantra_warehouse//models/boxes/box_27/model.sdf
[1.602s] -- Installing: /home/manab/colcon_ws/install/eyantra_warehouse/share/eyantra_warehouse//models/boxes/box_27/meshes
[1.602s] -- Installing: /home/manab/colcon_ws/install/eyantra_warehouse/share/eyantra_warehouse//models/boxes/box_27/meshes/cardboard_bg.png
[1.603s] -- Installing: /home/manab/colcon_ws/install/eyantra_warehouse/share/eyantra_warehouse//models/boxes/box_27/meshes/box.dae
[1.603s] -- Installing: /home/manab/colcon_ws/install/eyantra_warehouse/share/eyantra_warehouse//models/boxes/box_27/meshes/box__bg.png
[1.603s] -- Installing: /home/manab/colcon_ws/install/eyantra_warehouse/share/eyantra_warehouse//models/boxes/box_27/meshes/aruco_tag.jpg
[1.603s] -- Installing: /home/manab/colcon_ws/install/eyantra_warehouse/share/eyantra_warehouse//models/boxes/box_21
[1.603s] -- Installing: /home/manab/colcon_ws/install/eyantra_warehouse/share/eyantra_warehouse//models/boxes/box_21/model.config
[1.603s] -- Installing: /home/manab/colcon_ws/install/eyantra_warehouse/share/eyantra_warehouse//models/boxes/box_21/model.sdf
[1.603s] -- Installing: /home/manab/colcon_ws/install/eyantra_warehouse/share/eyantra_warehouse//models/boxes/box_21/meshes
[1.604s] -- Installing: /home/manab/colcon_ws/install/eyantra_warehouse/share/eyantra_warehouse//models/boxes/box_21/meshes/cardboard_bg.png
[1.604s] -- Installing: /home/manab/colcon_ws/install/eyantra_warehouse/share/eyantra_warehouse//models/boxes/box_21/meshes/box.dae
[1.604s] -- Installing: /home/manab/colcon_ws/install/eyantra_warehouse/share/eyantra_warehouse//models/boxes/box_21/meshes/box__bg.png
[1.604s] -- Installing: /home/manab/colcon_ws/install/eyantra_warehouse/share/eyantra_warehouse//models/boxes/box_21/meshes/aruco_tag.jpg
[1.604s] -- Installing: /home/manab/colcon_ws/install/eyantra_warehouse/share/eyantra_warehouse//models/boxes/box_15
[1.605s] -- Installing: /home/manab/colcon_ws/install/eyantra_warehouse/share/eyantra_warehouse//models/boxes/box_15/model.config
[1.605s] -- Installing: /home/manab/colcon_ws/install/eyantra_warehouse/share/eyantra_warehouse//models/boxes/box_15/model.sdf
[1.605s] -- Installing: /home/manab/colcon_ws/install/eyantra_warehouse/share/eyantra_warehouse//models/boxes/box_15/meshes
[1.605s] -- Installing: /home/manab/colcon_ws/install/eyantra_warehouse/share/eyantra_warehouse//models/boxes/box_15/meshes/cardboard_bg.png
[1.605s] -- Installing: /home/manab/colcon_ws/install/eyantra_warehouse/share/eyantra_warehouse//models/boxes/box_15/meshes/box.dae
[1.605s] -- Installing: /home/manab/colcon_ws/install/eyantra_warehouse/share/eyantra_warehouse//models/boxes/box_15/meshes/box__bg.png
[1.605s] -- Installing: /home/manab/colcon_ws/install/eyantra_warehouse/share/eyantra_warehouse//models/boxes/box_15/meshes/aruco_tag.jpg
[1.606s] -- Installing: /home/manab/colcon_ws/install/eyantra_warehouse/share/eyantra_warehouse//models/boxes/box_16
[1.606s] -- Installing: /home/manab/colcon_ws/install/eyantra_warehouse/share/eyantra_warehouse//models/boxes/box_16/model.config
[1.606s] -- Installing: /home/manab/colcon_ws/install/eyantra_warehouse/share/eyantra_warehouse//models/boxes/box_16/model.sdf
[1.606s] -- Installing: /home/manab/colcon_ws/install/eyantra_warehouse/share/eyantra_warehouse//models/boxes/box_16/meshes
[1.606s] -- Installing: /home/manab/colcon_ws/install/eyantra_warehouse/share/eyantra_warehouse//models/boxes/box_16/meshes/cardboard_bg.png
[1.606s] -- Installing: /home/manab/colcon_ws/install/eyantra_warehouse/share/eyantra_warehouse//models/boxes/box_16/meshes/box.dae
[1.606s] -- Installing: /home/manab/colcon_ws/install/eyantra_warehouse/share/eyantra_warehouse//models/boxes/box_16/meshes/box__bg.png
[1.606s] -- Installing: /home/manab/colcon_ws/install/eyantra_warehouse/share/eyantra_warehouse//models/boxes/box_16/meshes/aruco_tag.jpg
[1.607s] -- Installing: /home/manab/colcon_ws/install/eyantra_warehouse/share/eyantra_warehouse//models/boxes/box_25
[1.607s] -- Installing: /home/manab/colcon_ws/install/eyantra_warehouse/share/eyantra_warehouse//models/boxes/box_25/model.config
[1.607s] -- Installing: /home/manab/colcon_ws/install/eyantra_warehouse/share/eyantra_warehouse//models/boxes/box_25/model.sdf
[1.607s] -- Installing: /home/manab/colcon_ws/install/eyantra_warehouse/share/eyantra_warehouse//models/boxes/box_25/meshes
[1.607s] -- Installing: /home/manab/colcon_ws/install/eyantra_warehouse/share/eyantra_warehouse//models/boxes/box_25/meshes/cardboard_bg.png
[1.607s] -- Installing: /home/manab/colcon_ws/install/eyantra_warehouse/share/eyantra_warehouse//models/boxes/box_25/meshes/box.dae
[1.608s] -- Installing: /home/manab/colcon_ws/install/eyantra_warehouse/share/eyantra_warehouse//models/boxes/box_25/meshes/box__bg.png
[1.608s] -- Installing: /home/manab/colcon_ws/install/eyantra_warehouse/share/eyantra_warehouse//models/boxes/box_25/meshes/aruco_tag.jpg
[1.608s] -- Installing: /home/manab/colcon_ws/install/eyantra_warehouse/share/eyantra_warehouse//models/boxes/box_50
[1.608s] -- Installing: /home/manab/colcon_ws/install/eyantra_warehouse/share/eyantra_warehouse//models/boxes/box_50/model.config
[1.608s] -- Installing: /home/manab/colcon_ws/install/eyantra_warehouse/share/eyantra_warehouse//models/boxes/box_50/model.sdf
[1.608s] -- Installing: /home/manab/colcon_ws/install/eyantra_warehouse/share/eyantra_warehouse//models/boxes/box_50/meshes
[1.608s] -- Installing: /home/manab/colcon_ws/install/eyantra_warehouse/share/eyantra_warehouse//models/boxes/box_50/meshes/cardboard_bg.png
[1.609s] -- Installing: /home/manab/colcon_ws/install/eyantra_warehouse/share/eyantra_warehouse//models/boxes/box_50/meshes/box.dae
[1.609s] -- Installing: /home/manab/colcon_ws/install/eyantra_warehouse/share/eyantra_warehouse//models/boxes/box_50/meshes/box__bg.png
[1.609s] -- Installing: /home/manab/colcon_ws/install/eyantra_warehouse/share/eyantra_warehouse//models/boxes/box_50/meshes/aruco_tag.jpg
[1.609s] -- Installing: /home/manab/colcon_ws/install/eyantra_warehouse/share/eyantra_warehouse//models/boxes/box_17
[1.609s] -- Installing: /home/manab/colcon_ws/install/eyantra_warehouse/share/eyantra_warehouse//models/boxes/box_17/model.config
[1.609s] -- Installing: /home/manab/colcon_ws/install/eyantra_warehouse/share/eyantra_warehouse//models/boxes/box_17/model.sdf
[1.610s] -- Installing: /home/manab/colcon_ws/install/eyantra_warehouse/share/eyantra_warehouse//models/boxes/box_17/meshes
[1.610s] -- Installing: /home/manab/colcon_ws/install/eyantra_warehouse/share/eyantra_warehouse//models/boxes/box_17/meshes/cardboard_bg.png
[1.610s] -- Installing: /home/manab/colcon_ws/install/eyantra_warehouse/share/eyantra_warehouse//models/boxes/box_17/meshes/box.dae
[1.610s] -- Installing: /home/manab/colcon_ws/install/eyantra_warehouse/share/eyantra_warehouse//models/boxes/box_17/meshes/box__bg.png
[1.610s] -- Installing: /home/manab/colcon_ws/install/eyantra_warehouse/share/eyantra_warehouse//models/boxes/box_17/meshes/aruco_tag.jpg
[1.610s] -- Installing: /home/manab/colcon_ws/install/eyantra_warehouse/share/eyantra_warehouse//models/boxes/box_26
[1.611s] -- Installing: /home/manab/colcon_ws/install/eyantra_warehouse/share/eyantra_warehouse//models/boxes/box_26/model.config
[1.611s] -- Installing: /home/manab/colcon_ws/install/eyantra_warehouse/share/eyantra_warehouse//models/boxes/box_26/model.sdf
[1.611s] -- Installing: /home/manab/colcon_ws/install/eyantra_warehouse/share/eyantra_warehouse//models/boxes/box_26/meshes
[1.611s] -- Installing: /home/manab/colcon_ws/install/eyantra_warehouse/share/eyantra_warehouse//models/boxes/box_26/meshes/cardboard_bg.png
[1.611s] -- Installing: /home/manab/colcon_ws/install/eyantra_warehouse/share/eyantra_warehouse//models/boxes/box_26/meshes/box.dae
[1.611s] -- Installing: /home/manab/colcon_ws/install/eyantra_warehouse/share/eyantra_warehouse//models/boxes/box_26/meshes/box__bg.png
[1.611s] -- Installing: /home/manab/colcon_ws/install/eyantra_warehouse/share/eyantra_warehouse//models/boxes/box_26/meshes/aruco_tag.jpg
[1.612s] -- Installing: /home/manab/colcon_ws/install/eyantra_warehouse/share/eyantra_warehouse//models/boxes/box_41
[1.612s] -- Installing: /home/manab/colcon_ws/install/eyantra_warehouse/share/eyantra_warehouse//models/boxes/box_41/model.config
[1.612s] -- Installing: /home/manab/colcon_ws/install/eyantra_warehouse/share/eyantra_warehouse//models/boxes/box_41/model.sdf
[1.612s] -- Installing: /home/manab/colcon_ws/install/eyantra_warehouse/share/eyantra_warehouse//models/boxes/box_41/meshes
[1.612s] -- Installing: /home/manab/colcon_ws/install/eyantra_warehouse/share/eyantra_warehouse//models/boxes/box_41/meshes/cardboard_bg.png
[1.612s] -- Installing: /home/manab/colcon_ws/install/eyantra_warehouse/share/eyantra_warehouse//models/boxes/box_41/meshes/box.dae
[1.612s] -- Installing: /home/manab/colcon_ws/install/eyantra_warehouse/share/eyantra_warehouse//models/boxes/box_41/meshes/box__bg.png
[1.612s] -- Installing: /home/manab/colcon_ws/install/eyantra_warehouse/share/eyantra_warehouse//models/boxes/box_41/meshes/aruco_tag.jpg
[1.612s] -- Installing: /home/manab/colcon_ws/install/eyantra_warehouse/share/eyantra_warehouse//models/boxes/box_42
[1.612s] -- Installing: /home/manab/colcon_ws/install/eyantra_warehouse/share/eyantra_warehouse//models/boxes/box_42/model.config
[1.612s] -- Installing: /home/manab/colcon_ws/install/eyantra_warehouse/share/eyantra_warehouse//models/boxes/box_42/model.sdf
[1.613s] -- Installing: /home/manab/colcon_ws/install/eyantra_warehouse/share/eyantra_warehouse//models/boxes/box_42/meshes
[1.613s] -- Installing: /home/manab/colcon_ws/install/eyantra_warehouse/share/eyantra_warehouse//models/boxes/box_42/meshes/cardboard_bg.png
[1.613s] -- Installing: /home/manab/colcon_ws/install/eyantra_warehouse/share/eyantra_warehouse//models/boxes/box_42/meshes/box.dae
[1.613s] -- Installing: /home/manab/colcon_ws/install/eyantra_warehouse/share/eyantra_warehouse//models/boxes/box_42/meshes/box__bg.png
[1.613s] -- Installing: /home/manab/colcon_ws/install/eyantra_warehouse/share/eyantra_warehouse//models/boxes/box_42/meshes/aruco_tag.jpg
[1.613s] -- Installing: /home/manab/colcon_ws/install/eyantra_warehouse/share/eyantra_warehouse//models/boxes/box_8
[1.613s] -- Installing: /home/manab/colcon_ws/install/eyantra_warehouse/share/eyantra_warehouse//models/boxes/box_8/model.config
[1.613s] -- Installing: /home/manab/colcon_ws/install/eyantra_warehouse/share/eyantra_warehouse//models/boxes/box_8/model.sdf
[1.613s] -- Installing: /home/manab/colcon_ws/install/eyantra_warehouse/share/eyantra_warehouse//models/boxes/box_8/meshes
[1.613s] -- Installing: /home/manab/colcon_ws/install/eyantra_warehouse/share/eyantra_warehouse//models/boxes/box_8/meshes/cardboard_bg.png
[1.613s] -- Installing: /home/manab/colcon_ws/install/eyantra_warehouse/share/eyantra_warehouse//models/boxes/box_8/meshes/box.dae
[1.613s] -- Installing: /home/manab/colcon_ws/install/eyantra_warehouse/share/eyantra_warehouse//models/boxes/box_8/meshes/box__bg.png
[1.613s] -- Installing: /home/manab/colcon_ws/install/eyantra_warehouse/share/eyantra_warehouse//models/boxes/box_8/meshes/aruco_tag.jpg
[1.613s] -- Installing: /home/manab/colcon_ws/install/eyantra_warehouse/share/eyantra_warehouse//models/boxes/box_5
[1.614s] -- Installing: /home/manab/colcon_ws/install/eyantra_warehouse/share/eyantra_warehouse//models/boxes/box_5/model.config
[1.614s] -- Installing: /home/manab/colcon_ws/install/eyantra_warehouse/share/eyantra_warehouse//models/boxes/box_5/model.sdf
[1.614s] -- Installing: /home/manab/colcon_ws/install/eyantra_warehouse/share/eyantra_warehouse//models/boxes/box_5/meshes
[1.614s] -- Installing: /home/manab/colcon_ws/install/eyantra_warehouse/share/eyantra_warehouse//models/boxes/box_5/meshes/cardboard_bg.png
[1.614s] -- Installing: /home/manab/colcon_ws/install/eyantra_warehouse/share/eyantra_warehouse//models/boxes/box_5/meshes/box.dae
[1.614s] -- Installing: /home/manab/colcon_ws/install/eyantra_warehouse/share/eyantra_warehouse//models/boxes/box_5/meshes/box__bg.png
[1.614s] -- Installing: /home/manab/colcon_ws/install/eyantra_warehouse/share/eyantra_warehouse//models/boxes/box_5/meshes/aruco_tag.jpg
[1.614s] -- Installing: /home/manab/colcon_ws/install/eyantra_warehouse/share/eyantra_warehouse//models/boxes/box_31
[1.614s] -- Installing: /home/manab/colcon_ws/install/eyantra_warehouse/share/eyantra_warehouse//models/boxes/box_31/model.config
[1.614s] -- Installing: /home/manab/colcon_ws/install/eyantra_warehouse/share/eyantra_warehouse//models/boxes/box_31/model.sdf
[1.614s] -- Installing: /home/manab/colcon_ws/install/eyantra_warehouse/share/eyantra_warehouse//models/boxes/box_31/meshes
[1.614s] -- Installing: /home/manab/colcon_ws/install/eyantra_warehouse/share/eyantra_warehouse//models/boxes/box_31/meshes/cardboard_bg.png
[1.614s] -- Installing: /home/manab/colcon_ws/install/eyantra_warehouse/share/eyantra_warehouse//models/boxes/box_31/meshes/box.dae
[1.614s] -- Installing: /home/manab/colcon_ws/install/eyantra_warehouse/share/eyantra_warehouse//models/boxes/box_31/meshes/box__bg.png
[1.614s] -- Installing: /home/manab/colcon_ws/install/eyantra_warehouse/share/eyantra_warehouse//models/boxes/box_31/meshes/aruco_tag.jpg
[1.614s] -- Installing: /home/manab/colcon_ws/install/eyantra_warehouse/share/eyantra_warehouse//models/boxes/box_20
[1.614s] -- Installing: /home/manab/colcon_ws/install/eyantra_warehouse/share/eyantra_warehouse//models/boxes/box_20/model.config
[1.614s] -- Installing: /home/manab/colcon_ws/install/eyantra_warehouse/share/eyantra_warehouse//models/boxes/box_20/model.sdf
[1.614s] -- Installing: /home/manab/colcon_ws/install/eyantra_warehouse/share/eyantra_warehouse//models/boxes/box_20/meshes
[1.614s] -- Installing: /home/manab/colcon_ws/install/eyantra_warehouse/share/eyantra_warehouse//models/boxes/box_20/meshes/cardboard_bg.png
[1.615s] -- Installing: /home/manab/colcon_ws/install/eyantra_warehouse/share/eyantra_warehouse//models/boxes/box_20/meshes/box.dae
[1.615s] -- Installing: /home/manab/colcon_ws/install/eyantra_warehouse/share/eyantra_warehouse//models/boxes/box_20/meshes/box__bg.png
[1.615s] -- Installing: /home/manab/colcon_ws/install/eyantra_warehouse/share/eyantra_warehouse//models/boxes/box_20/meshes/aruco_tag.jpg
[1.615s] -- Installing: /home/manab/colcon_ws/install/eyantra_warehouse/share/eyantra_warehouse//models/boxes/box_48
[1.615s] -- Installing: /home/manab/colcon_ws/install/eyantra_warehouse/share/eyantra_warehouse//models/boxes/box_48/model.config
[1.615s] -- Installing: /home/manab/colcon_ws/install/eyantra_warehouse/share/eyantra_warehouse//models/boxes/box_48/model.sdf
[1.615s] -- Installing: /home/manab/colcon_ws/install/eyantra_warehouse/share/eyantra_warehouse//models/boxes/box_48/meshes
[1.615s] -- Installing: /home/manab/colcon_ws/install/eyantra_warehouse/share/eyantra_warehouse//models/boxes/box_48/meshes/cardboard_bg.png
[1.615s] -- Installing: /home/manab/colcon_ws/install/eyantra_warehouse/share/eyantra_warehouse//models/boxes/box_48/meshes/box.dae
[1.615s] -- Installing: /home/manab/colcon_ws/install/eyantra_warehouse/share/eyantra_warehouse//models/boxes/box_48/meshes/box__bg.png
[1.615s] -- Installing: /home/manab/colcon_ws/install/eyantra_warehouse/share/eyantra_warehouse//models/boxes/box_48/meshes/aruco_tag.jpg
[1.615s] -- Installing: /home/manab/colcon_ws/install/eyantra_warehouse/share/eyantra_warehouse//models/boxes/box_7
[1.615s] -- Installing: /home/manab/colcon_ws/install/eyantra_warehouse/share/eyantra_warehouse//models/boxes/box_7/model.config
[1.615s] -- Installing: /home/manab/colcon_ws/install/eyantra_warehouse/share/eyantra_warehouse//models/boxes/box_7/model.sdf
[1.615s] -- Installing: /home/manab/colcon_ws/install/eyantra_warehouse/share/eyantra_warehouse//models/boxes/box_7/meshes
[1.615s] -- Installing: /home/manab/colcon_ws/install/eyantra_warehouse/share/eyantra_warehouse//models/boxes/box_7/meshes/cardboard_bg.png
[1.615s] -- Installing: /home/manab/colcon_ws/install/eyantra_warehouse/share/eyantra_warehouse//models/boxes/box_7/meshes/box.dae
[1.615s] -- Installing: /home/manab/colcon_ws/install/eyantra_warehouse/share/eyantra_warehouse//models/boxes/box_7/meshes/box__bg.png
[1.615s] -- Installing: /home/manab/colcon_ws/install/eyantra_warehouse/share/eyantra_warehouse//models/boxes/box_7/meshes/aruco_tag.jpg
[1.616s] -- Installing: /home/manab/colcon_ws/install/eyantra_warehouse/share/eyantra_warehouse//models/boxes/box_22
[1.616s] -- Installing: /home/manab/colcon_ws/install/eyantra_warehouse/share/eyantra_warehouse//models/boxes/box_22/model.config
[1.616s] -- Installing: /home/manab/colcon_ws/install/eyantra_warehouse/share/eyantra_warehouse//models/boxes/box_22/model.sdf
[1.616s] -- Installing: /home/manab/colcon_ws/install/eyantra_warehouse/share/eyantra_warehouse//models/boxes/box_22/meshes
[1.616s] -- Installing: /home/manab/colcon_ws/install/eyantra_warehouse/share/eyantra_warehouse//models/boxes/box_22/meshes/cardboard_bg.png
[1.616s] -- Installing: /home/manab/colcon_ws/install/eyantra_warehouse/share/eyantra_warehouse//models/boxes/box_22/meshes/box.dae
[1.616s] -- Installing: /home/manab/colcon_ws/install/eyantra_warehouse/share/eyantra_warehouse//models/boxes/box_22/meshes/box__bg.png
[1.616s] -- Installing: /home/manab/colcon_ws/install/eyantra_warehouse/share/eyantra_warehouse//models/boxes/box_22/meshes/aruco_tag.jpg
[1.616s] -- Installing: /home/manab/colcon_ws/install/eyantra_warehouse/share/eyantra_warehouse//models/boxes/box_46
[1.616s] -- Installing: /home/manab/colcon_ws/install/eyantra_warehouse/share/eyantra_warehouse//models/boxes/box_46/model.config
[1.616s] -- Installing: /home/manab/colcon_ws/install/eyantra_warehouse/share/eyantra_warehouse//models/boxes/box_46/model.sdf
[1.616s] -- Installing: /home/manab/colcon_ws/install/eyantra_warehouse/share/eyantra_warehouse//models/boxes/box_46/meshes
[1.616s] -- Installing: /home/manab/colcon_ws/install/eyantra_warehouse/share/eyantra_warehouse//models/boxes/box_46/meshes/cardboard_bg.png
[1.616s] -- Installing: /home/manab/colcon_ws/install/eyantra_warehouse/share/eyantra_warehouse//models/boxes/box_46/meshes/box.dae
[1.616s] -- Installing: /home/manab/colcon_ws/install/eyantra_warehouse/share/eyantra_warehouse//models/boxes/box_46/meshes/box__bg.png
[1.616s] -- Installing: /home/manab/colcon_ws/install/eyantra_warehouse/share/eyantra_warehouse//models/boxes/box_46/meshes/aruco_tag.jpg
[1.616s] -- Installing: /home/manab/colcon_ws/install/eyantra_warehouse/share/eyantra_warehouse//models/boxes/box_11
[1.616s] -- Installing: /home/manab/colcon_ws/install/eyantra_warehouse/share/eyantra_warehouse//models/boxes/box_11/model.config
[1.616s] -- Installing: /home/manab/colcon_ws/install/eyantra_warehouse/share/eyantra_warehouse//models/boxes/box_11/model.sdf
[1.616s] -- Installing: /home/manab/colcon_ws/install/eyantra_warehouse/share/eyantra_warehouse//models/boxes/box_11/meshes
[1.617s] -- Installing: /home/manab/colcon_ws/install/eyantra_warehouse/share/eyantra_warehouse//models/boxes/box_11/meshes/cardboard_bg.png
[1.617s] -- Installing: /home/manab/colcon_ws/install/eyantra_warehouse/share/eyantra_warehouse//models/boxes/box_11/meshes/box.dae
[1.617s] -- Installing: /home/manab/colcon_ws/install/eyantra_warehouse/share/eyantra_warehouse//models/boxes/box_11/meshes/box__bg.png
[1.617s] -- Installing: /home/manab/colcon_ws/install/eyantra_warehouse/share/eyantra_warehouse//models/boxes/box_11/meshes/aruco_tag.jpg
[1.617s] -- Installing: /home/manab/colcon_ws/install/eyantra_warehouse/share/eyantra_warehouse//models/boxes/box_49
[1.617s] -- Installing: /home/manab/colcon_ws/install/eyantra_warehouse/share/eyantra_warehouse//models/boxes/box_49/model.config
[1.617s] -- Installing: /home/manab/colcon_ws/install/eyantra_warehouse/share/eyantra_warehouse//models/boxes/box_49/model.sdf
[1.617s] -- Installing: /home/manab/colcon_ws/install/eyantra_warehouse/share/eyantra_warehouse//models/boxes/box_49/meshes
[1.617s] -- Installing: /home/manab/colcon_ws/install/eyantra_warehouse/share/eyantra_warehouse//models/boxes/box_49/meshes/cardboard_bg.png
[1.617s] -- Installing: /home/manab/colcon_ws/install/eyantra_warehouse/share/eyantra_warehouse//models/boxes/box_49/meshes/box.dae
[1.617s] -- Installing: /home/manab/colcon_ws/install/eyantra_warehouse/share/eyantra_warehouse//models/boxes/box_49/meshes/box__bg.png
[1.617s] -- Installing: /home/manab/colcon_ws/install/eyantra_warehouse/share/eyantra_warehouse//models/boxes/box_49/meshes/aruco_tag.jpg
[1.617s] -- Installing: /home/manab/colcon_ws/install/eyantra_warehouse/share/eyantra_warehouse//models/boxes/box_1
[1.617s] -- Installing: /home/manab/colcon_ws/install/eyantra_warehouse/share/eyantra_warehouse//models/boxes/box_1/model.config
[1.617s] -- Installing: /home/manab/colcon_ws/install/eyantra_warehouse/share/eyantra_warehouse//models/boxes/box_1/model.sdf
[1.617s] -- Installing: /home/manab/colcon_ws/install/eyantra_warehouse/share/eyantra_warehouse//models/boxes/box_1/meshes
[1.617s] -- Installing: /home/manab/colcon_ws/install/eyantra_warehouse/share/eyantra_warehouse//models/boxes/box_1/meshes/cardboard_bg.png
[1.617s] -- Installing: /home/manab/colcon_ws/install/eyantra_warehouse/share/eyantra_warehouse//models/boxes/box_1/meshes/box.dae
[1.617s] -- Installing: /home/manab/colcon_ws/install/eyantra_warehouse/share/eyantra_warehouse//models/boxes/box_1/meshes/box__bg.png
[1.618s] -- Installing: /home/manab/colcon_ws/install/eyantra_warehouse/share/eyantra_warehouse//models/boxes/box_1/meshes/aruco_tag.jpg
[1.618s] -- Installing: /home/manab/colcon_ws/install/eyantra_warehouse/share/eyantra_warehouse//models/boxes/box_28
[1.618s] -- Installing: /home/manab/colcon_ws/install/eyantra_warehouse/share/eyantra_warehouse//models/boxes/box_28/model.config
[1.618s] -- Installing: /home/manab/colcon_ws/install/eyantra_warehouse/share/eyantra_warehouse//models/boxes/box_28/model.sdf
[1.618s] -- Installing: /home/manab/colcon_ws/install/eyantra_warehouse/share/eyantra_warehouse//models/boxes/box_28/meshes
[1.618s] -- Installing: /home/manab/colcon_ws/install/eyantra_warehouse/share/eyantra_warehouse//models/boxes/box_28/meshes/cardboard_bg.png
[1.618s] -- Installing: /home/manab/colcon_ws/install/eyantra_warehouse/share/eyantra_warehouse//models/boxes/box_28/meshes/box.dae
[1.618s] -- Installing: /home/manab/colcon_ws/install/eyantra_warehouse/share/eyantra_warehouse//models/boxes/box_28/meshes/box__bg.png
[1.618s] -- Installing: /home/manab/colcon_ws/install/eyantra_warehouse/share/eyantra_warehouse//models/boxes/box_28/meshes/aruco_tag.jpg
[1.618s] -- Installing: /home/manab/colcon_ws/install/eyantra_warehouse/share/eyantra_warehouse//models/package_box
[1.618s] -- Installing: /home/manab/colcon_ws/install/eyantra_warehouse/share/eyantra_warehouse//models/package_box/model.config
[1.618s] -- Installing: /home/manab/colcon_ws/install/eyantra_warehouse/share/eyantra_warehouse//models/package_box/model.sdf
[1.618s] -- Installing: /home/manab/colcon_ws/install/eyantra_warehouse/share/eyantra_warehouse//models/package_box/meshes
[1.618s] -- Installing: /home/manab/colcon_ws/install/eyantra_warehouse/share/eyantra_warehouse//models/package_box/meshes/aws_robomaker_warehouse_ClutteringC_02.png
[1.618s] -- Installing: /home/manab/colcon_ws/install/eyantra_warehouse/share/eyantra_warehouse//models/package_box/meshes/package_box.dae
[1.618s] -- Installing: /home/manab/colcon_ws/install/eyantra_warehouse/share/eyantra_warehouse//models/package_box/meshes/4x4_1000-0.png
[1.618s] -- Installing: /home/manab/colcon_ws/install/eyantra_warehouse/share/eyantra_warehouse//models/LB_city
[1.618s] -- Installing: /home/manab/colcon_ws/install/eyantra_warehouse/share/eyantra_warehouse//models/LB_city/model.config
[1.618s] -- Installing: /home/manab/colcon_ws/install/eyantra_warehouse/share/eyantra_warehouse//models/LB_city/model.sdf
[1.619s] -- Installing: /home/manab/colcon_ws/install/eyantra_warehouse/share/eyantra_warehouse//models/LB_city/meshes
[1.619s] -- Installing: /home/manab/colcon_ws/install/eyantra_warehouse/share/eyantra_warehouse//models/LB_city/meshes/pv2c.jpg
[1.619s] -- Installing: /home/manab/colcon_ws/install/eyantra_warehouse/share/eyantra_warehouse//models/LB_city/meshes/f1q.jpg
[1.619s] -- Installing: /home/manab/colcon_ws/install/eyantra_warehouse/share/eyantra_warehouse//models/LB_city/meshes/LB_city.dae
[1.628s] -- Installing: /home/manab/colcon_ws/install/eyantra_warehouse/share/eyantra_warehouse//models/LB_city/meshes/dm1.jpg
[1.631s] -- Installing: /home/manab/colcon_ws/install/eyantra_warehouse/share/eyantra_warehouse//models/LB_city/meshes/grass.png
[1.633s] -- Installing: /home/manab/colcon_ws/install/eyantra_warehouse/share/eyantra_warehouse//models/LB_city/meshes/LAWN.jpg
[1.636s] -- Installing: /home/manab/colcon_ws/install/eyantra_warehouse/share/eyantra_warehouse//models/LB_city/meshes/f1q.jpg.001.jpg
[1.636s] -- Installing: /home/manab/colcon_ws/install/eyantra_warehouse/share/eyantra_warehouse//models/LB_city/meshes/ocean_texture.jpeg
[1.637s] -- Installing: /home/manab/colcon_ws/install/eyantra_warehouse/share/eyantra_warehouse//models/LB_city/meshes/SolarPanelsPolycrystallineTypeBFramedClean001_COL_3K.jpg.004.jp.jpg
[1.638s] -- Installing: /home/manab/colcon_ws/install/eyantra_warehouse/share/eyantra_warehouse//models/LB_city/meshes/pb2.jpg
[1.638s] -- Installing: /home/manab/colcon_ws/install/eyantra_warehouse/share/eyantra_warehouse//models/warehouse_boundary
[1.638s] -- Installing: /home/manab/colcon_ws/install/eyantra_warehouse/share/eyantra_warehouse//models/warehouse_boundary/model.config
[1.639s] -- Installing: /home/manab/colcon_ws/install/eyantra_warehouse/share/eyantra_warehouse//models/warehouse_boundary/model.sdf
[1.639s] -- Installing: /home/manab/colcon_ws/install/eyantra_warehouse/share/eyantra_warehouse//models/warehouse_boundary/meshes
[1.639s] -- Installing: /home/manab/colcon_ws/install/eyantra_warehouse/share/eyantra_warehouse//models/warehouse_boundary/meshes/warehouse_boundary_glass_cover.dae
[1.639s] -- Installing: /home/manab/colcon_ws/install/eyantra_warehouse/share/eyantra_warehouse//models/warehouse_boundary/meshes/warehouse_boundary.dae
[1.648s] -- Installing: /home/manab/colcon_ws/install/eyantra_warehouse/share/eyantra_warehouse//models/warehouse_boundary/meshes/warehouse_floor.jpg
[1.648s] -- Installing: /home/manab/colcon_ws/install/eyantra_warehouse/share/eyantra_warehouse//models/drop_table
[1.649s] -- Installing: /home/manab/colcon_ws/install/eyantra_warehouse/share/eyantra_warehouse//models/drop_table/model.config
[1.649s] -- Installing: /home/manab/colcon_ws/install/eyantra_warehouse/share/eyantra_warehouse//models/drop_table/model.sdf
[1.651s] -- Installing: /home/manab/colcon_ws/install/eyantra_warehouse/share/eyantra_warehouse//models/drop_table/meshes
[1.652s] -- Installing: /home/manab/colcon_ws/install/eyantra_warehouse/share/eyantra_warehouse//models/drop_table/meshes/table.dae
[1.652s] -- Installing: /home/manab/colcon_ws/install/eyantra_warehouse/share/eyantra_warehouse//models/drop_table/meshes/eyantra_logo~red_280x55.png
[1.652s] -- Installing: /home/manab/colcon_ws/install/eyantra_warehouse/share/eyantra_warehouse//models/drop_table/meshes/eyantra_logo~red_280x55.png.001.png
[1.652s] -- Installing: /home/manab/colcon_ws/install/eyantra_warehouse/share/eyantra_warehouse//models/ground_plane
[1.652s] -- Installing: /home/manab/colcon_ws/install/eyantra_warehouse/share/eyantra_warehouse//models/ground_plane/model.config
[1.652s] -- Installing: /home/manab/colcon_ws/install/eyantra_warehouse/share/eyantra_warehouse//models/ground_plane/model.sdf
[1.652s] -- Installing: /home/manab/colcon_ws/install/eyantra_warehouse/share/eyantra_warehouse//config
[1.652s] -- Installing: /home/manab/colcon_ws/install/eyantra_warehouse/share/eyantra_warehouse//config/package_link.json
[1.652s] -- Installing: /home/manab/colcon_ws/install/eyantra_warehouse/share/eyantra_warehouse//config/SkyX_Moon.fragment
[1.652s] -- Installing: /home/manab/colcon_ws/install/eyantra_warehouse/share/eyantra_warehouse//config/SkyX_Moon.png
[1.652s] -- Installing: /home/manab/colcon_ws/install/eyantra_warehouse/share/ament_index/resource_index/package_run_dependencies/eyantra_warehouse
[1.654s] -- Installing: /home/manab/colcon_ws/install/eyantra_warehouse/share/ament_index/resource_index/parent_prefix_path/eyantra_warehouse
[1.654s] -- Installing: /home/manab/colcon_ws/install/eyantra_warehouse/share/eyantra_warehouse/environment/ament_prefix_path.sh
[1.654s] -- Installing: /home/manab/colcon_ws/install/eyantra_warehouse/share/eyantra_warehouse/environment/ament_prefix_path.dsv
[1.655s] -- Installing: /home/manab/colcon_ws/install/eyantra_warehouse/share/eyantra_warehouse/environment/path.sh
[1.655s] -- Installing: /home/manab/colcon_ws/install/eyantra_warehouse/share/eyantra_warehouse/environment/path.dsv
[1.655s] -- Installing: /home/manab/colcon_ws/install/eyantra_warehouse/share/eyantra_warehouse/local_setup.bash
[1.656s] -- Installing: /home/manab/colcon_ws/install/eyantra_warehouse/share/eyantra_warehouse/local_setup.sh
[1.656s] -- Installing: /home/manab/colcon_ws/install/eyantra_warehouse/share/eyantra_warehouse/local_setup.zsh
[1.656s] -- Installing: /home/manab/colcon_ws/install/eyantra_warehouse/share/eyantra_warehouse/local_setup.dsv
[1.656s] -- Installing: /home/manab/colcon_ws/install/eyantra_warehouse/share/eyantra_warehouse/package.dsv
[1.656s] -- Installing: /home/manab/colcon_ws/install/eyantra_warehouse/share/ament_index/resource_index/packages/eyantra_warehouse
[1.656s] -- Installing: /home/manab/colcon_ws/install/eyantra_warehouse/share/eyantra_warehouse/cmake/eyantra_warehouseConfig.cmake
[1.656s] -- Installing: /home/manab/colcon_ws/install/eyantra_warehouse/share/eyantra_warehouse/cmake/eyantra_warehouseConfig-version.cmake
[1.656s] -- Installing: /home/manab/colcon_ws/install/eyantra_warehouse/share/eyantra_warehouse/package.xml
[1.656s] Invoked command in '/home/manab/colcon_ws/build/eyantra_warehouse' returned '0': CMAKE_PREFIX_PATH=${CMAKE_PREFIX_PATH}:/home/manab/colcon_ws/install/ur5_control:/home/manab/ros2_ws/install/launch_testing_examples:/home/manab/ros2_ws/install/examples_rclpy_pointcloud_publisher:/home/manab/ros2_ws/install/examples_rclpy_minimal_subscriber:/home/manab/ros2_ws/install/examples_rclpy_minimal_service:/home/manab/ros2_ws/install/examples_rclpy_minimal_publisher:/home/manab/ros2_ws/install/examples_rclpy_minimal_client:/home/manab/ros2_ws/install/examples_rclpy_minimal_action_server:/home/manab/ros2_ws/install/examples_rclpy_minimal_action_client:/home/manab/ros2_ws/install/examples_rclpy_guard_conditions:/home/manab/ros2_ws/install/examples_rclpy_executors:/opt/ros/humble /usr/bin/cmake --install /home/manab/colcon_ws/build/eyantra_warehouse
