[0.054s] Invoking command in '/home/manab/colcon_ws/build/pymoveit2': CMAKE_PREFIX_PATH=${CMAKE_PREFIX_PATH}:/home/manab/colcon_ws/install/ur5_control:/home/manab/ros2_ws/install/launch_testing_examples:/home/manab/ros2_ws/install/examples_rclpy_pointcloud_publisher:/home/manab/ros2_ws/install/examples_rclpy_minimal_subscriber:/home/manab/ros2_ws/install/examples_rclpy_minimal_service:/home/manab/ros2_ws/install/examples_rclpy_minimal_publisher:/home/manab/ros2_ws/install/examples_rclpy_minimal_client:/home/manab/ros2_ws/install/examples_rclpy_minimal_action_server:/home/manab/ros2_ws/install/examples_rclpy_minimal_action_client:/home/manab/ros2_ws/install/examples_rclpy_guard_conditions:/home/manab/ros2_ws/install/examples_rclpy_executors:/opt/ros/humble /usr/bin/cmake --build /home/manab/colcon_ws/build/pymoveit2 -- -j4 -l4
[0.332s] Built target ament_cmake_python_copy_pymoveit2
[1.478s] running egg_info
[1.564s] writing pymoveit2.egg-info/PKG-INFO
[1.565s] writing dependency_links to pymoveit2.egg-info/dependency_links.txt
[1.566s] writing top-level names to pymoveit2.egg-info/top_level.txt
[1.902s] [2;36m[09/24/24 23:42:21][0m[2;36m [0m[1;31mERROR   [0m listing git files failed - pretending there aren't any                                                                                                                ]8;id=627316;file:///home/manab/.local/lib/python3.10/site-packages/setuptools_scm/_file_finders/git.py\[2mgit.py[0m]8;;\[2m:[0m]8;id=189839;file:///home/manab/.local/lib/python3.10/site-packages/setuptools_scm/_file_finders/git.py#26\[2m26[0m]8;;\
[2.195s] reading manifest file 'pymoveit2.egg-info/SOURCES.txt'
[2.200s] writing manifest file 'pymoveit2.egg-info/SOURCES.txt'
[2.362s] Built target ament_cmake_python_build_pymoveit2_egg
[2.545s] Invoked command in '/home/manab/colcon_ws/build/pymoveit2' returned '0': CMAKE_PREFIX_PATH=${CMAKE_PREFIX_PATH}:/home/manab/colcon_ws/install/ur5_control:/home/manab/ros2_ws/install/launch_testing_examples:/home/manab/ros2_ws/install/examples_rclpy_pointcloud_publisher:/home/manab/ros2_ws/install/examples_rclpy_minimal_subscriber:/home/manab/ros2_ws/install/examples_rclpy_minimal_service:/home/manab/ros2_ws/install/examples_rclpy_minimal_publisher:/home/manab/ros2_ws/install/examples_rclpy_minimal_client:/home/manab/ros2_ws/install/examples_rclpy_minimal_action_server:/home/manab/ros2_ws/install/examples_rclpy_minimal_action_client:/home/manab/ros2_ws/install/examples_rclpy_guard_conditions:/home/manab/ros2_ws/install/examples_rclpy_executors:/opt/ros/humble /usr/bin/cmake --build /home/manab/colcon_ws/build/pymoveit2 -- -j4 -l4
[2.632s] Invoking command in '/home/manab/colcon_ws/build/pymoveit2': CMAKE_PREFIX_PATH=${CMAKE_PREFIX_PATH}:/home/manab/colcon_ws/install/ur5_control:/home/manab/ros2_ws/install/launch_testing_examples:/home/manab/ros2_ws/install/examples_rclpy_pointcloud_publisher:/home/manab/ros2_ws/install/examples_rclpy_minimal_subscriber:/home/manab/ros2_ws/install/examples_rclpy_minimal_service:/home/manab/ros2_ws/install/examples_rclpy_minimal_publisher:/home/manab/ros2_ws/install/examples_rclpy_minimal_client:/home/manab/ros2_ws/install/examples_rclpy_minimal_action_server:/home/manab/ros2_ws/install/examples_rclpy_minimal_action_client:/home/manab/ros2_ws/install/examples_rclpy_guard_conditions:/home/manab/ros2_ws/install/examples_rclpy_executors:/opt/ros/humble /usr/bin/cmake --install /home/manab/colcon_ws/build/pymoveit2
[2.674s] -- Install configuration: ""
[2.674s] -- Up-to-date: /home/manab/colcon_ws/install/pymoveit2/share/pymoveit2/environment/pythonpath.sh
[2.677s] -- Up-to-date: /home/manab/colcon_ws/install/pymoveit2/share/pymoveit2/environment/pythonpath.dsv
[2.678s] -- Up-to-date: /home/manab/colcon_ws/install/pymoveit2/local/lib/python3.10/dist-packages/pymoveit2-2.1.0-py3.10.egg-info
[2.678s] -- Installing: /home/manab/colcon_ws/install/pymoveit2/local/lib/python3.10/dist-packages/pymoveit2-2.1.0-py3.10.egg-info/SOURCES.txt
[2.678s] -- Installing: /home/manab/colcon_ws/install/pymoveit2/local/lib/python3.10/dist-packages/pymoveit2-2.1.0-py3.10.egg-info/PKG-INFO
[2.678s] -- Installing: /home/manab/colcon_ws/install/pymoveit2/local/lib/python3.10/dist-packages/pymoveit2-2.1.0-py3.10.egg-info/top_level.txt
[2.678s] -- Installing: /home/manab/colcon_ws/install/pymoveit2/local/lib/python3.10/dist-packages/pymoveit2-2.1.0-py3.10.egg-info/dependency_links.txt
[2.678s] -- Up-to-date: /home/manab/colcon_ws/install/pymoveit2/local/lib/python3.10/dist-packages/pymoveit2
[2.678s] -- Up-to-date: /home/manab/colcon_ws/install/pymoveit2/local/lib/python3.10/dist-packages/pymoveit2/robots
[2.678s] -- Up-to-date: /home/manab/colcon_ws/install/pymoveit2/local/lib/python3.10/dist-packages/pymoveit2/robots/ur5.py
[2.678s] -- Up-to-date: /home/manab/colcon_ws/install/pymoveit2/local/lib/python3.10/dist-packages/pymoveit2/robots/__init__.py
[2.678s] -- Up-to-date: /home/manab/colcon_ws/install/pymoveit2/local/lib/python3.10/dist-packages/pymoveit2/robots/kinova.py
[2.678s] -- Up-to-date: /home/manab/colcon_ws/install/pymoveit2/local/lib/python3.10/dist-packages/pymoveit2/moveit2.py
[2.681s] -- Up-to-date: /home/manab/colcon_ws/install/pymoveit2/local/lib/python3.10/dist-packages/pymoveit2/__init__.py
[2.681s] -- Up-to-date: /home/manab/colcon_ws/install/pymoveit2/local/lib/python3.10/dist-packages/pymoveit2/moveit2_servo.py
[2.785s] Listing '/home/manab/colcon_ws/install/pymoveit2/local/lib/python3.10/dist-packages/pymoveit2'...
[2.786s] Listing '/home/manab/colcon_ws/install/pymoveit2/local/lib/python3.10/dist-packages/pymoveit2/robots'...
[2.801s] -- Up-to-date: /home/manab/colcon_ws/install/pymoveit2/lib/pymoveit2/ex_collision_object.py
[2.801s] -- Up-to-date: /home/manab/colcon_ws/install/pymoveit2/lib/pymoveit2/ex_joint_goal.py
[2.801s] -- Up-to-date: /home/manab/colcon_ws/install/pymoveit2/lib/pymoveit2/ex_pose_goal.py
[2.802s] -- Up-to-date: /home/manab/colcon_ws/install/pymoveit2/lib/pymoveit2/ex_servo.py
[2.802s] -- Up-to-date: /home/manab/colcon_ws/install/pymoveit2/lib/pymoveit2/assets
[2.802s] -- Up-to-date: /home/manab/colcon_ws/install/pymoveit2/lib/pymoveit2/assets/box.stl
[2.802s] -- Up-to-date: /home/manab/colcon_ws/install/pymoveit2/lib/pymoveit2/assets/rack.stl
[2.802s] -- Up-to-date: /home/manab/colcon_ws/install/pymoveit2/lib/pymoveit2/assets/box1.stl
[2.802s] -- Up-to-date: /home/manab/colcon_ws/install/pymoveit2/lib/pymoveit2/assets/suzanne.stl
[2.802s] -- Up-to-date: /home/manab/colcon_ws/install/pymoveit2/lib/pymoveit2/assets/box3.stl
[2.802s] -- Up-to-date: /home/manab/colcon_ws/install/pymoveit2/lib/pymoveit2/assets/rack_box.stl
[2.802s] -- Up-to-date: /home/manab/colcon_ws/install/pymoveit2/lib/pymoveit2/assets/rack_box_again.stl
[2.802s] -- Up-to-date: /home/manab/colcon_ws/install/pymoveit2/lib/pymoveit2/assets/box2.stl
[2.802s] -- Up-to-date: /home/manab/colcon_ws/install/pymoveit2/share/ament_index/resource_index/package_run_dependencies/pymoveit2
[2.802s] -- Up-to-date: /home/manab/colcon_ws/install/pymoveit2/share/ament_index/resource_index/parent_prefix_path/pymoveit2
[2.802s] -- Up-to-date: /home/manab/colcon_ws/install/pymoveit2/share/pymoveit2/environment/ament_prefix_path.sh
[2.802s] -- Up-to-date: /home/manab/colcon_ws/install/pymoveit2/share/pymoveit2/environment/ament_prefix_path.dsv
[2.802s] -- Up-to-date: /home/manab/colcon_ws/install/pymoveit2/share/pymoveit2/environment/path.sh
[2.802s] -- Up-to-date: /home/manab/colcon_ws/install/pymoveit2/share/pymoveit2/environment/path.dsv
[2.802s] -- Up-to-date: /home/manab/colcon_ws/install/pymoveit2/share/pymoveit2/local_setup.bash
[2.802s] -- Up-to-date: /home/manab/colcon_ws/install/pymoveit2/share/pymoveit2/local_setup.sh
[2.806s] -- Up-to-date: /home/manab/colcon_ws/install/pymoveit2/share/pymoveit2/local_setup.zsh
[2.806s] -- Up-to-date: /home/manab/colcon_ws/install/pymoveit2/share/pymoveit2/local_setup.dsv
[2.807s] -- Installing: /home/manab/colcon_ws/install/pymoveit2/share/pymoveit2/package.dsv
[2.807s] -- Up-to-date: /home/manab/colcon_ws/install/pymoveit2/share/ament_index/resource_index/packages/pymoveit2
[2.807s] -- Up-to-date: /home/manab/colcon_ws/install/pymoveit2/share/pymoveit2/cmake/pymoveit2Config.cmake
[2.807s] -- Up-to-date: /home/manab/colcon_ws/install/pymoveit2/share/pymoveit2/cmake/pymoveit2Config-version.cmake
[2.807s] -- Up-to-date: /home/manab/colcon_ws/install/pymoveit2/share/pymoveit2/package.xml
[2.830s] Invoked command in '/home/manab/colcon_ws/build/pymoveit2' returned '0': CMAKE_PREFIX_PATH=${CMAKE_PREFIX_PATH}:/home/manab/colcon_ws/install/ur5_control:/home/manab/ros2_ws/install/launch_testing_examples:/home/manab/ros2_ws/install/examples_rclpy_pointcloud_publisher:/home/manab/ros2_ws/install/examples_rclpy_minimal_subscriber:/home/manab/ros2_ws/install/examples_rclpy_minimal_service:/home/manab/ros2_ws/install/examples_rclpy_minimal_publisher:/home/manab/ros2_ws/install/examples_rclpy_minimal_client:/home/manab/ros2_ws/install/examples_rclpy_minimal_action_server:/home/manab/ros2_ws/install/examples_rclpy_minimal_action_client:/home/manab/ros2_ws/install/examples_rclpy_guard_conditions:/home/manab/ros2_ws/install/examples_rclpy_executors:/opt/ros/humble /usr/bin/cmake --install /home/manab/colcon_ws/build/pymoveit2
