[0.054s] Invoking command in '/home/manab/colcon_ws/build/realsense_gazebo_plugin': CMAKE_PREFIX_PATH=${CMAKE_PREFIX_PATH}:/home/manab/colcon_ws/install/ur5_control:/home/manab/ros2_ws/install/launch_testing_examples:/home/manab/ros2_ws/install/examples_rclpy_pointcloud_publisher:/home/manab/ros2_ws/install/examples_rclpy_minimal_subscriber:/home/manab/ros2_ws/install/examples_rclpy_minimal_service:/home/manab/ros2_ws/install/examples_rclpy_minimal_publisher:/home/manab/ros2_ws/install/examples_rclpy_minimal_client:/home/manab/ros2_ws/install/examples_rclpy_minimal_action_server:/home/manab/ros2_ws/install/examples_rclpy_minimal_action_client:/home/manab/ros2_ws/install/examples_rclpy_guard_conditions:/home/manab/ros2_ws/install/examples_rclpy_executors:/opt/ros/humble /usr/bin/cmake /home/manab/colcon_ws/src/realsense_gazebo_plugin -DCMAKE_INSTALL_PREFIX=/home/manab/colcon_ws/install/realsense_gazebo_plugin
[0.184s] -- The C compiler identification is GNU 11.4.0
[0.319s] -- The CXX compiler identification is GNU 11.4.0
[0.335s] -- Detecting C compiler ABI info
[0.481s] -- Detecting C compiler ABI info - done
[0.503s] -- Check for working C compiler: /usr/bin/cc - skipped
[0.504s] -- Detecting C compile features
[0.505s] -- Detecting C compile features - done
[0.509s] -- Detecting CXX compiler ABI info
[0.621s] -- Detecting CXX compiler ABI info - done
[0.631s] -- Check for working CXX compiler: /usr/bin/c++ - skipped
[0.632s] -- Detecting CXX compile features
[0.632s] -- Detecting CXX compile features - done
[0.637s] -- Found ament_cmake: 1.3.10 (/opt/ros/humble/share/ament_cmake/cmake)
[1.274s] -- Found Python3: /usr/bin/python3 (found version "3.10.12") found components: Interpreter 
[1.418s] -- Found rclcpp: 16.0.10 (/opt/ros/humble/share/rclcpp/cmake)
[1.493s] -- Found rosidl_generator_c: 3.1.5 (/opt/ros/humble/share/rosidl_generator_c/cmake)
[1.503s] -- Found rosidl_adapter: 3.1.5 (/opt/ros/humble/share/rosidl_adapter/cmake)
[1.516s] -- Found rosidl_generator_cpp: 3.1.5 (/opt/ros/humble/share/rosidl_generator_cpp/cmake)
[1.548s] -- Using all available rosidl_typesupport_c: rosidl_typesupport_fastrtps_c;rosidl_typesupport_introspection_c
[1.565s] -- Using all available rosidl_typesupport_cpp: rosidl_typesupport_fastrtps_cpp;rosidl_typesupport_introspection_cpp
[1.682s] -- Found rmw_implementation_cmake: 6.1.2 (/opt/ros/humble/share/rmw_implementation_cmake/cmake)
[1.692s] -- Found rmw_fastrtps_cpp: 6.2.7 (/opt/ros/humble/share/rmw_fastrtps_cpp/cmake)
[1.832s] -- Found OpenSSL: /usr/lib/x86_64-linux-gnu/libcrypto.so (found version "3.0.2")  
[1.871s] -- Found FastRTPS: /opt/ros/foxy/include  
[1.927s] -- Using RMW implementation 'rmw_fastrtps_cpp' as default
[1.958s] -- Looking for pthread.h
[2.080s] -- Looking for pthread.h - found
[2.080s] -- Performing Test CMAKE_HAVE_LIBC_PTHREAD
[2.313s] -- Performing Test CMAKE_HAVE_LIBC_PTHREAD - Success
[2.320s] -- Found Threads: TRUE  
[2.427s] -- Found gazebo_ros: 3.7.0 (/opt/ros/humble/share/gazebo_ros/cmake)
[2.467s] -- Found PkgConfig: /usr/bin/pkg-config (found version "0.29.2") 
[2.472s] -- Checking for module 'bullet>=2.82'
[2.509s] --   Found bullet, version 3.05
[2.901s] -- Found fcl: /usr/include (found suitable version "0.7.0", minimum required is "0.5.0") 
[3.083s] -- Found assimp: /usr/include (found version "5.2.0") 
[3.168s] -- Found DART: /usr/include (Required is at least version "6.6") found components: dart 
[3.302s] -- Found Boost: /usr/lib/x86_64-linux-gnu/cmake/Boost-1.74.0/BoostConfig.cmake (found suitable version "1.74.0", minimum required is "1.40.0") found components: thread system filesystem program_options regex iostreams date_time 
[3.358s] -- Found Protobuf: /usr/lib/x86_64-linux-gnu/libprotobuf.so (found version "3.12.4") 
[3.400s] -- Looking for ignition-math6 -- found version 6.15.1
[3.429s] -- Searching for dependencies of ignition-math6
[3.443s] -- Looking for OGRE...
[3.443s] -- OGRE_PREFIX_WATCH changed.
[3.454s] -- Checking for module 'OGRE'
[3.522s] --   Found OGRE, version 1.9.0
[3.638s] -- Found Ogre Ghadamon (1.9.0)
[3.707s] -- Found OGRE: optimized;/usr/lib/x86_64-linux-gnu/libOgreMain.so;debug;/usr/lib/x86_64-linux-gnu/libOgreMain.so
[3.741s] -- Looking for OGRE_Paging...
[3.795s] -- Found OGRE_Paging: optimized;/usr/lib/x86_64-linux-gnu/libOgrePaging.so;debug;/usr/lib/x86_64-linux-gnu/libOgrePaging.so
[3.795s] -- Looking for OGRE_Terrain...
[3.840s] -- Found OGRE_Terrain: optimized;/usr/lib/x86_64-linux-gnu/libOgreTerrain.so;debug;/usr/lib/x86_64-linux-gnu/libOgreTerrain.so
[3.844s] -- Looking for OGRE_Property...
[3.892s] -- Found OGRE_Property: optimized;/usr/lib/x86_64-linux-gnu/libOgreProperty.so;debug;/usr/lib/x86_64-linux-gnu/libOgreProperty.so
[3.900s] -- Looking for OGRE_RTShaderSystem...
[3.950s] -- Found OGRE_RTShaderSystem: optimized;/usr/lib/x86_64-linux-gnu/libOgreRTShaderSystem.so;debug;/usr/lib/x86_64-linux-gnu/libOgreRTShaderSystem.so
[3.950s] -- Looking for OGRE_Volume...
[4.028s] -- Found OGRE_Volume: optimized;/usr/lib/x86_64-linux-gnu/libOgreVolume.so;debug;/usr/lib/x86_64-linux-gnu/libOgreVolume.so
[4.028s] -- Looking for OGRE_Overlay...
[4.067s] -- Found OGRE_Overlay: optimized;/usr/lib/x86_64-linux-gnu/libOgreOverlay.so;debug;/usr/lib/x86_64-linux-gnu/libOgreOverlay.so
[4.616s] -- Looking for ignition-math6 -- found version 6.15.1
[4.630s] -- Looking for ignition-transport8 -- found version 8.2.1
[4.630s] -- Searching for dependencies of ignition-transport8
[4.713s] -- Found Protobuf: /usr/lib/x86_64-linux-gnu/libprotobuf.so (found suitable version "3.12.4", minimum required is "3") 
[4.758s] -- Config-file not installed for ZeroMQ -- checking for pkg-config
[4.787s] -- Checking for module 'libzmq >= 4'
[4.816s] --   Found libzmq , version 4.3.4
[4.930s] -- Found ZeroMQ: TRUE (Required is at least version "4") 
[4.956s] -- Checking for module 'uuid'
[5.021s] --   Found uuid, version 2.37.2
[5.115s] -- Found UUID: TRUE  
[5.130s] -- Looking for ignition-msgs5 -- found version 5.8.1
[5.135s] -- Searching for dependencies of ignition-msgs5
[5.217s] -- Looking for ignition-math6 -- found version 6.15.1
[5.246s] -- Checking for module 'tinyxml2'
[5.300s] --   Found tinyxml2, version 9.0.0
[5.468s] -- Looking for ignition-msgs5 -- found version 5.8.1
[5.486s] -- Looking for ignition-common3 -- found version 3.14.0
[5.487s] -- Searching for dependencies of ignition-common3
[5.490s] -- Looking for dlfcn.h - found
[5.498s] -- Looking for libdl - found
[5.501s] -- Found DL: TRUE  
[5.542s] -- Found tinyobjloader: /usr/lib/x86_64-linux-gnu/cmake/tinyobjloader/tinyobjloader-config.cmake (found version "2.0.0") 
[5.543s] -- Searching for <ignition-common3> component [graphics]
[5.559s] -- Looking for ignition-common3-graphics -- found version 3.14.0
[5.559s] -- Searching for dependencies of ignition-common3-graphics
[5.561s] -- Looking for ignition-math6 -- found version 6.15.1
[5.579s] -- Looking for ignition-fuel_tools4 -- found version 4.4.0
[5.584s] -- Searching for dependencies of ignition-fuel_tools4
[5.938s] -- Found CURL: /usr/lib/x86_64-linux-gnu/libcurl.so (found version "7.81.0")  
[5.995s] -- Checking for module 'jsoncpp'
[6.053s] --   Found jsoncpp, version 1.9.5
[6.122s] -- Found JSONCPP: TRUE  
[6.139s] -- Checking for module 'libzip'
[6.186s] --   Found libzip, version 1.7.3
[6.328s] -- Found ZIP: TRUE  
[6.328s] -- Looking for ignition-common3 -- found version 3.14.0
[6.333s] -- Looking for ignition-math6 -- found version 6.15.1
[6.333s] -- Looking for ignition-msgs5 -- found version 5.8.1
[6.348s] -- Gazebo version: 11.10
[6.351s] -- Checking for module 'tbb'
[6.414s] --   Found tbb, version 2021.5.0
[6.486s] -- Found image_transport: 3.1.9 (/opt/ros/humble/share/image_transport/cmake)
[6.845s] -- Found camera_info_manager: 3.1.9 (/opt/ros/humble/share/camera_info_manager/cmake)
[7.013s] -- Found ament_lint_auto: 0.12.11 (/opt/ros/humble/share/ament_lint_auto/cmake)
[7.315s] -- Configuring done
[7.422s] -- Generating done
[7.432s] -- Build files have been written to: /home/manab/colcon_ws/build/realsense_gazebo_plugin
[7.489s] Invoked command in '/home/manab/colcon_ws/build/realsense_gazebo_plugin' returned '0': CMAKE_PREFIX_PATH=${CMAKE_PREFIX_PATH}:/home/manab/colcon_ws/install/ur5_control:/home/manab/ros2_ws/install/launch_testing_examples:/home/manab/ros2_ws/install/examples_rclpy_pointcloud_publisher:/home/manab/ros2_ws/install/examples_rclpy_minimal_subscriber:/home/manab/ros2_ws/install/examples_rclpy_minimal_service:/home/manab/ros2_ws/install/examples_rclpy_minimal_publisher:/home/manab/ros2_ws/install/examples_rclpy_minimal_client:/home/manab/ros2_ws/install/examples_rclpy_minimal_action_server:/home/manab/ros2_ws/install/examples_rclpy_minimal_action_client:/home/manab/ros2_ws/install/examples_rclpy_guard_conditions:/home/manab/ros2_ws/install/examples_rclpy_executors:/opt/ros/humble /usr/bin/cmake /home/manab/colcon_ws/src/realsense_gazebo_plugin -DCMAKE_INSTALL_PREFIX=/home/manab/colcon_ws/install/realsense_gazebo_plugin
[7.490s] Invoking command in '/home/manab/colcon_ws/build/realsense_gazebo_plugin': CMAKE_PREFIX_PATH=${CMAKE_PREFIX_PATH}:/home/manab/colcon_ws/install/ur5_control:/home/manab/ros2_ws/install/launch_testing_examples:/home/manab/ros2_ws/install/examples_rclpy_pointcloud_publisher:/home/manab/ros2_ws/install/examples_rclpy_minimal_subscriber:/home/manab/ros2_ws/install/examples_rclpy_minimal_service:/home/manab/ros2_ws/install/examples_rclpy_minimal_publisher:/home/manab/ros2_ws/install/examples_rclpy_minimal_client:/home/manab/ros2_ws/install/examples_rclpy_minimal_action_server:/home/manab/ros2_ws/install/examples_rclpy_minimal_action_client:/home/manab/ros2_ws/install/examples_rclpy_guard_conditions:/home/manab/ros2_ws/install/examples_rclpy_executors:/opt/ros/humble /usr/bin/cmake --build /home/manab/colcon_ws/build/realsense_gazebo_plugin -- -j4 -l4
[7.604s] [ 33%] [32mBuilding CXX object CMakeFiles/realsense_gazebo_plugin.dir/src/gazebo_ros_realsense.cpp.o[0m
[7.633s] [ 66%] [32mBuilding CXX object CMakeFiles/realsense_gazebo_plugin.dir/src/RealSensePlugin.cpp.o[0m
[33.047s] [100%] [32m[1mLinking CXX shared library librealsense_gazebo_plugin.so[0m
[34.015s] [100%] Built target realsense_gazebo_plugin
[34.027s] Invoked command in '/home/manab/colcon_ws/build/realsense_gazebo_plugin' returned '0': CMAKE_PREFIX_PATH=${CMAKE_PREFIX_PATH}:/home/manab/colcon_ws/install/ur5_control:/home/manab/ros2_ws/install/launch_testing_examples:/home/manab/ros2_ws/install/examples_rclpy_pointcloud_publisher:/home/manab/ros2_ws/install/examples_rclpy_minimal_subscriber:/home/manab/ros2_ws/install/examples_rclpy_minimal_service:/home/manab/ros2_ws/install/examples_rclpy_minimal_publisher:/home/manab/ros2_ws/install/examples_rclpy_minimal_client:/home/manab/ros2_ws/install/examples_rclpy_minimal_action_server:/home/manab/ros2_ws/install/examples_rclpy_minimal_action_client:/home/manab/ros2_ws/install/examples_rclpy_guard_conditions:/home/manab/ros2_ws/install/examples_rclpy_executors:/opt/ros/humble /usr/bin/cmake --build /home/manab/colcon_ws/build/realsense_gazebo_plugin -- -j4 -l4
[34.052s] Invoking command in '/home/manab/colcon_ws/build/realsense_gazebo_plugin': CMAKE_PREFIX_PATH=${CMAKE_PREFIX_PATH}:/home/manab/colcon_ws/install/ur5_control:/home/manab/ros2_ws/install/launch_testing_examples:/home/manab/ros2_ws/install/examples_rclpy_pointcloud_publisher:/home/manab/ros2_ws/install/examples_rclpy_minimal_subscriber:/home/manab/ros2_ws/install/examples_rclpy_minimal_service:/home/manab/ros2_ws/install/examples_rclpy_minimal_publisher:/home/manab/ros2_ws/install/examples_rclpy_minimal_client:/home/manab/ros2_ws/install/examples_rclpy_minimal_action_server:/home/manab/ros2_ws/install/examples_rclpy_minimal_action_client:/home/manab/ros2_ws/install/examples_rclpy_guard_conditions:/home/manab/ros2_ws/install/examples_rclpy_executors:/opt/ros/humble /usr/bin/cmake --install /home/manab/colcon_ws/build/realsense_gazebo_plugin
[34.058s] -- Install configuration: ""
[34.059s] -- Installing: /home/manab/colcon_ws/install/realsense_gazebo_plugin/lib/librealsense_gazebo_plugin.so
[34.061s] -- Set runtime path of "/home/manab/colcon_ws/install/realsense_gazebo_plugin/lib/librealsense_gazebo_plugin.so" to ""
[34.061s] -- Installing: /home/manab/colcon_ws/install/realsense_gazebo_plugin/include/
[34.061s] -- Installing: /home/manab/colcon_ws/install/realsense_gazebo_plugin/include//realsense_gazebo_plugin
[34.061s] -- Installing: /home/manab/colcon_ws/install/realsense_gazebo_plugin/include//realsense_gazebo_plugin/gazebo_ros_realsense.h
[34.061s] -- Installing: /home/manab/colcon_ws/install/realsense_gazebo_plugin/include//realsense_gazebo_plugin/RealSensePlugin.h
[34.062s] -- Installing: /home/manab/colcon_ws/install/realsense_gazebo_plugin/share/realsense_gazebo_plugin/environment/library_path.sh
[34.062s] -- Installing: /home/manab/colcon_ws/install/realsense_gazebo_plugin/share/realsense_gazebo_plugin/environment/library_path.dsv
[34.062s] -- Installing: /home/manab/colcon_ws/install/realsense_gazebo_plugin/share/ament_index/resource_index/package_run_dependencies/realsense_gazebo_plugin
[34.062s] -- Installing: /home/manab/colcon_ws/install/realsense_gazebo_plugin/share/ament_index/resource_index/parent_prefix_path/realsense_gazebo_plugin
[34.062s] -- Installing: /home/manab/colcon_ws/install/realsense_gazebo_plugin/share/realsense_gazebo_plugin/environment/ament_prefix_path.sh
[34.062s] -- Installing: /home/manab/colcon_ws/install/realsense_gazebo_plugin/share/realsense_gazebo_plugin/environment/ament_prefix_path.dsv
[34.062s] -- Installing: /home/manab/colcon_ws/install/realsense_gazebo_plugin/share/realsense_gazebo_plugin/environment/path.sh
[34.063s] -- Installing: /home/manab/colcon_ws/install/realsense_gazebo_plugin/share/realsense_gazebo_plugin/environment/path.dsv
[34.063s] -- Installing: /home/manab/colcon_ws/install/realsense_gazebo_plugin/share/realsense_gazebo_plugin/local_setup.bash
[34.063s] -- Installing: /home/manab/colcon_ws/install/realsense_gazebo_plugin/share/realsense_gazebo_plugin/local_setup.sh
[34.063s] -- Installing: /home/manab/colcon_ws/install/realsense_gazebo_plugin/share/realsense_gazebo_plugin/local_setup.zsh
[34.063s] -- Installing: /home/manab/colcon_ws/install/realsense_gazebo_plugin/share/realsense_gazebo_plugin/local_setup.dsv
[34.063s] -- Installing: /home/manab/colcon_ws/install/realsense_gazebo_plugin/share/realsense_gazebo_plugin/package.dsv
[34.063s] -- Installing: /home/manab/colcon_ws/install/realsense_gazebo_plugin/share/ament_index/resource_index/packages/realsense_gazebo_plugin
[34.063s] -- Installing: /home/manab/colcon_ws/install/realsense_gazebo_plugin/share/realsense_gazebo_plugin/cmake/ament_cmake_export_include_directories-extras.cmake
[34.063s] -- Installing: /home/manab/colcon_ws/install/realsense_gazebo_plugin/share/realsense_gazebo_plugin/cmake/ament_cmake_export_libraries-extras.cmake
[34.063s] -- Installing: /home/manab/colcon_ws/install/realsense_gazebo_plugin/share/realsense_gazebo_plugin/cmake/realsense_gazebo_pluginConfig.cmake
[34.063s] -- Installing: /home/manab/colcon_ws/install/realsense_gazebo_plugin/share/realsense_gazebo_plugin/cmake/realsense_gazebo_pluginConfig-version.cmake
[34.063s] -- Installing: /home/manab/colcon_ws/install/realsense_gazebo_plugin/share/realsense_gazebo_plugin/package.xml
[34.065s] Invoked command in '/home/manab/colcon_ws/build/realsense_gazebo_plugin' returned '0': CMAKE_PREFIX_PATH=${CMAKE_PREFIX_PATH}:/home/manab/colcon_ws/install/ur5_control:/home/manab/ros2_ws/install/launch_testing_examples:/home/manab/ros2_ws/install/examples_rclpy_pointcloud_publisher:/home/manab/ros2_ws/install/examples_rclpy_minimal_subscriber:/home/manab/ros2_ws/install/examples_rclpy_minimal_service:/home/manab/ros2_ws/install/examples_rclpy_minimal_publisher:/home/manab/ros2_ws/install/examples_rclpy_minimal_client:/home/manab/ros2_ws/install/examples_rclpy_minimal_action_server:/home/manab/ros2_ws/install/examples_rclpy_minimal_action_client:/home/manab/ros2_ws/install/examples_rclpy_guard_conditions:/home/manab/ros2_ws/install/examples_rclpy_executors:/opt/ros/humble /usr/bin/cmake --install /home/manab/colcon_ws/build/realsense_gazebo_plugin
