[0.027s] Invoking command in '/home/manab/colcon_ws/build/realsense_gazebo_plugin': CMAKE_PREFIX_PATH=${CMAKE_PREFIX_PATH}:/home/manab/colcon_ws/install/ur5_control:/home/manab/colcon_ws/install/pymoveit2:/home/manab/ws_moveit/install/moveit_configs_utils:/home/manab/ros2_ws/install/launch_testing_examples:/home/manab/ros2_ws/install/examples_rclpy_pointcloud_publisher:/home/manab/ros2_ws/install/examples_rclpy_minimal_subscriber:/home/manab/ros2_ws/install/examples_rclpy_minimal_service:/home/manab/ros2_ws/install/examples_rclpy_minimal_publisher:/home/manab/ros2_ws/install/examples_rclpy_minimal_client:/home/manab/ros2_ws/install/examples_rclpy_minimal_action_server:/home/manab/ros2_ws/install/examples_rclpy_minimal_action_client:/home/manab/ros2_ws/install/examples_rclpy_guard_conditions:/home/manab/ros2_ws/install/examples_rclpy_executors:/opt/ros/humble /usr/bin/cmake --build /home/manab/colcon_ws/build/realsense_gazebo_plugin -- -j4 -l4
[0.092s] -- Found ament_cmake: 1.3.10 (/opt/ros/humble/share/ament_cmake/cmake)
[0.305s] -- Found rclcpp: 16.0.10 (/opt/ros/humble/share/rclcpp/cmake)
[0.360s] -- Found rosidl_generator_c: 3.1.5 (/opt/ros/humble/share/rosidl_generator_c/cmake)
[0.364s] -- Found rosidl_adapter: 3.1.5 (/opt/ros/humble/share/rosidl_adapter/cmake)
[0.374s] -- Found rosidl_generator_cpp: 3.1.5 (/opt/ros/humble/share/rosidl_generator_cpp/cmake)
[0.389s] -- Using all available rosidl_typesupport_c: rosidl_typesupport_fastrtps_c;rosidl_typesupport_introspection_c
[0.408s] -- Using all available rosidl_typesupport_cpp: rosidl_typesupport_fastrtps_cpp;rosidl_typesupport_introspection_cpp
[0.462s] -- Found rmw_implementation_cmake: 6.1.2 (/opt/ros/humble/share/rmw_implementation_cmake/cmake)
[0.467s] -- Found rmw_fastrtps_cpp: 6.2.7 (/opt/ros/humble/share/rmw_fastrtps_cpp/cmake)
[0.629s] -- Using RMW implementation 'rmw_fastrtps_cpp' as default
[0.721s] [31mCMake Error at CMakeLists.txt:19 (find_package):
[0.721s]   By not providing "Findgazebo_ros.cmake" in CMAKE_MODULE_PATH this project
[0.721s]   has asked CMake to find a package configuration file provided by
[0.721s]   "gazebo_ros", but CMake did not find one.
[0.721s] 
[0.721s]   Could not find a package configuration file provided by "gazebo_ros" with
[0.721s]   any of the following names:
[0.722s] 
[0.722s]     gazebo_rosConfig.cmake
[0.722s]     gazebo_ros-config.cmake
[0.722s] 
[0.722s]   Add the installation prefix of "gazebo_ros" to CMAKE_PREFIX_PATH or set
[0.722s]   "gazebo_ros_DIR" to a directory containing one of the above files.  If
[0.722s]   "gazebo_ros" provides a separate development package or SDK, be sure it has
[0.722s]   been installed.
[0.722s] 
[0.722s] [0m
[0.724s] -- Configuring incomplete, errors occurred!
[0.724s] See also "/home/manab/colcon_ws/build/realsense_gazebo_plugin/CMakeFiles/CMakeOutput.log".
[0.735s] gmake: *** [Makefile:294: cmake_check_build_system] Error 1
[0.953s] Invoked command in '/home/manab/colcon_ws/build/realsense_gazebo_plugin' returned '2': CMAKE_PREFIX_PATH=${CMAKE_PREFIX_PATH}:/home/manab/colcon_ws/install/ur5_control:/home/manab/colcon_ws/install/pymoveit2:/home/manab/ws_moveit/install/moveit_configs_utils:/home/manab/ros2_ws/install/launch_testing_examples:/home/manab/ros2_ws/install/examples_rclpy_pointcloud_publisher:/home/manab/ros2_ws/install/examples_rclpy_minimal_subscriber:/home/manab/ros2_ws/install/examples_rclpy_minimal_service:/home/manab/ros2_ws/install/examples_rclpy_minimal_publisher:/home/manab/ros2_ws/install/examples_rclpy_minimal_client:/home/manab/ros2_ws/install/examples_rclpy_minimal_action_server:/home/manab/ros2_ws/install/examples_rclpy_minimal_action_client:/home/manab/ros2_ws/install/examples_rclpy_guard_conditions:/home/manab/ros2_ws/install/examples_rclpy_executors:/opt/ros/humble /usr/bin/cmake --build /home/manab/colcon_ws/build/realsense_gazebo_plugin -- -j4 -l4
