[1.321s] DEBUG:colcon:Command line arguments: ['/home/manab/.local/bin/colcon', 'list', '-p', '--base-paths', '/home/manab/colcon_ws']
[1.321s] DEBUG:colcon:Parsed command line arguments: Namespace(log_base=None, log_level=None, verb_name='list', build_base='build', ignore_user_meta=False, metas=['./colcon.meta'], base_paths=['/home/manab/colcon_ws'], packages_ignore=None, packages_ignore_regex=None, paths=None, packages_up_to=None, packages_up_to_regex=None, packages_above=None, packages_above_and_dependencies=None, packages_above_depth=None, packages_select_by_dep=None, packages_skip_by_dep=None, packages_skip_up_to=None, packages_select_build_failed=False, packages_skip_build_finished=False, packages_select_test_failures=False, packages_skip_test_passed=False, packages_select=None, packages_skip=None, packages_select_regex=None, packages_skip_regex=None, packages_start=None, packages_end=None, allow_overriding=[], topological_order=False, names_only=False, paths_only=True, topological_graph=False, topological_graph_dot=False, topological_graph_density=False, topological_graph_legend=False, topological_graph_dot_cluster=False, topological_graph_dot_include_skipped=False, mixin_files=None, mixin=None, verb_parser=<colcon_mixin.mixin.mixin_argument.MixinArgumentDecorator object at 0x755183708fd0>, verb_extension=<colcon_package_information.verb.list.ListVerb object at 0x7551836d7c70>, main=<bound method ListVerb.main of <colcon_package_information.verb.list.ListVerb object at 0x7551836d7c70>>, mixin_verb=('list',))
[1.476s] Level 1:colcon.colcon_core.package_discovery:discover_packages(colcon_meta) check parameters
[1.477s] Level 1:colcon.colcon_core.package_discovery:discover_packages(recursive) check parameters
[1.477s] Level 1:colcon.colcon_core.package_discovery:discover_packages(ignore) check parameters
[1.477s] Level 1:colcon.colcon_core.package_discovery:discover_packages(path) check parameters
[1.477s] Level 1:colcon.colcon_core.package_discovery:discover_packages(recursive) discover
[1.477s] INFO:colcon.colcon_core.package_discovery:Crawling recursively for packages in '/home/manab/colcon_ws'
[1.478s] Level 1:colcon.colcon_core.package_identification:_identify(/home/manab/colcon_ws) by extensions ['ignore', 'ignore_ament_install']
[1.478s] Level 1:colcon.colcon_core.package_identification:_identify(/home/manab/colcon_ws) by extension 'ignore'
[1.478s] Level 1:colcon.colcon_core.package_identification:_identify(/home/manab/colcon_ws) by extension 'ignore_ament_install'
[1.478s] Level 1:colcon.colcon_core.package_identification:_identify(/home/manab/colcon_ws) by extensions ['colcon_pkg']
[1.478s] Level 1:colcon.colcon_core.package_identification:_identify(/home/manab/colcon_ws) by extension 'colcon_pkg'
[1.478s] Level 1:colcon.colcon_core.package_identification:_identify(/home/manab/colcon_ws) by extensions ['colcon_meta']
[1.478s] Level 1:colcon.colcon_core.package_identification:_identify(/home/manab/colcon_ws) by extension 'colcon_meta'
[1.478s] Level 1:colcon.colcon_core.package_identification:_identify(/home/manab/colcon_ws) by extensions ['ros']
[1.478s] Level 1:colcon.colcon_core.package_identification:_identify(/home/manab/colcon_ws) by extension 'ros'
[1.922s] Level 1:colcon.colcon_core.package_identification:_identify(/home/manab/colcon_ws) by extensions ['cmake', 'python']
[1.922s] Level 1:colcon.colcon_core.package_identification:_identify(/home/manab/colcon_ws) by extension 'cmake'
[1.922s] Level 1:colcon.colcon_core.package_identification:_identify(/home/manab/colcon_ws) by extension 'python'
[1.922s] Level 1:colcon.colcon_core.package_identification:_identify(/home/manab/colcon_ws) by extensions ['python_setup_py']
[1.922s] Level 1:colcon.colcon_core.package_identification:_identify(/home/manab/colcon_ws) by extension 'python_setup_py'
[1.929s] Level 1:colcon.colcon_core.package_identification:_identify(/home/manab/colcon_ws/build) by extensions ['ignore', 'ignore_ament_install']
[1.934s] Level 1:colcon.colcon_core.package_identification:_identify(/home/manab/colcon_ws/build) by extension 'ignore'
[1.934s] Level 1:colcon.colcon_core.package_identification:_identify(/home/manab/colcon_ws/build) ignored
[1.935s] Level 1:colcon.colcon_core.package_identification:_identify(/home/manab/colcon_ws/e-yantra2024-25) by extensions ['ignore', 'ignore_ament_install']
[1.935s] Level 1:colcon.colcon_core.package_identification:_identify(/home/manab/colcon_ws/e-yantra2024-25) by extension 'ignore'
[1.935s] Level 1:colcon.colcon_core.package_identification:_identify(/home/manab/colcon_ws/e-yantra2024-25) by extension 'ignore_ament_install'
[1.935s] Level 1:colcon.colcon_core.package_identification:_identify(/home/manab/colcon_ws/e-yantra2024-25) by extensions ['colcon_pkg']
[1.945s] Level 1:colcon.colcon_core.package_identification:_identify(/home/manab/colcon_ws/e-yantra2024-25) by extension 'colcon_pkg'
[1.945s] Level 1:colcon.colcon_core.package_identification:_identify(/home/manab/colcon_ws/e-yantra2024-25) by extensions ['colcon_meta']
[1.945s] Level 1:colcon.colcon_core.package_identification:_identify(/home/manab/colcon_ws/e-yantra2024-25) by extension 'colcon_meta'
[1.948s] Level 1:colcon.colcon_core.package_identification:_identify(/home/manab/colcon_ws/e-yantra2024-25) by extensions ['ros']
[1.948s] Level 1:colcon.colcon_core.package_identification:_identify(/home/manab/colcon_ws/e-yantra2024-25) by extension 'ros'
[1.949s] Level 1:colcon.colcon_core.package_identification:_identify(/home/manab/colcon_ws/e-yantra2024-25) by extensions ['cmake', 'python']
[1.949s] Level 1:colcon.colcon_core.package_identification:_identify(/home/manab/colcon_ws/e-yantra2024-25) by extension 'cmake'
[1.949s] Level 1:colcon.colcon_core.package_identification:_identify(/home/manab/colcon_ws/e-yantra2024-25) by extension 'python'
[1.949s] Level 1:colcon.colcon_core.package_identification:_identify(/home/manab/colcon_ws/e-yantra2024-25) by extensions ['python_setup_py']
[1.949s] Level 1:colcon.colcon_core.package_identification:_identify(/home/manab/colcon_ws/e-yantra2024-25) by extension 'python_setup_py'
[1.949s] Level 1:colcon.colcon_core.package_identification:_identify(/home/manab/colcon_ws/install) by extensions ['ignore', 'ignore_ament_install']
[1.953s] Level 1:colcon.colcon_core.package_identification:_identify(/home/manab/colcon_ws/install) by extension 'ignore'
[1.953s] Level 1:colcon.colcon_core.package_identification:_identify(/home/manab/colcon_ws/install) ignored
[1.959s] Level 1:colcon.colcon_core.package_identification:_identify(/home/manab/colcon_ws/log) by extensions ['ignore', 'ignore_ament_install']
[1.959s] Level 1:colcon.colcon_core.package_identification:_identify(/home/manab/colcon_ws/log) by extension 'ignore'
[1.959s] Level 1:colcon.colcon_core.package_identification:_identify(/home/manab/colcon_ws/log) ignored
[1.960s] Level 1:colcon.colcon_core.package_identification:_identify(/home/manab/colcon_ws/my_bag) by extensions ['ignore', 'ignore_ament_install']
[1.960s] Level 1:colcon.colcon_core.package_identification:_identify(/home/manab/colcon_ws/my_bag) by extension 'ignore'
[1.960s] Level 1:colcon.colcon_core.package_identification:_identify(/home/manab/colcon_ws/my_bag) by extension 'ignore_ament_install'
[1.964s] Level 1:colcon.colcon_core.package_identification:_identify(/home/manab/colcon_ws/my_bag) by extensions ['colcon_pkg']
[1.964s] Level 1:colcon.colcon_core.package_identification:_identify(/home/manab/colcon_ws/my_bag) by extension 'colcon_pkg'
[1.964s] Level 1:colcon.colcon_core.package_identification:_identify(/home/manab/colcon_ws/my_bag) by extensions ['colcon_meta']
[1.964s] Level 1:colcon.colcon_core.package_identification:_identify(/home/manab/colcon_ws/my_bag) by extension 'colcon_meta'
[1.964s] Level 1:colcon.colcon_core.package_identification:_identify(/home/manab/colcon_ws/my_bag) by extensions ['ros']
[1.964s] Level 1:colcon.colcon_core.package_identification:_identify(/home/manab/colcon_ws/my_bag) by extension 'ros'
[1.980s] Level 1:colcon.colcon_core.package_identification:_identify(/home/manab/colcon_ws/my_bag) by extensions ['cmake', 'python']
[1.981s] Level 1:colcon.colcon_core.package_identification:_identify(/home/manab/colcon_ws/my_bag) by extension 'cmake'
[1.981s] Level 1:colcon.colcon_core.package_identification:_identify(/home/manab/colcon_ws/my_bag) by extension 'python'
[1.981s] Level 1:colcon.colcon_core.package_identification:_identify(/home/manab/colcon_ws/my_bag) by extensions ['python_setup_py']
[1.981s] Level 1:colcon.colcon_core.package_identification:_identify(/home/manab/colcon_ws/my_bag) by extension 'python_setup_py'
[1.981s] Level 1:colcon.colcon_core.package_identification:_identify(/home/manab/colcon_ws/src) by extensions ['ignore', 'ignore_ament_install']
[1.981s] Level 1:colcon.colcon_core.package_identification:_identify(/home/manab/colcon_ws/src) by extension 'ignore'
[1.981s] Level 1:colcon.colcon_core.package_identification:_identify(/home/manab/colcon_ws/src) by extension 'ignore_ament_install'
[1.986s] Level 1:colcon.colcon_core.package_identification:_identify(/home/manab/colcon_ws/src) by extensions ['colcon_pkg']
[1.986s] Level 1:colcon.colcon_core.package_identification:_identify(/home/manab/colcon_ws/src) by extension 'colcon_pkg'
[1.986s] Level 1:colcon.colcon_core.package_identification:_identify(/home/manab/colcon_ws/src) by extensions ['colcon_meta']
[1.986s] Level 1:colcon.colcon_core.package_identification:_identify(/home/manab/colcon_ws/src) by extension 'colcon_meta'
[1.988s] Level 1:colcon.colcon_core.package_identification:_identify(/home/manab/colcon_ws/src) by extensions ['ros']
[1.988s] Level 1:colcon.colcon_core.package_identification:_identify(/home/manab/colcon_ws/src) by extension 'ros'
[1.988s] Level 1:colcon.colcon_core.package_identification:_identify(/home/manab/colcon_ws/src) by extensions ['cmake', 'python']
[1.988s] Level 1:colcon.colcon_core.package_identification:_identify(/home/manab/colcon_ws/src) by extension 'cmake'
[1.988s] Level 1:colcon.colcon_core.package_identification:_identify(/home/manab/colcon_ws/src) by extension 'python'
[1.988s] Level 1:colcon.colcon_core.package_identification:_identify(/home/manab/colcon_ws/src) by extensions ['python_setup_py']
[1.988s] Level 1:colcon.colcon_core.package_identification:_identify(/home/manab/colcon_ws/src) by extension 'python_setup_py'
[1.991s] Level 1:colcon.colcon_core.package_identification:_identify(/home/manab/colcon_ws/src/ebot_description) by extensions ['ignore', 'ignore_ament_install']
[1.991s] Level 1:colcon.colcon_core.package_identification:_identify(/home/manab/colcon_ws/src/ebot_description) by extension 'ignore'
[1.991s] Level 1:colcon.colcon_core.package_identification:_identify(/home/manab/colcon_ws/src/ebot_description) by extension 'ignore_ament_install'
[1.991s] Level 1:colcon.colcon_core.package_identification:_identify(/home/manab/colcon_ws/src/ebot_description) by extensions ['colcon_pkg']
[1.991s] Level 1:colcon.colcon_core.package_identification:_identify(/home/manab/colcon_ws/src/ebot_description) by extension 'colcon_pkg'
[1.992s] Level 1:colcon.colcon_core.package_identification:_identify(/home/manab/colcon_ws/src/ebot_description) by extensions ['colcon_meta']
[1.992s] Level 1:colcon.colcon_core.package_identification:_identify(/home/manab/colcon_ws/src/ebot_description) by extension 'colcon_meta'
[1.992s] Level 1:colcon.colcon_core.package_identification:_identify(/home/manab/colcon_ws/src/ebot_description) by extensions ['ros']
[1.992s] Level 1:colcon.colcon_core.package_identification:_identify(/home/manab/colcon_ws/src/ebot_description) by extension 'ros'
[2.023s] DEBUG:colcon.colcon_core.package_identification:Package '/home/manab/colcon_ws/src/ebot_description' with type 'ros.ament_cmake' and name 'ebot_description'
[2.024s] Level 1:colcon.colcon_core.package_identification:_identify(/home/manab/colcon_ws/src/ebot_nav2) by extensions ['ignore', 'ignore_ament_install']
[2.024s] Level 1:colcon.colcon_core.package_identification:_identify(/home/manab/colcon_ws/src/ebot_nav2) by extension 'ignore'
[2.024s] Level 1:colcon.colcon_core.package_identification:_identify(/home/manab/colcon_ws/src/ebot_nav2) by extension 'ignore_ament_install'
[2.025s] Level 1:colcon.colcon_core.package_identification:_identify(/home/manab/colcon_ws/src/ebot_nav2) by extensions ['colcon_pkg']
[2.025s] Level 1:colcon.colcon_core.package_identification:_identify(/home/manab/colcon_ws/src/ebot_nav2) by extension 'colcon_pkg'
[2.025s] Level 1:colcon.colcon_core.package_identification:_identify(/home/manab/colcon_ws/src/ebot_nav2) by extensions ['colcon_meta']
[2.042s] Level 1:colcon.colcon_core.package_identification:_identify(/home/manab/colcon_ws/src/ebot_nav2) by extension 'colcon_meta'
[2.042s] Level 1:colcon.colcon_core.package_identification:_identify(/home/manab/colcon_ws/src/ebot_nav2) by extensions ['ros']
[2.042s] Level 1:colcon.colcon_core.package_identification:_identify(/home/manab/colcon_ws/src/ebot_nav2) by extension 'ros'
[2.044s] DEBUG:colcon.colcon_core.package_identification:Package '/home/manab/colcon_ws/src/ebot_nav2' with type 'ros.ament_cmake' and name 'ebot_nav2'
[2.061s] Level 1:colcon.colcon_core.package_identification:_identify(/home/manab/colcon_ws/src/eyantra_warehouse) by extensions ['ignore', 'ignore_ament_install']
[2.062s] Level 1:colcon.colcon_core.package_identification:_identify(/home/manab/colcon_ws/src/eyantra_warehouse) by extension 'ignore'
[2.062s] Level 1:colcon.colcon_core.package_identification:_identify(/home/manab/colcon_ws/src/eyantra_warehouse) by extension 'ignore_ament_install'
[2.062s] Level 1:colcon.colcon_core.package_identification:_identify(/home/manab/colcon_ws/src/eyantra_warehouse) by extensions ['colcon_pkg']
[2.062s] Level 1:colcon.colcon_core.package_identification:_identify(/home/manab/colcon_ws/src/eyantra_warehouse) by extension 'colcon_pkg'
[2.062s] Level 1:colcon.colcon_core.package_identification:_identify(/home/manab/colcon_ws/src/eyantra_warehouse) by extensions ['colcon_meta']
[2.062s] Level 1:colcon.colcon_core.package_identification:_identify(/home/manab/colcon_ws/src/eyantra_warehouse) by extension 'colcon_meta'
[2.062s] Level 1:colcon.colcon_core.package_identification:_identify(/home/manab/colcon_ws/src/eyantra_warehouse) by extensions ['ros']
[2.062s] Level 1:colcon.colcon_core.package_identification:_identify(/home/manab/colcon_ws/src/eyantra_warehouse) by extension 'ros'
[2.074s] DEBUG:colcon.colcon_core.package_identification:Package '/home/manab/colcon_ws/src/eyantra_warehouse' with type 'ros.ament_cmake' and name 'eyantra_warehouse'
[2.084s] Level 1:colcon.colcon_core.package_identification:_identify(/home/manab/colcon_ws/src/linkattacher_msgs) by extensions ['ignore', 'ignore_ament_install']
[2.095s] Level 1:colcon.colcon_core.package_identification:_identify(/home/manab/colcon_ws/src/linkattacher_msgs) by extension 'ignore'
[2.095s] Level 1:colcon.colcon_core.package_identification:_identify(/home/manab/colcon_ws/src/linkattacher_msgs) by extension 'ignore_ament_install'
[2.095s] Level 1:colcon.colcon_core.package_identification:_identify(/home/manab/colcon_ws/src/linkattacher_msgs) by extensions ['colcon_pkg']
[2.095s] Level 1:colcon.colcon_core.package_identification:_identify(/home/manab/colcon_ws/src/linkattacher_msgs) by extension 'colcon_pkg'
[2.095s] Level 1:colcon.colcon_core.package_identification:_identify(/home/manab/colcon_ws/src/linkattacher_msgs) by extensions ['colcon_meta']
[2.095s] Level 1:colcon.colcon_core.package_identification:_identify(/home/manab/colcon_ws/src/linkattacher_msgs) by extension 'colcon_meta'
[2.105s] Level 1:colcon.colcon_core.package_identification:_identify(/home/manab/colcon_ws/src/linkattacher_msgs) by extensions ['ros']
[2.105s] Level 1:colcon.colcon_core.package_identification:_identify(/home/manab/colcon_ws/src/linkattacher_msgs) by extension 'ros'
[2.106s] DEBUG:colcon.colcon_core.package_identification:Package '/home/manab/colcon_ws/src/linkattacher_msgs' with type 'ros.ament_cmake' and name 'linkattacher_msgs'
[2.107s] Level 1:colcon.colcon_core.package_identification:_identify(/home/manab/colcon_ws/src/pymoveit2) by extensions ['ignore', 'ignore_ament_install']
[2.107s] Level 1:colcon.colcon_core.package_identification:_identify(/home/manab/colcon_ws/src/pymoveit2) by extension 'ignore'
[2.107s] Level 1:colcon.colcon_core.package_identification:_identify(/home/manab/colcon_ws/src/pymoveit2) by extension 'ignore_ament_install'
[2.107s] Level 1:colcon.colcon_core.package_identification:_identify(/home/manab/colcon_ws/src/pymoveit2) by extensions ['colcon_pkg']
[2.107s] Level 1:colcon.colcon_core.package_identification:_identify(/home/manab/colcon_ws/src/pymoveit2) by extension 'colcon_pkg'
[2.107s] Level 1:colcon.colcon_core.package_identification:_identify(/home/manab/colcon_ws/src/pymoveit2) by extensions ['colcon_meta']
[2.107s] Level 1:colcon.colcon_core.package_identification:_identify(/home/manab/colcon_ws/src/pymoveit2) by extension 'colcon_meta'
[2.108s] Level 1:colcon.colcon_core.package_identification:_identify(/home/manab/colcon_ws/src/pymoveit2) by extensions ['ros']
[2.138s] Level 1:colcon.colcon_core.package_identification:_identify(/home/manab/colcon_ws/src/pymoveit2) by extension 'ros'
[2.139s] DEBUG:colcon.colcon_core.package_identification:Package '/home/manab/colcon_ws/src/pymoveit2' with type 'ros.ament_cmake' and name 'pymoveit2'
[2.166s] Level 1:colcon.colcon_core.package_identification:_identify(/home/manab/colcon_ws/src/realsense_gazebo_plugin) by extensions ['ignore', 'ignore_ament_install']
[2.166s] Level 1:colcon.colcon_core.package_identification:_identify(/home/manab/colcon_ws/src/realsense_gazebo_plugin) by extension 'ignore'
[2.166s] Level 1:colcon.colcon_core.package_identification:_identify(/home/manab/colcon_ws/src/realsense_gazebo_plugin) by extension 'ignore_ament_install'
[2.167s] Level 1:colcon.colcon_core.package_identification:_identify(/home/manab/colcon_ws/src/realsense_gazebo_plugin) by extensions ['colcon_pkg']
[2.167s] Level 1:colcon.colcon_core.package_identification:_identify(/home/manab/colcon_ws/src/realsense_gazebo_plugin) by extension 'colcon_pkg'
[2.167s] Level 1:colcon.colcon_core.package_identification:_identify(/home/manab/colcon_ws/src/realsense_gazebo_plugin) by extensions ['colcon_meta']
[2.167s] Level 1:colcon.colcon_core.package_identification:_identify(/home/manab/colcon_ws/src/realsense_gazebo_plugin) by extension 'colcon_meta'
[2.167s] Level 1:colcon.colcon_core.package_identification:_identify(/home/manab/colcon_ws/src/realsense_gazebo_plugin) by extensions ['ros']
[2.167s] Level 1:colcon.colcon_core.package_identification:_identify(/home/manab/colcon_ws/src/realsense_gazebo_plugin) by extension 'ros'
[2.190s] DEBUG:colcon.colcon_core.package_identification:Package '/home/manab/colcon_ws/src/realsense_gazebo_plugin' with type 'ros.ament_cmake' and name 'realsense_gazebo_plugin'
[2.199s] Level 1:colcon.colcon_core.package_identification:_identify(/home/manab/colcon_ws/src/ur5_control) by extensions ['ignore', 'ignore_ament_install']
[2.225s] Level 1:colcon.colcon_core.package_identification:_identify(/home/manab/colcon_ws/src/ur5_control) by extension 'ignore'
[2.229s] Level 1:colcon.colcon_core.package_identification:_identify(/home/manab/colcon_ws/src/ur5_control) by extension 'ignore_ament_install'
[2.245s] Level 1:colcon.colcon_core.package_identification:_identify(/home/manab/colcon_ws/src/ur5_control) by extensions ['colcon_pkg']
[2.249s] Level 1:colcon.colcon_core.package_identification:_identify(/home/manab/colcon_ws/src/ur5_control) by extension 'colcon_pkg'
[2.249s] Level 1:colcon.colcon_core.package_identification:_identify(/home/manab/colcon_ws/src/ur5_control) by extensions ['colcon_meta']
[2.249s] Level 1:colcon.colcon_core.package_identification:_identify(/home/manab/colcon_ws/src/ur5_control) by extension 'colcon_meta'
[2.249s] Level 1:colcon.colcon_core.package_identification:_identify(/home/manab/colcon_ws/src/ur5_control) by extensions ['ros']
[2.251s] Level 1:colcon.colcon_core.package_identification:_identify(/home/manab/colcon_ws/src/ur5_control) by extension 'ros'
[2.289s] DEBUG:colcon.colcon_core.package_identification:Package '/home/manab/colcon_ws/src/ur5_control' with type 'ros.ament_python' and name 'ur5_control'
[2.289s] Level 1:colcon.colcon_core.package_identification:_identify(/home/manab/colcon_ws/src/ur_description) by extensions ['ignore', 'ignore_ament_install']
[2.297s] Level 1:colcon.colcon_core.package_identification:_identify(/home/manab/colcon_ws/src/ur_description) by extension 'ignore'
[2.298s] Level 1:colcon.colcon_core.package_identification:_identify(/home/manab/colcon_ws/src/ur_description) by extension 'ignore_ament_install'
[2.298s] Level 1:colcon.colcon_core.package_identification:_identify(/home/manab/colcon_ws/src/ur_description) by extensions ['colcon_pkg']
[2.298s] Level 1:colcon.colcon_core.package_identification:_identify(/home/manab/colcon_ws/src/ur_description) by extension 'colcon_pkg'
[2.303s] Level 1:colcon.colcon_core.package_identification:_identify(/home/manab/colcon_ws/src/ur_description) by extensions ['colcon_meta']
[2.303s] Level 1:colcon.colcon_core.package_identification:_identify(/home/manab/colcon_ws/src/ur_description) by extension 'colcon_meta'
[2.303s] Level 1:colcon.colcon_core.package_identification:_identify(/home/manab/colcon_ws/src/ur_description) by extensions ['ros']
[2.303s] Level 1:colcon.colcon_core.package_identification:_identify(/home/manab/colcon_ws/src/ur_description) by extension 'ros'
[2.332s] DEBUG:colcon.colcon_core.package_identification:Package '/home/manab/colcon_ws/src/ur_description' with type 'ros.ament_cmake' and name 'ur_description'
[2.335s] Level 1:colcon.colcon_core.package_identification:_identify(/home/manab/colcon_ws/src/ur_moveit_config) by extensions ['ignore', 'ignore_ament_install']
[2.337s] Level 1:colcon.colcon_core.package_identification:_identify(/home/manab/colcon_ws/src/ur_moveit_config) by extension 'ignore'
[2.337s] Level 1:colcon.colcon_core.package_identification:_identify(/home/manab/colcon_ws/src/ur_moveit_config) by extension 'ignore_ament_install'
[2.338s] Level 1:colcon.colcon_core.package_identification:_identify(/home/manab/colcon_ws/src/ur_moveit_config) by extensions ['colcon_pkg']
[2.338s] Level 1:colcon.colcon_core.package_identification:_identify(/home/manab/colcon_ws/src/ur_moveit_config) by extension 'colcon_pkg'
[2.338s] Level 1:colcon.colcon_core.package_identification:_identify(/home/manab/colcon_ws/src/ur_moveit_config) by extensions ['colcon_meta']
[2.338s] Level 1:colcon.colcon_core.package_identification:_identify(/home/manab/colcon_ws/src/ur_moveit_config) by extension 'colcon_meta'
[2.339s] Level 1:colcon.colcon_core.package_identification:_identify(/home/manab/colcon_ws/src/ur_moveit_config) by extensions ['ros']
[2.339s] Level 1:colcon.colcon_core.package_identification:_identify(/home/manab/colcon_ws/src/ur_moveit_config) by extension 'ros'
[2.343s] DEBUG:colcon.colcon_core.package_identification:Package '/home/manab/colcon_ws/src/ur_moveit_config' with type 'ros.ament_cmake' and name 'ur_moveit_config'
[2.345s] Level 1:colcon.colcon_core.package_identification:_identify(/home/manab/colcon_ws/src/ur_simulation_gazebo) by extensions ['ignore', 'ignore_ament_install']
[2.353s] Level 1:colcon.colcon_core.package_identification:_identify(/home/manab/colcon_ws/src/ur_simulation_gazebo) by extension 'ignore'
[2.353s] Level 1:colcon.colcon_core.package_identification:_identify(/home/manab/colcon_ws/src/ur_simulation_gazebo) by extension 'ignore_ament_install'
[2.354s] Level 1:colcon.colcon_core.package_identification:_identify(/home/manab/colcon_ws/src/ur_simulation_gazebo) by extensions ['colcon_pkg']
[2.355s] Level 1:colcon.colcon_core.package_identification:_identify(/home/manab/colcon_ws/src/ur_simulation_gazebo) by extension 'colcon_pkg'
[2.355s] Level 1:colcon.colcon_core.package_identification:_identify(/home/manab/colcon_ws/src/ur_simulation_gazebo) by extensions ['colcon_meta']
[2.356s] Level 1:colcon.colcon_core.package_identification:_identify(/home/manab/colcon_ws/src/ur_simulation_gazebo) by extension 'colcon_meta'
[2.356s] Level 1:colcon.colcon_core.package_identification:_identify(/home/manab/colcon_ws/src/ur_simulation_gazebo) by extensions ['ros']
[2.356s] Level 1:colcon.colcon_core.package_identification:_identify(/home/manab/colcon_ws/src/ur_simulation_gazebo) by extension 'ros'
[2.362s] DEBUG:colcon.colcon_core.package_identification:Package '/home/manab/colcon_ws/src/ur_simulation_gazebo' with type 'ros.ament_cmake' and name 'ur_simulation_gazebo'
[2.364s] Level 1:colcon.colcon_core.package_discovery:discover_packages(recursive) using defaults
