[0.012s] Invoking command in '/home/manab/colcon_ws/build/linkattacher_msgs': CMAKE_PREFIX_PATH=${CMAKE_PREFIX_PATH}:/home/manab/colcon_ws/install/ur5_control:/home/manab/ws_moveit/install/moveit_configs_utils:/home/manab/ros2_ws/install/launch_testing_examples:/home/manab/ros2_ws/install/examples_rclpy_pointcloud_publisher:/home/manab/ros2_ws/install/examples_rclpy_minimal_subscriber:/home/manab/ros2_ws/install/examples_rclpy_minimal_service:/home/manab/ros2_ws/install/examples_rclpy_minimal_publisher:/home/manab/ros2_ws/install/examples_rclpy_minimal_client:/home/manab/ros2_ws/install/examples_rclpy_minimal_action_server:/home/manab/ros2_ws/install/examples_rclpy_minimal_action_client:/home/manab/ros2_ws/install/examples_rclpy_guard_conditions:/home/manab/ros2_ws/install/examples_rclpy_executors:/opt/ros/humble /usr/bin/cmake --build /home/manab/colcon_ws/build/linkattacher_msgs -- -j4 -l4
[0.085s] [  2%] Built target linkattacher_msgs__cpp
[0.126s] [  2%] Built target ament_cmake_python_copy_linkattacher_msgs
[0.154s] [ 12%] Built target linkattacher_msgs__rosidl_typesupport_fastrtps_cpp
[0.180s] [ 23%] Built target linkattacher_msgs__rosidl_typesupport_introspection_cpp
[0.587s] running egg_info
[0.610s] writing linkattacher_msgs.egg-info/PKG-INFO
[0.611s] writing dependency_links to linkattacher_msgs.egg-info/dependency_links.txt
[0.611s] writing top-level names to linkattacher_msgs.egg-info/top_level.txt
[0.733s] reading manifest file 'linkattacher_msgs.egg-info/SOURCES.txt'
[0.734s] writing manifest file 'linkattacher_msgs.egg-info/SOURCES.txt'
[0.774s] [ 23%] Built target ament_cmake_python_build_linkattacher_msgs_egg
[0.800s] [ 33%] Built target linkattacher_msgs__rosidl_typesupport_cpp
[0.819s] [ 43%] Built target linkattacher_msgs__rosidl_generator_c
[0.847s] [ 53%] Built target linkattacher_msgs__rosidl_typesupport_fastrtps_c
[0.888s] [ 64%] Built target linkattacher_msgs__rosidl_typesupport_c
[0.932s] [ 74%] Built target linkattacher_msgs__rosidl_typesupport_introspection_c
[0.956s] [ 74%] Built target linkattacher_msgs
[0.993s] [ 76%] Built target linkattacher_msgs__py
[1.020s] [ 84%] Built target linkattacher_msgs__rosidl_generator_py
[1.041s] [ 89%] Built target linkattacher_msgs__rosidl_typesupport_fastrtps_c__pyext
[1.067s] [ 94%] Built target linkattacher_msgs__rosidl_typesupport_c__pyext
[1.089s] [100%] Built target linkattacher_msgs__rosidl_typesupport_introspection_c__pyext
[1.102s] Invoked command in '/home/manab/colcon_ws/build/linkattacher_msgs' returned '0': CMAKE_PREFIX_PATH=${CMAKE_PREFIX_PATH}:/home/manab/colcon_ws/install/ur5_control:/home/manab/ws_moveit/install/moveit_configs_utils:/home/manab/ros2_ws/install/launch_testing_examples:/home/manab/ros2_ws/install/examples_rclpy_pointcloud_publisher:/home/manab/ros2_ws/install/examples_rclpy_minimal_subscriber:/home/manab/ros2_ws/install/examples_rclpy_minimal_service:/home/manab/ros2_ws/install/examples_rclpy_minimal_publisher:/home/manab/ros2_ws/install/examples_rclpy_minimal_client:/home/manab/ros2_ws/install/examples_rclpy_minimal_action_server:/home/manab/ros2_ws/install/examples_rclpy_minimal_action_client:/home/manab/ros2_ws/install/examples_rclpy_guard_conditions:/home/manab/ros2_ws/install/examples_rclpy_executors:/opt/ros/humble /usr/bin/cmake --build /home/manab/colcon_ws/build/linkattacher_msgs -- -j4 -l4
[1.165s] Invoking command in '/home/manab/colcon_ws/build/linkattacher_msgs': CMAKE_PREFIX_PATH=${CMAKE_PREFIX_PATH}:/home/manab/colcon_ws/install/ur5_control:/home/manab/ws_moveit/install/moveit_configs_utils:/home/manab/ros2_ws/install/launch_testing_examples:/home/manab/ros2_ws/install/examples_rclpy_pointcloud_publisher:/home/manab/ros2_ws/install/examples_rclpy_minimal_subscriber:/home/manab/ros2_ws/install/examples_rclpy_minimal_service:/home/manab/ros2_ws/install/examples_rclpy_minimal_publisher:/home/manab/ros2_ws/install/examples_rclpy_minimal_client:/home/manab/ros2_ws/install/examples_rclpy_minimal_action_server:/home/manab/ros2_ws/install/examples_rclpy_minimal_action_client:/home/manab/ros2_ws/install/examples_rclpy_guard_conditions:/home/manab/ros2_ws/install/examples_rclpy_executors:/opt/ros/humble /usr/bin/cmake --install /home/manab/colcon_ws/build/linkattacher_msgs
[1.172s] -- Install configuration: ""
[1.172s] -- Up-to-date: /home/manab/colcon_ws/install/linkattacher_msgs/share/linkattacher_msgs/srv
[1.172s] -- Up-to-date: /home/manab/colcon_ws/install/linkattacher_msgs/share/linkattacher_msgs/srv/AttachLink.srv
[1.173s] -- Up-to-date: /home/manab/colcon_ws/install/linkattacher_msgs/share/linkattacher_msgs/srv/DetachLink.srv
[1.173s] -- Up-to-date: /home/manab/colcon_ws/install/linkattacher_msgs/share/ament_index/resource_index/rosidl_interfaces/linkattacher_msgs
[1.173s] -- Up-to-date: /home/manab/colcon_ws/install/linkattacher_msgs/include/linkattacher_msgs/linkattacher_msgs
[1.173s] -- Up-to-date: /home/manab/colcon_ws/install/linkattacher_msgs/include/linkattacher_msgs/linkattacher_msgs/srv
[1.173s] -- Up-to-date: /home/manab/colcon_ws/install/linkattacher_msgs/include/linkattacher_msgs/linkattacher_msgs/srv/attach_link.h
[1.173s] -- Up-to-date: /home/manab/colcon_ws/install/linkattacher_msgs/include/linkattacher_msgs/linkattacher_msgs/srv/detail
[1.173s] -- Up-to-date: /home/manab/colcon_ws/install/linkattacher_msgs/include/linkattacher_msgs/linkattacher_msgs/srv/detail/detach_link__struct.h
[1.173s] -- Up-to-date: /home/manab/colcon_ws/install/linkattacher_msgs/include/linkattacher_msgs/linkattacher_msgs/srv/detail/detach_link__functions.h
[1.173s] -- Up-to-date: /home/manab/colcon_ws/install/linkattacher_msgs/include/linkattacher_msgs/linkattacher_msgs/srv/detail/detach_link__type_support.h
[1.173s] -- Up-to-date: /home/manab/colcon_ws/install/linkattacher_msgs/include/linkattacher_msgs/linkattacher_msgs/srv/detail/attach_link__functions.c
[1.173s] -- Up-to-date: /home/manab/colcon_ws/install/linkattacher_msgs/include/linkattacher_msgs/linkattacher_msgs/srv/detail/detach_link__functions.c
[1.173s] -- Up-to-date: /home/manab/colcon_ws/install/linkattacher_msgs/include/linkattacher_msgs/linkattacher_msgs/srv/detail/attach_link__type_support.h
[1.174s] -- Up-to-date: /home/manab/colcon_ws/install/linkattacher_msgs/include/linkattacher_msgs/linkattacher_msgs/srv/detail/attach_link__functions.h
[1.174s] -- Up-to-date: /home/manab/colcon_ws/install/linkattacher_msgs/include/linkattacher_msgs/linkattacher_msgs/srv/detail/attach_link__struct.h
[1.174s] -- Up-to-date: /home/manab/colcon_ws/install/linkattacher_msgs/include/linkattacher_msgs/linkattacher_msgs/srv/detach_link.h
[1.174s] -- Up-to-date: /home/manab/colcon_ws/install/linkattacher_msgs/include/linkattacher_msgs/linkattacher_msgs/msg
[1.174s] -- Up-to-date: /home/manab/colcon_ws/install/linkattacher_msgs/include/linkattacher_msgs/linkattacher_msgs/msg/rosidl_generator_c__visibility_control.h
[1.174s] -- Up-to-date: /home/manab/colcon_ws/install/linkattacher_msgs/share/linkattacher_msgs/environment/library_path.sh
[1.174s] -- Up-to-date: /home/manab/colcon_ws/install/linkattacher_msgs/share/linkattacher_msgs/environment/library_path.dsv
[1.174s] -- Up-to-date: /home/manab/colcon_ws/install/linkattacher_msgs/lib/liblinkattacher_msgs__rosidl_generator_c.so
[1.174s] -- Up-to-date: /home/manab/colcon_ws/install/linkattacher_msgs/include/linkattacher_msgs/linkattacher_msgs
[1.175s] -- Up-to-date: /home/manab/colcon_ws/install/linkattacher_msgs/include/linkattacher_msgs/linkattacher_msgs/srv
[1.175s] -- Up-to-date: /home/manab/colcon_ws/install/linkattacher_msgs/include/linkattacher_msgs/linkattacher_msgs/srv/detail
[1.175s] -- Up-to-date: /home/manab/colcon_ws/install/linkattacher_msgs/include/linkattacher_msgs/linkattacher_msgs/srv/detail/attach_link__rosidl_typesupport_fastrtps_c.h
[1.175s] -- Up-to-date: /home/manab/colcon_ws/install/linkattacher_msgs/include/linkattacher_msgs/linkattacher_msgs/srv/detail/detach_link__rosidl_typesupport_fastrtps_c.h
[1.175s] -- Up-to-date: /home/manab/colcon_ws/install/linkattacher_msgs/include/linkattacher_msgs/linkattacher_msgs/msg
[1.175s] -- Up-to-date: /home/manab/colcon_ws/install/linkattacher_msgs/include/linkattacher_msgs/linkattacher_msgs/msg/rosidl_typesupport_fastrtps_c__visibility_control.h
[1.175s] -- Up-to-date: /home/manab/colcon_ws/install/linkattacher_msgs/lib/liblinkattacher_msgs__rosidl_typesupport_fastrtps_c.so
[1.175s] -- Up-to-date: /home/manab/colcon_ws/install/linkattacher_msgs/include/linkattacher_msgs/linkattacher_msgs
[1.175s] -- Up-to-date: /home/manab/colcon_ws/install/linkattacher_msgs/include/linkattacher_msgs/linkattacher_msgs/srv
[1.175s] -- Up-to-date: /home/manab/colcon_ws/install/linkattacher_msgs/include/linkattacher_msgs/linkattacher_msgs/srv/detail
[1.175s] -- Up-to-date: /home/manab/colcon_ws/install/linkattacher_msgs/include/linkattacher_msgs/linkattacher_msgs/srv/detail/detach_link__rosidl_typesupport_introspection_c.h
[1.175s] -- Up-to-date: /home/manab/colcon_ws/install/linkattacher_msgs/include/linkattacher_msgs/linkattacher_msgs/srv/detail/detach_link__type_support.c
[1.175s] -- Up-to-date: /home/manab/colcon_ws/install/linkattacher_msgs/include/linkattacher_msgs/linkattacher_msgs/srv/detail/attach_link__type_support.c
[1.176s] -- Up-to-date: /home/manab/colcon_ws/install/linkattacher_msgs/include/linkattacher_msgs/linkattacher_msgs/srv/detail/attach_link__rosidl_typesupport_introspection_c.h
[1.176s] -- Up-to-date: /home/manab/colcon_ws/install/linkattacher_msgs/include/linkattacher_msgs/linkattacher_msgs/msg
[1.176s] -- Up-to-date: /home/manab/colcon_ws/install/linkattacher_msgs/include/linkattacher_msgs/linkattacher_msgs/msg/rosidl_typesupport_introspection_c__visibility_control.h
[1.176s] -- Up-to-date: /home/manab/colcon_ws/install/linkattacher_msgs/lib/liblinkattacher_msgs__rosidl_typesupport_introspection_c.so
[1.176s] -- Up-to-date: /home/manab/colcon_ws/install/linkattacher_msgs/lib/liblinkattacher_msgs__rosidl_typesupport_c.so
[1.176s] -- Up-to-date: /home/manab/colcon_ws/install/linkattacher_msgs/include/linkattacher_msgs/linkattacher_msgs
[1.176s] -- Up-to-date: /home/manab/colcon_ws/install/linkattacher_msgs/include/linkattacher_msgs/linkattacher_msgs/srv
[1.176s] -- Up-to-date: /home/manab/colcon_ws/install/linkattacher_msgs/include/linkattacher_msgs/linkattacher_msgs/srv/detach_link.hpp
[1.176s] -- Up-to-date: /home/manab/colcon_ws/install/linkattacher_msgs/include/linkattacher_msgs/linkattacher_msgs/srv/detail
[1.176s] -- Up-to-date: /home/manab/colcon_ws/install/linkattacher_msgs/include/linkattacher_msgs/linkattacher_msgs/srv/detail/detach_link__struct.hpp
[1.176s] -- Up-to-date: /home/manab/colcon_ws/install/linkattacher_msgs/include/linkattacher_msgs/linkattacher_msgs/srv/detail/attach_link__builder.hpp
[1.176s] -- Up-to-date: /home/manab/colcon_ws/install/linkattacher_msgs/include/linkattacher_msgs/linkattacher_msgs/srv/detail/attach_link__struct.hpp
[1.176s] -- Up-to-date: /home/manab/colcon_ws/install/linkattacher_msgs/include/linkattacher_msgs/linkattacher_msgs/srv/detail/detach_link__traits.hpp
[1.176s] -- Up-to-date: /home/manab/colcon_ws/install/linkattacher_msgs/include/linkattacher_msgs/linkattacher_msgs/srv/detail/attach_link__traits.hpp
[1.176s] -- Up-to-date: /home/manab/colcon_ws/install/linkattacher_msgs/include/linkattacher_msgs/linkattacher_msgs/srv/detail/detach_link__builder.hpp
[1.176s] -- Up-to-date: /home/manab/colcon_ws/install/linkattacher_msgs/include/linkattacher_msgs/linkattacher_msgs/srv/attach_link.hpp
[1.176s] -- Up-to-date: /home/manab/colcon_ws/install/linkattacher_msgs/include/linkattacher_msgs/linkattacher_msgs
[1.177s] -- Up-to-date: /home/manab/colcon_ws/install/linkattacher_msgs/include/linkattacher_msgs/linkattacher_msgs/srv
[1.177s] -- Up-to-date: /home/manab/colcon_ws/install/linkattacher_msgs/include/linkattacher_msgs/linkattacher_msgs/srv/detail
[1.177s] -- Up-to-date: /home/manab/colcon_ws/install/linkattacher_msgs/include/linkattacher_msgs/linkattacher_msgs/srv/detail/dds_fastrtps
[1.177s] -- Up-to-date: /home/manab/colcon_ws/install/linkattacher_msgs/include/linkattacher_msgs/linkattacher_msgs/srv/detail/detach_link__rosidl_typesupport_fastrtps_cpp.hpp
[1.177s] -- Up-to-date: /home/manab/colcon_ws/install/linkattacher_msgs/include/linkattacher_msgs/linkattacher_msgs/srv/detail/attach_link__rosidl_typesupport_fastrtps_cpp.hpp
[1.177s] -- Up-to-date: /home/manab/colcon_ws/install/linkattacher_msgs/include/linkattacher_msgs/linkattacher_msgs/msg
[1.177s] -- Up-to-date: /home/manab/colcon_ws/install/linkattacher_msgs/include/linkattacher_msgs/linkattacher_msgs/msg/rosidl_typesupport_fastrtps_cpp__visibility_control.h
[1.177s] -- Up-to-date: /home/manab/colcon_ws/install/linkattacher_msgs/lib/liblinkattacher_msgs__rosidl_typesupport_fastrtps_cpp.so
[1.177s] -- Up-to-date: /home/manab/colcon_ws/install/linkattacher_msgs/include/linkattacher_msgs/linkattacher_msgs
[1.177s] -- Up-to-date: /home/manab/colcon_ws/install/linkattacher_msgs/include/linkattacher_msgs/linkattacher_msgs/srv
[1.177s] -- Up-to-date: /home/manab/colcon_ws/install/linkattacher_msgs/include/linkattacher_msgs/linkattacher_msgs/srv/detail
[1.177s] -- Up-to-date: /home/manab/colcon_ws/install/linkattacher_msgs/include/linkattacher_msgs/linkattacher_msgs/srv/detail/detach_link__type_support.cpp
[1.177s] -- Up-to-date: /home/manab/colcon_ws/install/linkattacher_msgs/include/linkattacher_msgs/linkattacher_msgs/srv/detail/attach_link__rosidl_typesupport_introspection_cpp.hpp
[1.177s] -- Up-to-date: /home/manab/colcon_ws/install/linkattacher_msgs/include/linkattacher_msgs/linkattacher_msgs/srv/detail/detach_link__rosidl_typesupport_introspection_cpp.hpp
[1.177s] -- Up-to-date: /home/manab/colcon_ws/install/linkattacher_msgs/include/linkattacher_msgs/linkattacher_msgs/srv/detail/attach_link__type_support.cpp
[1.177s] -- Up-to-date: /home/manab/colcon_ws/install/linkattacher_msgs/lib/liblinkattacher_msgs__rosidl_typesupport_introspection_cpp.so
[1.177s] -- Up-to-date: /home/manab/colcon_ws/install/linkattacher_msgs/lib/liblinkattacher_msgs__rosidl_typesupport_cpp.so
[1.178s] -- Up-to-date: /home/manab/colcon_ws/install/linkattacher_msgs/share/linkattacher_msgs/environment/pythonpath.sh
[1.178s] -- Up-to-date: /home/manab/colcon_ws/install/linkattacher_msgs/share/linkattacher_msgs/environment/pythonpath.dsv
[1.178s] -- Up-to-date: /home/manab/colcon_ws/install/linkattacher_msgs/local/lib/python3.10/dist-packages/linkattacher_msgs-0.0.0-py3.10.egg-info
[1.178s] -- Installing: /home/manab/colcon_ws/install/linkattacher_msgs/local/lib/python3.10/dist-packages/linkattacher_msgs-0.0.0-py3.10.egg-info/SOURCES.txt
[1.178s] -- Installing: /home/manab/colcon_ws/install/linkattacher_msgs/local/lib/python3.10/dist-packages/linkattacher_msgs-0.0.0-py3.10.egg-info/PKG-INFO
[1.178s] -- Installing: /home/manab/colcon_ws/install/linkattacher_msgs/local/lib/python3.10/dist-packages/linkattacher_msgs-0.0.0-py3.10.egg-info/top_level.txt
[1.178s] -- Installing: /home/manab/colcon_ws/install/linkattacher_msgs/local/lib/python3.10/dist-packages/linkattacher_msgs-0.0.0-py3.10.egg-info/dependency_links.txt
[1.178s] -- Up-to-date: /home/manab/colcon_ws/install/linkattacher_msgs/local/lib/python3.10/dist-packages/linkattacher_msgs
[1.178s] -- Up-to-date: /home/manab/colcon_ws/install/linkattacher_msgs/local/lib/python3.10/dist-packages/linkattacher_msgs/_linkattacher_msgs_s.ep.rosidl_typesupport_c.c
[1.178s] -- Up-to-date: /home/manab/colcon_ws/install/linkattacher_msgs/local/lib/python3.10/dist-packages/linkattacher_msgs/linkattacher_msgs_s__rosidl_typesupport_c.cpython-310-x86_64-linux-gnu.so
[1.178s] -- Up-to-date: /home/manab/colcon_ws/install/linkattacher_msgs/local/lib/python3.10/dist-packages/linkattacher_msgs/__init__.py
[1.178s] -- Up-to-date: /home/manab/colcon_ws/install/linkattacher_msgs/local/lib/python3.10/dist-packages/linkattacher_msgs/_linkattacher_msgs_s.ep.rosidl_typesupport_introspection_c.c
[1.178s] -- Up-to-date: /home/manab/colcon_ws/install/linkattacher_msgs/local/lib/python3.10/dist-packages/linkattacher_msgs/_linkattacher_msgs_s.ep.rosidl_typesupport_fastrtps_c.c
[1.178s] -- Up-to-date: /home/manab/colcon_ws/install/linkattacher_msgs/local/lib/python3.10/dist-packages/linkattacher_msgs/liblinkattacher_msgs__rosidl_generator_py.so
[1.179s] -- Up-to-date: /home/manab/colcon_ws/install/linkattacher_msgs/local/lib/python3.10/dist-packages/linkattacher_msgs/linkattacher_msgs_s__rosidl_typesupport_introspection_c.cpython-310-x86_64-linux-gnu.so
[1.179s] -- Up-to-date: /home/manab/colcon_ws/install/linkattacher_msgs/local/lib/python3.10/dist-packages/linkattacher_msgs/srv
[1.179s] -- Up-to-date: /home/manab/colcon_ws/install/linkattacher_msgs/local/lib/python3.10/dist-packages/linkattacher_msgs/srv/_detach_link_s.c
[1.179s] -- Up-to-date: /home/manab/colcon_ws/install/linkattacher_msgs/local/lib/python3.10/dist-packages/linkattacher_msgs/srv/_attach_link.py
[1.179s] -- Up-to-date: /home/manab/colcon_ws/install/linkattacher_msgs/local/lib/python3.10/dist-packages/linkattacher_msgs/srv/__init__.py
[1.179s] -- Up-to-date: /home/manab/colcon_ws/install/linkattacher_msgs/local/lib/python3.10/dist-packages/linkattacher_msgs/srv/_attach_link_s.c
[1.179s] -- Up-to-date: /home/manab/colcon_ws/install/linkattacher_msgs/local/lib/python3.10/dist-packages/linkattacher_msgs/srv/_detach_link.py
[1.179s] -- Up-to-date: /home/manab/colcon_ws/install/linkattacher_msgs/local/lib/python3.10/dist-packages/linkattacher_msgs/linkattacher_msgs_s__rosidl_typesupport_fastrtps_c.cpython-310-x86_64-linux-gnu.so
[1.208s] Listing '/home/manab/colcon_ws/install/linkattacher_msgs/local/lib/python3.10/dist-packages/linkattacher_msgs'...
[1.209s] Listing '/home/manab/colcon_ws/install/linkattacher_msgs/local/lib/python3.10/dist-packages/linkattacher_msgs/srv'...
[1.212s] -- Up-to-date: /home/manab/colcon_ws/install/linkattacher_msgs/local/lib/python3.10/dist-packages/linkattacher_msgs/linkattacher_msgs_s__rosidl_typesupport_fastrtps_c.cpython-310-x86_64-linux-gnu.so
[1.213s] -- Up-to-date: /home/manab/colcon_ws/install/linkattacher_msgs/local/lib/python3.10/dist-packages/linkattacher_msgs/linkattacher_msgs_s__rosidl_typesupport_introspection_c.cpython-310-x86_64-linux-gnu.so
[1.213s] -- Up-to-date: /home/manab/colcon_ws/install/linkattacher_msgs/local/lib/python3.10/dist-packages/linkattacher_msgs/linkattacher_msgs_s__rosidl_typesupport_c.cpython-310-x86_64-linux-gnu.so
[1.213s] -- Up-to-date: /home/manab/colcon_ws/install/linkattacher_msgs/lib/liblinkattacher_msgs__rosidl_generator_py.so
[1.213s] -- Up-to-date: /home/manab/colcon_ws/install/linkattacher_msgs/share/linkattacher_msgs/srv/AttachLink.idl
[1.213s] -- Up-to-date: /home/manab/colcon_ws/install/linkattacher_msgs/share/linkattacher_msgs/srv/DetachLink.idl
[1.213s] -- Up-to-date: /home/manab/colcon_ws/install/linkattacher_msgs/share/linkattacher_msgs/srv/AttachLink.srv
[1.213s] -- Up-to-date: /home/manab/colcon_ws/install/linkattacher_msgs/share/linkattacher_msgs/srv/AttachLink_Request.msg
[1.213s] -- Up-to-date: /home/manab/colcon_ws/install/linkattacher_msgs/share/linkattacher_msgs/srv/AttachLink_Response.msg
[1.213s] -- Up-to-date: /home/manab/colcon_ws/install/linkattacher_msgs/share/linkattacher_msgs/srv/DetachLink.srv
[1.213s] -- Up-to-date: /home/manab/colcon_ws/install/linkattacher_msgs/share/linkattacher_msgs/srv/DetachLink_Request.msg
[1.214s] -- Up-to-date: /home/manab/colcon_ws/install/linkattacher_msgs/share/linkattacher_msgs/srv/DetachLink_Response.msg
[1.214s] -- Up-to-date: /home/manab/colcon_ws/install/linkattacher_msgs/share/ament_index/resource_index/package_run_dependencies/linkattacher_msgs
[1.214s] -- Up-to-date: /home/manab/colcon_ws/install/linkattacher_msgs/share/ament_index/resource_index/parent_prefix_path/linkattacher_msgs
[1.214s] -- Up-to-date: /home/manab/colcon_ws/install/linkattacher_msgs/share/linkattacher_msgs/environment/ament_prefix_path.sh
[1.214s] -- Up-to-date: /home/manab/colcon_ws/install/linkattacher_msgs/share/linkattacher_msgs/environment/ament_prefix_path.dsv
[1.214s] -- Up-to-date: /home/manab/colcon_ws/install/linkattacher_msgs/share/linkattacher_msgs/environment/path.sh
[1.214s] -- Up-to-date: /home/manab/colcon_ws/install/linkattacher_msgs/share/linkattacher_msgs/environment/path.dsv
[1.214s] -- Up-to-date: /home/manab/colcon_ws/install/linkattacher_msgs/share/linkattacher_msgs/local_setup.bash
[1.214s] -- Up-to-date: /home/manab/colcon_ws/install/linkattacher_msgs/share/linkattacher_msgs/local_setup.sh
[1.214s] -- Up-to-date: /home/manab/colcon_ws/install/linkattacher_msgs/share/linkattacher_msgs/local_setup.zsh
[1.214s] -- Up-to-date: /home/manab/colcon_ws/install/linkattacher_msgs/share/linkattacher_msgs/local_setup.dsv
[1.214s] -- Installing: /home/manab/colcon_ws/install/linkattacher_msgs/share/linkattacher_msgs/package.dsv
[1.214s] -- Up-to-date: /home/manab/colcon_ws/install/linkattacher_msgs/share/ament_index/resource_index/packages/linkattacher_msgs
[1.214s] -- Up-to-date: /home/manab/colcon_ws/install/linkattacher_msgs/share/linkattacher_msgs/cmake/export_linkattacher_msgs__rosidl_generator_cExport.cmake
[1.214s] -- Up-to-date: /home/manab/colcon_ws/install/linkattacher_msgs/share/linkattacher_msgs/cmake/export_linkattacher_msgs__rosidl_generator_cExport-noconfig.cmake
[1.215s] -- Up-to-date: /home/manab/colcon_ws/install/linkattacher_msgs/share/linkattacher_msgs/cmake/export_linkattacher_msgs__rosidl_typesupport_fastrtps_cExport.cmake
[1.215s] -- Up-to-date: /home/manab/colcon_ws/install/linkattacher_msgs/share/linkattacher_msgs/cmake/export_linkattacher_msgs__rosidl_typesupport_fastrtps_cExport-noconfig.cmake
[1.215s] -- Up-to-date: /home/manab/colcon_ws/install/linkattacher_msgs/share/linkattacher_msgs/cmake/linkattacher_msgs__rosidl_typesupport_introspection_cExport.cmake
[1.215s] -- Up-to-date: /home/manab/colcon_ws/install/linkattacher_msgs/share/linkattacher_msgs/cmake/linkattacher_msgs__rosidl_typesupport_introspection_cExport-noconfig.cmake
[1.215s] -- Up-to-date: /home/manab/colcon_ws/install/linkattacher_msgs/share/linkattacher_msgs/cmake/linkattacher_msgs__rosidl_typesupport_cExport.cmake
[1.215s] -- Up-to-date: /home/manab/colcon_ws/install/linkattacher_msgs/share/linkattacher_msgs/cmake/linkattacher_msgs__rosidl_typesupport_cExport-noconfig.cmake
[1.215s] -- Up-to-date: /home/manab/colcon_ws/install/linkattacher_msgs/share/linkattacher_msgs/cmake/export_linkattacher_msgs__rosidl_generator_cppExport.cmake
[1.215s] -- Up-to-date: /home/manab/colcon_ws/install/linkattacher_msgs/share/linkattacher_msgs/cmake/export_linkattacher_msgs__rosidl_typesupport_fastrtps_cppExport.cmake
[1.215s] -- Up-to-date: /home/manab/colcon_ws/install/linkattacher_msgs/share/linkattacher_msgs/cmake/export_linkattacher_msgs__rosidl_typesupport_fastrtps_cppExport-noconfig.cmake
[1.215s] -- Up-to-date: /home/manab/colcon_ws/install/linkattacher_msgs/share/linkattacher_msgs/cmake/linkattacher_msgs__rosidl_typesupport_introspection_cppExport.cmake
[1.215s] -- Up-to-date: /home/manab/colcon_ws/install/linkattacher_msgs/share/linkattacher_msgs/cmake/linkattacher_msgs__rosidl_typesupport_introspection_cppExport-noconfig.cmake
[1.215s] -- Up-to-date: /home/manab/colcon_ws/install/linkattacher_msgs/share/linkattacher_msgs/cmake/linkattacher_msgs__rosidl_typesupport_cppExport.cmake
[1.215s] -- Up-to-date: /home/manab/colcon_ws/install/linkattacher_msgs/share/linkattacher_msgs/cmake/linkattacher_msgs__rosidl_typesupport_cppExport-noconfig.cmake
[1.215s] -- Up-to-date: /home/manab/colcon_ws/install/linkattacher_msgs/share/linkattacher_msgs/cmake/export_linkattacher_msgs__rosidl_generator_pyExport.cmake
[1.215s] -- Up-to-date: /home/manab/colcon_ws/install/linkattacher_msgs/share/linkattacher_msgs/cmake/export_linkattacher_msgs__rosidl_generator_pyExport-noconfig.cmake
[1.216s] -- Up-to-date: /home/manab/colcon_ws/install/linkattacher_msgs/share/linkattacher_msgs/cmake/rosidl_cmake-extras.cmake
[1.216s] -- Up-to-date: /home/manab/colcon_ws/install/linkattacher_msgs/share/linkattacher_msgs/cmake/ament_cmake_export_include_directories-extras.cmake
[1.216s] -- Up-to-date: /home/manab/colcon_ws/install/linkattacher_msgs/share/linkattacher_msgs/cmake/ament_cmake_export_libraries-extras.cmake
[1.216s] -- Up-to-date: /home/manab/colcon_ws/install/linkattacher_msgs/share/linkattacher_msgs/cmake/ament_cmake_export_targets-extras.cmake
[1.216s] -- Up-to-date: /home/manab/colcon_ws/install/linkattacher_msgs/share/linkattacher_msgs/cmake/rosidl_cmake_export_typesupport_targets-extras.cmake
[1.216s] -- Up-to-date: /home/manab/colcon_ws/install/linkattacher_msgs/share/linkattacher_msgs/cmake/ament_cmake_export_dependencies-extras.cmake
[1.216s] -- Up-to-date: /home/manab/colcon_ws/install/linkattacher_msgs/share/linkattacher_msgs/cmake/rosidl_cmake_export_typesupport_libraries-extras.cmake
[1.217s] -- Up-to-date: /home/manab/colcon_ws/install/linkattacher_msgs/share/linkattacher_msgs/cmake/linkattacher_msgsConfig.cmake
[1.217s] -- Up-to-date: /home/manab/colcon_ws/install/linkattacher_msgs/share/linkattacher_msgs/cmake/linkattacher_msgsConfig-version.cmake
[1.217s] -- Up-to-date: /home/manab/colcon_ws/install/linkattacher_msgs/share/linkattacher_msgs/package.xml
[1.217s] Invoked command in '/home/manab/colcon_ws/build/linkattacher_msgs' returned '0': CMAKE_PREFIX_PATH=${CMAKE_PREFIX_PATH}:/home/manab/colcon_ws/install/ur5_control:/home/manab/ws_moveit/install/moveit_configs_utils:/home/manab/ros2_ws/install/launch_testing_examples:/home/manab/ros2_ws/install/examples_rclpy_pointcloud_publisher:/home/manab/ros2_ws/install/examples_rclpy_minimal_subscriber:/home/manab/ros2_ws/install/examples_rclpy_minimal_service:/home/manab/ros2_ws/install/examples_rclpy_minimal_publisher:/home/manab/ros2_ws/install/examples_rclpy_minimal_client:/home/manab/ros2_ws/install/examples_rclpy_minimal_action_server:/home/manab/ros2_ws/install/examples_rclpy_minimal_action_client:/home/manab/ros2_ws/install/examples_rclpy_guard_conditions:/home/manab/ros2_ws/install/examples_rclpy_executors:/opt/ros/humble /usr/bin/cmake --install /home/manab/colcon_ws/build/linkattacher_msgs
