[0.025s] Invoking command in '/home/manab/colcon_ws/build/linkattacher_msgs': CMAKE_PREFIX_PATH=${CMAKE_PREFIX_PATH}:/home/manab/ws_moveit/install/moveit_configs_utils:/home/manab/colcon_ws/install/ur5_control:/home/manab/ros2_ws/install/launch_testing_examples:/home/manab/ros2_ws/install/examples_rclpy_pointcloud_publisher:/home/manab/ros2_ws/install/examples_rclpy_minimal_subscriber:/home/manab/ros2_ws/install/examples_rclpy_minimal_service:/home/manab/ros2_ws/install/examples_rclpy_minimal_publisher:/home/manab/ros2_ws/install/examples_rclpy_minimal_client:/home/manab/ros2_ws/install/examples_rclpy_minimal_action_server:/home/manab/ros2_ws/install/examples_rclpy_minimal_action_client:/home/manab/ros2_ws/install/examples_rclpy_guard_conditions:/home/manab/ros2_ws/install/examples_rclpy_executors:/opt/ros/humble /usr/bin/cmake --build /home/manab/colcon_ws/build/linkattacher_msgs -- -j4 -l4
[0.088s] [  2%] Built target linkattacher_msgs__cpp
[0.092s] [ 12%] Built target linkattacher_msgs__rosidl_generator_c
[0.131s] [ 12%] Built target ament_cmake_python_copy_linkattacher_msgs
[0.138s] [ 23%] Built target linkattacher_msgs__rosidl_typesupport_fastrtps_cpp
[0.138s] [ 33%] Built target linkattacher_msgs__rosidl_typesupport_cpp
[0.150s] [ 43%] Built target linkattacher_msgs__rosidl_typesupport_introspection_cpp
[0.170s] [ 53%] Built target linkattacher_msgs__rosidl_typesupport_fastrtps_c
[0.188s] [ 64%] Built target linkattacher_msgs__rosidl_typesupport_c
[0.190s] [ 74%] Built target linkattacher_msgs__rosidl_typesupport_introspection_c
[0.235s] [ 74%] Built target linkattacher_msgs
[0.263s] [ 76%] Built target linkattacher_msgs__py
[0.293s] [ 84%] Built target linkattacher_msgs__rosidl_generator_py
[0.353s] [ 89%] Built target linkattacher_msgs__rosidl_typesupport_fastrtps_c__pyext
[0.353s] [ 94%] Built target linkattacher_msgs__rosidl_typesupport_introspection_c__pyext
[0.353s] [100%] Built target linkattacher_msgs__rosidl_typesupport_c__pyext
[0.566s] running egg_info
[0.587s] writing linkattacher_msgs.egg-info/PKG-INFO
[0.587s] writing dependency_links to linkattacher_msgs.egg-info/dependency_links.txt
[0.588s] writing top-level names to linkattacher_msgs.egg-info/top_level.txt
[0.878s] reading manifest file 'linkattacher_msgs.egg-info/SOURCES.txt'
[0.879s] writing manifest file 'linkattacher_msgs.egg-info/SOURCES.txt'
[0.953s] [100%] Built target ament_cmake_python_build_linkattacher_msgs_egg
[1.117s] Invoked command in '/home/manab/colcon_ws/build/linkattacher_msgs' returned '0': CMAKE_PREFIX_PATH=${CMAKE_PREFIX_PATH}:/home/manab/ws_moveit/install/moveit_configs_utils:/home/manab/colcon_ws/install/ur5_control:/home/manab/ros2_ws/install/launch_testing_examples:/home/manab/ros2_ws/install/examples_rclpy_pointcloud_publisher:/home/manab/ros2_ws/install/examples_rclpy_minimal_subscriber:/home/manab/ros2_ws/install/examples_rclpy_minimal_service:/home/manab/ros2_ws/install/examples_rclpy_minimal_publisher:/home/manab/ros2_ws/install/examples_rclpy_minimal_client:/home/manab/ros2_ws/install/examples_rclpy_minimal_action_server:/home/manab/ros2_ws/install/examples_rclpy_minimal_action_client:/home/manab/ros2_ws/install/examples_rclpy_guard_conditions:/home/manab/ros2_ws/install/examples_rclpy_executors:/opt/ros/humble /usr/bin/cmake --build /home/manab/colcon_ws/build/linkattacher_msgs -- -j4 -l4
