[0.047s] Invoking command in '/home/manab/colcon_ws/src/ur5_control/build/realsense_gazebo_plugin': CMAKE_PREFIX_PATH=${CMAKE_PREFIX_PATH}:/home/manab/colcon_ws/install/ur5_control:/home/manab/ws_moveit/install/moveit_configs_utils:/home/manab/ros2_ws/install/launch_testing_examples:/home/manab/ros2_ws/install/examples_rclpy_pointcloud_publisher:/home/manab/ros2_ws/install/examples_rclpy_minimal_subscriber:/home/manab/ros2_ws/install/examples_rclpy_minimal_service:/home/manab/ros2_ws/install/examples_rclpy_minimal_publisher:/home/manab/ros2_ws/install/examples_rclpy_minimal_client:/home/manab/ros2_ws/install/examples_rclpy_minimal_action_server:/home/manab/ros2_ws/install/examples_rclpy_minimal_action_client:/home/manab/ros2_ws/install/examples_rclpy_guard_conditions:/home/manab/ros2_ws/install/examples_rclpy_executors:/opt/ros/humble /usr/bin/cmake /home/manab/colcon_ws/src/realsense_gazebo_plugin -DCMAKE_BUILD_TYPE=RelWithDebInfo -DAMENT_CMAKE_SYMLINK_INSTALL=1 -DCMAKE_INSTALL_PREFIX=/home/manab/colcon_ws/src/ur5_control/install/realsense_gazebo_plugin
[0.402s] -- The C compiler identification is GNU 11.4.0
[0.763s] -- The CXX compiler identification is GNU 11.4.0
[0.790s] -- Detecting C compiler ABI info
[1.146s] -- Detecting C compiler ABI info - done
[1.187s] -- Check for working C compiler: /usr/bin/cc - skipped
[1.187s] -- Detecting C compile features
[1.187s] -- Detecting C compile features - done
[1.209s] -- Detecting CXX compiler ABI info
[1.568s] -- Detecting CXX compiler ABI info - done
[1.624s] -- Check for working CXX compiler: /usr/bin/c++ - skipped
[1.640s] -- Detecting CXX compile features
[1.641s] -- Detecting CXX compile features - done
[1.674s] -- Found ament_cmake: 1.3.10 (/opt/ros/humble/share/ament_cmake/cmake)
[3.126s] -- Found Python3: /usr/bin/python3 (found version "3.10.12") found components: Interpreter 
[3.424s] -- Override CMake install command with custom implementation using symlinks instead of copying resources
[3.728s] -- Found rclcpp: 16.0.10 (/opt/ros/humble/share/rclcpp/cmake)
[3.831s] -- Found rosidl_generator_c: 3.1.5 (/opt/ros/humble/share/rosidl_generator_c/cmake)
[3.846s] -- Found rosidl_adapter: 3.1.5 (/opt/ros/humble/share/rosidl_adapter/cmake)
[3.869s] -- Found rosidl_generator_cpp: 3.1.5 (/opt/ros/humble/share/rosidl_generator_cpp/cmake)
[3.908s] -- Using all available rosidl_typesupport_c: rosidl_typesupport_fastrtps_c;rosidl_typesupport_introspection_c
[3.935s] -- Using all available rosidl_typesupport_cpp: rosidl_typesupport_fastrtps_cpp;rosidl_typesupport_introspection_cpp
[4.034s] -- Found rmw_implementation_cmake: 6.1.2 (/opt/ros/humble/share/rmw_implementation_cmake/cmake)
[4.043s] -- Found rmw_fastrtps_cpp: 6.2.7 (/opt/ros/humble/share/rmw_fastrtps_cpp/cmake)
[4.277s] -- Found OpenSSL: /usr/lib/x86_64-linux-gnu/libcrypto.so (found version "3.0.2")  
[4.423s] -- Found FastRTPS: /opt/ros/foxy/include  
[4.656s] -- Using RMW implementation 'rmw_fastrtps_cpp' as default
[4.733s] -- Looking for pthread.h
[5.121s] -- Looking for pthread.h - found
[5.122s] -- Performing Test CMAKE_HAVE_LIBC_PTHREAD
[5.586s] -- Performing Test CMAKE_HAVE_LIBC_PTHREAD - Success
[5.594s] -- Found Threads: TRUE  
[5.739s] -- Found gazebo_ros: 3.7.0 (/opt/ros/humble/share/gazebo_ros/cmake)
[5.830s] -- Found PkgConfig: /usr/bin/pkg-config (found version "0.29.2") 
[5.838s] -- Checking for module 'bullet>=2.82'
[5.933s] --   Found bullet, version 3.05
[6.547s] -- Found fcl: /usr/include (found suitable version "0.7.0", minimum required is "0.5.0") 
[6.866s] -- Found assimp: /usr/include (found version "5.2.0") 
[7.018s] -- Found DART: /usr/include (Required is at least version "6.6") found components: dart 
[7.156s] -- Found Boost: /usr/lib/x86_64-linux-gnu/cmake/Boost-1.74.0/BoostConfig.cmake (found suitable version "1.74.0", minimum required is "1.40.0") found components: thread system filesystem program_options regex iostreams date_time 
[7.243s] -- Found Protobuf: /usr/lib/x86_64-linux-gnu/libprotobuf.so (found version "3.12.4") 
[7.289s] -- Looking for ignition-math6 -- found version 6.15.1
[7.318s] -- Searching for dependencies of ignition-math6
[7.322s] -- Looking for OGRE...
[7.325s] -- OGRE_PREFIX_WATCH changed.
[7.337s] -- Checking for module 'OGRE'
[7.400s] --   Found OGRE, version 1.9.0
[7.508s] -- Found Ogre Ghadamon (1.9.0)
[7.554s] -- Found OGRE: optimized;/usr/lib/x86_64-linux-gnu/libOgreMain.so;debug;/usr/lib/x86_64-linux-gnu/libOgreMain.so
[7.581s] -- Looking for OGRE_Paging...
[7.642s] -- Found OGRE_Paging: optimized;/usr/lib/x86_64-linux-gnu/libOgrePaging.so;debug;/usr/lib/x86_64-linux-gnu/libOgrePaging.so
[7.643s] -- Looking for OGRE_Terrain...
[7.683s] -- Found OGRE_Terrain: optimized;/usr/lib/x86_64-linux-gnu/libOgreTerrain.so;debug;/usr/lib/x86_64-linux-gnu/libOgreTerrain.so
[7.683s] -- Looking for OGRE_Property...
[7.727s] -- Found OGRE_Property: optimized;/usr/lib/x86_64-linux-gnu/libOgreProperty.so;debug;/usr/lib/x86_64-linux-gnu/libOgreProperty.so
[7.728s] -- Looking for OGRE_RTShaderSystem...
[7.770s] -- Found OGRE_RTShaderSystem: optimized;/usr/lib/x86_64-linux-gnu/libOgreRTShaderSystem.so;debug;/usr/lib/x86_64-linux-gnu/libOgreRTShaderSystem.so
[7.770s] -- Looking for OGRE_Volume...
[7.826s] -- Found OGRE_Volume: optimized;/usr/lib/x86_64-linux-gnu/libOgreVolume.so;debug;/usr/lib/x86_64-linux-gnu/libOgreVolume.so
[7.826s] -- Looking for OGRE_Overlay...
[7.874s] -- Found OGRE_Overlay: optimized;/usr/lib/x86_64-linux-gnu/libOgreOverlay.so;debug;/usr/lib/x86_64-linux-gnu/libOgreOverlay.so
[8.576s] -- Looking for ignition-math6 -- found version 6.15.1
[8.586s] -- Looking for ignition-transport8 -- found version 8.2.1
[8.587s] -- Searching for dependencies of ignition-transport8
[8.631s] -- Found Protobuf: /usr/lib/x86_64-linux-gnu/libprotobuf.so (found suitable version "3.12.4", minimum required is "3") 
[8.647s] -- Config-file not installed for ZeroMQ -- checking for pkg-config
[8.658s] -- Checking for module 'libzmq >= 4'
[8.706s] --   Found libzmq , version 4.3.4
[8.785s] -- Found ZeroMQ: TRUE (Required is at least version "4") 
[8.801s] -- Checking for module 'uuid'
[8.836s] --   Found uuid, version 2.37.2
[8.898s] -- Found UUID: TRUE  
[8.913s] -- Looking for ignition-msgs5 -- found version 5.8.1
[8.917s] -- Searching for dependencies of ignition-msgs5
[8.948s] -- Looking for ignition-math6 -- found version 6.15.1
[8.955s] -- Checking for module 'tinyxml2'
[8.993s] --   Found tinyxml2, version 9.0.0
[9.079s] -- Looking for ignition-msgs5 -- found version 5.8.1
[9.093s] -- Looking for ignition-common3 -- found version 3.14.0
[9.096s] -- Searching for dependencies of ignition-common3
[9.096s] -- Looking for dlfcn.h - found
[9.102s] -- Looking for libdl - found
[9.107s] -- Found DL: TRUE  
[9.159s] -- Found tinyobjloader: /usr/lib/x86_64-linux-gnu/cmake/tinyobjloader/tinyobjloader-config.cmake (found version "2.0.0") 
[9.162s] -- Searching for <ignition-common3> component [graphics]
[9.176s] -- Looking for ignition-common3-graphics -- found version 3.14.0
[9.176s] -- Searching for dependencies of ignition-common3-graphics
[9.176s] -- Looking for ignition-math6 -- found version 6.15.1
[9.197s] -- Looking for ignition-fuel_tools4 -- found version 4.4.0
[9.202s] -- Searching for dependencies of ignition-fuel_tools4
[9.468s] -- Found CURL: /usr/lib/x86_64-linux-gnu/libcurl.so (found version "7.81.0")  
[9.511s] -- Checking for module 'jsoncpp'
[9.562s] --   Found jsoncpp, version 1.9.5
[9.686s] -- Found JSONCPP: TRUE  
[9.707s] -- Checking for module 'libzip'
[9.755s] --   Found libzip, version 1.7.3
[9.839s] -- Found ZIP: TRUE  
[9.840s] -- Looking for ignition-common3 -- found version 3.14.0
[9.840s] -- Looking for ignition-math6 -- found version 6.15.1
[9.841s] -- Looking for ignition-msgs5 -- found version 5.8.1
[9.856s] -- Gazebo version: 11.10
[9.857s] -- Checking for module 'tbb'
[9.922s] --   Found tbb, version 2021.5.0
[10.006s] -- Found image_transport: 3.1.9 (/opt/ros/humble/share/image_transport/cmake)
[10.197s] -- Found camera_info_manager: 3.1.9 (/opt/ros/humble/share/camera_info_manager/cmake)
[10.293s] -- Found ament_lint_auto: 0.12.11 (/opt/ros/humble/share/ament_lint_auto/cmake)
[10.435s] -- Configuring done
[10.493s] -- Generating done
[10.493s] -- Build files have been written to: /home/manab/colcon_ws/src/ur5_control/build/realsense_gazebo_plugin
[10.535s] Invoked command in '/home/manab/colcon_ws/src/ur5_control/build/realsense_gazebo_plugin' returned '0': CMAKE_PREFIX_PATH=${CMAKE_PREFIX_PATH}:/home/manab/colcon_ws/install/ur5_control:/home/manab/ws_moveit/install/moveit_configs_utils:/home/manab/ros2_ws/install/launch_testing_examples:/home/manab/ros2_ws/install/examples_rclpy_pointcloud_publisher:/home/manab/ros2_ws/install/examples_rclpy_minimal_subscriber:/home/manab/ros2_ws/install/examples_rclpy_minimal_service:/home/manab/ros2_ws/install/examples_rclpy_minimal_publisher:/home/manab/ros2_ws/install/examples_rclpy_minimal_client:/home/manab/ros2_ws/install/examples_rclpy_minimal_action_server:/home/manab/ros2_ws/install/examples_rclpy_minimal_action_client:/home/manab/ros2_ws/install/examples_rclpy_guard_conditions:/home/manab/ros2_ws/install/examples_rclpy_executors:/opt/ros/humble /usr/bin/cmake /home/manab/colcon_ws/src/realsense_gazebo_plugin -DCMAKE_BUILD_TYPE=RelWithDebInfo -DAMENT_CMAKE_SYMLINK_INSTALL=1 -DCMAKE_INSTALL_PREFIX=/home/manab/colcon_ws/src/ur5_control/install/realsense_gazebo_plugin
[10.536s] Invoking command in '/home/manab/colcon_ws/src/ur5_control/build/realsense_gazebo_plugin': CMAKE_PREFIX_PATH=${CMAKE_PREFIX_PATH}:/home/manab/colcon_ws/install/ur5_control:/home/manab/ws_moveit/install/moveit_configs_utils:/home/manab/ros2_ws/install/launch_testing_examples:/home/manab/ros2_ws/install/examples_rclpy_pointcloud_publisher:/home/manab/ros2_ws/install/examples_rclpy_minimal_subscriber:/home/manab/ros2_ws/install/examples_rclpy_minimal_service:/home/manab/ros2_ws/install/examples_rclpy_minimal_publisher:/home/manab/ros2_ws/install/examples_rclpy_minimal_client:/home/manab/ros2_ws/install/examples_rclpy_minimal_action_server:/home/manab/ros2_ws/install/examples_rclpy_minimal_action_client:/home/manab/ros2_ws/install/examples_rclpy_guard_conditions:/home/manab/ros2_ws/install/examples_rclpy_executors:/opt/ros/humble /usr/bin/cmake --build /home/manab/colcon_ws/src/ur5_control/build/realsense_gazebo_plugin -- -j4 -l4
[10.627s] [ 33%] [32mBuilding CXX object CMakeFiles/realsense_gazebo_plugin.dir/src/RealSensePlugin.cpp.o[0m
[10.637s] [ 66%] [32mBuilding CXX object CMakeFiles/realsense_gazebo_plugin.dir/src/gazebo_ros_realsense.cpp.o[0m
[56.141s] [100%] [32m[1mLinking CXX shared library librealsense_gazebo_plugin.so[0m
[57.127s] [100%] Built target realsense_gazebo_plugin
[57.203s] Invoked command in '/home/manab/colcon_ws/src/ur5_control/build/realsense_gazebo_plugin' returned '0': CMAKE_PREFIX_PATH=${CMAKE_PREFIX_PATH}:/home/manab/colcon_ws/install/ur5_control:/home/manab/ws_moveit/install/moveit_configs_utils:/home/manab/ros2_ws/install/launch_testing_examples:/home/manab/ros2_ws/install/examples_rclpy_pointcloud_publisher:/home/manab/ros2_ws/install/examples_rclpy_minimal_subscriber:/home/manab/ros2_ws/install/examples_rclpy_minimal_service:/home/manab/ros2_ws/install/examples_rclpy_minimal_publisher:/home/manab/ros2_ws/install/examples_rclpy_minimal_client:/home/manab/ros2_ws/install/examples_rclpy_minimal_action_server:/home/manab/ros2_ws/install/examples_rclpy_minimal_action_client:/home/manab/ros2_ws/install/examples_rclpy_guard_conditions:/home/manab/ros2_ws/install/examples_rclpy_executors:/opt/ros/humble /usr/bin/cmake --build /home/manab/colcon_ws/src/ur5_control/build/realsense_gazebo_plugin -- -j4 -l4
[57.271s] Invoking command in '/home/manab/colcon_ws/src/ur5_control/build/realsense_gazebo_plugin': CMAKE_PREFIX_PATH=${CMAKE_PREFIX_PATH}:/home/manab/colcon_ws/install/ur5_control:/home/manab/ws_moveit/install/moveit_configs_utils:/home/manab/ros2_ws/install/launch_testing_examples:/home/manab/ros2_ws/install/examples_rclpy_pointcloud_publisher:/home/manab/ros2_ws/install/examples_rclpy_minimal_subscriber:/home/manab/ros2_ws/install/examples_rclpy_minimal_service:/home/manab/ros2_ws/install/examples_rclpy_minimal_publisher:/home/manab/ros2_ws/install/examples_rclpy_minimal_client:/home/manab/ros2_ws/install/examples_rclpy_minimal_action_server:/home/manab/ros2_ws/install/examples_rclpy_minimal_action_client:/home/manab/ros2_ws/install/examples_rclpy_guard_conditions:/home/manab/ros2_ws/install/examples_rclpy_executors:/opt/ros/humble /usr/bin/cmake --install /home/manab/colcon_ws/src/ur5_control/build/realsense_gazebo_plugin
[57.278s] -- Install configuration: "RelWithDebInfo"
[57.278s] -- Execute custom install script
[57.279s] -- Symlinking: /home/manab/colcon_ws/src/ur5_control/install/realsense_gazebo_plugin/lib/librealsense_gazebo_plugin.so
[57.290s] -- Symlinking: /home/manab/colcon_ws/src/ur5_control/install/realsense_gazebo_plugin/include//realsense_gazebo_plugin/RealSensePlugin.h
[57.297s] -- Symlinking: /home/manab/colcon_ws/src/ur5_control/install/realsense_gazebo_plugin/include//realsense_gazebo_plugin/gazebo_ros_realsense.h
[57.310s] -- Symlinking: /home/manab/colcon_ws/src/ur5_control/install/realsense_gazebo_plugin/share/realsense_gazebo_plugin/environment/library_path.sh
[57.320s] -- Symlinking: /home/manab/colcon_ws/src/ur5_control/install/realsense_gazebo_plugin/share/realsense_gazebo_plugin/environment/library_path.dsv
[57.328s] -- Symlinking: /home/manab/colcon_ws/src/ur5_control/install/realsense_gazebo_plugin/share/ament_index/resource_index/package_run_dependencies/realsense_gazebo_plugin
[57.339s] -- Symlinking: /home/manab/colcon_ws/src/ur5_control/install/realsense_gazebo_plugin/share/ament_index/resource_index/parent_prefix_path/realsense_gazebo_plugin
[57.347s] -- Symlinking: /home/manab/colcon_ws/src/ur5_control/install/realsense_gazebo_plugin/share/realsense_gazebo_plugin/environment/ament_prefix_path.sh
[57.357s] -- Symlinking: /home/manab/colcon_ws/src/ur5_control/install/realsense_gazebo_plugin/share/realsense_gazebo_plugin/environment/ament_prefix_path.dsv
[57.365s] -- Symlinking: /home/manab/colcon_ws/src/ur5_control/install/realsense_gazebo_plugin/share/realsense_gazebo_plugin/environment/path.sh
[57.375s] -- Symlinking: /home/manab/colcon_ws/src/ur5_control/install/realsense_gazebo_plugin/share/realsense_gazebo_plugin/environment/path.dsv
[57.384s] -- Symlinking: /home/manab/colcon_ws/src/ur5_control/install/realsense_gazebo_plugin/share/realsense_gazebo_plugin/local_setup.bash
[57.392s] -- Symlinking: /home/manab/colcon_ws/src/ur5_control/install/realsense_gazebo_plugin/share/realsense_gazebo_plugin/local_setup.sh
[57.402s] -- Symlinking: /home/manab/colcon_ws/src/ur5_control/install/realsense_gazebo_plugin/share/realsense_gazebo_plugin/local_setup.zsh
[57.409s] -- Symlinking: /home/manab/colcon_ws/src/ur5_control/install/realsense_gazebo_plugin/share/realsense_gazebo_plugin/local_setup.dsv
[57.419s] -- Symlinking: /home/manab/colcon_ws/src/ur5_control/install/realsense_gazebo_plugin/share/realsense_gazebo_plugin/package.dsv
[57.427s] -- Symlinking: /home/manab/colcon_ws/src/ur5_control/install/realsense_gazebo_plugin/share/ament_index/resource_index/packages/realsense_gazebo_plugin
[57.437s] -- Symlinking: /home/manab/colcon_ws/src/ur5_control/install/realsense_gazebo_plugin/share/realsense_gazebo_plugin/cmake/ament_cmake_export_include_directories-extras.cmake
[57.445s] -- Symlinking: /home/manab/colcon_ws/src/ur5_control/install/realsense_gazebo_plugin/share/realsense_gazebo_plugin/cmake/ament_cmake_export_libraries-extras.cmake
[57.454s] -- Symlinking: /home/manab/colcon_ws/src/ur5_control/install/realsense_gazebo_plugin/share/realsense_gazebo_plugin/cmake/realsense_gazebo_pluginConfig.cmake
[57.461s] -- Symlinking: /home/manab/colcon_ws/src/ur5_control/install/realsense_gazebo_plugin/share/realsense_gazebo_plugin/cmake/realsense_gazebo_pluginConfig-version.cmake
[57.472s] -- Symlinking: /home/manab/colcon_ws/src/ur5_control/install/realsense_gazebo_plugin/share/realsense_gazebo_plugin/package.xml
[57.495s] Invoked command in '/home/manab/colcon_ws/src/ur5_control/build/realsense_gazebo_plugin' returned '0': CMAKE_PREFIX_PATH=${CMAKE_PREFIX_PATH}:/home/manab/colcon_ws/install/ur5_control:/home/manab/ws_moveit/install/moveit_configs_utils:/home/manab/ros2_ws/install/launch_testing_examples:/home/manab/ros2_ws/install/examples_rclpy_pointcloud_publisher:/home/manab/ros2_ws/install/examples_rclpy_minimal_subscriber:/home/manab/ros2_ws/install/examples_rclpy_minimal_service:/home/manab/ros2_ws/install/examples_rclpy_minimal_publisher:/home/manab/ros2_ws/install/examples_rclpy_minimal_client:/home/manab/ros2_ws/install/examples_rclpy_minimal_action_server:/home/manab/ros2_ws/install/examples_rclpy_minimal_action_client:/home/manab/ros2_ws/install/examples_rclpy_guard_conditions:/home/manab/ros2_ws/install/examples_rclpy_executors:/opt/ros/humble /usr/bin/cmake --install /home/manab/colcon_ws/src/ur5_control/build/realsense_gazebo_plugin
